Starting new run: Thu Jul 06 14:47:08 2023

alphaCam;alphaDotCam;systemTime
0.005319;0.347737;Thu Jul 06 14:47:17 2023
0.000000;-0.348144;Thu Jul 06 14:47:18 2023
0.000000;0.000000;Thu Jul 06 14:47:18 2023
0.005319;0.347769;Thu Jul 06 14:47:18 2023
0.000000;-0.347731;Thu Jul 06 14:47:18 2023
0.005319;0.347699;Thu Jul 06 14:47:18 2023
0.005319;0.000000;Thu Jul 06 14:47:18 2023
0.005291;-0.001840;Thu Jul 06 14:47:18 2023
0.000000;-0.345839;Thu Jul 06 14:47:18 2023
0.005319;0.347682;Thu Jul 06 14:47:18 2023
0.005319;0.000000;Thu Jul 06 14:47:18 2023
0.010582;0.344008;Thu Jul 06 14:47:18 2023
0.005291;-0.345873;Thu Jul 06 14:47:18 2023
0.000000;-0.345860;Thu Jul 06 14:47:18 2023
0.005291;0.345841;Thu Jul 06 14:47:18 2023
0.005291;0.000000;Thu Jul 06 14:47:18 2023
0.005319;0.001839;Thu Jul 06 14:47:18 2023
0.000000;-0.347659;Thu Jul 06 14:47:18 2023
0.000000;0.000000;Thu Jul 06 14:47:18 2023
0.005291;0.345796;Thu Jul 06 14:47:18 2023
0.000000;-0.345763;Thu Jul 06 14:47:18 2023
0.005291;0.345754;Thu Jul 06 14:47:18 2023
0.000000;-0.345759;Thu Jul 06 14:47:18 2023
0.000000;0.000000;Thu Jul 06 14:47:18 2023
0.000000;0.000000;Thu Jul 06 14:47:18 2023
0.005319;0.347563;Thu Jul 06 14:47:18 2023
0.005319;0.000000;Thu Jul 06 14:47:18 2023
0.005291;-0.001839;Thu Jul 06 14:47:18 2023
0.005291;0.000000;Thu Jul 06 14:47:18 2023
0.005291;0.000000;Thu Jul 06 14:47:18 2023
0.005291;0.000000;Thu Jul 06 14:47:18 2023
0.005291;0.000000;Thu Jul 06 14:47:18 2023
0.000000;-0.345690;Thu Jul 06 14:47:18 2023
0.000000;0.000000;Thu Jul 06 14:47:18 2023
0.005263;0.343838;Thu Jul 06 14:47:18 2023
0.005263;0.000000;Thu Jul 06 14:47:18 2023
0.005291;0.001819;Thu Jul 06 14:47:18 2023
0.005319;0.001838;Thu Jul 06 14:47:18 2023
0.005291;-0.001838;Thu Jul 06 14:47:18 2023
0.000000;-0.345567;Thu Jul 06 14:47:18 2023
0.005291;0.345590;Thu Jul 06 14:47:18 2023
0.000000;-0.345594;Thu Jul 06 14:47:18 2023
0.005291;0.345605;Thu Jul 06 14:47:18 2023
0.000000;-0.345578;Thu Jul 06 14:47:18 2023
0.005263;0.343731;Thu Jul 06 14:47:18 2023
0.000000;-0.343748;Thu Jul 06 14:47:18 2023
0.000000;0.000000;Thu Jul 06 14:47:18 2023
0.000000;0.000000;Thu Jul 06 14:47:18 2023
0.005319;0.347320;Thu Jul 06 14:47:18 2023
0.000000;-0.347293;Thu Jul 06 14:47:18 2023
0.005291;0.345470;Thu Jul 06 14:47:18 2023
0.005319;0.001837;Thu Jul 06 14:47:18 2023
0.000000;-0.347245;Thu Jul 06 14:47:18 2023
0.000000;0.000000;Thu Jul 06 14:47:18 2023
0.000000;0.000000;Thu Jul 06 14:47:18 2023
0.000000;0.000000;Thu Jul 06 14:47:18 2023
0.005291;0.345377;Thu Jul 06 14:47:18 2023
0.000000;-0.345399;Thu Jul 06 14:47:18 2023
0.005291;0.345407;Thu Jul 06 14:47:18 2023
0.000000;-0.345415;Thu Jul 06 14:47:18 2023
0.005291;0.345389;Thu Jul 06 14:47:18 2023
0.000000;-0.345398;Thu Jul 06 14:47:18 2023
0.005319;0.347205;Thu Jul 06 14:47:18 2023
-0.005263;-0.690768;Thu Jul 06 14:47:18 2023
0.005291;0.688933;Thu Jul 06 14:47:18 2023
0.005319;0.001837;Thu Jul 06 14:47:19 2023
0.000000;-0.347227;Thu Jul 06 14:47:19 2023
0.005291;0.345364;Thu Jul 06 14:47:19 2023
0.005291;0.000000;Thu Jul 06 14:47:19 2023
0.000000;-0.345350;Thu Jul 06 14:47:19 2023
0.005291;0.345363;Thu Jul 06 14:47:19 2023
0.005291;0.000000;Thu Jul 06 14:47:19 2023
0.005291;0.000000;Thu Jul 06 14:47:19 2023
0.000000;-0.345401;Thu Jul 06 14:47:19 2023
0.005291;0.345751;Thu Jul 06 14:47:19 2023
0.005291;0.000000;Thu Jul 06 14:47:19 2023
0.000000;-0.345322;Thu Jul 06 14:47:19 2023
0.000000;0.000000;Thu Jul 06 14:47:19 2023
0.005291;0.345272;Thu Jul 06 14:47:19 2023
0.005291;0.000000;Thu Jul 06 14:47:19 2023
0.005291;0.000000;Thu Jul 06 14:47:19 2023
0.005291;0.000000;Thu Jul 06 14:47:19 2023
0.000000;-0.345170;Thu Jul 06 14:47:19 2023
0.005291;0.345145;Thu Jul 06 14:47:19 2023
0.005319;0.001836;Thu Jul 06 14:47:19 2023
0.005291;-0.001836;Thu Jul 06 14:47:19 2023
0.000000;-0.345137;Thu Jul 06 14:47:19 2023
0.005319;0.346983;Thu Jul 06 14:47:19 2023
0.000000;-0.346958;Thu Jul 06 14:47:19 2023
0.000000;0.000000;Thu Jul 06 14:47:19 2023
0.010638;0.693856;Thu Jul 06 14:47:19 2023
0.005291;-0.348728;Thu Jul 06 14:47:19 2023
0.005319;0.001836;Thu Jul 06 14:47:19 2023
0.000000;-0.346930;Thu Jul 06 14:47:19 2023
0.000000;0.000000;Thu Jul 06 14:47:19 2023
0.000000;0.000000;Thu Jul 06 14:47:19 2023
0.000000;0.000000;Thu Jul 06 14:47:19 2023
0.000000;0.000000;Thu Jul 06 14:47:19 2023
0.005291;0.345012;Thu Jul 06 14:47:19 2023
0.000000;-0.345024;Thu Jul 06 14:47:19 2023
0.000000;0.000000;Thu Jul 06 14:47:19 2023
0.005319;0.346886;Thu Jul 06 14:47:19 2023
0.005291;-0.001835;Thu Jul 06 14:47:19 2023
0.005263;-0.001816;Thu Jul 06 14:47:19 2023
0.005291;0.001816;Thu Jul 06 14:47:19 2023
0.005291;0.000000;Thu Jul 06 14:47:19 2023
0.005291;0.000000;Thu Jul 06 14:47:19 2023
0.005291;0.000000;Thu Jul 06 14:47:19 2023
-0.005263;-0.688841;Thu Jul 06 14:47:19 2023
0.000000;0.343701;Thu Jul 06 14:47:19 2023
0.005263;0.343920;Thu Jul 06 14:47:19 2023
0.000000;-0.344059;Thu Jul 06 14:47:19 2023
0.000000;0.000000;Thu Jul 06 14:47:19 2023
0.005319;0.347927;Thu Jul 06 14:47:19 2023
0.005319;0.000000;Thu Jul 06 14:47:19 2023
0.000000;-0.348054;Thu Jul 06 14:47:19 2023
0.005291;0.346323;Thu Jul 06 14:47:19 2023
0.005291;0.000000;Thu Jul 06 14:47:19 2023
0.010582;0.346044;Thu Jul 06 14:47:19 2023
0.005291;-0.346052;Thu Jul 06 14:47:19 2023
0.005291;0.000000;Thu Jul 06 14:47:19 2023
0.000000;-0.346310;Thu Jul 06 14:47:19 2023
0.000000;0.000000;Thu Jul 06 14:47:19 2023
0.000000;0.000000;Thu Jul 06 14:47:19 2023
0.000000;0.000000;Thu Jul 06 14:47:19 2023
0.000000;0.000000;Thu Jul 06 14:47:19 2023
0.005291;0.346776;Thu Jul 06 14:47:19 2023
0.005319;0.001846;Thu Jul 06 14:47:19 2023
0.000000;-0.348828;Thu Jul 06 14:47:19 2023
0.005291;0.347239;Thu Jul 06 14:47:19 2023
0.000000;-0.346966;Thu Jul 06 14:47:19 2023
0.000000;0.000000;Thu Jul 06 14:47:19 2023
0.005291;0.347252;Thu Jul 06 14:47:19 2023
0.000000;-0.347579;Thu Jul 06 14:47:19 2023
0.000000;0.000000;Thu Jul 06 14:47:20 2023
0.005319;0.349315;Thu Jul 06 14:47:20 2023
0.010582;0.345608;Thu Jul 06 14:47:20 2023
0.005291;-0.347464;Thu Jul 06 14:47:20 2023
0.005291;0.000000;Thu Jul 06 14:47:20 2023
0.005263;-0.001829;Thu Jul 06 14:47:20 2023
0.005291;0.001829;Thu Jul 06 14:47:20 2023
0.005319;0.001848;Thu Jul 06 14:47:20 2023
0.000000;-0.349312;Thu Jul 06 14:47:20 2023
0.000000;0.000000;Thu Jul 06 14:47:20 2023
0.000000;0.000000;Thu Jul 06 14:47:20 2023
0.000000;0.000000;Thu Jul 06 14:47:20 2023
0.000000;0.000000;Thu Jul 06 14:47:20 2023
0.000000;0.000000;Thu Jul 06 14:47:20 2023
0.005319;0.349831;Thu Jul 06 14:47:20 2023
0.005291;-0.001851;Thu Jul 06 14:47:20 2023
0.000000;-0.347945;Thu Jul 06 14:47:20 2023
0.005319;0.350080;Thu Jul 06 14:47:20 2023
0.000000;-0.349809;Thu Jul 06 14:47:20 2023
0.005319;0.349817;Thu Jul 06 14:47:20 2023
0.005291;-0.001851;Thu Jul 06 14:47:20 2023
-0.005291;-0.695962;Thu Jul 06 14:47:20 2023
0.000000;0.347954;Thu Jul 06 14:47:20 2023
0.005291;0.347927;Thu Jul 06 14:47:20 2023
0.005291;0.000000;Thu Jul 06 14:47:20 2023
0.005291;0.000000;Thu Jul 06 14:47:20 2023
0.005319;0.001850;Thu Jul 06 14:47:20 2023
0.005291;-0.001850;Thu Jul 06 14:47:20 2023
0.000000;-0.347829;Thu Jul 06 14:47:20 2023
0.005319;0.349652;Thu Jul 06 14:47:20 2023
0.005291;-0.001850;Thu Jul 06 14:47:20 2023
0.005291;0.000000;Thu Jul 06 14:47:20 2023
0.005319;0.001850;Thu Jul 06 14:47:20 2023
0.000000;-0.349616;Thu Jul 06 14:47:20 2023
0.005319;0.349624;Thu Jul 06 14:47:20 2023
0.010582;0.345912;Thu Jul 06 14:47:20 2023
0.005319;-0.345888;Thu Jul 06 14:47:20 2023
0.005291;-0.001850;Thu Jul 06 14:47:20 2023
0.010526;0.344026;Thu Jul 06 14:47:20 2023
0.000000;-0.691681;Thu Jul 06 14:47:20 2023
0.005319;0.349536;Thu Jul 06 14:47:20 2023
0.005319;0.000000;Thu Jul 06 14:47:20 2023
0.005291;-0.001849;Thu Jul 06 14:47:20 2023
0.005291;0.000000;Thu Jul 06 14:47:20 2023
0.005291;0.000000;Thu Jul 06 14:47:20 2023
0.005319;0.001849;Thu Jul 06 14:47:20 2023
0.000000;-0.349486;Thu Jul 06 14:47:20 2023
0.005319;0.349460;Thu Jul 06 14:47:20 2023
0.000000;-0.349467;Thu Jul 06 14:47:20 2023
0.000000;0.000000;Thu Jul 06 14:47:20 2023
0.005291;0.347761;Thu Jul 06 14:47:20 2023
0.005263;-0.001831;Thu Jul 06 14:47:20 2023
0.005291;0.001832;Thu Jul 06 14:47:20 2023
0.000000;-0.348264;Thu Jul 06 14:47:20 2023
0.000000;0.000000;Thu Jul 06 14:47:20 2023
0.005319;0.350196;Thu Jul 06 14:47:20 2023
0.000000;-0.350326;Thu Jul 06 14:47:20 2023
0.000000;0.000000;Thu Jul 06 14:47:20 2023
0.005291;0.348577;Thu Jul 06 14:47:20 2023
-0.005236;-0.693573;Thu Jul 06 14:47:20 2023
0.000000;0.344935;Thu Jul 06 14:47:20 2023
0.000000;0.000000;Thu Jul 06 14:47:20 2023
0.005291;0.348572;Thu Jul 06 14:47:20 2023
0.000000;-0.348579;Thu Jul 06 14:47:20 2023
0.005319;0.350728;Thu Jul 06 14:47:20 2023
0.005319;0.000000;Thu Jul 06 14:47:20 2023
0.005291;-0.001857;Thu Jul 06 14:47:20 2023
0.005291;0.000000;Thu Jul 06 14:47:20 2023
0.005291;0.000000;Thu Jul 06 14:47:20 2023
0.000000;-0.349069;Thu Jul 06 14:47:21 2023
0.005263;0.347484;Thu Jul 06 14:47:21 2023
0.000000;-0.347544;Thu Jul 06 14:47:21 2023
0.005319;0.350879;Thu Jul 06 14:47:21 2023
0.005291;-0.001856;Thu Jul 06 14:47:21 2023
0.000000;-0.349002;Thu Jul 06 14:47:21 2023
0.000000;0.000000;Thu Jul 06 14:47:21 2023
0.000000;0.000000;Thu Jul 06 14:47:21 2023
0.005291;0.348955;Thu Jul 06 14:47:21 2023
0.000000;-0.348960;Thu Jul 06 14:47:21 2023
0.005319;0.350827;Thu Jul 06 14:47:21 2023
0.000000;-0.350802;Thu Jul 06 14:47:21 2023
0.005319;0.350776;Thu Jul 06 14:47:21 2023
0.005291;-0.001856;Thu Jul 06 14:47:21 2023
0.000000;-0.348929;Thu Jul 06 14:47:21 2023
0.005291;0.348935;Thu Jul 06 14:47:21 2023
0.000000;-0.348910;Thu Jul 06 14:47:21 2023
0.005291;0.348884;Thu Jul 06 14:47:21 2023
0.000000;-0.348890;Thu Jul 06 14:47:21 2023
0.005291;0.349189;Thu Jul 06 14:47:21 2023
0.000000;-0.348901;Thu Jul 06 14:47:21 2023
0.005263;0.347040;Thu Jul 06 14:47:21 2023
0.000000;-0.347013;Thu Jul 06 14:47:21 2023
0.005291;0.349140;Thu Jul 06 14:47:21 2023
0.005291;0.000000;Thu Jul 06 14:47:21 2023
0.000000;-0.349300;Thu Jul 06 14:47:21 2023
0.000000;0.000000;Thu Jul 06 14:47:21 2023
0.000000;0.000000;Thu Jul 06 14:47:21 2023
0.005291;0.349253;Thu Jul 06 14:47:21 2023
0.000000;-0.349258;Thu Jul 06 14:47:21 2023
0.010582;0.698504;Thu Jul 06 14:47:21 2023
0.005319;-0.347391;Thu Jul 06 14:47:21 2023
0.005319;0.000000;Thu Jul 06 14:47:21 2023
0.005291;-0.001857;Thu Jul 06 14:47:21 2023
0.005291;0.000000;Thu Jul 06 14:47:21 2023
0.005291;0.000000;Thu Jul 06 14:47:21 2023
0.005319;0.001857;Thu Jul 06 14:47:21 2023
-0.005291;-0.700081;Thu Jul 06 14:47:21 2023
0.005291;0.698175;Thu Jul 06 14:47:21 2023
0.005319;0.001857;Thu Jul 06 14:47:21 2023
-0.005263;-0.698107;Thu Jul 06 14:47:21 2023
0.000000;0.347190;Thu Jul 06 14:47:21 2023
0.005319;0.350858;Thu Jul 06 14:47:21 2023
0.005291;-0.001856;Thu Jul 06 14:47:21 2023
0.005319;0.001856;Thu Jul 06 14:47:21 2023
0.005319;0.000000;Thu Jul 06 14:47:21 2023
0.000000;-0.350849;Thu Jul 06 14:47:21 2023
0.005291;0.348966;Thu Jul 06 14:47:21 2023
0.005291;0.000000;Thu Jul 06 14:47:21 2023
0.005291;0.000000;Thu Jul 06 14:47:21 2023
0.010582;0.348873;Thu Jul 06 14:47:21 2023
0.000000;-0.697716;Thu Jul 06 14:47:21 2023
0.005263;0.347006;Thu Jul 06 14:47:21 2023
0.005291;0.001836;Thu Jul 06 14:47:21 2023
0.000000;-0.348793;Thu Jul 06 14:47:21 2023
0.000000;0.000000;Thu Jul 06 14:47:21 2023
0.005291;0.348923;Thu Jul 06 14:47:21 2023
-0.005291;-0.698257;Thu Jul 06 14:47:21 2023
0.000000;0.349258;Thu Jul 06 14:47:21 2023
0.005291;0.349320;Thu Jul 06 14:47:21 2023
0.000000;-0.349388;Thu Jul 06 14:47:21 2023
0.010582;0.698767;Thu Jul 06 14:47:21 2023
0.005291;-0.349435;Thu Jul 06 14:47:21 2023
0.000000;-0.349528;Thu Jul 06 14:47:21 2023
0.005319;0.351429;Thu Jul 06 14:47:21 2023
0.000000;-0.351532;Thu Jul 06 14:47:21 2023
0.005319;0.351482;Thu Jul 06 14:47:21 2023
0.000000;-0.351457;Thu Jul 06 14:47:22 2023
0.000000;0.000000;Thu Jul 06 14:47:22 2023
-0.005236;-0.345916;Thu Jul 06 14:47:22 2023
0.000000;0.346175;Thu Jul 06 14:47:22 2023
0.005319;0.351871;Thu Jul 06 14:47:22 2023
0.005319;0.000000;Thu Jul 06 14:47:22 2023
0.005291;-0.001862;Thu Jul 06 14:47:22 2023
0.000000;-0.350008;Thu Jul 06 14:47:22 2023
-0.005263;-0.348344;Thu Jul 06 14:47:22 2023
0.000000;0.348403;Thu Jul 06 14:47:22 2023
0.000000;0.000000;Thu Jul 06 14:47:22 2023
0.005319;0.351855;Thu Jul 06 14:47:22 2023
0.005319;0.000000;Thu Jul 06 14:47:22 2023
0.005291;-0.001862;Thu Jul 06 14:47:22 2023
0.005319;0.001862;Thu Jul 06 14:47:22 2023
0.000000;-0.351838;Thu Jul 06 14:47:22 2023
0.005319;0.351815;Thu Jul 06 14:47:22 2023
0.000000;-0.351790;Thu Jul 06 14:47:22 2023
0.000000;0.000000;Thu Jul 06 14:47:22 2023
0.005263;0.348066;Thu Jul 06 14:47:22 2023
0.005291;0.001841;Thu Jul 06 14:47:22 2023
0.005291;0.000000;Thu Jul 06 14:47:22 2023
0.005319;0.001861;Thu Jul 06 14:47:22 2023
0.000000;-0.351673;Thu Jul 06 14:47:22 2023
0.005291;0.349788;Thu Jul 06 14:47:22 2023
0.005291;0.000000;Thu Jul 06 14:47:22 2023
0.005319;0.001861;Thu Jul 06 14:47:22 2023
0.000000;-0.351660;Thu Jul 06 14:47:22 2023
0.000000;0.000000;Thu Jul 06 14:47:22 2023
0.000000;0.000000;Thu Jul 06 14:47:22 2023
0.005291;0.350036;Thu Jul 06 14:47:22 2023
0.000000;-0.350212;Thu Jul 06 14:47:22 2023
0.000000;0.000000;Thu Jul 06 14:47:22 2023
0.005291;0.350191;Thu Jul 06 14:47:22 2023
0.005319;0.001863;Thu Jul 06 14:47:22 2023
0.005319;0.000000;Thu Jul 06 14:47:22 2023
0.005291;-0.001863;Thu Jul 06 14:47:22 2023
0.005291;0.000000;Thu Jul 06 14:47:22 2023
0.005319;0.001862;Thu Jul 06 14:47:22 2023
0.005291;-0.001862;Thu Jul 06 14:47:22 2023
0.000000;-0.350130;Thu Jul 06 14:47:22 2023
0.000000;0.000000;Thu Jul 06 14:47:22 2023
0.000000;0.000000;Thu Jul 06 14:47:22 2023
0.005291;0.350141;Thu Jul 06 14:47:22 2023
0.005263;-0.001844;Thu Jul 06 14:47:22 2023
0.000000;-0.348722;Thu Jul 06 14:47:22 2023
0.005291;0.350570;Thu Jul 06 14:47:22 2023
0.000000;-0.350571;Thu Jul 06 14:47:22 2023
0.000000;0.000000;Thu Jul 06 14:47:22 2023
0.005291;0.350521;Thu Jul 06 14:47:22 2023
0.005291;0.000000;Thu Jul 06 14:47:22 2023
0.005291;0.000000;Thu Jul 06 14:47:22 2023
0.005291;0.000000;Thu Jul 06 14:47:22 2023
0.005319;0.001864;Thu Jul 06 14:47:22 2023
0.005291;-0.001864;Thu Jul 06 14:47:22 2023
0.000000;-0.350485;Thu Jul 06 14:47:22 2023
0.000000;0.000000;Thu Jul 06 14:47:22 2023
0.000000;0.000000;Thu Jul 06 14:47:22 2023
0.005291;0.350465;Thu Jul 06 14:47:22 2023
0.000000;-0.350469;Thu Jul 06 14:47:22 2023
0.000000;0.000000;Thu Jul 06 14:47:22 2023
0.000000;0.000000;Thu Jul 06 14:47:22 2023
0.005319;0.352285;Thu Jul 06 14:47:22 2023
0.000000;-0.352262;Thu Jul 06 14:47:22 2023
0.005291;0.350375;Thu Jul 06 14:47:22 2023
0.005291;0.000000;Thu Jul 06 14:47:22 2023
0.005319;0.001865;Thu Jul 06 14:47:22 2023
0.005291;-0.001866;Thu Jul 06 14:47:22 2023
0.005291;0.000000;Thu Jul 06 14:47:22 2023
0.000000;-0.350958;Thu Jul 06 14:47:23 2023
0.005319;0.352911;Thu Jul 06 14:47:23 2023
0.000000;-0.352924;Thu Jul 06 14:47:23 2023
0.000000;0.000000;Thu Jul 06 14:47:23 2023
0.005291;0.351113;Thu Jul 06 14:47:23 2023
-0.005291;-0.702175;Thu Jul 06 14:47:23 2023
0.000000;0.351270;Thu Jul 06 14:47:23 2023
0.000000;0.000000;Thu Jul 06 14:47:23 2023
0.005291;0.351309;Thu Jul 06 14:47:23 2023
0.005319;0.001869;Thu Jul 06 14:47:23 2023
0.005319;0.000000;Thu Jul 06 14:47:23 2023
0.000000;-0.353363;Thu Jul 06 14:47:23 2023
0.005291;0.351577;Thu Jul 06 14:47:23 2023
0.000000;-0.351607;Thu Jul 06 14:47:23 2023
0.005319;0.353538;Thu Jul 06 14:47:23 2023
0.000000;-0.353273;Thu Jul 06 14:47:23 2023
0.000000;0.000000;Thu Jul 06 14:47:23 2023
-0.005263;-0.349560;Thu Jul 06 14:47:23 2023
0.005319;0.702849;Thu Jul 06 14:47:23 2023
0.005291;-0.001870;Thu Jul 06 14:47:23 2023
0.005319;0.001869;Thu Jul 06 14:47:23 2023
0.000000;-0.353262;Thu Jul 06 14:47:23 2023
0.000000;0.000000;Thu Jul 06 14:47:23 2023
0.000000;0.000000;Thu Jul 06 14:47:23 2023
0.000000;0.000000;Thu Jul 06 14:47:23 2023
0.005319;0.353676;Thu Jul 06 14:47:23 2023
0.000000;-0.353678;Thu Jul 06 14:47:23 2023
0.005291;0.351806;Thu Jul 06 14:47:23 2023
0.005291;0.000000;Thu Jul 06 14:47:23 2023
0.000000;-0.351766;Thu Jul 06 14:47:23 2023
0.005291;0.351740;Thu Jul 06 14:47:23 2023
0.000000;-0.351715;Thu Jul 06 14:47:23 2023
0.005319;0.353833;Thu Jul 06 14:47:23 2023
0.005291;-0.001873;Thu Jul 06 14:47:23 2023
0.005291;0.000000;Thu Jul 06 14:47:23 2023
0.005291;0.000000;Thu Jul 06 14:47:23 2023
0.000000;-0.352012;Thu Jul 06 14:47:23 2023
0.005319;0.353859;Thu Jul 06 14:47:23 2023
0.000000;-0.353860;Thu Jul 06 14:47:23 2023
0.000000;0.000000;Thu Jul 06 14:47:23 2023
0.005319;0.353836;Thu Jul 06 14:47:23 2023
0.010582;0.350073;Thu Jul 06 14:47:23 2023
0.000000;-0.703912;Thu Jul 06 14:47:23 2023
0.000000;0.000000;Thu Jul 06 14:47:23 2023
0.000000;0.000000;Thu Jul 06 14:47:23 2023
0.000000;0.000000;Thu Jul 06 14:47:23 2023
0.005291;0.351866;Thu Jul 06 14:47:23 2023
0.010582;0.351823;Thu Jul 06 14:47:23 2023
0.000000;-0.703615;Thu Jul 06 14:47:23 2023
0.005291;0.351793;Thu Jul 06 14:47:23 2023
-0.005236;-0.699914;Thu Jul 06 14:47:23 2023
0.005319;0.701736;Thu Jul 06 14:47:23 2023
0.000000;-0.353621;Thu Jul 06 14:47:23 2023
0.010582;0.703444;Thu Jul 06 14:47:23 2023
0.000000;-0.703446;Thu Jul 06 14:47:23 2023
0.005319;0.353606;Thu Jul 06 14:47:23 2023
0.005263;-0.003722;Thu Jul 06 14:47:23 2023
0.005291;0.001851;Thu Jul 06 14:47:23 2023
0.005291;0.000000;Thu Jul 06 14:47:23 2023
0.000000;-0.351689;Thu Jul 06 14:47:23 2023
0.000000;0.000000;Thu Jul 06 14:47:23 2023
0.000000;0.000000;Thu Jul 06 14:47:23 2023
0.005319;0.353537;Thu Jul 06 14:47:23 2023
0.005263;-0.003721;Thu Jul 06 14:47:23 2023
0.000000;-0.349771;Thu Jul 06 14:47:23 2023
0.005291;0.351598;Thu Jul 06 14:47:23 2023
0.000000;-0.351574;Thu Jul 06 14:47:23 2023
0.005319;0.353421;Thu Jul 06 14:47:23 2023
0.005319;0.000000;Thu Jul 06 14:47:24 2023
0.005291;-0.001870;Thu Jul 06 14:47:24 2023
0.005291;0.000000;Thu Jul 06 14:47:24 2023
-0.005291;-0.703064;Thu Jul 06 14:47:24 2023
0.000000;0.351664;Thu Jul 06 14:47:24 2023
0.000000;0.000000;Thu Jul 06 14:47:24 2023
0.010582;0.703889;Thu Jul 06 14:47:24 2023
0.005319;-0.350079;Thu Jul 06 14:47:24 2023
0.000000;-0.353892;Thu Jul 06 14:47:24 2023
0.000000;0.000000;Thu Jul 06 14:47:24 2023
0.005319;0.353985;Thu Jul 06 14:47:24 2023
0.000000;-0.353980;Thu Jul 06 14:47:24 2023
0.005291;0.352188;Thu Jul 06 14:47:24 2023
0.005291;0.000000;Thu Jul 06 14:47:24 2023
0.000000;-0.352124;Thu Jul 06 14:47:24 2023
0.000000;0.000000;Thu Jul 06 14:47:24 2023
0.000000;0.000000;Thu Jul 06 14:47:24 2023
0.000000;0.000000;Thu Jul 06 14:47:24 2023
0.005319;0.354327;Thu Jul 06 14:47:24 2023
0.000000;-0.354374;Thu Jul 06 14:47:24 2023
0.005291;0.352454;Thu Jul 06 14:47:24 2023
0.005291;0.000000;Thu Jul 06 14:47:24 2023
0.005319;0.001875;Thu Jul 06 14:47:24 2023
0.005291;-0.001875;Thu Jul 06 14:47:24 2023
0.005291;0.000000;Thu Jul 06 14:47:24 2023
0.000000;-0.352432;Thu Jul 06 14:47:24 2023
0.000000;0.000000;Thu Jul 06 14:47:24 2023
0.010582;0.704796;Thu Jul 06 14:47:24 2023
0.005319;-0.350498;Thu Jul 06 14:47:24 2023
-0.005236;-0.702968;Thu Jul 06 14:47:24 2023
0.010582;1.053395;Thu Jul 06 14:47:24 2023
0.000000;-0.704673;Thu Jul 06 14:47:24 2023
0.005291;0.352326;Thu Jul 06 14:47:24 2023
0.000000;-0.352307;Thu Jul 06 14:47:24 2023
0.000000;0.000000;Thu Jul 06 14:47:24 2023
0.005291;0.352285;Thu Jul 06 14:47:24 2023
0.010582;0.352265;Thu Jul 06 14:47:24 2023
0.000000;-0.704553;Thu Jul 06 14:47:24 2023
0.005291;0.352512;Thu Jul 06 14:47:24 2023
0.000000;-0.352630;Thu Jul 06 14:47:24 2023
0.005291;0.352784;Thu Jul 06 14:47:24 2023
0.000000;-0.352582;Thu Jul 06 14:47:24 2023
0.005291;0.352582;Thu Jul 06 14:47:24 2023
0.005319;0.001875;Thu Jul 06 14:47:24 2023
0.005319;0.000000;Thu Jul 06 14:47:24 2023
0.000000;-0.354410;Thu Jul 06 14:47:24 2023
0.010582;0.705002;Thu Jul 06 14:47:24 2023
0.005263;-0.354323;Thu Jul 06 14:47:24 2023
0.000000;-0.350608;Thu Jul 06 14:47:24 2023
0.000000;0.000000;Thu Jul 06 14:47:24 2023
0.010582;0.704811;Thu Jul 06 14:47:24 2023
0.005319;-0.350521;Thu Jul 06 14:47:24 2023
0.005291;-0.001875;Thu Jul 06 14:47:24 2023
0.005291;0.000000;Thu Jul 06 14:47:24 2023
0.000000;-0.352395;Thu Jul 06 14:47:24 2023
0.005291;0.352371;Thu Jul 06 14:47:24 2023
0.005263;-0.001854;Thu Jul 06 14:47:24 2023
0.005291;0.001854;Thu Jul 06 14:47:24 2023
0.000000;-0.352302;Thu Jul 06 14:47:24 2023
0.005291;0.352278;Thu Jul 06 14:47:24 2023
0.000000;-0.352278;Thu Jul 06 14:47:24 2023
0.005291;0.352255;Thu Jul 06 14:47:24 2023
0.000000;-0.352233;Thu Jul 06 14:47:24 2023
0.005291;0.352209;Thu Jul 06 14:47:24 2023
0.010582;0.352166;Thu Jul 06 14:47:24 2023
0.005291;-0.352144;Thu Jul 06 14:47:24 2023
0.005319;0.001873;Thu Jul 06 14:47:24 2023
0.005319;0.000000;Thu Jul 06 14:47:24 2023
0.005291;-0.001873;Thu Jul 06 14:47:25 2023
0.000000;-0.352143;Thu Jul 06 14:47:25 2023
0.005319;0.353993;Thu Jul 06 14:47:25 2023
0.005291;-0.001873;Thu Jul 06 14:47:25 2023
0.005291;0.000000;Thu Jul 06 14:47:25 2023
0.005291;0.000000;Thu Jul 06 14:47:25 2023
0.005263;-0.001853;Thu Jul 06 14:47:25 2023
0.005291;0.001853;Thu Jul 06 14:47:25 2023
0.005319;0.001872;Thu Jul 06 14:47:25 2023
0.000000;-0.353858;Thu Jul 06 14:47:25 2023
0.000000;0.000000;Thu Jul 06 14:47:25 2023
0.000000;0.000000;Thu Jul 06 14:47:25 2023
0.000000;0.000000;Thu Jul 06 14:47:25 2023
0.005291;0.352299;Thu Jul 06 14:47:25 2023
0.000000;-0.352448;Thu Jul 06 14:47:25 2023
0.005319;0.354383;Thu Jul 06 14:47:25 2023
0.005291;-0.001876;Thu Jul 06 14:47:25 2023
0.005291;0.000000;Thu Jul 06 14:47:25 2023
0.005319;0.001876;Thu Jul 06 14:47:25 2023
0.005319;0.000000;Thu Jul 06 14:47:25 2023
0.005319;0.000000;Thu Jul 06 14:47:25 2023
0.000000;-0.354699;Thu Jul 06 14:47:25 2023
0.000000;0.000000;Thu Jul 06 14:47:25 2023
0.005319;0.354765;Thu Jul 06 14:47:25 2023
0.005291;-0.001877;Thu Jul 06 14:47:25 2023
0.000000;-0.352962;Thu Jul 06 14:47:25 2023
0.005319;0.354740;Thu Jul 06 14:47:25 2023
0.005291;-0.001877;Thu Jul 06 14:47:25 2023
0.000000;-0.352817;Thu Jul 06 14:47:25 2023
0.005291;0.352794;Thu Jul 06 14:47:25 2023
0.000000;-0.352956;Thu Jul 06 14:47:25 2023
0.000000;0.000000;Thu Jul 06 14:47:25 2023
0.000000;0.000000;Thu Jul 06 14:47:25 2023
0.000000;0.000000;Thu Jul 06 14:47:25 2023
0.005263;0.351235;Thu Jul 06 14:47:25 2023
0.000000;-0.351211;Thu Jul 06 14:47:25 2023
0.005319;0.355119;Thu Jul 06 14:47:25 2023
0.000000;-0.354924;Thu Jul 06 14:47:25 2023
0.000000;0.000000;Thu Jul 06 14:47:25 2023
-0.005263;-0.351144;Thu Jul 06 14:47:25 2023
0.005291;0.704100;Thu Jul 06 14:47:25 2023
0.000000;-0.352956;Thu Jul 06 14:47:25 2023
0.005291;0.352932;Thu Jul 06 14:47:25 2023
0.005291;0.000000;Thu Jul 06 14:47:25 2023
0.005263;-0.001857;Thu Jul 06 14:47:25 2023
0.005319;0.003734;Thu Jul 06 14:47:25 2023
0.005291;-0.001877;Thu Jul 06 14:47:25 2023
0.005291;0.000000;Thu Jul 06 14:47:25 2023
0.000000;-0.352888;Thu Jul 06 14:47:25 2023
0.005291;0.352888;Thu Jul 06 14:47:25 2023
0.005291;0.000000;Thu Jul 06 14:47:25 2023
0.005263;-0.001857;Thu Jul 06 14:47:25 2023
0.005291;0.001857;Thu Jul 06 14:47:25 2023
0.005319;0.001877;Thu Jul 06 14:47:25 2023
0.000000;-0.354719;Thu Jul 06 14:47:25 2023
0.005319;0.354697;Thu Jul 06 14:47:25 2023
0.005319;0.000000;Thu Jul 06 14:47:25 2023
0.005319;0.000000;Thu Jul 06 14:47:25 2023
0.000000;-0.354675;Thu Jul 06 14:47:25 2023
0.005291;0.352776;Thu Jul 06 14:47:25 2023
0.005291;0.000000;Thu Jul 06 14:47:25 2023
0.000000;-0.352732;Thu Jul 06 14:47:25 2023
0.000000;0.000000;Thu Jul 06 14:47:25 2023
0.000000;0.000000;Thu Jul 06 14:47:25 2023
0.000000;0.000000;Thu Jul 06 14:47:25 2023
0.005319;0.354591;Thu Jul 06 14:47:25 2023
0.005291;-0.001876;Thu Jul 06 14:47:25 2023
0.000000;-0.352671;Thu Jul 06 14:47:25 2023
0.000000;0.000000;Thu Jul 06 14:47:26 2023
0.000000;0.000000;Thu Jul 06 14:47:26 2023
0.005291;0.352605;Thu Jul 06 14:47:26 2023
0.005319;0.001875;Thu Jul 06 14:47:26 2023
0.000000;-0.354464;Thu Jul 06 14:47:26 2023
0.000000;0.000000;Thu Jul 06 14:47:26 2023
0.000000;0.000000;Thu Jul 06 14:47:26 2023
0.000000;0.000000;Thu Jul 06 14:47:26 2023
0.005291;0.352547;Thu Jul 06 14:47:26 2023
0.000000;-0.352546;Thu Jul 06 14:47:26 2023
0.005291;0.352547;Thu Jul 06 14:47:26 2023
0.000000;-0.352548;Thu Jul 06 14:47:26 2023
0.005291;0.352526;Thu Jul 06 14:47:26 2023
0.005291;0.000000;Thu Jul 06 14:47:26 2023
0.000000;-0.352483;Thu Jul 06 14:47:26 2023
0.005291;0.352484;Thu Jul 06 14:47:26 2023
0.005319;0.001875;Thu Jul 06 14:47:26 2023
0.005319;0.000000;Thu Jul 06 14:47:26 2023
0.005291;-0.001876;Thu Jul 06 14:47:26 2023
0.005291;0.000000;Thu Jul 06 14:47:26 2023
0.005263;-0.001857;Thu Jul 06 14:47:26 2023
0.005319;0.003735;Thu Jul 06 14:47:26 2023
0.000000;-0.354884;Thu Jul 06 14:47:26 2023
0.005291;0.353029;Thu Jul 06 14:47:26 2023
0.000000;-0.353066;Thu Jul 06 14:47:26 2023
0.000000;0.000000;Thu Jul 06 14:47:26 2023
0.005291;0.353152;Thu Jul 06 14:47:26 2023
0.000000;-0.352965;Thu Jul 06 14:47:26 2023
0.005291;0.352971;Thu Jul 06 14:47:26 2023
0.005291;0.000000;Thu Jul 06 14:47:26 2023
0.005291;0.000000;Thu Jul 06 14:47:26 2023
0.000000;-0.353107;Thu Jul 06 14:47:26 2023
0.005319;0.355130;Thu Jul 06 14:47:26 2023
0.000000;-0.355274;Thu Jul 06 14:47:26 2023
0.005291;0.353246;Thu Jul 06 14:47:26 2023
0.000000;-0.353389;Thu Jul 06 14:47:26 2023
0.005291;0.353516;Thu Jul 06 14:47:26 2023
0.000000;-0.353526;Thu Jul 06 14:47:26 2023
0.000000;0.000000;Thu Jul 06 14:47:26 2023
0.005291;0.353616;Thu Jul 06 14:47:26 2023
0.000000;-0.353674;Thu Jul 06 14:47:26 2023
0.005291;0.353438;Thu Jul 06 14:47:26 2023
0.005319;0.001880;Thu Jul 06 14:47:26 2023
0.000000;-0.355302;Thu Jul 06 14:47:26 2023
0.000000;0.000000;Thu Jul 06 14:47:26 2023
0.000000;0.000000;Thu Jul 06 14:47:26 2023
0.000000;0.000000;Thu Jul 06 14:47:26 2023
0.000000;0.000000;Thu Jul 06 14:47:26 2023
0.005291;0.353349;Thu Jul 06 14:47:26 2023
0.000000;-0.353333;Thu Jul 06 14:47:26 2023
-0.005263;-0.351451;Thu Jul 06 14:47:26 2023
0.000000;0.351430;Thu Jul 06 14:47:26 2023
0.005291;0.353268;Thu Jul 06 14:47:26 2023
0.000000;-0.353246;Thu Jul 06 14:47:26 2023
0.005291;0.353229;Thu Jul 06 14:47:26 2023
0.000000;-0.353207;Thu Jul 06 14:47:26 2023
0.000000;0.000000;Thu Jul 06 14:47:26 2023
0.005319;0.355044;Thu Jul 06 14:47:26 2023
0.005263;-0.003737;Thu Jul 06 14:47:26 2023
0.000000;-0.351481;Thu Jul 06 14:47:26 2023
0.005319;0.355361;Thu Jul 06 14:47:26 2023
0.005291;-0.001880;Thu Jul 06 14:47:26 2023
0.005291;0.000000;Thu Jul 06 14:47:26 2023
0.005319;0.001880;Thu Jul 06 14:47:26 2023
0.000000;-0.355317;Thu Jul 06 14:47:26 2023
0.000000;0.000000;Thu Jul 06 14:47:26 2023
0.005319;0.355274;Thu Jul 06 14:47:26 2023
0.000000;-0.355252;Thu Jul 06 14:47:26 2023
0.005319;0.355231;Thu Jul 06 14:47:26 2023
0.000000;-0.355230;Thu Jul 06 14:47:27 2023
0.005291;0.353330;Thu Jul 06 14:47:27 2023
0.000000;-0.353329;Thu Jul 06 14:47:27 2023
0.005291;0.353308;Thu Jul 06 14:47:27 2023
0.010582;0.353267;Thu Jul 06 14:47:27 2023
0.005319;-0.351388;Thu Jul 06 14:47:27 2023
0.005291;-0.001879;Thu Jul 06 14:47:27 2023
0.005319;0.001879;Thu Jul 06 14:47:27 2023
0.005319;0.000000;Thu Jul 06 14:47:27 2023
0.000000;-0.355144;Thu Jul 06 14:47:27 2023
0.005319;0.355123;Thu Jul 06 14:47:27 2023
0.005319;0.000000;Thu Jul 06 14:47:27 2023
0.005319;0.000000;Thu Jul 06 14:47:27 2023
0.005319;0.000000;Thu Jul 06 14:47:27 2023
0.000000;-0.355039;Thu Jul 06 14:47:27 2023
0.005291;0.353161;Thu Jul 06 14:47:27 2023
0.000000;-0.353140;Thu Jul 06 14:47:27 2023
0.010582;0.706218;Thu Jul 06 14:47:27 2023
0.005291;-0.353078;Thu Jul 06 14:47:27 2023
0.005291;0.000000;Thu Jul 06 14:47:27 2023
0.000000;-0.353078;Thu Jul 06 14:47:27 2023
0.000000;0.000000;Thu Jul 06 14:47:27 2023
0.000000;0.000000;Thu Jul 06 14:47:27 2023
0.005319;0.354939;Thu Jul 06 14:47:27 2023
0.000000;-0.355040;Thu Jul 06 14:47:27 2023
0.000000;0.000000;Thu Jul 06 14:47:27 2023
-0.005263;-0.351452;Thu Jul 06 14:47:27 2023
0.000000;0.351503;Thu Jul 06 14:47:27 2023
0.005319;0.355265;Thu Jul 06 14:47:27 2023
0.005319;0.000000;Thu Jul 06 14:47:27 2023
0.005291;-0.001880;Thu Jul 06 14:47:27 2023
0.005291;0.000000;Thu Jul 06 14:47:27 2023
0.005319;0.001880;Thu Jul 06 14:47:27 2023
0.000000;-0.355435;Thu Jul 06 14:47:27 2023
0.005291;0.353537;Thu Jul 06 14:47:27 2023
0.005291;0.000000;Thu Jul 06 14:47:27 2023
0.000000;-0.353681;Thu Jul 06 14:47:27 2023
0.000000;0.000000;Thu Jul 06 14:47:27 2023
0.000000;0.000000;Thu Jul 06 14:47:27 2023
-0.005236;-0.349832;Thu Jul 06 14:47:27 2023
0.000000;0.349832;Thu Jul 06 14:47:27 2023
0.000000;0.000000;Thu Jul 06 14:47:27 2023
0.010582;0.706965;Thu Jul 06 14:47:27 2023
0.010582;0.000000;Thu Jul 06 14:47:27 2023
0.005291;-0.353431;Thu Jul 06 14:47:27 2023
0.005291;0.000000;Thu Jul 06 14:47:27 2023
0.005291;0.000000;Thu Jul 06 14:47:27 2023
0.000000;-0.353806;Thu Jul 06 14:47:27 2023
0.005319;0.355633;Thu Jul 06 14:47:27 2023
0.000000;-0.355612;Thu Jul 06 14:47:27 2023
0.000000;0.000000;Thu Jul 06 14:47:27 2023
0.000000;0.000000;Thu Jul 06 14:47:27 2023
0.005291;0.353708;Thu Jul 06 14:47:27 2023
0.000000;-0.353708;Thu Jul 06 14:47:27 2023
0.005319;0.355589;Thu Jul 06 14:47:27 2023
0.005291;-0.001881;Thu Jul 06 14:47:27 2023
0.000000;-0.353686;Thu Jul 06 14:47:27 2023
0.005291;0.353665;Thu Jul 06 14:47:27 2023
0.005319;0.001881;Thu Jul 06 14:47:27 2023
0.005291;-0.001881;Thu Jul 06 14:47:27 2023
0.000000;-0.353604;Thu Jul 06 14:47:27 2023
0.005319;0.355484;Thu Jul 06 14:47:27 2023
0.005291;-0.001881;Thu Jul 06 14:47:27 2023
0.000000;-0.353762;Thu Jul 06 14:47:27 2023
0.005319;0.355423;Thu Jul 06 14:47:27 2023
0.005291;-0.001881;Thu Jul 06 14:47:27 2023
0.000000;-0.353522;Thu Jul 06 14:47:27 2023
0.000000;0.000000;Thu Jul 06 14:47:28 2023
0.000000;0.000000;Thu Jul 06 14:47:28 2023
0.000000;0.000000;Thu Jul 06 14:47:28 2023
0.000000;0.000000;Thu Jul 06 14:47:28 2023
0.005291;0.353499;Thu Jul 06 14:47:28 2023
0.010582;0.353460;Thu Jul 06 14:47:28 2023
0.005291;-0.353459;Thu Jul 06 14:47:28 2023
0.000000;-0.353458;Thu Jul 06 14:47:28 2023
0.000000;0.000000;Thu Jul 06 14:47:28 2023
0.000000;0.000000;Thu Jul 06 14:47:28 2023
0.005319;0.355338;Thu Jul 06 14:47:28 2023
0.005291;-0.001880;Thu Jul 06 14:47:28 2023
0.000000;-0.353605;Thu Jul 06 14:47:28 2023
0.000000;0.000000;Thu Jul 06 14:47:28 2023
0.005319;0.355571;Thu Jul 06 14:47:28 2023
0.000000;-0.355551;Thu Jul 06 14:47:28 2023
-0.005236;-0.349966;Thu Jul 06 14:47:28 2023
0.000000;0.349965;Thu Jul 06 14:47:28 2023
0.000000;0.000000;Thu Jul 06 14:47:28 2023
0.000000;0.000000;Thu Jul 06 14:47:28 2023
0.005319;0.355532;Thu Jul 06 14:47:28 2023
0.000000;-0.355512;Thu Jul 06 14:47:28 2023
0.005319;0.355494;Thu Jul 06 14:47:28 2023
0.000000;-0.355472;Thu Jul 06 14:47:28 2023
0.005319;0.355474;Thu Jul 06 14:47:28 2023
0.000000;-0.355472;Thu Jul 06 14:47:28 2023
0.005319;0.355452;Thu Jul 06 14:47:28 2023
0.000000;-0.355433;Thu Jul 06 14:47:28 2023
0.005319;0.355413;Thu Jul 06 14:47:28 2023
0.000000;-0.355417;Thu Jul 06 14:47:28 2023
0.005291;0.353517;Thu Jul 06 14:47:28 2023
0.005291;0.000000;Thu Jul 06 14:47:28 2023
0.005291;0.000000;Thu Jul 06 14:47:28 2023
0.005291;0.000000;Thu Jul 06 14:47:28 2023
0.005263;-0.001861;Thu Jul 06 14:47:28 2023
0.000000;-0.351845;Thu Jul 06 14:47:28 2023
0.005291;0.353748;Thu Jul 06 14:47:28 2023
0.010582;0.353775;Thu Jul 06 14:47:28 2023
0.000000;-0.707607;Thu Jul 06 14:47:28 2023
0.000000;0.000000;Thu Jul 06 14:47:28 2023
0.005319;0.355585;Thu Jul 06 14:47:28 2023
0.000000;-0.355565;Thu Jul 06 14:47:28 2023
0.005291;0.353746;Thu Jul 06 14:47:28 2023
0.000000;-0.353877;Thu Jul 06 14:47:28 2023
0.005291;0.354013;Thu Jul 06 14:47:28 2023
0.010582;0.354051;Thu Jul 06 14:47:28 2023
0.000000;-0.708104;Thu Jul 06 14:47:28 2023
0.000000;0.000000;Thu Jul 06 14:47:28 2023
0.000000;0.000000;Thu Jul 06 14:47:28 2023
0.000000;0.000000;Thu Jul 06 14:47:28 2023
0.005291;0.354135;Thu Jul 06 14:47:28 2023
0.000000;-0.354135;Thu Jul 06 14:47:28 2023
0.005291;0.354134;Thu Jul 06 14:47:28 2023
0.005291;0.000000;Thu Jul 06 14:47:28 2023
0.005263;-0.001864;Thu Jul 06 14:47:28 2023
0.005319;0.003747;Thu Jul 06 14:47:28 2023
0.005319;0.000000;Thu Jul 06 14:47:28 2023
0.000000;-0.355937;Thu Jul 06 14:47:28 2023
0.005319;0.355917;Thu Jul 06 14:47:28 2023
0.005291;-0.001883;Thu Jul 06 14:47:28 2023
0.000000;-0.353994;Thu Jul 06 14:47:28 2023
0.005291;0.353974;Thu Jul 06 14:47:28 2023
0.005319;0.001883;Thu Jul 06 14:47:28 2023
0.005319;0.000000;Thu Jul 06 14:47:28 2023
0.005291;-0.001882;Thu Jul 06 14:47:28 2023
0.010582;0.353894;Thu Jul 06 14:47:28 2023
0.005291;-0.353894;Thu Jul 06 14:47:28 2023
0.005291;0.000000;Thu Jul 06 14:47:28 2023
0.000000;-0.353912;Thu Jul 06 14:47:29 2023
0.000000;0.000000;Thu Jul 06 14:47:29 2023
0.005291;0.353893;Thu Jul 06 14:47:29 2023
0.000000;-0.353873;Thu Jul 06 14:47:29 2023
0.010582;0.707730;Thu Jul 06 14:47:29 2023
0.005319;-0.351953;Thu Jul 06 14:47:29 2023
0.005291;-0.001882;Thu Jul 06 14:47:29 2023
-0.005263;-0.705777;Thu Jul 06 14:47:29 2023
0.005291;0.705739;Thu Jul 06 14:47:29 2023
0.005291;0.000000;Thu Jul 06 14:47:29 2023
0.005291;0.000000;Thu Jul 06 14:47:29 2023
0.000000;-0.353761;Thu Jul 06 14:47:29 2023
0.005291;0.353762;Thu Jul 06 14:47:29 2023
0.000000;-0.353761;Thu Jul 06 14:47:29 2023
0.005319;0.355643;Thu Jul 06 14:47:29 2023
0.005291;-0.001882;Thu Jul 06 14:47:29 2023
0.005291;0.000000;Thu Jul 06 14:47:29 2023
0.000000;-0.353703;Thu Jul 06 14:47:29 2023
0.000000;0.000000;Thu Jul 06 14:47:29 2023
0.005291;0.353665;Thu Jul 06 14:47:29 2023
0.000000;-0.353643;Thu Jul 06 14:47:29 2023
0.000000;0.000000;Thu Jul 06 14:47:29 2023
0.005291;0.353609;Thu Jul 06 14:47:29 2023
0.005291;0.000000;Thu Jul 06 14:47:29 2023
0.005291;0.000000;Thu Jul 06 14:47:29 2023
0.000000;-0.353570;Thu Jul 06 14:47:29 2023
0.005291;0.353551;Thu Jul 06 14:47:29 2023
0.005263;-0.001861;Thu Jul 06 14:47:29 2023
0.005319;0.003741;Thu Jul 06 14:47:29 2023
0.010582;0.351651;Thu Jul 06 14:47:29 2023
0.005291;-0.353513;Thu Jul 06 14:47:29 2023
0.005319;0.001880;Thu Jul 06 14:47:29 2023
0.000000;-0.355394;Thu Jul 06 14:47:29 2023
0.000000;0.000000;Thu Jul 06 14:47:29 2023
0.000000;0.000000;Thu Jul 06 14:47:29 2023
0.000000;0.000000;Thu Jul 06 14:47:29 2023
0.000000;0.000000;Thu Jul 06 14:47:29 2023
0.000000;0.000000;Thu Jul 06 14:47:29 2023
0.005263;0.351653;Thu Jul 06 14:47:29 2023
0.005291;0.001861;Thu Jul 06 14:47:29 2023
0.000000;-0.353674;Thu Jul 06 14:47:29 2023
0.000000;0.000000;Thu Jul 06 14:47:29 2023
0.000000;0.000000;Thu Jul 06 14:47:29 2023
0.005319;0.355695;Thu Jul 06 14:47:29 2023
0.005319;0.000000;Thu Jul 06 14:47:29 2023
0.005291;-0.001882;Thu Jul 06 14:47:29 2023
0.000000;-0.353895;Thu Jul 06 14:47:29 2023
0.000000;0.000000;Thu Jul 06 14:47:29 2023
0.005319;0.355791;Thu Jul 06 14:47:29 2023
0.005291;-0.001883;Thu Jul 06 14:47:29 2023
0.005291;0.000000;Thu Jul 06 14:47:29 2023
-0.005236;-0.704268;Thu Jul 06 14:47:29 2023
-0.005236;0.000000;Thu Jul 06 14:47:29 2023
0.000000;0.350396;Thu Jul 06 14:47:29 2023
0.005291;0.354183;Thu Jul 06 14:47:29 2023
0.005291;0.000000;Thu Jul 06 14:47:29 2023
0.005319;0.001883;Thu Jul 06 14:47:29 2023
0.000000;-0.355915;Thu Jul 06 14:47:29 2023
0.005291;0.354158;Thu Jul 06 14:47:29 2023
0.000000;-0.354000;Thu Jul 06 14:47:29 2023
0.005291;0.354004;Thu Jul 06 14:47:29 2023
0.000000;-0.354003;Thu Jul 06 14:47:29 2023
0.000000;0.000000;Thu Jul 06 14:47:29 2023
0.005319;0.355866;Thu Jul 06 14:47:29 2023
0.005291;-0.001883;Thu Jul 06 14:47:29 2023
-0.005319;-0.709775;Thu Jul 06 14:47:29 2023
0.005319;0.711620;Thu Jul 06 14:47:29 2023
0.005291;-0.001882;Thu Jul 06 14:47:30 2023
0.005319;0.001882;Thu Jul 06 14:47:30 2023
0.005291;-0.001882;Thu Jul 06 14:47:30 2023
0.005319;0.001882;Thu Jul 06 14:47:30 2023
0.005319;0.000000;Thu Jul 06 14:47:30 2023
0.005291;-0.001882;Thu Jul 06 14:47:30 2023
0.000000;-0.353816;Thu Jul 06 14:47:30 2023
0.000000;0.000000;Thu Jul 06 14:47:30 2023
0.005319;0.355679;Thu Jul 06 14:47:30 2023
0.000000;-0.355678;Thu Jul 06 14:47:30 2023
0.005291;0.353794;Thu Jul 06 14:47:30 2023
0.000000;-0.353776;Thu Jul 06 14:47:30 2023
0.000000;0.000000;Thu Jul 06 14:47:30 2023
0.000000;0.000000;Thu Jul 06 14:47:30 2023
0.010582;0.707497;Thu Jul 06 14:47:30 2023
0.000000;-0.707496;Thu Jul 06 14:47:30 2023
0.000000;0.000000;Thu Jul 06 14:47:30 2023
0.005319;0.355777;Thu Jul 06 14:47:30 2023
0.000000;-0.355866;Thu Jul 06 14:47:30 2023
0.005319;0.355848;Thu Jul 06 14:47:30 2023
0.005291;-0.001883;Thu Jul 06 14:47:30 2023
0.000000;-0.353929;Thu Jul 06 14:47:30 2023
0.000000;0.000000;Thu Jul 06 14:47:30 2023
0.000000;0.000000;Thu Jul 06 14:47:30 2023
0.005319;0.355772;Thu Jul 06 14:47:30 2023
0.000000;-0.355774;Thu Jul 06 14:47:30 2023
0.000000;0.000000;Thu Jul 06 14:47:30 2023
0.010582;0.707761;Thu Jul 06 14:47:30 2023
0.005319;-0.351988;Thu Jul 06 14:47:30 2023
0.005319;0.000000;Thu Jul 06 14:47:30 2023
0.000000;-0.355736;Thu Jul 06 14:47:30 2023
0.000000;0.000000;Thu Jul 06 14:47:30 2023
0.000000;0.000000;Thu Jul 06 14:47:30 2023
0.005319;0.355699;Thu Jul 06 14:47:30 2023
0.005319;0.000000;Thu Jul 06 14:47:30 2023
0.000000;-0.355679;Thu Jul 06 14:47:30 2023
0.000000;0.000000;Thu Jul 06 14:47:30 2023
0.005291;0.353763;Thu Jul 06 14:47:30 2023
0.000000;-0.353745;Thu Jul 06 14:47:30 2023
0.005319;0.355626;Thu Jul 06 14:47:30 2023
0.005291;-0.001882;Thu Jul 06 14:47:30 2023
0.005263;-0.001862;Thu Jul 06 14:47:30 2023
0.000000;-0.351880;Thu Jul 06 14:47:30 2023
0.000000;0.000000;Thu Jul 06 14:47:30 2023
0.000000;0.000000;Thu Jul 06 14:47:30 2023
0.000000;0.000000;Thu Jul 06 14:47:30 2023
0.005319;0.355661;Thu Jul 06 14:47:30 2023
0.000000;-0.355765;Thu Jul 06 14:47:30 2023
0.005291;0.353995;Thu Jul 06 14:47:30 2023
0.005291;0.000000;Thu Jul 06 14:47:30 2023
0.005319;0.001883;Thu Jul 06 14:47:30 2023
0.000000;-0.355985;Thu Jul 06 14:47:30 2023
0.000000;0.000000;Thu Jul 06 14:47:30 2023
0.000000;0.000000;Thu Jul 06 14:47:30 2023
0.000000;0.000000;Thu Jul 06 14:47:30 2023
0.000000;0.000000;Thu Jul 06 14:47:30 2023
0.005263;0.352269;Thu Jul 06 14:47:30 2023
0.000000;-0.352268;Thu Jul 06 14:47:30 2023
0.005291;0.354253;Thu Jul 06 14:47:30 2023
0.005291;0.000000;Thu Jul 06 14:47:30 2023
0.000000;-0.354365;Thu Jul 06 14:47:30 2023
0.000000;0.000000;Thu Jul 06 14:47:30 2023
0.005291;0.354417;Thu Jul 06 14:47:30 2023
0.000000;-0.354452;Thu Jul 06 14:47:30 2023
0.000000;0.000000;Thu Jul 06 14:47:30 2023
0.005291;0.354364;Thu Jul 06 14:47:30 2023
0.005319;0.001885;Thu Jul 06 14:47:30 2023
0.005319;0.000000;Thu Jul 06 14:47:30 2023
0.000000;-0.356468;Thu Jul 06 14:47:30 2023
0.005291;0.354581;Thu Jul 06 14:47:31 2023
0.005291;0.000000;Thu Jul 06 14:47:31 2023
0.005291;0.000000;Thu Jul 06 14:47:31 2023
0.005291;0.000000;Thu Jul 06 14:47:31 2023
0.005263;-0.001866;Thu Jul 06 14:47:31 2023
0.005319;0.003752;Thu Jul 06 14:47:31 2023
0.000000;-0.356409;Thu Jul 06 14:47:31 2023
0.005291;0.354522;Thu Jul 06 14:47:31 2023
0.005291;0.000000;Thu Jul 06 14:47:31 2023
0.005319;0.001886;Thu Jul 06 14:47:31 2023
0.005291;-0.001886;Thu Jul 06 14:47:31 2023
0.000000;-0.354517;Thu Jul 06 14:47:31 2023
0.000000;0.000000;Thu Jul 06 14:47:31 2023
0.000000;0.000000;Thu Jul 06 14:47:31 2023
0.005291;0.354514;Thu Jul 06 14:47:31 2023
0.005319;0.001886;Thu Jul 06 14:47:31 2023
0.005319;0.000000;Thu Jul 06 14:47:31 2023
0.005291;-0.001885;Thu Jul 06 14:47:31 2023
0.000000;-0.354443;Thu Jul 06 14:47:31 2023
0.010582;0.708830;Thu Jul 06 14:47:31 2023
0.005263;-0.356269;Thu Jul 06 14:47:31 2023
0.000000;-0.352558;Thu Jul 06 14:47:31 2023
0.000000;0.000000;Thu Jul 06 14:47:31 2023
0.000000;0.000000;Thu Jul 06 14:47:31 2023
0.005291;0.354420;Thu Jul 06 14:47:31 2023
-0.005263;-0.706972;Thu Jul 06 14:47:31 2023
0.000000;0.352552;Thu Jul 06 14:47:31 2023
0.005291;0.354564;Thu Jul 06 14:47:31 2023
0.005291;0.000000;Thu Jul 06 14:47:31 2023
0.000000;-0.354402;Thu Jul 06 14:47:31 2023
0.005291;0.354383;Thu Jul 06 14:47:31 2023
0.005291;0.000000;Thu Jul 06 14:47:31 2023
0.005291;0.000000;Thu Jul 06 14:47:31 2023
0.000000;-0.354365;Thu Jul 06 14:47:31 2023
-0.005236;-0.350652;Thu Jul 06 14:47:31 2023
0.005319;0.706900;Thu Jul 06 14:47:31 2023
0.005291;-0.001885;Thu Jul 06 14:47:31 2023
0.000000;-0.354360;Thu Jul 06 14:47:31 2023
0.000000;0.000000;Thu Jul 06 14:47:31 2023
0.000000;0.000000;Thu Jul 06 14:47:31 2023
0.005291;0.354359;Thu Jul 06 14:47:31 2023
0.005291;0.000000;Thu Jul 06 14:47:31 2023
0.000000;-0.354339;Thu Jul 06 14:47:31 2023
0.000000;0.000000;Thu Jul 06 14:47:31 2023
0.005291;0.354322;Thu Jul 06 14:47:31 2023
0.005291;0.000000;Thu Jul 06 14:47:31 2023
0.005291;0.000000;Thu Jul 06 14:47:31 2023
0.005291;0.000000;Thu Jul 06 14:47:31 2023
0.005291;0.000000;Thu Jul 06 14:47:31 2023
0.005291;0.000000;Thu Jul 06 14:47:31 2023
0.005319;0.001884;Thu Jul 06 14:47:31 2023
0.005319;0.000000;Thu Jul 06 14:47:31 2023
0.005291;-0.001885;Thu Jul 06 14:47:31 2023
0.000000;-0.354405;Thu Jul 06 14:47:31 2023
0.005291;0.354494;Thu Jul 06 14:47:31 2023
0.005291;0.000000;Thu Jul 06 14:47:31 2023
0.000000;-0.354538;Thu Jul 06 14:47:31 2023
0.000000;0.000000;Thu Jul 06 14:47:31 2023
0.005263;0.352717;Thu Jul 06 14:47:31 2023
0.000000;-0.352767;Thu Jul 06 14:47:31 2023
0.005291;0.354405;Thu Jul 06 14:47:31 2023
0.005319;0.001886;Thu Jul 06 14:47:31 2023
0.000000;-0.356516;Thu Jul 06 14:47:31 2023
0.005319;0.356516;Thu Jul 06 14:47:31 2023
0.000000;-0.356638;Thu Jul 06 14:47:31 2023
0.005291;0.354595;Thu Jul 06 14:47:31 2023
0.005291;0.000000;Thu Jul 06 14:47:31 2023
0.005319;0.001887;Thu Jul 06 14:47:31 2023
0.000000;-0.356709;Thu Jul 06 14:47:32 2023
0.000000;0.000000;Thu Jul 06 14:47:32 2023
0.000000;0.000000;Thu Jul 06 14:47:32 2023
0.005291;0.354948;Thu Jul 06 14:47:32 2023
-0.005263;-0.708079;Thu Jul 06 14:47:32 2023
0.005291;0.707729;Thu Jul 06 14:47:32 2023
0.005319;0.001887;Thu Jul 06 14:47:32 2023
0.000000;-0.356668;Thu Jul 06 14:47:32 2023
0.000000;0.000000;Thu Jul 06 14:47:32 2023
0.000000;0.000000;Thu Jul 06 14:47:32 2023
0.005319;0.356770;Thu Jul 06 14:47:32 2023
0.000000;-0.356602;Thu Jul 06 14:47:32 2023
0.005319;0.356588;Thu Jul 06 14:47:32 2023
0.000000;-0.356570;Thu Jul 06 14:47:32 2023
0.000000;0.000000;Thu Jul 06 14:47:32 2023
0.005319;0.356552;Thu Jul 06 14:47:32 2023
0.000000;-0.356551;Thu Jul 06 14:47:32 2023
0.000000;0.000000;Thu Jul 06 14:47:32 2023
0.000000;0.000000;Thu Jul 06 14:47:32 2023
0.005291;0.354661;Thu Jul 06 14:47:32 2023
0.000000;-0.354644;Thu Jul 06 14:47:32 2023
0.000000;0.000000;Thu Jul 06 14:47:32 2023
0.005263;0.352759;Thu Jul 06 14:47:32 2023
0.005319;0.003753;Thu Jul 06 14:47:32 2023
0.005291;-0.001886;Thu Jul 06 14:47:32 2023
0.005291;0.000000;Thu Jul 06 14:47:32 2023
0.000000;-0.354577;Thu Jul 06 14:47:32 2023
0.000000;0.000000;Thu Jul 06 14:47:32 2023
0.005319;0.356445;Thu Jul 06 14:47:32 2023
0.005291;-0.001886;Thu Jul 06 14:47:32 2023
0.005291;0.000000;Thu Jul 06 14:47:32 2023
0.010582;0.354504;Thu Jul 06 14:47:32 2023
0.000000;-0.709026;Thu Jul 06 14:47:32 2023
0.000000;0.000000;Thu Jul 06 14:47:32 2023
0.000000;0.000000;Thu Jul 06 14:47:32 2023
0.000000;0.000000;Thu Jul 06 14:47:32 2023
0.005291;0.354487;Thu Jul 06 14:47:32 2023
0.000000;-0.354471;Thu Jul 06 14:47:32 2023
0.005291;0.354469;Thu Jul 06 14:47:32 2023
0.005319;0.001885;Thu Jul 06 14:47:32 2023
0.005291;-0.001886;Thu Jul 06 14:47:32 2023
0.005319;0.001887;Thu Jul 06 14:47:32 2023
0.000000;-0.356541;Thu Jul 06 14:47:32 2023
0.005291;0.354638;Thu Jul 06 14:47:32 2023
0.005319;0.001886;Thu Jul 06 14:47:32 2023
0.005291;-0.001886;Thu Jul 06 14:47:32 2023
0.005291;0.000000;Thu Jul 06 14:47:32 2023
0.005319;0.001886;Thu Jul 06 14:47:32 2023
0.005291;-0.001886;Thu Jul 06 14:47:32 2023
0.005319;0.001886;Thu Jul 06 14:47:32 2023
0.000000;-0.356485;Thu Jul 06 14:47:32 2023
0.000000;0.000000;Thu Jul 06 14:47:32 2023
0.000000;0.000000;Thu Jul 06 14:47:32 2023
0.000000;0.000000;Thu Jul 06 14:47:32 2023
0.005291;0.354532;Thu Jul 06 14:47:32 2023
0.005319;0.001886;Thu Jul 06 14:47:32 2023
0.000000;-0.356416;Thu Jul 06 14:47:32 2023
0.005291;0.354513;Thu Jul 06 14:47:32 2023
0.005319;0.001886;Thu Jul 06 14:47:32 2023
0.010582;0.352643;Thu Jul 06 14:47:32 2023
0.005291;-0.354618;Thu Jul 06 14:47:32 2023
0.005291;0.000000;Thu Jul 06 14:47:32 2023
0.010638;0.358492;Thu Jul 06 14:47:32 2023
0.000000;-0.713272;Thu Jul 06 14:47:32 2023
0.005291;0.354777;Thu Jul 06 14:47:32 2023
0.000000;-0.354836;Thu Jul 06 14:47:32 2023
0.005319;0.356723;Thu Jul 06 14:47:32 2023
0.000000;-0.356759;Thu Jul 06 14:47:33 2023
0.005291;0.354911;Thu Jul 06 14:47:33 2023
0.005291;0.000000;Thu Jul 06 14:47:33 2023
0.000000;-0.354917;Thu Jul 06 14:47:33 2023
0.000000;0.000000;Thu Jul 06 14:47:33 2023
0.000000;0.000000;Thu Jul 06 14:47:33 2023
0.000000;0.000000;Thu Jul 06 14:47:33 2023
0.005291;0.355055;Thu Jul 06 14:47:33 2023
0.005319;0.001889;Thu Jul 06 14:47:33 2023
0.000000;-0.356983;Thu Jul 06 14:47:33 2023
0.005291;0.355144;Thu Jul 06 14:47:33 2023
0.000000;-0.355151;Thu Jul 06 14:47:33 2023
0.000000;0.000000;Thu Jul 06 14:47:33 2023
0.005291;0.355021;Thu Jul 06 14:47:33 2023
0.000000;-0.355020;Thu Jul 06 14:47:33 2023
0.005319;0.356906;Thu Jul 06 14:47:33 2023
0.005319;0.000000;Thu Jul 06 14:47:33 2023
0.005291;-0.001888;Thu Jul 06 14:47:33 2023
0.005319;0.001888;Thu Jul 06 14:47:33 2023
0.000000;-0.356856;Thu Jul 06 14:47:33 2023
-0.005236;-0.351234;Thu Jul 06 14:47:33 2023
0.000000;0.351218;Thu Jul 06 14:47:33 2023
0.000000;0.000000;Thu Jul 06 14:47:33 2023
0.000000;0.000000;Thu Jul 06 14:47:33 2023
0.010582;0.709779;Thu Jul 06 14:47:33 2023
0.005291;-0.354878;Thu Jul 06 14:47:33 2023
0.000000;-0.354882;Thu Jul 06 14:47:33 2023
0.010638;0.713486;Thu Jul 06 14:47:33 2023
0.005291;-0.358619;Thu Jul 06 14:47:33 2023
0.000000;-0.354863;Thu Jul 06 14:47:33 2023
0.000000;0.000000;Thu Jul 06 14:47:33 2023
0.005263;0.352993;Thu Jul 06 14:47:33 2023
0.000000;-0.352977;Thu Jul 06 14:47:33 2023
0.005319;0.356715;Thu Jul 06 14:47:33 2023
0.005291;-0.001887;Thu Jul 06 14:47:33 2023
0.005319;0.001887;Thu Jul 06 14:47:33 2023
0.000000;-0.356680;Thu Jul 06 14:47:33 2023
0.000000;0.000000;Thu Jul 06 14:47:33 2023
0.005319;0.356801;Thu Jul 06 14:47:33 2023
0.005291;-0.001888;Thu Jul 06 14:47:33 2023
0.005319;0.001888;Thu Jul 06 14:47:33 2023
0.005291;-0.001888;Thu Jul 06 14:47:33 2023
0.005319;0.001889;Thu Jul 06 14:47:33 2023
0.005319;0.000000;Thu Jul 06 14:47:33 2023
0.005319;0.000000;Thu Jul 06 14:47:33 2023
0.005291;-0.001888;Thu Jul 06 14:47:33 2023
0.005291;0.000000;Thu Jul 06 14:47:33 2023
0.000000;-0.354932;Thu Jul 06 14:47:33 2023
0.000000;0.000000;Thu Jul 06 14:47:33 2023
0.005263;0.353032;Thu Jul 06 14:47:33 2023
-0.005236;-0.704186;Thu Jul 06 14:47:33 2023
0.000000;0.351153;Thu Jul 06 14:47:33 2023
0.000000;0.000000;Thu Jul 06 14:47:33 2023
0.005291;0.354835;Thu Jul 06 14:47:33 2023
0.005291;0.000000;Thu Jul 06 14:47:33 2023
0.000000;-0.354819;Thu Jul 06 14:47:33 2023
0.005319;0.356689;Thu Jul 06 14:47:33 2023
0.005291;-0.001887;Thu Jul 06 14:47:33 2023
0.000000;-0.354770;Thu Jul 06 14:47:33 2023
0.005291;0.354769;Thu Jul 06 14:47:33 2023
0.000000;-0.354767;Thu Jul 06 14:47:33 2023
0.000000;0.000000;Thu Jul 06 14:47:33 2023
0.005291;0.354766;Thu Jul 06 14:47:33 2023
0.000000;-0.354765;Thu Jul 06 14:47:33 2023
0.010582;0.709474;Thu Jul 06 14:47:33 2023
0.005319;-0.352828;Thu Jul 06 14:47:33 2023
0.005319;0.000000;Thu Jul 06 14:47:33 2023
0.010582;0.352955;Thu Jul 06 14:47:34 2023
0.005291;-0.354884;Thu Jul 06 14:47:34 2023
0.005291;0.000000;Thu Jul 06 14:47:34 2023
0.000000;-0.354945;Thu Jul 06 14:47:34 2023
0.005291;0.354970;Thu Jul 06 14:47:34 2023
0.005291;0.000000;Thu Jul 06 14:47:34 2023
0.005291;0.000000;Thu Jul 06 14:47:34 2023
0.000000;-0.354859;Thu Jul 06 14:47:34 2023
0.000000;0.000000;Thu Jul 06 14:47:34 2023
0.000000;0.000000;Thu Jul 06 14:47:34 2023
-0.005263;-0.352988;Thu Jul 06 14:47:34 2023
0.005319;0.709936;Thu Jul 06 14:47:34 2023
0.005291;-0.001887;Thu Jul 06 14:47:34 2023
0.005291;0.000000;Thu Jul 06 14:47:34 2023
0.000000;-0.355020;Thu Jul 06 14:47:34 2023
0.005319;0.356930;Thu Jul 06 14:47:34 2023
0.005291;-0.001888;Thu Jul 06 14:47:34 2023
0.005291;0.000000;Thu Jul 06 14:47:34 2023
0.000000;-0.354993;Thu Jul 06 14:47:34 2023
0.005319;0.356865;Thu Jul 06 14:47:34 2023
0.000000;-0.356849;Thu Jul 06 14:47:34 2023
0.005319;0.356833;Thu Jul 06 14:47:34 2023
0.000000;-0.356936;Thu Jul 06 14:47:34 2023
0.005319;0.357035;Thu Jul 06 14:47:34 2023
0.005319;0.000000;Thu Jul 06 14:47:34 2023
0.005319;0.000000;Thu Jul 06 14:47:34 2023
0.005291;-0.001889;Thu Jul 06 14:47:34 2023
0.000000;-0.355128;Thu Jul 06 14:47:34 2023
0.000000;0.000000;Thu Jul 06 14:47:34 2023
0.000000;0.000000;Thu Jul 06 14:47:34 2023
0.005319;0.356984;Thu Jul 06 14:47:34 2023
0.005291;-0.001889;Thu Jul 06 14:47:34 2023
0.000000;-0.355093;Thu Jul 06 14:47:34 2023
0.000000;0.000000;Thu Jul 06 14:47:34 2023
0.005291;0.355075;Thu Jul 06 14:47:34 2023
0.005291;0.000000;Thu Jul 06 14:47:34 2023
0.005291;0.000000;Thu Jul 06 14:47:34 2023
0.005291;0.000000;Thu Jul 06 14:47:34 2023
0.005291;0.000000;Thu Jul 06 14:47:34 2023
0.000000;-0.355013;Thu Jul 06 14:47:34 2023
0.005291;0.355012;Thu Jul 06 14:47:34 2023
0.005291;0.000000;Thu Jul 06 14:47:34 2023
0.005291;0.000000;Thu Jul 06 14:47:34 2023
0.005291;0.000000;Thu Jul 06 14:47:34 2023
-0.005263;-0.708087;Thu Jul 06 14:47:34 2023
0.005291;0.708091;Thu Jul 06 14:47:34 2023
0.000000;-0.354978;Thu Jul 06 14:47:34 2023
0.005291;0.354977;Thu Jul 06 14:47:34 2023
0.000000;-0.354976;Thu Jul 06 14:47:34 2023
0.000000;0.000000;Thu Jul 06 14:47:34 2023
0.000000;0.000000;Thu Jul 06 14:47:34 2023
0.005319;0.356832;Thu Jul 06 14:47:34 2023
0.005291;-0.001888;Thu Jul 06 14:47:34 2023
0.005291;0.000000;Thu Jul 06 14:47:34 2023
0.000000;-0.354926;Thu Jul 06 14:47:34 2023
0.000000;0.000000;Thu Jul 06 14:47:34 2023
0.005291;0.354923;Thu Jul 06 14:47:34 2023
0.000000;-0.354908;Thu Jul 06 14:47:34 2023
0.005291;0.354892;Thu Jul 06 14:47:34 2023
0.000000;-0.354875;Thu Jul 06 14:47:34 2023
0.005319;0.356762;Thu Jul 06 14:47:34 2023
0.000000;-0.356762;Thu Jul 06 14:47:34 2023
0.005291;0.354873;Thu Jul 06 14:47:34 2023
0.000000;-0.354872;Thu Jul 06 14:47:34 2023
0.005319;0.356744;Thu Jul 06 14:47:34 2023
0.000000;-0.356743;Thu Jul 06 14:47:34 2023
0.005291;0.354840;Thu Jul 06 14:47:34 2023
0.005319;0.001887;Thu Jul 06 14:47:34 2023
0.000000;-0.356711;Thu Jul 06 14:47:35 2023
0.005319;0.356710;Thu Jul 06 14:47:35 2023
0.000000;-0.356709;Thu Jul 06 14:47:35 2023
0.000000;0.000000;Thu Jul 06 14:47:35 2023
0.010582;0.709880;Thu Jul 06 14:47:35 2023
0.000000;-0.709972;Thu Jul 06 14:47:35 2023
0.005291;0.355037;Thu Jul 06 14:47:35 2023
0.000000;-0.355064;Thu Jul 06 14:47:35 2023
0.000000;0.000000;Thu Jul 06 14:47:35 2023
0.005291;0.355094;Thu Jul 06 14:47:35 2023
0.005291;0.000000;Thu Jul 06 14:47:35 2023
0.005291;0.000000;Thu Jul 06 14:47:35 2023
0.005319;0.001889;Thu Jul 06 14:47:35 2023
0.005291;-0.001889;Thu Jul 06 14:47:35 2023
0.005291;0.000000;Thu Jul 06 14:47:35 2023
0.000000;-0.355161;Thu Jul 06 14:47:35 2023
0.000000;0.000000;Thu Jul 06 14:47:35 2023
0.005291;0.355244;Thu Jul 06 14:47:35 2023
0.005319;0.001890;Thu Jul 06 14:47:35 2023
0.005319;0.000000;Thu Jul 06 14:47:35 2023
-0.005263;-0.710669;Thu Jul 06 14:47:35 2023
0.000000;0.353457;Thu Jul 06 14:47:35 2023
0.000000;0.000000;Thu Jul 06 14:47:35 2023
0.005319;0.357186;Thu Jul 06 14:47:35 2023
0.005291;-0.001890;Thu Jul 06 14:47:35 2023
0.005291;0.000000;Thu Jul 06 14:47:35 2023
0.005291;0.000000;Thu Jul 06 14:47:35 2023
0.005291;0.000000;Thu Jul 06 14:47:35 2023
0.000000;-0.355470;Thu Jul 06 14:47:35 2023
0.005319;0.357361;Thu Jul 06 14:47:35 2023
0.000000;-0.357345;Thu Jul 06 14:47:35 2023
0.005291;0.355439;Thu Jul 06 14:47:35 2023
0.005291;0.000000;Thu Jul 06 14:47:35 2023
0.005319;0.001890;Thu Jul 06 14:47:35 2023
0.000000;-0.357283;Thu Jul 06 14:47:35 2023
0.000000;0.000000;Thu Jul 06 14:47:35 2023
0.005319;0.357280;Thu Jul 06 14:47:35 2023
0.000000;-0.357279;Thu Jul 06 14:47:35 2023
0.005263;0.353517;Thu Jul 06 14:47:35 2023
0.005291;0.001870;Thu Jul 06 14:47:35 2023
0.000000;-0.355357;Thu Jul 06 14:47:35 2023
0.000000;0.000000;Thu Jul 06 14:47:35 2023
0.005291;0.355326;Thu Jul 06 14:47:35 2023
0.005263;-0.001870;Thu Jul 06 14:47:35 2023
0.000000;-0.353439;Thu Jul 06 14:47:35 2023
0.005319;0.357184;Thu Jul 06 14:47:35 2023
0.005291;-0.001890;Thu Jul 06 14:47:35 2023
0.000000;-0.355291;Thu Jul 06 14:47:35 2023
0.000000;0.000000;Thu Jul 06 14:47:35 2023
0.005291;0.355260;Thu Jul 06 14:47:35 2023
0.000000;-0.355259;Thu Jul 06 14:47:35 2023
0.000000;0.000000;Thu Jul 06 14:47:35 2023
0.000000;0.000000;Thu Jul 06 14:47:35 2023
0.000000;0.000000;Thu Jul 06 14:47:35 2023
0.005319;0.357116;Thu Jul 06 14:47:35 2023
0.005319;0.000000;Thu Jul 06 14:47:35 2023
0.005291;-0.001889;Thu Jul 06 14:47:35 2023
0.000000;-0.355181;Thu Jul 06 14:47:35 2023
0.000000;0.000000;Thu Jul 06 14:47:35 2023
0.005291;0.355164;Thu Jul 06 14:47:35 2023
0.005319;0.001889;Thu Jul 06 14:47:35 2023
0.000000;-0.357037;Thu Jul 06 14:47:35 2023
0.000000;0.000000;Thu Jul 06 14:47:35 2023
0.005291;0.355146;Thu Jul 06 14:47:35 2023
0.000000;-0.355131;Thu Jul 06 14:47:35 2023
0.005319;0.357018;Thu Jul 06 14:47:35 2023
0.000000;-0.357017;Thu Jul 06 14:47:35 2023
0.000000;0.000000;Thu Jul 06 14:47:35 2023
0.005291;0.355112;Thu Jul 06 14:47:36 2023
0.000000;-0.355097;Thu Jul 06 14:47:36 2023
0.005291;0.355082;Thu Jul 06 14:47:36 2023
0.005319;0.001889;Thu Jul 06 14:47:36 2023
0.005319;0.000000;Thu Jul 06 14:47:36 2023
0.005319;0.000000;Thu Jul 06 14:47:36 2023
0.000000;-0.356911;Thu Jul 06 14:47:36 2023
0.005319;0.356898;Thu Jul 06 14:47:36 2023
0.005319;0.000000;Thu Jul 06 14:47:36 2023
0.005263;-0.003757;Thu Jul 06 14:47:36 2023
0.000000;-0.353196;Thu Jul 06 14:47:36 2023
0.000000;0.000000;Thu Jul 06 14:47:36 2023
0.000000;0.000000;Thu Jul 06 14:47:36 2023
0.000000;0.000000;Thu Jul 06 14:47:36 2023
0.005291;0.355227;Thu Jul 06 14:47:36 2023
0.000000;-0.355258;Thu Jul 06 14:47:36 2023
0.000000;0.000000;Thu Jul 06 14:47:36 2023
0.005291;0.355294;Thu Jul 06 14:47:36 2023
0.005263;-0.001870;Thu Jul 06 14:47:36 2023
0.000000;-0.353466;Thu Jul 06 14:47:36 2023
0.005291;0.355377;Thu Jul 06 14:47:36 2023
0.005319;0.001890;Thu Jul 06 14:47:36 2023
0.005291;-0.001891;Thu Jul 06 14:47:36 2023
0.005291;0.000000;Thu Jul 06 14:47:36 2023
0.005319;0.001890;Thu Jul 06 14:47:36 2023
0.000000;-0.357256;Thu Jul 06 14:47:36 2023
0.005291;0.355453;Thu Jul 06 14:47:36 2023
0.005319;0.001891;Thu Jul 06 14:47:36 2023
0.000000;-0.357437;Thu Jul 06 14:47:36 2023
0.000000;0.000000;Thu Jul 06 14:47:36 2023
0.005291;0.355520;Thu Jul 06 14:47:36 2023
0.005291;0.000000;Thu Jul 06 14:47:36 2023
0.005291;0.000000;Thu Jul 06 14:47:36 2023
0.005319;0.001892;Thu Jul 06 14:47:36 2023
0.005291;-0.001891;Thu Jul 06 14:47:36 2023
0.005319;0.001891;Thu Jul 06 14:47:36 2023
0.005291;-0.001892;Thu Jul 06 14:47:36 2023
0.000000;-0.355568;Thu Jul 06 14:47:36 2023
-0.005263;-0.353696;Thu Jul 06 14:47:36 2023
0.000000;0.353694;Thu Jul 06 14:47:36 2023
0.000000;0.000000;Thu Jul 06 14:47:36 2023
0.000000;0.000000;Thu Jul 06 14:47:36 2023
0.005291;0.355546;Thu Jul 06 14:47:36 2023
0.010582;0.355643;Thu Jul 06 14:47:36 2023
0.005291;-0.355511;Thu Jul 06 14:47:36 2023
0.010582;0.355510;Thu Jul 06 14:47:36 2023
0.005291;-0.355509;Thu Jul 06 14:47:36 2023
0.005263;-0.001871;Thu Jul 06 14:47:36 2023
0.005319;0.003762;Thu Jul 06 14:47:36 2023
0.010582;0.353600;Thu Jul 06 14:47:36 2023
0.005319;-0.353585;Thu Jul 06 14:47:36 2023
0.005291;-0.001891;Thu Jul 06 14:47:36 2023
0.005319;0.001891;Thu Jul 06 14:47:36 2023
0.000000;-0.357343;Thu Jul 06 14:47:36 2023
0.005291;0.355451;Thu Jul 06 14:47:36 2023
0.005291;0.000000;Thu Jul 06 14:47:36 2023
0.005291;0.000000;Thu Jul 06 14:47:36 2023
0.005291;0.000000;Thu Jul 06 14:47:36 2023
0.000000;-0.355392;Thu Jul 06 14:47:36 2023
0.005291;0.355390;Thu Jul 06 14:47:36 2023
0.000000;-0.355393;Thu Jul 06 14:47:36 2023
0.005319;0.357282;Thu Jul 06 14:47:36 2023
0.005319;0.000000;Thu Jul 06 14:47:36 2023
0.000000;-0.357279;Thu Jul 06 14:47:36 2023
0.000000;0.000000;Thu Jul 06 14:47:36 2023
0.000000;0.000000;Thu Jul 06 14:47:36 2023
0.005291;0.355373;Thu Jul 06 14:47:36 2023
0.005291;0.000000;Thu Jul 06 14:47:36 2023
0.005291;0.000000;Thu Jul 06 14:47:37 2023
0.000000;-0.355331;Thu Jul 06 14:47:37 2023
0.005291;0.355316;Thu Jul 06 14:47:37 2023
0.005319;0.001890;Thu Jul 06 14:47:37 2023
0.005291;-0.001890;Thu Jul 06 14:47:37 2023
0.000000;-0.355299;Thu Jul 06 14:47:37 2023
0.005291;0.355285;Thu Jul 06 14:47:37 2023
0.000000;-0.355283;Thu Jul 06 14:47:37 2023
0.000000;0.000000;Thu Jul 06 14:47:37 2023
0.005291;0.355281;Thu Jul 06 14:47:37 2023
0.000000;-0.355279;Thu Jul 06 14:47:37 2023
0.000000;0.000000;Thu Jul 06 14:47:37 2023
0.000000;0.000000;Thu Jul 06 14:47:37 2023
0.005291;0.355251;Thu Jul 06 14:47:37 2023
0.000000;-0.355236;Thu Jul 06 14:47:37 2023
0.005291;0.355235;Thu Jul 06 14:47:37 2023
0.005319;0.001890;Thu Jul 06 14:47:37 2023
0.005291;-0.001890;Thu Jul 06 14:47:37 2023
0.005291;0.000000;Thu Jul 06 14:47:37 2023
0.005291;0.000000;Thu Jul 06 14:47:37 2023
0.005291;0.000000;Thu Jul 06 14:47:37 2023
0.005291;0.000000;Thu Jul 06 14:47:37 2023
0.005291;0.000000;Thu Jul 06 14:47:37 2023
0.005319;0.001891;Thu Jul 06 14:47:37 2023
0.005319;0.000000;Thu Jul 06 14:47:37 2023
0.000000;-0.357427;Thu Jul 06 14:47:37 2023
0.000000;0.000000;Thu Jul 06 14:47:37 2023
0.000000;0.000000;Thu Jul 06 14:47:37 2023
0.005319;0.357598;Thu Jul 06 14:47:37 2023
0.000000;-0.357637;Thu Jul 06 14:47:37 2023
0.000000;0.000000;Thu Jul 06 14:47:37 2023
0.000000;0.000000;Thu Jul 06 14:47:37 2023
0.000000;0.000000;Thu Jul 06 14:47:37 2023
0.005291;0.355846;Thu Jul 06 14:47:37 2023
0.000000;-0.355866;Thu Jul 06 14:47:37 2023
0.005291;0.355850;Thu Jul 06 14:47:37 2023
0.000000;-0.355849;Thu Jul 06 14:47:37 2023
0.005291;0.355912;Thu Jul 06 14:47:37 2023
0.005291;0.000000;Thu Jul 06 14:47:37 2023
0.005291;0.000000;Thu Jul 06 14:47:37 2023
0.005319;0.001892;Thu Jul 06 14:47:37 2023
0.005291;-0.001892;Thu Jul 06 14:47:37 2023
0.000000;-0.355761;Thu Jul 06 14:47:37 2023
0.000000;0.000000;Thu Jul 06 14:47:37 2023
0.000000;0.000000;Thu Jul 06 14:47:37 2023
0.005319;0.357654;Thu Jul 06 14:47:37 2023
0.005291;-0.001892;Thu Jul 06 14:47:37 2023
0.005319;0.001892;Thu Jul 06 14:47:37 2023
0.005291;-0.001892;Thu Jul 06 14:47:37 2023
0.000000;-0.355717;Thu Jul 06 14:47:37 2023
0.005291;0.355703;Thu Jul 06 14:47:37 2023
0.005319;0.001892;Thu Jul 06 14:47:37 2023
0.005291;-0.001892;Thu Jul 06 14:47:37 2023
0.005291;0.000000;Thu Jul 06 14:47:37 2023
0.000000;-0.355865;Thu Jul 06 14:47:37 2023
0.000000;0.000000;Thu Jul 06 14:47:37 2023
0.000000;0.000000;Thu Jul 06 14:47:37 2023
0.000000;0.000000;Thu Jul 06 14:47:37 2023
0.005319;0.357699;Thu Jul 06 14:47:37 2023
0.000000;-0.357698;Thu Jul 06 14:47:37 2023
0.005291;0.355803;Thu Jul 06 14:47:37 2023
0.005291;0.000000;Thu Jul 06 14:47:37 2023
0.005263;-0.001873;Thu Jul 06 14:47:37 2023
0.005291;0.001873;Thu Jul 06 14:47:37 2023
0.010582;0.355765;Thu Jul 06 14:47:37 2023
0.000000;-0.711547;Thu Jul 06 14:47:37 2023
0.000000;0.000000;Thu Jul 06 14:47:37 2023
0.005291;0.355755;Thu Jul 06 14:47:37 2023
0.005291;0.000000;Thu Jul 06 14:47:37 2023
0.005291;0.000000;Thu Jul 06 14:47:38 2023
0.005319;0.001892;Thu Jul 06 14:47:38 2023
0.005291;-0.001892;Thu Jul 06 14:47:38 2023
0.005319;0.001892;Thu Jul 06 14:47:38 2023
0.000000;-0.357574;Thu Jul 06 14:47:38 2023
0.005291;0.355681;Thu Jul 06 14:47:38 2023
0.000000;-0.355679;Thu Jul 06 14:47:38 2023
0.000000;0.000000;Thu Jul 06 14:47:38 2023
0.010582;0.711308;Thu Jul 06 14:47:38 2023
0.000000;-0.711279;Thu Jul 06 14:47:38 2023
0.005319;0.357540;Thu Jul 06 14:47:38 2023
0.005291;-0.001892;Thu Jul 06 14:47:38 2023
0.000000;-0.355620;Thu Jul 06 14:47:38 2023
0.005291;0.355606;Thu Jul 06 14:47:38 2023
0.000000;-0.355592;Thu Jul 06 14:47:38 2023
0.000000;0.000000;Thu Jul 06 14:47:38 2023
0.005291;0.355564;Thu Jul 06 14:47:38 2023
0.005319;0.001891;Thu Jul 06 14:47:38 2023
0.000000;-0.357440;Thu Jul 06 14:47:38 2023
0.000000;0.000000;Thu Jul 06 14:47:38 2023
0.005291;0.355533;Thu Jul 06 14:47:38 2023
0.005291;0.000000;Thu Jul 06 14:47:38 2023
0.005319;0.001891;Thu Jul 06 14:47:38 2023
-0.005291;-0.713053;Thu Jul 06 14:47:38 2023
0.000000;0.355644;Thu Jul 06 14:47:38 2023
0.005291;0.355677;Thu Jul 06 14:47:38 2023
0.000000;-0.355704;Thu Jul 06 14:47:38 2023
0.005291;0.355712;Thu Jul 06 14:47:38 2023
0.005291;0.000000;Thu Jul 06 14:47:38 2023
0.010582;0.355717;Thu Jul 06 14:47:38 2023
0.000000;-0.711525;Thu Jul 06 14:47:38 2023
0.005319;0.357500;Thu Jul 06 14:47:38 2023
0.000000;-0.357501;Thu Jul 06 14:47:38 2023
0.005319;0.357487;Thu Jul 06 14:47:38 2023
0.005319;0.000000;Thu Jul 06 14:47:38 2023
0.005319;0.000000;Thu Jul 06 14:47:38 2023
0.005291;-0.001891;Thu Jul 06 14:47:38 2023
0.005291;0.000000;Thu Jul 06 14:47:38 2023
0.000000;-0.355577;Thu Jul 06 14:47:38 2023
0.010582;0.711130;Thu Jul 06 14:47:38 2023
0.000000;-0.711101;Thu Jul 06 14:47:38 2023
0.005319;0.357533;Thu Jul 06 14:47:38 2023
0.005291;-0.001891;Thu Jul 06 14:47:38 2023
0.005291;0.000000;Thu Jul 06 14:47:38 2023
0.000000;-0.355518;Thu Jul 06 14:47:38 2023
0.000000;0.000000;Thu Jul 06 14:47:38 2023
0.005263;0.353620;Thu Jul 06 14:47:38 2023
0.000000;-0.353606;Thu Jul 06 14:47:38 2023
0.005319;0.357354;Thu Jul 06 14:47:38 2023
0.000000;-0.357340;Thu Jul 06 14:47:38 2023
0.005319;0.357339;Thu Jul 06 14:47:38 2023
0.010582;0.353536;Thu Jul 06 14:47:38 2023
0.000000;-0.710871;Thu Jul 06 14:47:38 2023
0.000000;0.000000;Thu Jul 06 14:47:38 2023
0.005291;0.355418;Thu Jul 06 14:47:38 2023
0.005291;0.000000;Thu Jul 06 14:47:38 2023
0.005291;0.000000;Thu Jul 06 14:47:38 2023
0.000000;-0.355377;Thu Jul 06 14:47:38 2023
0.000000;0.000000;Thu Jul 06 14:47:38 2023
0.005291;0.355350;Thu Jul 06 14:47:38 2023
0.005319;0.001890;Thu Jul 06 14:47:38 2023
0.000000;-0.357318;Thu Jul 06 14:47:38 2023
0.000000;0.000000;Thu Jul 06 14:47:38 2023
0.005291;0.355506;Thu Jul 06 14:47:38 2023
0.005291;0.000000;Thu Jul 06 14:47:38 2023
0.000000;-0.355478;Thu Jul 06 14:47:38 2023
0.000000;0.000000;Thu Jul 06 14:47:39 2023
0.005291;0.355464;Thu Jul 06 14:47:39 2023
0.005291;0.000000;Thu Jul 06 14:47:39 2023
0.005291;0.000000;Thu Jul 06 14:47:39 2023
0.005291;0.000000;Thu Jul 06 14:47:39 2023
0.005291;0.000000;Thu Jul 06 14:47:39 2023
0.005319;0.001891;Thu Jul 06 14:47:39 2023
0.005319;0.000000;Thu Jul 06 14:47:39 2023
0.005291;-0.001891;Thu Jul 06 14:47:39 2023
0.005291;0.000000;Thu Jul 06 14:47:39 2023
0.000000;-0.355562;Thu Jul 06 14:47:39 2023
0.005291;0.355561;Thu Jul 06 14:47:39 2023
0.005291;0.000000;Thu Jul 06 14:47:39 2023
0.005291;0.000000;Thu Jul 06 14:47:39 2023
0.005319;0.001891;Thu Jul 06 14:47:39 2023
0.005291;-0.001891;Thu Jul 06 14:47:39 2023
0.005291;0.000000;Thu Jul 06 14:47:39 2023
0.010582;0.355486;Thu Jul 06 14:47:39 2023
0.005291;-0.355486;Thu Jul 06 14:47:39 2023
0.000000;-0.355505;Thu Jul 06 14:47:39 2023
0.000000;0.000000;Thu Jul 06 14:47:39 2023
0.000000;0.000000;Thu Jul 06 14:47:39 2023
0.000000;0.000000;Thu Jul 06 14:47:39 2023
0.005319;0.357366;Thu Jul 06 14:47:39 2023
0.005263;-0.003762;Thu Jul 06 14:47:39 2023
0.005291;0.001871;Thu Jul 06 14:47:39 2023
0.000000;-0.355435;Thu Jul 06 14:47:39 2023
0.005291;0.355421;Thu Jul 06 14:47:39 2023
0.005291;0.000000;Thu Jul 06 14:47:39 2023
0.000000;-0.355495;Thu Jul 06 14:47:39 2023
0.005319;0.357450;Thu Jul 06 14:47:39 2023
0.000000;-0.357492;Thu Jul 06 14:47:39 2023
0.000000;0.000000;Thu Jul 06 14:47:39 2023
0.005319;0.357517;Thu Jul 06 14:47:39 2023
0.000000;-0.357540;Thu Jul 06 14:47:39 2023
0.005263;0.353785;Thu Jul 06 14:47:39 2023
0.000000;-0.353798;Thu Jul 06 14:47:39 2023
0.000000;0.000000;Thu Jul 06 14:47:39 2023
0.005319;0.357617;Thu Jul 06 14:47:39 2023
0.005319;0.000000;Thu Jul 06 14:47:39 2023
0.005291;-0.001892;Thu Jul 06 14:47:39 2023
0.000000;-0.355684;Thu Jul 06 14:47:39 2023
0.005291;0.355783;Thu Jul 06 14:47:39 2023
