Starting new run:  K= -1.000000, -1.651000, 35.057500, -1.604900, 2.943400 - Fri Jun 30 15:09:56 2023

alphaQube;alphaDotQube;thetaQube;thetaDotQube;z;thetaTarget;p1x;p1y;p2x;p2y;alphaCam;alphaDotCam;cameraAngle;twoDotCheck;Kx;KxCam;alphaFiltered;alphaDotFiltered;alphaFilteredGated;alphaDotFilteredGated;camControl;systemTime
0.003068;0.214757;-0.021476;0.000000;0.195079;0.000000;63.500000;81.500000;251.500000;81.500000;0.000000;0.000000;0.000000;1;0.580050;-0.159622;0.000000;0.000000;0.000000;0.000000;0;Fri Jun 30 15:10:12 2023
0.006136;0.214757;-0.018408;0.214757;0.194816;0.000000;61.500000;83.500000;251.500000;80.500000;0.015788;1.106582;0.904595;1;0.338138;-0.509088;0.003748;0.413751;0.000000;0.000000;0;Fri Jun 30 15:10:12 2023
0.006136;0.000000;-0.018408;0.000000;0.194553;0.000000;62.500000;83.500000;251.500000;81.500000;0.010582;-0.365055;0.606282;1;0.050949;1.822517;0.008229;0.088945;0.008229;0.576952;0;Fri Jun 30 15:10:12 2023
0.003068;-0.214757;-0.021476;-0.214757;0.194246;0.000000;61.500000;82.500000;251.500000;81.500000;0.005263;-0.372903;0.301554;1;-0.338687;0.469253;0.008083;-0.069219;0.008083;0.000000;0;Fri Jun 30 15:10:12 2023
0.003068;0.000000;-0.021476;0.000000;0.193939;0.000000;62.500000;81.500000;250.500000;81.500000;0.000000;-0.369026;0.000000;1;-0.050928;-0.500051;0.005495;-0.404633;0.005495;-0.181491;0;Fri Jun 30 15:10:12 2023
0.006136;0.214757;-0.021476;0.000000;0.193632;0.000000;62.500000;81.500000;251.500000;81.500000;0.000000;0.000000;0.000000;1;0.689051;-1.291874;0.002886;-0.214315;0.000000;-0.385166;0;Fri Jun 30 15:10:12 2023
0.006136;0.000000;-0.018408;0.214757;0.193369;0.000000;62.500000;83.500000;251.500000;80.500000;0.015872;1.112205;0.909380;1;-0.292532;0.767371;0.005284;0.542918;0.005284;0.370246;0;Fri Jun 30 15:10:12 2023
0.006136;0.000000;-0.018408;0.000000;0.193106;0.000000;62.500000;82.500000;251.500000;81.500000;0.005291;-0.741725;0.303149;1;0.052395;0.110697;0.007799;0.137017;0.007799;0.000000;0;Fri Jun 30 15:10:12 2023
0.006136;0.000000;-0.018408;0.000000;0.192843;0.000000;61.500000;80.500000;251.500000;80.500000;0.000000;-0.370860;0.000000;1;0.052658;0.025179;0.005352;-0.204254;0.005352;0.000000;0;Fri Jun 30 15:10:12 2023
0.009204;0.214757;-0.018408;0.000000;0.192580;0.000000;61.500000;81.500000;251.500000;80.500000;0.005263;0.368799;0.301554;1;0.792593;-0.019842;0.004060;-0.333191;0.004060;0.000000;0;Fri Jun 30 15:10:12 2023
0.009204;0.000000;-0.018408;0.000000;0.192317;0.000000;61.500000;83.500000;251.500000;80.500000;0.015788;0.737827;0.904595;1;0.160739;0.721434;0.007130;0.274967;0.007130;0.215192;0;Fri Jun 30 15:10:12 2023
0.006136;-0.214757;-0.021476;-0.214757;0.192011;0.000000;62.500000;82.500000;251.500000;80.500000;0.010582;-0.364925;0.606282;1;-0.228897;1.131938;0.010005;0.405828;0.010005;0.201495;0;Fri Jun 30 15:10:12 2023
0.003068;-0.214757;-0.024544;-0.214757;0.191660;0.000000;63.500000;81.500000;251.500000;80.500000;0.005319;-0.368771;0.304762;1;-0.331036;0.510074;0.009029;-0.037778;0.009029;0.000000;0;Fri Jun 30 15:10:12 2023
0.003068;0.000000;-0.024544;0.000000;0.191309;0.000000;62.500000;81.500000;251.500000;80.500000;0.005291;-0.001973;0.303149;1;-0.043233;0.103767;0.007261;-0.502463;0.007261;0.000000;0;Fri Jun 30 15:10:12 2023
0.003068;0.000000;-0.024544;0.000000;0.190959;0.000000;62.500000;81.500000;251.500000;80.500000;0.005291;0.000000;0.303149;1;-0.042882;0.071325;0.006326;-0.209494;0.006326;0.000000;0;Fri Jun 30 15:10:12 2023
0.003068;0.000000;-0.024544;0.000000;0.190608;0.000000;62.500000;81.500000;251.500000;80.500000;0.005291;0.000000;0.303149;1;-0.042531;0.054452;0.005834;0.341270;0.005834;0.000000;0;Fri Jun 30 15:10:12 2023
0.003068;0.000000;-0.024544;0.000000;0.190257;0.000000;62.500000;81.500000;251.500000;80.500000;0.005291;0.000000;0.303149;1;-0.042181;0.045758;0.005576;0.228368;0.005576;0.000000;0;Fri Jun 30 15:10:12 2023
0.003068;0.000000;-0.024544;0.000000;0.189907;0.000000;62.500000;81.500000;251.500000;80.500000;0.005291;0.000000;0.303149;1;-0.041830;0.041357;0.005441;-0.215967;0.005441;0.000000;0;Fri Jun 30 15:10:12 2023
0.003068;0.000000;-0.024544;0.000000;0.189556;0.000000;63.500000;81.500000;251.500000;80.500000;0.005319;0.001973;0.304762;1;-0.041479;0.039447;0.005376;-0.218639;0.005376;0.000000;0;Fri Jun 30 15:10:12 2023
0.003068;0.000000;-0.024544;0.000000;0.189206;0.000000;63.500000;81.500000;251.500000;80.500000;0.005319;0.000000;0.304762;1;-0.041129;0.038845;0.005349;0.122786;0.005349;0.000000;0;Fri Jun 30 15:10:12 2023
0.003068;0.000000;-0.024544;0.000000;0.188855;0.000000;62.500000;82.500000;251.500000;80.500000;0.010582;0.368991;0.606282;1;-0.040778;0.082493;0.006584;0.333525;0.006584;0.000000;0;Fri Jun 30 15:10:12 2023
0.003068;0.000000;-0.024544;0.000000;0.188504;0.000000;62.500000;81.500000;250.500000;80.500000;0.005319;-0.368983;0.304762;1;-0.040428;0.105583;0.007233;-0.118721;0.007233;0.000000;0;Fri Jun 30 15:10:12 2023
0.003068;0.000000;-0.024544;0.000000;0.188154;0.000000;62.500000;82.500000;251.500000;80.500000;0.010582;0.368987;0.606282;1;-0.040077;0.117877;0.007574;-0.054138;0.007574;0.000000;0;Fri Jun 30 15:10:12 2023
0.003068;0.000000;-0.024544;0.000000;0.187803;0.000000;62.500000;82.500000;250.500000;80.500000;0.010638;0.003946;0.609507;1;-0.039726;0.168766;0.009015;-0.008578;0.009015;0.000000;0;Fri Jun 30 15:10:12 2023
0.003068;0.000000;-0.024544;0.000000;0.187452;0.000000;63.500000;81.500000;251.500000;80.500000;0.005319;-0.372931;0.304762;1;-0.039376;0.151862;0.008523;0.045372;0.008523;0.000000;0;Fri Jun 30 15:10:12 2023
0.003068;0.000000;-0.024544;0.000000;0.187102;0.000000;63.500000;81.500000;251.500000;81.500000;0.000000;-0.372860;0.000000;1;-0.039025;-0.519787;0.005739;-0.171306;0.005739;-0.195149;0;Fri Jun 30 15:10:12 2023
0.003068;0.000000;-0.024544;0.000000;0.186751;0.000000;62.500000;81.500000;251.500000;80.500000;0.005291;0.370696;0.303149;1;-0.038675;0.003473;0.004270;-0.124898;0.004270;0.000000;0;Fri Jun 30 15:10:12 2023
0.003068;0.000000;-0.024544;0.000000;0.186401;0.000000;63.500000;81.500000;251.500000;81.500000;0.000000;-0.370909;0.000000;1;-0.038324;-1.026990;0.003499;-0.124875;0.000000;-0.299351;0;Fri Jun 30 15:10:12 2023
0.003068;0.000000;-0.024544;0.000000;0.186050;0.000000;62.500000;82.500000;251.500000;80.500000;0.010582;0.741926;0.606282;1;-0.037973;0.904617;0.004350;0.445969;0.004350;0.304973;0;Fri Jun 30 15:10:12 2023
0.003068;0.000000;-0.024544;0.000000;0.185699;0.000000;63.500000;81.500000;251.500000;81.500000;0.000000;-0.741930;0.000000;1;-0.037623;0.022976;0.004797;-0.136383;0.004797;0.000000;0;Fri Jun 30 15:10:12 2023
0.000000;-0.214757;-0.024544;0.000000;0.185349;0.000000;61.500000;81.500000;251.500000;81.500000;0.000000;0.000000;0.000000;1;-0.776944;-1.134548;0.002519;-0.192414;0.000000;-0.336251;0;Fri Jun 30 15:10:12 2023
0.000000;0.000000;-0.024544;0.000000;0.184998;0.000000;62.500000;81.500000;251.500000;81.500000;0.000000;0.000000;0.000000;1;-0.144476;-0.144476;0.001323;-0.214052;0.000000;0.000000;0;Fri Jun 30 15:10:12 2023
0.003068;0.214757;-0.021476;0.214757;0.184691;0.000000;63.500000;81.500000;251.500000;81.500000;0.000000;0.000000;0.000000;1;0.245773;-0.493899;0.000695;0.113280;0.000000;0.000000;0;Fri Jun 30 15:10:12 2023
0.006136;0.214757;-0.018408;0.214757;0.184428;0.000000;62.500000;83.500000;250.500000;81.500000;0.010638;0.745772;0.609507;1;0.348526;-0.498701;0.002890;0.465999;0.000000;0.000000;0;Fri Jun 30 15:10:12 2023
0.006136;0.000000;-0.015340;0.214757;0.184209;0.000000;62.500000;82.500000;251.500000;81.500000;0.005291;-0.374725;0.303149;1;-0.288437;0.775428;0.005300;-0.046904;0.005300;0.371403;0;Fri Jun 30 15:10:13 2023
0.006136;0.000000;-0.015340;0.000000;0.183990;0.000000;63.500000;82.500000;251.500000;81.500000;0.005319;0.001973;0.304762;1;0.056446;0.027216;0.005302;-0.135034;0.005302;0.000000;0;Fri Jun 30 15:10:13 2023
0.009204;0.214757;-0.012272;0.214757;0.183815;0.000000;61.500000;83.500000;250.500000;82.500000;0.005291;-0.001973;0.303149;1;0.446564;-0.322290;0.005304;-0.122235;0.005304;0.000000;0;Fri Jun 30 15:10:13 2023
0.009204;0.000000;-0.012272;0.000000;0.183639;0.000000;62.500000;84.500000;251.500000;81.500000;0.015872;0.741889;0.909380;1;0.159287;0.110400;0.007809;0.360612;0.007809;0.000000;0;Fri Jun 30 15:10:13 2023
0.006136;-0.214757;-0.012272;0.000000;0.183464;0.000000;62.500000;84.500000;251.500000;82.500000;0.010582;-0.370886;0.606282;1;-0.580210;0.731530;0.010382;0.111122;0.010382;0.180330;0;Fri Jun 30 15:10:13 2023
0.006136;0.000000;-0.012272;0.000000;0.183289;0.000000;62.500000;84.500000;251.500000;82.500000;0.010582;0.000000;0.606282;1;0.052082;0.204253;0.010477;-0.026971;0.010477;0.000000;0;Fri Jun 30 15:10:13 2023
0.006136;0.000000;-0.012272;0.000000;0.183113;0.000000;63.500000;83.500000;250.500000;81.500000;0.010695;0.007931;0.612766;1;0.052257;0.207119;0.010553;-0.215914;0.010553;0.000000;0;Fri Jun 30 15:10:13 2023
0.009204;0.214757;-0.009204;0.214757;0.182982;0.000000;64.500000;83.500000;251.500000;82.500000;0.005348;-0.374908;0.306392;1;0.442331;-0.184627;0.009351;-0.156014;0.009351;0.000000;0;Fri Jun 30 15:10:13 2023
0.009204;0.000000;-0.006136;0.214757;0.182894;0.000000;62.500000;84.500000;251.500000;82.500000;0.010582;0.366983;0.606282;1;-0.194763;-0.212682;0.008693;0.214643;0.008693;0.000000;0;Fri Jun 30 15:10:13 2023
0.009204;0.000000;-0.006136;0.000000;0.182807;0.000000;62.500000;84.500000;252.500000;82.500000;0.010526;-0.003905;0.603091;1;0.149989;0.163047;0.009576;0.061551;0.009576;0.000000;0;Fri Jun 30 15:10:13 2023
0.009204;0.000000;-0.006136;0.000000;0.182719;0.000000;62.500000;84.500000;251.500000;82.500000;0.010582;0.003904;0.606282;1;0.150077;0.179404;0.010040;-0.002226;0.010040;0.000000;0;Fri Jun 30 15:10:13 2023
0.012272;0.214757;-0.003068;0.214757;0.182675;0.000000;63.500000;84.500000;251.500000;82.500000;0.010638;0.003945;0.609507;1;0.540063;-0.160805;0.010311;-0.041844;0.010311;0.000000;0;Fri Jun 30 15:10:13 2023
0.012272;0.000000;-0.003068;0.000000;0.182631;0.000000;62.500000;84.500000;251.500000;82.500000;0.010582;-0.003945;0.606282;1;0.252654;0.188880;0.010453;-0.016491;0.010453;0.000000;0;Fri Jun 30 15:10:13 2023
0.009204;-0.214757;-0.006136;-0.214757;0.182544;0.000000;62.500000;84.500000;251.500000;82.500000;0.010582;0.000000;0.606282;1;-0.137201;0.540842;0.010514;0.024510;0.010514;0.000000;0;Fri Jun 30 15:10:13 2023
0.006136;-0.214757;-0.006136;0.000000;0.182456;0.000000;62.500000;84.500000;251.500000;82.500000;0.010582;0.000000;0.606282;1;-0.589332;0.197393;0.010546;0.026808;0.010546;0.000000;0;Fri Jun 30 15:10:13 2023
0.006136;0.000000;-0.009204;-0.214757;0.182325;0.000000;61.500000;84.500000;251.500000;82.500000;0.010526;-0.003904;0.603091;1;0.392645;0.547382;0.010550;-0.009586;0.010550;0.000000;0;Fri Jun 30 15:10:13 2023
0.006136;0.000000;-0.009204;0.000000;0.182193;0.000000;63.500000;83.500000;251.500000;82.500000;0.005319;-0.365009;0.304762;1;0.048113;0.159119;0.009302;-0.170659;0.009302;0.000000;0;Fri Jun 30 15:10:13 2023
0.006136;0.000000;-0.009204;0.000000;0.182062;0.000000;63.500000;83.500000;251.500000;82.500000;0.005319;0.000000;0.304762;1;0.048244;0.092948;0.007411;-0.080747;0.007411;0.000000;0;Fri Jun 30 15:10:13 2023
0.006136;0.000000;-0.009204;0.000000;0.181930;0.000000;63.500000;83.500000;252.500000;82.500000;0.005291;-0.001973;0.303149;1;0.048376;0.058024;0.006411;-0.011821;0.006411;0.000000;0;Fri Jun 30 15:10:13 2023
0.006136;0.000000;-0.009204;0.000000;0.181799;0.000000;62.500000;84.500000;251.500000;82.500000;0.010582;0.370869;0.606282;1;0.048507;0.083542;0.007135;0.203255;0.007135;0.000000;0;Fri Jun 30 15:10:13 2023
0.006136;0.000000;-0.009204;0.000000;0.181667;0.000000;62.500000;84.500000;251.500000;82.500000;0.010582;0.000000;0.606282;1;0.048639;0.141039;0.008772;0.084025;0.008772;0.000000;0;Fri Jun 30 15:10:13 2023
0.006136;0.000000;-0.009204;0.000000;0.181536;0.000000;62.500000;84.500000;251.500000;82.500000;0.010582;0.000000;0.606282;1;0.048770;0.171299;0.009631;-0.005082;0.009631;0.000000;0;Fri Jun 30 15:10:13 2023
0.006136;0.000000;-0.009204;0.000000;0.181404;0.000000;62.500000;84.500000;251.500000;82.500000;0.010582;0.000000;0.606282;1;0.048902;0.187253;0.010082;-0.052121;0.010082;0.000000;0;Fri Jun 30 15:10:13 2023
0.006136;0.000000;-0.009204;0.000000;0.181273;0.000000;63.500000;84.500000;251.500000;82.500000;0.010638;0.003946;0.609507;1;0.049033;0.196164;0.010333;0.001631;0.010333;0.000000;0;Fri Jun 30 15:10:13 2023
0.006136;0.000000;-0.009204;0.000000;0.181141;0.000000;62.500000;84.500000;251.500000;82.500000;0.010582;-0.003946;0.606282;1;0.049165;0.200906;0.010464;0.025933;0.010464;0.000000;0;Fri Jun 30 15:10:13 2023
0.006136;0.000000;-0.009204;0.000000;0.181010;0.000000;62.500000;84.500000;252.500000;82.500000;0.010526;-0.003904;0.603091;1;0.049296;0.202527;0.010507;-0.003296;0.010507;0.000000;0;Fri Jun 30 15:10:13 2023
0.006136;0.000000;-0.009204;0.000000;0.180878;0.000000;62.500000;84.500000;251.500000;82.500000;0.010582;0.003904;0.606282;1;0.049427;0.203441;0.010529;-0.007490;0.010529;0.000000;0;Fri Jun 30 15:10:13 2023
0.006136;0.000000;-0.009204;0.000000;0.180747;0.000000;62.500000;83.500000;251.500000;82.500000;0.005291;-0.370940;0.303149;1;0.049559;0.160414;0.009298;-0.131813;0.009298;0.000000;0;Fri Jun 30 15:10:13 2023
0.006136;0.000000;-0.009204;0.000000;0.180615;0.000000;63.500000;83.500000;251.500000;82.500000;0.005319;0.001973;0.304762;1;0.049690;0.094081;0.007402;-0.080112;0.007402;0.000000;0;Fri Jun 30 15:10:13 2023
0.006136;0.000000;-0.009204;0.000000;0.180484;0.000000;62.500000;83.500000;251.500000;82.500000;0.005291;-0.001973;0.303149;1;0.049822;0.059305;0.006406;-0.062039;0.006406;0.000000;0;Fri Jun 30 15:10:13 2023
0.006136;0.000000;-0.009204;0.000000;0.180352;0.000000;62.500000;84.500000;251.500000;82.500000;0.010582;0.370928;0.606282;1;0.049953;0.084902;0.007133;0.202087;0.007133;0.000000;0;Fri Jun 30 15:10:13 2023
0.006136;0.000000;-0.009204;0.000000;0.180221;0.000000;63.500000;83.500000;252.500000;82.500000;0.005291;-0.370928;0.303149;1;0.050085;0.098407;0.007514;0.002772;0.007514;0.000000;0;Fri Jun 30 15:10:13 2023
0.006136;0.000000;-0.009204;0.000000;0.180089;0.000000;62.500000;84.500000;251.500000;82.500000;0.010582;0.370936;0.606282;1;0.050216;0.105563;0.007715;0.061718;0.007715;0.000000;0;Fri Jun 30 15:10:13 2023
0.006136;0.000000;-0.009204;0.000000;0.179958;0.000000;62.500000;84.500000;251.500000;83.500000;0.005291;-0.370920;0.303149;1;0.050348;0.109383;0.007820;-0.226773;0.007820;0.000000;0;Fri Jun 30 15:10:13 2023
0.006136;0.000000;-0.009204;0.000000;0.179826;0.000000;62.500000;84.500000;251.500000;82.500000;0.010582;0.370912;0.606282;1;0.050479;0.111452;0.007875;0.153096;0.007875;0.000000;0;Fri Jun 30 15:10:13 2023
0.006136;0.000000;-0.009204;0.000000;0.179695;0.000000;63.500000;83.500000;251.500000;82.500000;0.005319;-0.368946;0.304762;1;0.050611;0.112836;0.007911;-0.018627;0.007911;0.000000;0;Fri Jun 30 15:10:13 2023
0.006136;0.000000;-0.009204;0.000000;0.179563;0.000000;62.500000;84.500000;251.500000;82.500000;0.010582;0.368952;0.606282;1;0.050742;0.113625;0.007930;0.093678;0.007930;0.000000;0;Fri Jun 30 15:10:13 2023
0.006136;0.000000;-0.009204;0.000000;0.179432;0.000000;62.500000;84.500000;251.500000;82.500000;0.010582;0.000000;0.606282;1;0.050874;0.157899;0.009189;-0.065832;0.009189;0.000000;0;Fri Jun 30 15:10:13 2023
0.006136;0.000000;-0.009204;0.000000;0.179300;0.000000;62.500000;84.500000;251.500000;82.500000;0.010582;0.000000;0.606282;1;0.051005;0.181215;0.009850;0.069830;0.009850;0.000000;0;Fri Jun 30 15:10:13 2023
0.006136;0.000000;-0.009204;0.000000;0.179169;0.000000;63.500000;84.500000;251.500000;83.500000;0.005319;-0.368953;0.304762;1;0.051137;0.149725;0.008948;-0.065922;0.008948;0.000000;0;Fri Jun 30 15:10:13 2023
0.006136;0.000000;-0.009204;0.000000;0.179037;0.000000;63.500000;83.500000;251.500000;82.500000;0.005319;0.000000;0.304762;1;0.051268;0.089450;0.007225;-0.129797;0.007225;0.000000;0;Fri Jun 30 15:10:13 2023
0.006136;0.000000;-0.009204;0.000000;0.178906;0.000000;62.500000;84.500000;251.500000;82.500000;0.010582;0.368956;0.606282;1;0.051400;0.101655;0.007569;0.015638;0.007569;0.000000;0;Fri Jun 30 15:10:13 2023
0.006136;0.000000;-0.009204;0.000000;0.178775;0.000000;62.500000;84.500000;251.500000;82.500000;0.010582;0.000000;0.606282;1;0.051531;0.151925;0.009000;0.165808;0.009000;0.000000;0;Fri Jun 30 15:10:13 2023
0.009204;0.214757;-0.009204;0.000000;0.178643;0.000000;62.500000;84.500000;251.500000;82.500000;0.010582;0.000000;0.606282;1;0.791334;0.178389;0.009751;0.167815;0.009751;0.000000;0;Fri Jun 30 15:10:13 2023
0.006136;-0.214757;-0.009204;0.000000;0.178512;0.000000;61.500000;84.500000;251.500000;82.500000;0.010526;-0.003904;0.603091;1;-0.580322;0.191887;0.010132;-0.110813;0.010132;0.000000;0;Fri Jun 30 15:10:13 2023
0.003068;-0.214757;-0.012272;-0.214757;0.178336;0.000000;63.500000;83.500000;251.500000;82.500000;0.005319;-0.365056;0.304762;1;-0.337973;0.505014;0.009083;-0.295495;0.009083;0.000000;0;Fri Jun 30 15:10:13 2023
0.003068;0.000000;-0.012272;0.000000;0.178161;0.000000;62.500000;84.500000;250.500000;82.500000;0.010638;0.372908;0.609507;1;-0.050345;0.142141;0.008559;0.133081;0.008559;0.000000;0;Fri Jun 30 15:10:13 2023
0.006136;0.214757;-0.009204;0.214757;0.178029;0.000000;62.500000;84.500000;251.500000;82.500000;0.010582;-0.003946;0.606282;1;0.339729;-0.173313;0.009532;0.170753;0.009532;0.000000;0;Fri Jun 30 15:10:13 2023
0.009204;0.214757;-0.009204;0.000000;0.177898;0.000000;63.500000;83.500000;251.500000;82.500000;0.005319;-0.368941;0.304762;1;0.792080;0.145147;0.008781;-0.082887;0.008781;0.000000;0;Fri Jun 30 15:10:13 2023
0.006136;-0.214757;-0.009204;0.000000;0.177766;0.000000;63.500000;83.500000;251.500000;82.500000;0.005319;0.000000;0.304762;1;-0.579577;0.087650;0.007137;-0.205986;0.007137;0.000000;0;Fri Jun 30 15:10:13 2023
0.003068;-0.214757;-0.012272;-0.214757;0.177591;0.000000;62.500000;83.500000;250.500000;82.500000;0.005319;0.000000;0.304762;1;-0.337228;0.407288;0.006274;-0.098975;0.006274;0.000000;0;Fri Jun 30 15:10:13 2023
0.003068;0.000000;-0.012272;0.000000;0.177416;0.000000;62.500000;83.500000;251.500000;82.500000;0.005291;-0.001973;0.303149;1;-0.049600;0.046669;0.005814;0.147053;0.005814;0.000000;0;Fri Jun 30 15:10:13 2023
0.006136;0.214757;-0.012272;0.000000;0.177241;0.000000;63.500000;82.500000;251.500000;82.500000;0.000000;-0.370940;0.000000;1;0.690247;-0.005897;0.004310;-0.051656;0.004310;0.000000;0;Fri Jun 30 15:10:13 2023
0.006136;0.000000;-0.012272;0.000000;0.177065;0.000000;62.500000;84.500000;251.500000;82.500000;0.010582;0.741855;0.606282;1;0.058306;0.010611;0.004775;0.095508;0.004775;0.000000;0;Fri Jun 30 15:10:13 2023
0.003068;-0.214757;-0.015340;-0.214757;0.176846;0.000000;62.500000;84.500000;251.500000;82.500000;0.010582;0.000000;0.606282;1;-0.331418;1.025895;0.007532;0.032259;0.007532;0.193209;0;Fri Jun 30 15:10:13 2023
0.000000;-0.214757;-0.018408;-0.214757;0.176583;0.000000;62.500000;82.500000;251.500000;82.500000;0.000000;-0.741683;0.000000;1;-0.433645;0.425224;0.006468;-0.054472;0.006468;0.000000;0;Fri Jun 30 15:10:13 2023
0.000000;0.000000;-0.018408;0.000000;0.176320;0.000000;63.500000;82.500000;251.500000;82.500000;0.000000;0.000000;0.000000;1;-0.145929;-1.480798;0.003397;-0.148502;0.000000;-0.453513;0;Fri Jun 30 15:10:13 2023
0.000000;0.000000;-0.018408;0.000000;0.176057;0.000000;62.500000;83.500000;252.500000;82.500000;0.005263;0.369039;0.301554;1;-0.145666;-0.145666;0.003034;-0.138639;0.000000;0.000000;0;Fri Jun 30 15:10:13 2023
0.000000;0.000000;-0.015340;0.214757;0.175838;0.000000;61.500000;83.500000;251.500000;82.500000;0.005263;0.000000;0.301554;1;-0.495176;0.492829;0.004092;0.150191;0.004092;0.286928;0;Fri Jun 30 15:10:13 2023
0.000000;0.000000;-0.015340;0.000000;0.175619;0.000000;63.500000;82.500000;251.500000;82.500000;0.000000;-0.369032;0.000000;1;-0.150293;-0.994838;0.003399;0.146118;0.000000;-0.286928;0;Fri Jun 30 15:10:13 2023
0.003068;0.214757;-0.012272;0.214757;0.175444;0.000000;62.500000;84.500000;251.500000;82.500000;0.010582;0.741950;0.606282;1;0.239825;0.537631;0.004297;0.127604;0.004297;0.301296;0;Fri Jun 30 15:10:13 2023
0.006136;0.214757;-0.009204;0.214757;0.175312;0.000000;62.500000;83.500000;251.500000;82.500000;0.005291;-0.370965;0.303149;1;0.342446;-0.293560;0.006025;-0.277627;0.006025;0.000000;0;Fri Jun 30 15:10:13 2023
0.006136;0.000000;-0.009204;0.000000;0.175181;0.000000;62.500000;84.500000;251.500000;82.500000;0.010582;0.370956;0.606282;1;0.055125;0.083050;0.006932;0.232966;0.006932;0.000000;0;Fri Jun 30 15:10:13 2023
0.006136;0.000000;-0.009204;0.000000;0.175049;0.000000;62.500000;84.500000;251.500000;82.500000;0.010582;0.000000;0.606282;1;0.055257;0.143922;0.008665;0.177681;0.008665;0.000000;0;Fri Jun 30 15:10:13 2023
0.006136;0.000000;-0.009204;0.000000;0.174918;0.000000;62.500000;84.500000;251.500000;82.500000;0.010582;0.000000;0.606282;1;0.055388;0.175955;0.009575;-0.018510;0.009575;0.000000;0;Fri Jun 30 15:10:13 2023
0.003068;-0.214757;-0.009204;0.000000;0.174786;0.000000;62.500000;84.500000;251.500000;82.500000;0.010582;0.000000;0.606282;1;-0.684152;0.192841;0.010053;-0.150964;0.010053;0.000000;0;Fri Jun 30 15:10:13 2023
0.003068;0.000000;-0.006136;0.214757;0.174698;0.000000;63.500000;83.500000;251.500000;83.500000;0.000000;-0.741939;0.000000;1;-0.401677;-0.236068;0.007792;-0.277615;0.007792;0.000000;0;Fri Jun 30 15:10:13 2023
0.006136;0.214757;-0.003068;0.214757;0.174655;0.000000;62.500000;85.500000;251.500000;83.500000;0.010582;0.741943;0.606282;1;0.332973;-0.282720;0.006604;0.253549;0.006604;0.000000;0;Fri Jun 30 15:10:13 2023
0.012272;0.429515;-0.000000;0.214757;0.174655;0.000000;62.500000;85.500000;251.500000;83.500000;0.010582;0.000000;0.606282;1;1.175135;-0.221583;0.008493;0.064330;0.008493;0.000000;0;Fri Jun 30 15:10:13 2023
0.012272;0.000000;0.003068;0.214757;0.174698;0.000000;63.500000;85.500000;250.500000;83.500000;0.010695;0.007935;0.612766;1;-0.094207;-0.190981;0.009511;0.088194;0.009511;0.000000;0;Fri Jun 30 15:10:13 2023
0.009204;-0.214757;-0.000000;-0.214757;0.174698;0.000000;62.500000;86.500000;251.500000;83.500000;0.015872;0.362992;0.909380;1;-0.139486;0.566195;0.011302;0.119594;0.011302;0.000000;0;Fri Jun 30 15:10:13 2023
0.006136;-0.214757;-0.003068;-0.214757;0.174655;0.000000;63.500000;84.500000;251.500000;83.500000;0.005319;-0.739917;0.304762;1;-0.241932;0.559538;0.010967;-0.256706;0.010967;0.000000;0;Fri Jun 30 15:10:14 2023
0.006136;0.000000;-0.003068;0.000000;0.174611;0.000000;61.500000;85.500000;251.500000;83.500000;0.010526;0.365081;0.603091;1;0.045564;0.164247;0.009521;0.020486;0.009521;0.000000;0;Fri Jun 30 15:10:14 2023
0.003068;-0.214757;-0.003068;0.000000;0.174567;0.000000;62.500000;85.500000;251.500000;83.500000;0.010582;0.003905;0.606282;1;-0.694063;0.181477;0.010012;-0.042330;0.010012;0.000000;0;Fri Jun 30 15:10:14 2023
0.006136;0.214757;-0.003068;0.000000;0.174523;0.000000;61.500000;85.500000;250.500000;84.500000;0.005291;-0.370961;0.303149;1;0.677769;0.146978;0.009026;-0.010749;0.009026;0.000000;0;Fri Jun 30 15:10:14 2023
0.006136;0.000000;-0.000000;0.214757;0.174523;0.000000;62.500000;85.500000;252.500000;83.500000;0.010526;0.367064;0.603091;1;-0.304077;-0.221357;0.008495;0.133324;0.008495;0.000000;0;Fri Jun 30 15:10:14 2023
0.006136;0.000000;-0.000000;0.000000;0.174523;0.000000;62.500000;85.500000;251.500000;84.500000;0.005291;-0.367050;0.303149;1;0.040587;0.113536;0.008217;-0.208310;0.008217;0.000000;0;Fri Jun 30 15:10:14 2023
0.009204;0.214757;-0.000000;0.000000;0.174523;0.000000;61.500000;86.500000;250.500000;84.500000;0.010582;0.370954;0.606282;1;0.780259;0.108867;0.008084;0.073023;0.008084;0.000000;0;Fri Jun 30 15:10:14 2023
0.009204;0.000000;-0.000000;0.000000;0.174523;0.000000;62.500000;85.500000;250.500000;84.500000;0.005319;-0.368986;0.304762;1;0.148142;0.106650;0.008020;-0.040558;0.008020;0.000000;0;Fri Jun 30 15:10:14 2023
0.003068;-0.429515;-0.003068;-0.214757;0.174479;0.000000;62.500000;85.500000;251.500000;83.500000;0.010582;0.368985;0.606282;1;-0.981428;0.455258;0.007987;0.179116;0.007987;0.000000;0;Fri Jun 30 15:10:14 2023
0.003068;0.000000;-0.003068;0.000000;0.174436;0.000000;63.500000;84.500000;251.500000;84.500000;0.000000;-0.741940;0.000000;1;-0.061815;0.065757;0.006707;-0.315753;0.006707;0.000000;0;Fri Jun 30 15:10:14 2023
0.003068;0.000000;-0.000000;0.214757;0.174436;0.000000;62.500000;85.500000;250.500000;84.500000;0.005319;0.372929;0.304762;1;-0.411544;-0.351342;0.004785;-0.030791;0.004785;0.000000;0;Fri Jun 30 15:10:14 2023
0.009204;0.429515;0.003068;0.214757;0.174479;0.000000;62.500000;86.500000;251.500000;84.500000;0.010582;0.368929;0.606282;1;1.062690;-0.303766;0.006288;0.156150;0.006288;0.000000;0;Fri Jun 30 15:10:14 2023
0.012272;0.214757;0.006136;0.214757;0.174567;0.000000;62.500000;86.500000;251.500000;84.500000;0.010582;0.000000;0.606282;1;0.532975;-0.237451;0.008327;0.256132;0.008327;0.000000;0;Fri Jun 30 15:10:14 2023
0.012272;0.000000;0.006136;0.000000;0.174655;0.000000;62.500000;86.500000;251.500000;84.500000;0.010582;0.000000;0.606282;1;0.245435;0.144661;0.009397;0.055973;0.009397;0.000000;0;Fri Jun 30 15:10:14 2023
0.009204;-0.214757;0.003068;-0.214757;0.174698;0.000000;62.500000;86.500000;251.500000;84.500000;0.010582;0.000000;0.606282;1;-0.144551;0.514059;0.009960;-0.197977;0.009960;0.000000;0;Fri Jun 30 15:10:14 2023
0.003068;-0.429515;-0.000000;-0.214757;0.174698;0.000000;59.500000;85.500000;251.500000;84.500000;0.005208;-0.376659;0.298413;1;-0.986713;0.484758;0.008979;-0.208626;0.008979;0.000000;0;Fri Jun 30 15:10:14 2023
0.000000;-0.214757;-0.003068;-0.214757;0.174655;0.000000;62.500000;85.500000;251.500000;84.500000;0.005291;0.005796;0.303149;1;-0.457042;0.427785;0.007208;0.077177;0.007208;0.000000;0;Fri Jun 30 15:10:14 2023
0.003068;0.214757;-0.000000;0.214757;0.174655;0.000000;62.500000;85.500000;252.500000;84.500000;0.005263;-0.001952;0.301554;1;0.220353;-0.298757;0.006291;0.019521;0.006291;0.000000;0;Fri Jun 30 15:10:14 2023
0.006136;0.214757;0.003068;0.214757;0.174698;0.000000;62.500000;86.500000;251.500000;84.500000;0.010582;0.372845;0.606282;1;0.322799;-0.276719;0.007066;0.071753;0.007066;0.000000;0;Fri Jun 30 15:10:14 2023
0.009204;0.214757;0.006136;0.214757;0.174786;0.000000;62.500000;86.500000;251.500000;84.500000;0.010582;0.000000;0.606282;1;0.425201;-0.223350;0.008735;0.059467;0.008735;0.000000;0;Fri Jun 30 15:10:14 2023
0.012272;0.214757;0.009204;0.214757;0.174918;0.000000;62.500000;87.500000;250.500000;84.500000;0.015956;0.376734;0.914217;1;0.527560;-0.153081;0.010888;0.252592;0.010888;0.000000;0;Fri Jun 30 15:10:14 2023
0.012272;0.000000;0.009204;0.000000;0.175049;0.000000;62.500000;87.500000;251.500000;84.500000;0.015872;-0.005917;0.909380;1;0.239976;0.275114;0.013274;0.039265;0.013274;0.000000;0;Fri Jun 30 15:10:14 2023
0.009204;-0.214757;0.006136;-0.214757;0.175137;0.000000;62.500000;86.500000;251.500000;84.500000;0.010582;-0.370789;0.606282;1;-0.150055;0.623965;0.013252;-0.197247;0.013252;0.000000;0;Fri Jun 30 15:10:14 2023
0.006136;-0.214757;0.003068;-0.214757;0.175181;0.000000;61.500000;86.500000;251.500000;84.500000;0.010526;-0.003904;0.603091;1;-0.252588;0.584080;0.011971;-0.108913;0.011971;0.000000;0;Fri Jun 30 15:10:14 2023
0.003068;-0.214757;-0.000000;-0.214757;0.175181;0.000000;61.500000;86.500000;251.500000;84.500000;0.010526;0.000000;0.603091;1;-0.355078;0.565097;0.011285;0.004158;0.011285;0.000000;0;Fri Jun 30 15:10:14 2023
0.003068;0.000000;-0.000000;0.000000;0.175181;0.000000;62.500000;85.500000;251.500000;85.500000;0.000000;-0.737934;0.000000;1;-0.067626;-0.469783;0.008426;-0.205038;0.008426;-0.200443;0;Fri Jun 30 15:10:14 2023
0.003068;0.000000;-0.000000;0.000000;0.175181;0.000000;62.500000;85.500000;250.500000;84.500000;0.005319;0.372898;0.304762;1;-0.067626;-0.540701;0.005688;-0.015425;0.005688;-0.191929;0;Fri Jun 30 15:10:14 2023
0.003068;0.000000;-0.000000;0.000000;0.175181;0.000000;62.500000;86.500000;250.500000;85.500000;0.005319;0.000000;0.304762;1;-0.067626;0.018084;0.005513;-0.064324;0.005513;0.000000;0;Fri Jun 30 15:10:14 2023
0.003068;0.000000;-0.000000;0.000000;0.175181;0.000000;62.500000;85.500000;251.500000;85.500000;0.000000;-0.372881;0.000000;1;-0.067626;-0.029409;0.004158;0.014620;0.004158;0.000000;0;Fri Jun 30 15:10:14 2023
0.003068;0.000000;-0.000000;0.000000;0.175181;0.000000;62.500000;85.500000;251.500000;82.500000;0.015872;1.112665;0.909380;1;-0.067626;0.033473;0.005952;0.408374;0.005952;0.000000;0;Fri Jun 30 15:10:14 2023
0.003068;0.000000;-0.000000;0.000000;0.175181;0.000000;62.500000;86.500000;251.500000;84.500000;0.010582;-0.370855;0.606282;1;-0.067626;0.867304;0.009406;-0.079325;0.009406;0.242148;0;Fri Jun 30 15:10:14 2023
0.003068;0.000000;-0.000000;0.000000;0.175181;0.000000;62.500000;85.500000;251.500000;84.500000;0.005291;-0.370910;0.303149;1;-0.067626;0.130104;0.008708;-0.085647;0.008708;0.000000;0;Fri Jun 30 15:10:14 2023
0.000000;-0.214757;-0.000000;0.000000;0.175181;0.000000;62.500000;85.500000;250.500000;84.500000;0.005319;0.001973;0.304762;1;-0.807297;0.073459;0.007092;-0.128326;0.007092;0.000000;0;Fri Jun 30 15:10:14 2023
0.000000;0.000000;-0.000000;0.000000;0.175181;0.000000;63.500000;85.500000;251.500000;85.500000;0.000000;-0.372894;0.000000;1;-0.175181;-0.000326;0.004988;-0.247628;0.004988;0.000000;0;Fri Jun 30 15:10:14 2023
0.003068;0.214757;0.003068;0.214757;0.175224;0.000000;62.500000;86.500000;250.500000;84.500000;0.010638;0.745723;0.609507;1;0.214718;-0.344585;0.005145;0.264880;0.005145;0.000000;0;Fri Jun 30 15:10:14 2023
0.009204;0.429515;0.009204;0.429515;0.175356;0.000000;62.500000;86.500000;251.500000;85.500000;0.005291;-0.374848;0.303149;1;0.707019;-0.652579;0.006484;0.066559;0.006484;0.000000;0;Fri Jun 30 15:10:14 2023
0.012272;0.214757;0.012272;0.214757;0.175531;0.000000;61.500000;87.500000;252.500000;84.500000;0.015706;0.730178;0.899860;1;0.521881;-0.246332;0.008390;0.330445;0.008390;0.000000;0;Fri Jun 30 15:10:14 2023
0.012272;0.000000;0.012272;0.000000;0.175707;0.000000;62.500000;88.500000;250.500000;85.500000;0.015956;0.017568;0.914217;1;0.234253;0.951103;0.011923;-0.033729;0.011923;0.247702;0;Fri Jun 30 15:10:14 2023
0.009204;-0.214757;0.009204;-0.214757;0.175838;0.000000;62.500000;87.500000;252.500000;85.500000;0.010526;-0.380725;0.603091;1;-0.155821;0.593555;0.012549;-0.138980;0.012549;0.000000;0;Fri Jun 30 15:10:14 2023
0.003068;-0.429515;0.006136;-0.214757;0.175926;0.000000;62.500000;87.500000;251.500000;85.500000;0.010582;0.003905;0.606282;1;-0.998070;0.565327;0.011601;-0.034355;0.011601;0.000000;0;Fri Jun 30 15:10:14 2023
0.003068;0.000000;0.003068;-0.214757;0.175970;0.000000;61.500000;86.500000;251.500000;85.500000;0.005263;-0.372908;0.301554;1;0.271184;0.509108;0.009855;-0.167258;0.009855;0.000000;0;Fri Jun 30 15:10:14 2023
0.003068;0.000000;0.006136;0.214757;0.176057;0.000000;62.500000;86.500000;251.500000;85.500000;0.005291;0.001952;0.303149;1;-0.423297;-0.261568;0.007681;-0.061768;0.007681;0.000000;0;Fri Jun 30 15:10:14 2023
0.006136;0.214757;0.009204;0.214757;0.176189;0.000000;62.500000;86.500000;251.500000;85.500000;0.005291;0.000000;0.303149;1;0.311179;-0.306551;0.006546;-0.040246;0.006546;0.000000;0;Fri Jun 30 15:10:14 2023
0.009204;0.214757;0.012272;0.214757;0.176364;0.000000;61.500000;87.500000;251.500000;85.500000;0.010526;0.367045;0.603091;1;0.413493;-0.289118;0.007193;0.185422;0.007193;0.000000;0;Fri Jun 30 15:10:14 2023
0.009204;0.000000;0.012272;0.000000;0.176539;0.000000;62.500000;87.500000;251.500000;85.500000;0.010582;0.003905;0.606282;1;0.125865;0.111310;0.008789;0.131853;0.008789;0.000000;0;Fri Jun 30 15:10:14 2023
0.009204;0.000000;0.012272;0.000000;0.176715;0.000000;62.500000;87.500000;251.500000;85.500000;0.010582;0.000000;0.606282;1;0.125690;0.140978;0.009640;0.014876;0.009640;0.000000;0;Fri Jun 30 15:10:14 2023
0.009204;0.000000;0.012272;0.000000;0.176890;0.000000;62.500000;87.500000;251.500000;85.500000;0.010582;0.000000;0.606282;1;0.125514;0.156477;0.010087;-0.111576;0.010087;0.000000;0;Fri Jun 30 15:10:14 2023
0.009204;0.000000;0.012272;0.000000;0.177065;0.000000;62.500000;87.500000;251.500000;85.500000;0.010582;0.000000;0.606282;1;0.125339;0.164533;0.010322;-0.025193;0.010322;0.000000;0;Fri Jun 30 15:10:14 2023
0.009204;0.000000;0.012272;0.000000;0.177241;0.000000;62.500000;88.500000;252.500000;85.500000;0.015788;0.365044;0.904595;1;0.125164;0.212014;0.011681;0.232268;0.011681;0.000000;0;Fri Jun 30 15:10:14 2023
0.009204;0.000000;0.012272;0.000000;0.177416;0.000000;62.500000;88.500000;251.500000;85.500000;0.015872;0.005856;0.909380;1;0.124989;0.280894;0.013651;0.106954;0.013651;0.000000;0;Fri Jun 30 15:10:14 2023
0.009204;0.000000;0.012272;0.000000;0.177591;0.000000;62.500000;87.500000;251.500000;85.500000;0.010582;-0.370833;0.606282;1;0.124813;0.273655;0.013450;-0.172638;0.013450;0.000000;0;Fri Jun 30 15:10:14 2023
0.009204;0.000000;0.012272;0.000000;0.177766;0.000000;62.500000;87.500000;251.500000;85.500000;0.010582;0.000000;0.606282;1;0.124638;0.225742;0.012088;-0.154229;0.012088;0.000000;0;Fri Jun 30 15:10:14 2023
0.009204;0.000000;0.012272;0.000000;0.177942;0.000000;62.500000;88.500000;251.500000;85.500000;0.015872;0.370877;0.909380;1;0.124463;0.244523;0.012629;0.116853;0.012629;0.000000;0;Fri Jun 30 15:10:14 2023
0.009204;0.000000;0.012272;0.000000;0.178292;0.000000;62.500000;87.500000;251.500000;85.500000;0.010582;-0.370848;0.606282;1;0.124287;0.254303;0.012913;0.043219;0.012913;0.000000;0;Fri Jun 30 15:10:14 2023
0.009204;0.000000;0.012272;0.000000;0.178292;0.000000;62.500000;87.500000;252.500000;87.500000;0.000000;-0.741523;0.000000;1;0.124112;-0.619162;0.009294;-0.283183;0.009294;-0.253592;0;Fri Jun 30 15:10:14 2023
0.009204;0.000000;0.012272;0.000000;0.178468;0.000000;62.500000;88.500000;251.500000;85.500000;0.015872;1.112779;0.909380;1;0.123937;0.104484;0.008649;0.098174;0.008649;0.000000;0;Fri Jun 30 15:10:14 2023
0.009204;0.000000;0.012272;0.000000;0.178643;0.000000;62.500000;88.500000;251.500000;85.500000;0.015872;0.000000;0.909380;1;0.123761;0.932287;0.012078;0.117770;0.012078;0.240455;0;Fri Jun 30 15:10:14 2023
0.009204;0.000000;0.012272;0.000000;0.178818;0.000000;62.500000;88.500000;251.500000;85.500000;0.015872;0.000000;0.909380;1;0.123586;0.287498;0.013879;0.359658;0.013879;0.000000;0;Fri Jun 30 15:10:14 2023
0.009204;0.000000;0.012272;0.000000;0.178994;0.000000;62.500000;87.500000;251.500000;85.500000;0.010582;-0.370935;0.606282;1;0.123411;0.276458;0.013569;-0.173749;0.013569;0.000000;0;Fri Jun 30 15:10:14 2023
0.012272;0.214757;0.012272;0.000000;0.179169;0.000000;62.500000;88.500000;250.500000;85.500000;0.015956;0.376844;0.914217;1;0.862907;0.271278;0.013427;-0.208970;0.013427;0.000000;0;Fri Jun 30 15:10:14 2023
0.012272;0.000000;0.012272;0.000000;0.179344;0.000000;62.500000;87.500000;250.500000;85.500000;0.010638;-0.372887;0.609507;1;0.230615;0.268943;0.013365;-0.122742;0.013365;0.000000;0;Fri Jun 30 15:10:14 2023
0.009204;-0.214757;0.009204;-0.214757;0.179476;0.000000;62.500000;87.500000;252.500000;85.500000;0.010526;-0.007850;0.603091;1;-0.159459;0.572213;0.012044;0.219202;0.012044;0.000000;0;Fri Jun 30 15:10:14 2023
0.003068;-0.429515;0.003068;-0.429515;0.179520;0.000000;62.500000;86.500000;251.500000;85.500000;0.005291;-0.366890;0.303149;1;-0.651935;0.858132;0.010080;-0.156762;0.010080;0.000000;0;Fri Jun 30 15:10:14 2023
0.000000;-0.214757;-0.000000;-0.214757;0.179520;0.000000;62.500000;85.500000;251.500000;85.500000;0.000000;-0.370939;0.000000;1;-0.466972;-0.333667;0.006550;-0.381916;0.006550;-0.247484;0;Fri Jun 30 15:10:14 2023
-0.003068;-0.214757;-0.003068;-0.214757;0.179476;0.000000;62.500000;85.500000;251.500000;85.500000;0.000000;0.000000;0.000000;1;-0.569418;-1.181561;0.003440;-0.127448;0.000000;-0.459270;0;Fri Jun 30 15:10:14 2023
0.000000;0.214757;-0.003068;0.000000;0.179432;0.000000;62.500000;85.500000;250.500000;85.500000;0.000000;0.000000;0.000000;1;0.457750;-0.174367;0.001807;0.121733;0.000000;0.000000;0;Fri Jun 30 15:10:14 2023
0.003068;0.214757;-0.000000;0.214757;0.179432;0.000000;61.500000;86.500000;251.500000;85.500000;0.005263;0.369039;0.301554;1;0.215576;-0.524096;0.002198;0.244944;0.000000;0.000000;0;Fri Jun 30 15:10:14 2023
0.003068;0.000000;0.003068;0.214757;0.179476;0.000000;63.500000;85.500000;251.500000;84.500000;0.005319;0.003926;0.304762;1;-0.421650;-0.529205;0.003667;0.009156;0.000000;0.000000;0;Fri Jun 30 15:10:14 2023
0.006136;0.214757;0.003068;0.000000;0.179520;0.000000;63.500000;85.500000;251.500000;85.500000;0.000000;-0.372943;0.000000;1;0.662642;-0.184585;0.003189;-0.171861;0.000000;0.000000;0;Fri Jun 30 15:10:14 2023
0.006136;0.000000;0.003068;0.000000;0.179563;0.000000;63.500000;85.500000;251.500000;84.500000;0.005319;0.372950;0.304762;1;0.030482;-0.184629;0.002937;0.047627;0.000000;0.000000;0;Fri Jun 30 15:10:14 2023
0.006136;0.000000;0.003068;0.000000;0.179607;0.000000;62.500000;86.500000;250.500000;85.500000;0.005319;0.000000;0.304762;1;0.030438;0.797525;0.004068;0.036387;0.004068;0.285240;0;Fri Jun 30 15:10:15 2023
0.003068;-0.214757;0.003068;0.000000;0.179651;0.000000;61.500000;86.500000;251.500000;84.500000;0.010526;0.365068;0.603091;1;-0.709278;0.022061;0.005898;0.251249;0.005898;0.000000;0;Fri Jun 30 15:10:15 2023
0.003068;0.000000;0.003068;0.000000;0.179695;0.000000;63.500000;85.500000;251.500000;84.500000;0.005319;-0.365077;0.304762;1;-0.077205;0.055712;0.006859;-0.055360;0.006859;0.000000;0;Fri Jun 30 15:10:15 2023
0.006136;0.214757;0.006136;0.214757;0.179783;0.000000;62.500000;86.500000;251.500000;85.500000;0.005291;-0.001973;0.303149;1;0.312650;-0.319977;0.006121;-0.117175;0.006121;0.000000;0;Fri Jun 30 15:10:15 2023
0.012272;0.429515;0.009204;0.214757;0.179914;0.000000;62.500000;86.500000;251.500000;84.500000;0.010582;0.370948;0.606282;1;1.154680;-0.294964;0.006983;0.008944;0.006983;0.000000;0;Fri Jun 30 15:10:15 2023
0.012272;0.000000;0.009204;0.000000;0.180046;0.000000;63.500000;86.500000;251.500000;84.500000;0.010638;0.003946;0.609507;1;0.234979;0.109935;0.008705;0.143969;0.008705;0.000000;0;Fri Jun 30 15:10:15 2023
0.009204;-0.214757;0.006136;-0.214757;0.180133;0.000000;62.500000;85.500000;251.500000;84.500000;0.005291;-0.374871;0.303149;1;-0.155051;0.447249;0.008353;0.032318;0.008353;0.000000;0;Fri Jun 30 15:10:15 2023
0.003068;-0.429515;-0.000000;-0.429515;0.180133;0.000000;62.500000;85.500000;251.500000;84.500000;0.005291;0.000000;0.303149;1;-0.647483;0.751069;0.006899;-0.154390;0.006899;0.000000;0;Fri Jun 30 15:10:15 2023
0.000000;-0.214757;-0.003068;-0.214757;0.180089;0.000000;62.500000;84.500000;251.500000;85.500000;-0.005291;-0.741930;-0.303149;1;-0.462477;-1.254182;0.003624;-0.484095;0.000000;-0.483734;0;Fri Jun 30 15:10:15 2023
-0.003068;-0.214757;-0.006136;-0.214757;0.180002;0.000000;62.500000;85.500000;251.500000;84.500000;0.005291;0.741913;0.303149;1;-0.564879;0.174793;0.001903;0.206744;0.000000;0.000000;0;Fri Jun 30 15:10:15 2023
0.000000;0.214757;-0.003068;0.214757;0.179958;0.000000;62.500000;84.500000;251.500000;84.500000;0.000000;-0.370977;0.000000;1;0.112560;-0.519557;0.002256;0.099618;0.000000;0.000000;0;Fri Jun 30 15:10:15 2023
0.003068;0.214757;-0.000000;0.214757;0.179958;0.000000;62.500000;85.500000;251.500000;84.500000;0.005291;0.370977;0.303149;1;0.215050;-0.524622;0.002441;0.227485;0.000000;0.000000;0;Fri Jun 30 15:10:15 2023
0.006136;0.214757;0.003068;0.214757;0.180002;0.000000;62.500000;85.500000;251.500000;84.500000;0.005291;0.000000;0.303149;1;0.317496;-0.529731;0.003794;-0.133367;0.000000;0.000000;0;Fri Jun 30 15:10:15 2023
0.009204;0.214757;0.006136;0.214757;0.180089;0.000000;62.500000;86.500000;251.500000;84.500000;0.010582;0.370955;0.606282;1;0.419898;0.855959;0.005761;0.081923;0.005761;0.403916;0;Fri Jun 30 15:10:15 2023
0.012272;0.214757;0.006136;0.000000;0.180177;0.000000;62.500000;86.500000;251.500000;84.500000;0.010582;0.000000;0.606282;1;0.872030;0.091895;0.008050;0.176978;0.008050;0.000000;0;Fri Jun 30 15:10:15 2023
0.009204;-0.214757;0.006136;0.000000;0.180265;0.000000;62.500000;86.500000;251.500000;84.500000;0.010582;0.000000;0.606282;1;-0.499847;0.133952;0.009252;0.109074;0.009252;0.000000;0;Fri Jun 30 15:10:15 2023
0.003068;-0.429515;0.003068;-0.214757;0.180308;0.000000;61.500000;86.500000;251.500000;84.500000;0.010526;-0.003905;0.603091;1;-0.997388;0.505308;0.009870;-0.125496;0.009870;0.000000;0;Fri Jun 30 15:10:15 2023
0.003068;0.000000;-0.000000;-0.214757;0.180308;0.000000;62.500000;85.500000;251.500000;84.500000;0.005291;-0.367042;0.303149;1;0.271911;0.477722;0.008939;-0.243178;0.008939;0.000000;0;Fri Jun 30 15:10:15 2023
0.006136;0.214757;0.003068;0.214757;0.180352;0.000000;62.500000;86.500000;251.500000;84.500000;0.010582;0.370937;0.606282;1;0.317145;-0.233399;0.008463;0.147663;0.008463;0.000000;0;Fri Jun 30 15:10:15 2023
0.009204;0.214757;0.006136;0.214757;0.180440;0.000000;62.500000;86.500000;251.500000;84.500000;0.010582;0.000000;0.606282;1;0.419547;-0.203283;0.009469;0.123061;0.009469;0.000000;0;Fri Jun 30 15:10:15 2023
0.009204;0.000000;0.006136;0.000000;0.180528;0.000000;62.500000;86.500000;251.500000;84.500000;0.010582;0.000000;0.606282;1;0.132007;0.159817;0.009997;0.040752;0.009997;0.000000;0;Fri Jun 30 15:10:15 2023
0.006136;-0.214757;0.003068;-0.214757;0.180571;0.000000;62.500000;86.500000;251.500000;82.500000;0.021161;0.741736;1.212428;1;-0.257979;1.182844;0.012786;0.192647;0.012786;0.195544;0;Fri Jun 30 15:10:15 2023
0.006136;0.000000;0.003068;0.000000;0.180615;0.000000;63.500000;85.500000;250.500000;85.500000;0.000000;-1.483648;0.000000;1;0.029430;0.225855;0.011739;-0.441339;0.011739;0.000000;0;Fri Jun 30 15:10:15 2023
0.006136;0.000000;0.003068;0.000000;0.180659;0.000000;63.500000;85.500000;251.500000;84.500000;0.005319;0.372943;0.304762;1;0.029386;-0.814966;0.007428;-0.009439;0.007428;-0.302252;0;Fri Jun 30 15:10:15 2023
0.006136;0.000000;0.003068;0.000000;0.180703;0.000000;62.500000;86.500000;252.500000;84.500000;0.010526;0.365074;0.603091;1;0.029342;0.082871;0.007663;-0.046753;0.007663;0.000000;0;Fri Jun 30 15:10:15 2023
0.009204;0.214757;0.006136;0.214757;0.180791;0.000000;62.500000;86.500000;251.500000;84.500000;0.010582;0.003905;0.606282;1;0.419197;-0.218825;0.009035;0.187328;0.009035;0.000000;0;Fri Jun 30 15:10:15 2023
0.009204;0.000000;0.006136;0.000000;0.180878;0.000000;61.500000;86.500000;251.500000;84.500000;0.010526;-0.003905;0.603091;1;0.131657;0.151024;0.009756;0.216455;0.009756;0.000000;0;Fri Jun 30 15:10:15 2023
0.006136;-0.214757;0.003068;-0.214757;0.180922;0.000000;62.500000;86.500000;251.500000;84.500000;0.010582;0.003905;0.606282;1;-0.258330;0.513983;0.010135;-0.097327;0.010135;0.000000;0;Fri Jun 30 15:10:15 2023
0.006136;0.000000;0.003068;0.000000;0.180966;0.000000;63.500000;85.500000;251.500000;84.500000;0.005319;-0.368984;0.304762;1;0.029079;0.132912;0.009098;-0.330651;0.009098;0.000000;0;Fri Jun 30 15:10:15 2023
0.006136;0.000000;0.003068;0.000000;0.181010;0.000000;62.500000;86.500000;251.500000;84.500000;0.010582;0.368975;0.606282;1;0.029035;0.113770;0.008553;0.099793;0.008553;0.000000;0;Fri Jun 30 15:10:15 2023
0.006136;0.000000;0.003068;0.000000;0.181054;0.000000;62.500000;86.500000;251.500000;84.500000;0.010582;0.000000;0.606282;1;0.028991;0.147494;0.009516;0.188809;0.009516;0.000000;0;Fri Jun 30 15:10:15 2023
0.009204;0.214757;0.003068;0.000000;0.181097;0.000000;62.500000;86.500000;251.500000;85.500000;0.005291;-0.370957;0.303149;1;0.768619;0.121153;0.008766;-0.037981;0.008766;0.000000;0;Fri Jun 30 15:10:15 2023
0.009204;0.000000;0.003068;0.000000;0.181141;0.000000;62.500000;85.500000;251.500000;84.500000;0.005291;0.000000;0.303149;1;0.136459;0.063265;0.007116;-0.207472;0.007116;0.000000;0;Fri Jun 30 15:10:15 2023
0.006136;-0.214757;-0.000000;-0.214757;0.181141;0.000000;62.500000;85.500000;251.500000;84.500000;0.005291;0.000000;0.303149;1;-0.253484;0.382615;0.006250;-0.152625;0.006250;0.000000;0;Fri Jun 30 15:10:15 2023
0.003068;-0.214757;-0.003068;-0.214757;0.181097;0.000000;62.500000;85.500000;251.500000;84.500000;0.005291;0.000000;0.303149;1;-0.355930;0.371768;0.005794;0.135556;0.005794;0.000000;0;Fri Jun 30 15:10:15 2023
0.000000;-0.214757;-0.003068;0.000000;0.181054;0.000000;62.500000;84.500000;250.500000;84.500000;0.000000;-0.370965;0.000000;1;-0.808105;-0.025266;0.004299;0.006270;0.004299;0.000000;0;Fri Jun 30 15:10:15 2023
0.000000;0.000000;-0.003068;0.000000;0.181010;0.000000;62.500000;85.500000;251.500000;84.500000;0.005291;0.370971;0.303149;1;-0.175945;-1.063206;0.003514;-0.018827;0.000000;-0.301441;0;Fri Jun 30 15:10:15 2023
0.006136;0.429515;-0.000000;0.214757;0.181010;0.000000;62.500000;85.500000;251.500000;84.500000;0.005291;0.000000;0.303149;1;0.953670;0.526417;0.004358;-0.102395;0.004358;0.305538;0;Fri Jun 30 15:10:15 2023
0.009204;0.214757;0.003068;0.214757;0.181054;0.000000;62.500000;86.500000;251.500000;84.500000;0.010582;0.370950;0.606282;1;0.423999;-0.318446;0.006057;0.278811;0.006057;0.000000;0;Fri Jun 30 15:10:15 2023
0.009204;0.000000;0.003068;0.000000;0.181097;0.000000;62.500000;87.500000;251.500000;84.500000;0.015872;0.370914;0.909380;1;0.136503;0.848074;0.009461;0.323464;0.009461;0.238689;0;Fri Jun 30 15:10:15 2023
0.006136;-0.214757;0.003068;0.000000;0.181141;0.000000;61.500000;86.500000;251.500000;84.500000;0.010526;-0.374813;0.603091;1;-0.603213;0.207691;0.011236;-0.107273;0.011236;0.000000;0;Fri Jun 30 15:10:15 2023
0.006136;0.000000;-0.000000;-0.214757;0.181141;0.000000;62.500000;86.500000;251.500000;84.500000;0.010582;0.003905;0.606282;1;0.378633;0.546068;0.010912;-0.179994;0.010912;0.000000;0;Fri Jun 30 15:10:15 2023
0.006136;0.000000;-0.000000;0.000000;0.181141;0.000000;62.500000;85.500000;251.500000;84.500000;0.005291;-0.370955;0.303149;1;0.033969;0.151873;0.009499;-0.226814;0.009499;0.000000;0;Fri Jun 30 15:10:15 2023
0.006136;0.000000;-0.000000;0.000000;0.181141;0.000000;61.500000;86.500000;252.500000;84.500000;0.010471;0.363183;0.599934;1;0.033969;0.124938;0.008731;0.186858;0.008731;0.000000;0;Fri Jun 30 15:10:15 2023
0.006136;0.000000;-0.000000;0.000000;0.181141;0.000000;62.500000;85.500000;251.500000;84.500000;0.005291;-0.363189;0.303149;1;0.033969;0.110791;0.008327;-0.023471;0.008327;0.000000;0;Fri Jun 30 15:10:15 2023
0.006136;0.000000;-0.000000;0.000000;0.181141;0.000000;61.500000;86.500000;251.500000;84.500000;0.010526;0.367044;0.603091;1;0.033969;0.103820;0.008128;0.073196;0.008128;0.000000;0;Fri Jun 30 15:10:15 2023
0.006136;0.000000;-0.000000;0.000000;0.181141;0.000000;62.500000;86.500000;250.500000;83.500000;0.015956;0.380721;0.914217;1;0.033969;0.188921;0.010556;0.090255;0.010556;0.000000;0;Fri Jun 30 15:10:15 2023
0.009204;0.214757;0.003068;0.214757;0.181185;0.000000;62.500000;85.500000;251.500000;84.500000;0.005291;-0.747759;0.303149;1;0.423868;-0.159726;0.010588;-0.123484;0.010588;0.000000;0;Fri Jun 30 15:10:15 2023
0.009204;0.000000;0.003068;0.000000;0.181229;0.000000;61.500000;86.500000;251.500000;83.500000;0.015788;0.735981;0.904595;1;0.136371;0.184088;0.010565;0.224171;0.010565;0.000000;0;Fri Jun 30 15:10:15 2023
0.006136;-0.214757;-0.000000;-0.214757;0.181229;0.000000;62.500000;86.500000;250.500000;84.500000;0.010638;-0.361101;0.609507;1;-0.253571;0.577895;0.011822;-0.188544;0.011822;0.000000;0;Fri Jun 30 15:10:15 2023
0.006136;0.000000;-0.000000;0.000000;0.181229;0.000000;62.500000;85.500000;251.500000;83.500000;0.010582;-0.003946;0.606282;1;0.033881;0.213048;0.011247;0.022756;0.011247;0.000000;0;Fri Jun 30 15:10:15 2023
0.006136;0.000000;-0.000000;0.000000;0.181229;0.000000;62.500000;85.500000;251.500000;83.500000;0.010582;0.000000;0.606282;1;0.033881;0.201979;0.010931;0.019082;0.010931;0.000000;0;Fri Jun 30 15:10:15 2023
0.009204;0.214757;-0.000000;0.000000;0.181229;0.000000;62.500000;85.500000;250.500000;83.500000;0.010638;0.003946;0.609507;1;0.773553;0.196635;0.010778;-0.015224;0.010778;0.000000;0;Fri Jun 30 15:10:15 2023
0.009204;0.000000;-0.000000;0.000000;0.181229;0.000000;62.500000;85.500000;251.500000;83.500000;0.010582;-0.003946;0.606282;1;0.141436;0.193828;0.010698;-0.026406;0.010698;0.000000;0;Fri Jun 30 15:10:15 2023
0.006136;-0.214757;-0.003068;-0.214757;0.181185;0.000000;62.500000;85.500000;251.500000;83.500000;0.010582;0.000000;0.606282;1;-0.248462;0.541658;0.010643;0.008399;0.010643;0.000000;0;Fri Jun 30 15:10:15 2023
0.003068;-0.214757;-0.006136;-0.214757;0.181097;0.000000;61.500000;85.500000;250.500000;84.500000;0.005291;-0.370863;0.303149;1;-0.350865;0.501758;0.009358;-0.109991;0.009358;0.000000;0;Fri Jun 30 15:10:15 2023
0.003068;0.000000;-0.006136;0.000000;0.181010;0.000000;62.500000;85.500000;251.500000;84.500000;0.005291;0.000000;0.303149;1;-0.063324;0.089488;0.007427;-0.076717;0.007427;0.000000;0;Fri Jun 30 15:10:15 2023
0.003068;0.000000;-0.006136;0.000000;0.180922;0.000000;62.500000;84.500000;251.500000;83.500000;0.005291;0.000000;0.303149;1;-0.063237;0.054023;0.006413;-0.079393;0.006413;0.000000;0;Fri Jun 30 15:10:15 2023
0.003068;0.000000;-0.006136;0.000000;0.180834;0.000000;62.500000;85.500000;251.500000;84.500000;0.005291;0.000000;0.303149;1;-0.063149;0.035438;0.005880;0.042486;0.005880;0.000000;0;Fri Jun 30 15:10:15 2023
0.003068;0.000000;-0.006136;0.000000;0.180747;0.000000;62.500000;84.500000;250.500000;83.500000;0.005319;0.001973;0.304762;1;-0.063061;0.025953;0.005607;0.078685;0.005607;0.000000;0;Fri Jun 30 15:10:15 2023
0.006136;0.214757;-0.006136;0.000000;0.180659;0.000000;62.500000;84.500000;251.500000;83.500000;0.005291;-0.001973;0.303149;1;0.676698;0.021013;0.005464;-0.016428;0.005464;0.000000;0;Fri Jun 30 15:10:15 2023
0.006136;0.000000;-0.006136;0.000000;0.180571;0.000000;63.500000;84.500000;251.500000;84.500000;0.000000;-0.370959;0.000000;1;0.044669;-0.025808;0.004126;-0.211123;0.004126;0.000000;0;Fri Jun 30 15:10:15 2023
0.003068;-0.214757;-0.006136;0.000000;0.180484;0.000000;62.500000;84.500000;251.500000;83.500000;0.005291;0.370959;0.303149;1;-0.694915;-1.021739;0.003423;0.059048;0.000000;-0.289253;0;Fri Jun 30 15:10:15 2023
0.000000;-0.214757;-0.009204;-0.214757;0.180352;0.000000;63.500000;83.500000;251.500000;83.500000;0.000000;-0.370964;0.000000;1;-0.452609;0.179507;0.003054;-0.046906;0.000000;0.000000;0;Fri Jun 30 15:10:15 2023
0.000000;0.000000;-0.009204;0.000000;0.180221;0.000000;63.500000;83.500000;251.500000;83.500000;0.000000;0.000000;0.000000;1;-0.165025;-0.165025;0.001604;0.038979;0.000000;0.000000;0;Fri Jun 30 15:10:15 2023
0.006136;0.429515;-0.006136;0.214757;0.180133;0.000000;62.500000;84.500000;251.500000;83.500000;0.005291;0.370948;0.303149;1;0.964677;-0.514667;0.002098;0.031832;0.000000;0.000000;0;Fri Jun 30 15:10:15 2023
0.009204;0.214757;-0.003068;0.214757;0.180089;0.000000;62.500000;85.500000;251.500000;83.500000;0.010582;0.370945;0.606282;1;0.435094;0.656125;0.004870;0.160670;0.004870;0.341467;0;Fri Jun 30 15:10:15 2023
0.006136;-0.214757;-0.003068;0.000000;0.180046;0.000000;62.500000;85.500000;251.500000;83.500000;0.010582;0.000000;0.606282;1;-0.591987;0.650456;0.007582;0.206086;0.007582;0.190131;0;Fri Jun 30 15:10:15 2023
0.003068;-0.214757;-0.006136;-0.214757;0.179958;0.000000;62.500000;85.500000;250.500000;84.500000;0.005319;-0.368970;0.304762;1;-0.349725;0.446774;0.007757;-0.076713;0.007757;0.000000;0;Fri Jun 30 15:10:15 2023
0.003068;0.000000;-0.006136;0.000000;0.179870;0.000000;62.500000;84.500000;251.500000;84.500000;0.000000;-0.372936;0.000000;1;-0.062185;0.017351;0.005337;-0.370913;0.005337;0.000000;0;Fri Jun 30 15:10:15 2023
0.003068;0.000000;-0.006136;0.000000;0.179783;0.000000;63.500000;84.500000;251.500000;83.500000;0.005319;0.372938;0.304762;1;-0.062097;-0.027123;0.004066;-0.066566;0.004066;0.000000;0;Fri Jun 30 15:10:16 2023
0.003068;0.000000;-0.003068;0.214757;0.179739;0.000000;63.500000;84.500000;251.500000;83.500000;0.005319;0.000000;0.304762;1;-0.411782;-0.355943;0.004661;0.189913;0.004661;0.000000;0;Fri Jun 30 15:10:16 2023
0.006136;0.214757;-0.003068;0.000000;0.179695;0.000000;62.500000;85.500000;251.500000;83.500000;0.010582;0.368970;0.606282;1;0.672597;0.043521;0.006223;0.371125;0.006223;0.000000;0;Fri Jun 30 15:10:16 2023
0.006136;0.000000;-0.000000;0.214757;0.179695;0.000000;62.500000;85.500000;251.500000;84.500000;0.005291;-0.370945;0.303149;1;-0.309249;-0.277684;0.007036;-0.174938;0.007036;0.000000;0;Fri Jun 30 15:10:16 2023
0.006136;0.000000;-0.000000;0.000000;0.179695;0.000000;62.500000;86.500000;251.500000;83.500000;0.015872;0.741823;0.909380;1;0.035415;0.125988;0.008719;0.044393;0.008719;0.000000;0;Fri Jun 30 15:10:16 2023
0.006136;0.000000;-0.000000;0.000000;0.179695;0.000000;62.500000;85.500000;251.500000;84.500000;0.005291;-0.741828;0.303149;1;0.035415;0.156979;0.009603;-0.165048;0.009603;0.000000;0;Fri Jun 30 15:10:16 2023
0.006136;0.000000;-0.000000;0.000000;0.179695;0.000000;62.500000;86.500000;252.500000;84.500000;0.010526;0.367033;0.603091;1;0.035415;0.128765;0.008799;0.260323;0.008799;0.000000;0;Fri Jun 30 15:10:16 2023
0.006136;0.000000;-0.000000;0.000000;0.179695;0.000000;62.500000;84.500000;250.500000;84.500000;0.000000;-0.737987;0.000000;1;0.035415;0.069912;0.007120;-0.342857;0.007120;0.000000;0;Fri Jun 30 15:10:16 2023
0.006136;0.000000;0.003068;0.000000;0.179783;0.000000;62.500000;86.500000;251.500000;83.500000;0.015872;1.112803;0.909380;1;0.030262;0.078340;0.007507;0.183815;0.007507;0.000000;0;Fri Jun 30 15:10:16 2023
0.006136;0.000000;0.003068;0.000000;0.179826;0.000000;63.500000;85.500000;251.500000;82.500000;0.015956;0.005915;0.914217;1;0.030219;1.041439;0.011499;0.180190;0.011499;0.279681;0;Fri Jun 30 15:10:16 2023
0.006136;0.000000;0.003068;0.000000;0.179826;0.000000;62.500000;86.500000;250.500000;84.500000;0.010638;-0.372686;0.609507;1;0.030219;0.248158;0.012353;0.183949;0.012353;0.000000;0;Fri Jun 30 15:10:16 2023
0.006136;0.000000;0.003068;0.000000;0.179870;0.000000;61.500000;86.500000;251.500000;84.500000;0.010526;-0.007851;0.603091;1;0.030175;0.218642;0.011512;-0.163481;0.011512;0.000000;0;Fri Jun 30 15:10:16 2023
0.006136;0.000000;0.003068;0.000000;0.179914;0.000000;62.500000;86.500000;250.500000;84.500000;0.010638;0.007851;0.609507;1;0.030131;0.203118;0.011070;-0.319948;0.011070;0.000000;0;Fri Jun 30 15:10:16 2023
0.006136;0.000000;0.003068;0.000000;0.179958;0.000000;61.500000;86.500000;251.500000;84.500000;0.010526;-0.007851;0.603091;1;0.030087;0.194945;0.010838;0.069806;0.010838;0.000000;0;Fri Jun 30 15:10:16 2023
0.006136;0.000000;0.003068;0.000000;0.180002;0.000000;62.500000;85.500000;251.500000;84.500000;0.005291;-0.367069;0.303149;1;0.030043;0.146131;0.009447;0.132910;0.009447;0.000000;0;Fri Jun 30 15:10:16 2023
0.006136;0.000000;0.003068;0.000000;0.180046;0.000000;62.500000;86.500000;251.500000;84.500000;0.010582;0.370971;0.606282;1;0.029999;0.120936;0.008730;0.047974;0.008730;0.000000;0;Fri Jun 30 15:10:16 2023
0.006136;0.000000;0.003068;0.000000;0.180089;0.000000;61.500000;86.500000;251.500000;84.500000;0.010526;-0.003905;0.603091;1;0.029956;0.151252;0.009596;-0.194865;0.009596;0.000000;0;Fri Jun 30 15:10:16 2023
0.006136;0.000000;0.003068;0.000000;0.180133;0.000000;62.500000;85.500000;252.500000;84.500000;0.005263;-0.369015;0.301554;1;0.029912;0.122889;0.008788;-0.061470;0.008788;0.000000;0;Fri Jun 30 15:10:16 2023
0.006136;0.000000;0.003068;0.000000;0.180177;0.000000;61.500000;86.500000;250.500000;84.500000;0.010582;0.372913;0.606282;1;0.029868;0.108435;0.008377;0.239379;0.008377;0.000000;0;Fri Jun 30 15:10:16 2023
0.006136;0.000000;0.003068;0.000000;0.180221;0.000000;63.500000;85.500000;250.500000;84.500000;0.005348;-0.367001;0.306392;1;0.029824;0.101526;0.008181;-0.145435;0.008181;0.000000;0;Fri Jun 30 15:10:16 2023
0.006136;0.000000;0.003068;0.000000;0.180265;0.000000;62.500000;86.500000;251.500000;84.500000;0.010582;0.367003;0.606282;1;0.029780;0.097877;0.008078;0.004188;0.008078;0.000000;0;Fri Jun 30 15:10:16 2023
0.006136;0.000000;0.003068;0.000000;0.180308;0.000000;63.500000;85.500000;252.500000;84.500000;0.005291;-0.370963;0.303149;1;0.029736;0.095468;0.008011;-0.105256;0.008011;0.000000;0;Fri Jun 30 15:10:16 2023
0.006136;0.000000;0.003068;0.000000;0.180352;0.000000;61.500000;86.500000;251.500000;84.500000;0.010526;0.367067;0.603091;1;0.029693;0.093719;0.007962;0.218205;0.007962;0.000000;0;Fri Jun 30 15:10:16 2023
0.006136;0.000000;0.003068;0.000000;0.180396;0.000000;62.500000;86.500000;250.500000;84.500000;0.010638;0.007851;0.609507;1;0.029649;0.137280;0.009206;0.022747;0.009206;0.000000;0;Fri Jun 30 15:10:16 2023
0.006136;0.000000;0.003068;0.000000;0.180440;0.000000;62.500000;86.500000;251.500000;84.500000;0.010582;-0.003946;0.606282;1;0.029605;0.160601;0.009873;-0.040461;0.009873;0.000000;0;Fri Jun 30 15:10:16 2023
0.006136;0.000000;0.003068;0.000000;0.180484;0.000000;63.500000;85.500000;251.500000;84.500000;0.005319;-0.368999;0.304762;1;0.029561;0.128562;0.008960;-0.149392;0.008960;0.000000;0;Fri Jun 30 15:10:16 2023
0.009204;0.214757;0.003068;0.000000;0.180528;0.000000;61.500000;86.500000;250.500000;83.500000;0.015872;0.739926;0.909380;1;0.769189;0.155742;0.009736;0.245723;0.009736;0.000000;0;Fri Jun 30 15:10:16 2023
0.009204;0.000000;0.003068;0.000000;0.180571;0.000000;62.500000;86.500000;251.500000;84.500000;0.010582;-0.370931;0.606282;1;0.137029;0.213794;0.011394;-0.029994;0.011394;0.000000;0;Fri Jun 30 15:10:16 2023
0.003068;-0.429515;-0.000000;-0.214757;0.180571;0.000000;62.500000;85.500000;251.500000;84.500000;0.005291;-0.370974;0.303149;1;-0.992586;0.505975;0.009752;-0.120242;0.009752;0.000000;0;Fri Jun 30 15:10:16 2023
0.000000;-0.214757;-0.003068;-0.214757;0.180528;0.000000;61.500000;84.500000;251.500000;84.500000;0.000000;-0.370993;0.000000;1;-0.462915;-0.303596;0.006378;-0.316020;0.006378;-0.236593;0;Fri Jun 30 15:10:16 2023
0.003068;0.214757;-0.003068;0.000000;0.180484;0.000000;61.500000;85.500000;251.500000;84.500000;0.005263;0.369033;0.301554;1;0.564253;-0.014185;0.004599;-0.001215;0.004599;0.000000;0;Fri Jun 30 15:10:16 2023
0.009204;0.429515;0.003068;0.429515;0.180528;0.000000;62.500000;86.500000;250.500000;84.500000;0.010638;0.376859;0.609507;1;0.711978;-0.657903;0.006190;0.278915;0.006190;0.000000;0;Fri Jun 30 15:10:16 2023
0.009204;0.000000;0.003068;0.000000;0.180571;0.000000;62.500000;86.500000;251.500000;84.500000;0.010582;-0.003946;0.606282;1;0.137029;0.104944;0.008289;0.222208;0.008289;0.000000;0;Fri Jun 30 15:10:16 2023
0.009204;0.000000;0.003068;0.000000;0.180615;0.000000;61.500000;86.500000;251.500000;84.500000;0.010526;-0.003905;0.603091;1;0.136985;0.142603;0.009364;-0.018372;0.009364;0.000000;0;Fri Jun 30 15:10:16 2023
0.006136;-0.214757;0.003068;0.000000;0.180659;0.000000;61.500000;86.500000;251.500000;84.500000;0.010526;0.000000;0.603091;1;-0.602731;0.161897;0.009916;-0.154572;0.009916;0.000000;0;Fri Jun 30 15:10:16 2023
0.006136;0.000000;-0.000000;-0.214757;0.180659;0.000000;62.500000;85.500000;251.500000;84.500000;0.005291;-0.367064;0.303149;1;0.379115;0.478214;0.008963;-0.165764;0.008963;0.000000;0;Fri Jun 30 15:10:16 2023
0.009204;0.214757;0.003068;0.214757;0.180703;0.000000;63.500000;85.500000;250.500000;84.500000;0.005348;0.003968;0.306392;1;0.424350;-0.276869;0.007233;0.018347;0.007233;0.000000;0;Fri Jun 30 15:10:16 2023
0.009204;0.000000;0.003068;0.000000;0.180747;0.000000;62.500000;86.500000;250.500000;84.500000;0.010638;0.370954;0.609507;1;0.136853;0.080401;0.007594;0.142196;0.007594;0.000000;0;Fri Jun 30 15:10:16 2023
0.009204;0.000000;0.003068;0.000000;0.180791;0.000000;61.500000;86.500000;251.500000;84.500000;0.010526;-0.007851;0.603091;1;0.136809;0.130098;0.009012;0.081604;0.009012;0.000000;0;Fri Jun 30 15:10:16 2023
0.009204;0.000000;-0.000000;-0.214757;0.180791;0.000000;62.500000;86.500000;251.500000;83.500000;0.015872;0.374838;0.909380;1;0.486539;0.549511;0.011000;0.174720;0.011000;0.000000;0;Fri Jun 30 15:10:16 2023
0.009204;0.000000;-0.000000;0.000000;0.180791;0.000000;62.500000;85.500000;251.500000;83.500000;0.010582;-0.370930;0.606282;1;0.141875;0.241908;0.012057;-0.141866;0.012057;0.000000;0;Fri Jun 30 15:10:16 2023
0.009204;0.000000;-0.000000;0.000000;0.180791;0.000000;62.500000;85.500000;251.500000;82.500000;0.015872;0.370935;0.909380;1;0.141875;0.261372;0.012612;0.081858;0.012612;0.000000;0;Fri Jun 30 15:10:16 2023
0.006136;-0.214757;-0.003068;-0.214757;0.180747;0.000000;62.500000;85.500000;251.500000;83.500000;0.010582;-0.370934;0.606282;1;-0.248024;0.621368;0.012904;-0.083484;0.012904;0.000000;0;Fri Jun 30 15:10:16 2023
0.006136;0.000000;-0.003068;0.000000;0.180703;0.000000;62.500000;85.500000;250.500000;83.500000;0.010638;0.003946;0.609507;1;0.039472;0.238558;0.011815;0.002103;0.011815;0.000000;0;Fri Jun 30 15:10:16 2023
0.009204;0.214757;-0.003068;0.000000;0.180659;0.000000;62.500000;84.500000;251.500000;83.500000;0.005291;-0.374920;0.303149;1;0.779188;0.174512;0.009987;-0.237641;0.009987;0.000000;0;Fri Jun 30 15:10:16 2023
0.009204;0.000000;-0.003068;0.000000;0.180615;0.000000;64.500000;86.500000;251.500000;83.500000;0.016041;0.753786;0.919105;1;0.147115;0.185867;0.010309;0.197918;0.010309;0.000000;0;Fri Jun 30 15:10:16 2023
0.009204;0.000000;-0.003068;0.000000;0.180571;0.000000;62.500000;85.500000;251.500000;82.500000;0.015872;-0.011900;0.909380;1;0.147159;0.833286;0.012991;0.195932;0.012991;0.188005;0;Fri Jun 30 15:10:16 2023
0.006136;-0.214757;-0.006136;-0.214757;0.180484;0.000000;62.500000;85.500000;251.500000;82.500000;0.015872;0.000000;0.909380;1;-0.242696;0.677685;0.014359;0.157357;0.014359;0.000000;0;Fri Jun 30 15:10:16 2023
0.006136;0.000000;-0.009204;-0.214757;0.180352;0.000000;62.500000;84.500000;251.500000;82.500000;0.010582;-0.370923;0.606282;1;0.394617;0.664041;0.013821;-0.285218;0.013821;0.000000;0;Fri Jun 30 15:10:16 2023
0.006136;0.000000;-0.009204;0.000000;0.180221;0.000000;62.500000;84.500000;251.500000;82.500000;0.010582;0.000000;0.606282;1;0.050085;0.265586;0.012283;-0.212029;0.012283;0.000000;0;Fri Jun 30 15:10:16 2023
0.006136;0.000000;-0.012272;-0.214757;0.180046;0.000000;62.500000;83.500000;251.500000;82.500000;0.005291;-0.370965;0.303149;1;0.399989;0.543138;0.010219;-0.078017;0.010219;0.000000;0;Fri Jun 30 15:10:16 2023
0.003068;-0.214757;-0.012272;0.000000;0.179870;0.000000;62.500000;84.500000;251.500000;82.500000;0.010582;0.370970;0.606282;1;-0.684171;0.160650;0.009135;0.224600;0.009135;0.000000;0;Fri Jun 30 15:10:16 2023
0.003068;0.000000;-0.015340;-0.214757;0.179651;0.000000;62.500000;83.500000;251.500000;82.500000;0.005291;-0.370969;0.303149;1;0.297894;0.490641;0.008566;-0.151178;0.008566;0.000000;0;Fri Jun 30 15:10:16 2023
0.003068;0.000000;-0.015340;0.000000;0.179432;0.000000;61.500000;83.500000;251.500000;82.500000;0.005263;-0.001953;0.301554;1;-0.046551;0.091451;0.007004;-0.099022;0.007004;0.000000;0;Fri Jun 30 15:10:16 2023
0.006136;0.214757;-0.015340;0.000000;0.179213;0.000000;63.500000;82.500000;251.500000;82.500000;0.000000;-0.369037;0.000000;1;0.693340;0.018883;0.004928;-0.156539;0.004928;0.000000;0;Fri Jun 30 15:10:16 2023
0.006136;0.000000;-0.015340;0.000000;0.178994;0.000000;61.500000;83.500000;251.500000;81.500000;0.010526;0.738063;0.603091;1;0.061443;0.024674;0.005087;0.260527;0.005087;0.000000;0;Fri Jun 30 15:10:16 2023
0.006136;0.000000;-0.018408;-0.214757;0.178731;0.000000;63.500000;82.500000;251.500000;82.500000;0.000000;-0.738065;0.000000;1;0.411435;0.377593;0.005171;-0.173819;0.005171;0.000000;0;Fri Jun 30 15:10:16 2023
0.003068;-0.214757;-0.018408;0.000000;0.178468;0.000000;63.500000;82.500000;251.500000;81.500000;0.005319;0.372962;0.304762;1;-0.672638;-1.215207;0.003978;0.098995;0.000000;-0.362550;0;Fri Jun 30 15:10:16 2023
0.000000;-0.214757;-0.024544;-0.429515;0.178117;0.000000;63.500000;81.500000;251.500000;81.500000;0.000000;-0.372971;0.000000;1;-0.080384;0.551733;0.003352;-0.189963;0.000000;0.000000;0;Fri Jun 30 15:10:16 2023
0.000000;0.000000;-0.024544;0.000000;0.177766;0.000000;62.500000;81.500000;251.500000;81.500000;0.000000;0.000000;0.000000;1;-0.137245;-0.137245;0.001761;-0.032387;0.000000;0.000000;0;Fri Jun 30 15:10:16 2023
0.000000;0.000000;-0.024544;0.000000;0.177416;0.000000;63.500000;81.500000;251.500000;81.500000;0.000000;0.000000;0.000000;1;-0.136894;-0.136894;0.000925;-0.028533;0.000000;0.000000;0;Fri Jun 30 15:10:16 2023
0.003068;0.214757;-0.021476;0.214757;0.177109;0.000000;62.500000;81.500000;250.500000;81.500000;0.000000;0.000000;0.000000;1;0.253355;-0.486317;0.000486;0.030553;0.000000;0.000000;0;Fri Jun 30 15:10:16 2023
0.003068;0.000000;-0.021476;0.000000;0.176802;0.000000;63.500000;81.500000;250.500000;81.500000;0.000000;0.000000;0.000000;1;-0.033791;-0.141346;0.000255;0.054610;0.000000;0.000000;0;Fri Jun 30 15:10:16 2023
0.003068;0.000000;-0.024544;-0.214757;0.176452;0.000000;63.500000;81.500000;250.500000;81.500000;0.000000;0.000000;0.000000;1;0.316289;0.208734;0.000134;-0.024248;0.000000;0.000000;0;Fri Jun 30 15:10:16 2023
0.003068;0.000000;-0.024544;0.000000;0.176101;0.000000;62.500000;82.500000;251.500000;81.500000;0.005291;0.370966;0.303149;1;-0.028024;-0.135579;0.001326;0.064992;0.000000;0.000000;0;Fri Jun 30 15:10:16 2023
0.000000;-0.214757;-0.024544;0.000000;0.175750;0.000000;62.500000;82.500000;251.500000;81.500000;0.005291;0.000000;0.303149;1;-0.767345;-0.135229;0.003209;0.091448;0.000000;0.000000;0;Fri Jun 30 15:10:16 2023
0.000000;0.000000;-0.024544;0.000000;0.175400;0.000000;62.500000;82.500000;251.500000;81.500000;0.005291;0.000000;0.303149;1;-0.134878;0.878564;0.004197;0.135596;0.004197;0.294317;0;Fri Jun 30 15:10:16 2023
0.003068;0.214757;-0.021476;0.214757;0.175093;0.000000;61.500000;82.500000;251.500000;81.500000;0.005263;-0.001952;0.301554;1;0.255371;-0.319179;0.004710;-0.055665;0.004710;0.000000;0;Fri Jun 30 15:10:16 2023
0.006136;0.214757;-0.018408;0.214757;0.174830;0.000000;62.500000;82.500000;251.500000;81.500000;0.005291;0.001953;0.303149;1;0.358124;-0.314543;0.004979;-0.141920;0.004979;0.000000;0;Fri Jun 30 15:10:16 2023
0.009204;0.214757;-0.015340;0.214757;0.174611;0.000000;61.500000;83.500000;251.500000;81.500000;0.010526;0.367067;0.603091;1;0.460833;-0.270632;0.006370;0.163360;0.006370;0.000000;0;Fri Jun 30 15:10:16 2023
0.009204;0.000000;-0.015340;0.000000;0.174392;0.000000;62.500000;83.500000;251.500000;81.500000;0.010582;0.003905;0.606282;1;0.173600;0.143891;0.008356;0.219065;0.008356;0.000000;0;Fri Jun 30 15:10:17 2023
0.009204;0.000000;-0.015340;0.000000;0.174173;0.000000;62.500000;83.500000;251.500000;81.500000;0.010582;0.000000;0.606282;1;0.173819;0.181149;0.009413;0.044779;0.009413;0.000000;0;Fri Jun 30 15:10:17 2023
0.006136;-0.214757;-0.018408;-0.214757;0.173910;0.000000;61.500000;83.500000;251.500000;81.500000;0.010526;-0.003905;0.603091;1;-0.215861;0.550130;0.009955;-0.187462;0.009955;0.000000;0;Fri Jun 30 15:10:17 2023
0.006136;0.000000;-0.018408;0.000000;0.173647;0.000000;62.500000;83.500000;251.500000;81.500000;0.010582;0.003905;0.606282;1;0.071855;0.215702;0.010239;-0.057627;0.010239;0.000000;0;Fri Jun 30 15:10:17 2023
0.003068;-0.214757;-0.018408;0.000000;0.173384;0.000000;62.500000;82.500000;250.500000;81.500000;0.005319;-0.368993;0.304762;1;-0.667554;0.177868;0.009152;0.022615;0.009152;0.000000;0;Fri Jun 30 15:10:17 2023
0.006136;0.214757;-0.018408;0.000000;0.173121;0.000000;62.500000;82.500000;251.500000;81.500000;0.005291;-0.001973;0.303149;1;0.704497;0.114090;0.007326;-0.011169;0.007326;0.000000;0;Fri Jun 30 15:10:17 2023
0.009204;0.214757;-0.015340;0.214757;0.172902;0.000000;62.500000;83.500000;251.500000;81.500000;0.010582;0.370959;0.606282;1;0.462542;-0.225256;0.007616;-0.050149;0.007616;0.000000;0;Fri Jun 30 15:10:17 2023
0.009204;0.000000;-0.015340;0.000000;0.172682;0.000000;62.500000;83.500000;251.500000;81.500000;0.010582;0.000000;0.606282;1;0.175309;0.168998;0.009024;0.058099;0.009024;0.000000;0;Fri Jun 30 15:10:17 2023
0.006136;-0.214757;-0.015340;0.000000;0.172463;0.000000;62.500000;84.500000;251.500000;81.500000;0.015872;0.370926;0.909380;1;-0.564144;0.239173;0.011019;0.358494;0.011019;0.000000;0;Fri Jun 30 15:10:17 2023
0.006136;0.000000;-0.015340;0.000000;0.172244;0.000000;61.500000;83.500000;251.500000;81.500000;0.010526;-0.374833;0.603091;1;0.068192;0.275670;0.012054;-0.077258;0.012054;0.000000;0;Fri Jun 30 15:10:17 2023
0.006136;0.000000;-0.015340;0.000000;0.172025;0.000000;63.500000;82.500000;251.500000;81.500000;0.005319;-0.365095;0.304762;1;0.068411;0.207117;0.010092;-0.365624;0.010092;0.000000;0;Fri Jun 30 15:10:17 2023
0.009204;0.214757;-0.015340;0.000000;0.171806;0.000000;62.500000;83.500000;251.500000;81.500000;0.010582;0.368998;0.606282;1;0.808302;0.171680;0.009075;-0.051729;0.009075;0.000000;0;Fri Jun 30 15:10:17 2023
0.009204;0.000000;-0.012272;0.214757;0.171631;0.000000;62.500000;84.500000;251.500000;81.500000;0.015872;0.370931;0.909380;1;-0.173369;-0.108774;0.011046;0.350099;0.011046;0.000000;0;Fri Jun 30 15:10:17 2023
0.009204;0.000000;-0.015340;-0.214757;0.171411;0.000000;62.500000;84.500000;250.500000;81.500000;0.015956;0.005919;0.914217;1;0.521244;0.666859;0.013357;0.285628;0.013357;0.000000;0;Fri Jun 30 15:10:17 2023
0.006136;-0.214757;-0.015340;0.000000;0.171192;0.000000;61.500000;83.500000;251.500000;82.500000;0.005263;-0.749774;0.301554;1;-0.562873;0.276674;0.012053;-0.383524;0.012053;0.000000;0;Fri Jun 30 15:10:17 2023
0.003068;-0.214757;-0.018408;-0.214757;0.170929;0.000000;62.500000;82.500000;251.500000;81.500000;0.005291;0.001953;0.303149;1;-0.320436;-0.150091;0.008836;-0.376156;0.008836;-0.225580;0;Fri Jun 30 15:10:17 2023
0.003068;0.000000;-0.018408;0.000000;0.170666;0.000000;62.500000;83.500000;251.500000;81.500000;0.010582;0.370978;0.606282;1;-0.032720;0.154511;0.008409;0.108853;0.008409;0.000000;0;Fri Jun 30 15:10:17 2023
0.003068;0.000000;-0.018408;0.000000;0.170403;0.000000;62.500000;83.500000;251.500000;81.500000;0.010582;0.000000;0.606282;1;-0.032457;0.190944;0.009440;0.345850;0.009440;0.000000;0;Fri Jun 30 15:10:17 2023
0.003068;0.000000;-0.018408;0.000000;0.170140;0.000000;62.500000;83.500000;252.500000;81.500000;0.010526;-0.003905;0.603091;1;-0.032194;0.209739;0.009969;0.089252;0.009969;0.000000;0;Fri Jun 30 15:10:17 2023
0.003068;0.000000;-0.018408;0.000000;0.169877;0.000000;62.500000;83.500000;251.500000;81.500000;0.010582;0.003905;0.606282;1;-0.031931;0.219736;0.010247;-0.234246;0.010247;0.000000;0;Fri Jun 30 15:10:17 2023
0.006136;0.214757;-0.015340;0.214757;0.169658;0.000000;63.500000;82.500000;251.500000;82.500000;0.000000;-0.741947;0.000000;1;0.358231;-0.212266;0.007894;-0.358889;0.007894;0.000000;0;Fri Jun 30 15:10:17 2023
0.006136;0.000000;-0.015340;0.000000;0.169439;0.000000;62.500000;83.500000;251.500000;82.500000;0.005291;0.370988;0.303149;1;0.070997;0.045261;0.005402;0.141081;0.005402;0.000000;0;Fri Jun 30 15:10:17 2023
0.003068;-0.214757;-0.015340;0.000000;0.169220;0.000000;63.500000;82.500000;250.500000;82.500000;0.000000;-0.370984;0.000000;1;-0.668456;-0.000400;0.004093;-0.100905;0.004093;0.000000;0;Fri Jun 30 15:10:17 2023
0.003068;0.000000;-0.015340;0.000000;0.169001;0.000000;62.500000;83.500000;252.500000;82.500000;0.005263;0.369035;0.301554;1;-0.036120;-0.988421;0.003399;0.111668;0.000000;-0.286997;0;Fri Jun 30 15:10:17 2023
0.006136;0.214757;-0.012272;0.214757;0.168826;0.000000;63.500000;82.500000;250.500000;81.500000;0.005348;0.005920;0.306392;1;0.353998;0.545998;0.004304;0.042202;0.004304;0.301805;0;Fri Jun 30 15:10:17 2023
0.009204;0.214757;-0.009204;0.214757;0.168694;0.000000;63.500000;83.500000;251.500000;82.500000;0.005319;-0.001994;0.304762;1;0.456619;-0.330138;0.004793;0.051778;0.004793;0.000000;0;Fri Jun 30 15:10:17 2023
0.009204;0.000000;-0.009204;0.000000;0.168563;0.000000;62.500000;84.500000;250.500000;82.500000;0.010638;0.372952;0.609507;1;0.169298;0.067684;0.006305;0.086932;0.006305;0.000000;0;Fri Jun 30 15:10:17 2023
0.009204;0.000000;-0.009204;0.000000;0.168431;0.000000;63.500000;83.500000;251.500000;82.500000;0.005319;-0.372945;0.304762;1;0.169430;0.095665;0.007100;-0.103535;0.007100;0.000000;0;Fri Jun 30 15:10:17 2023
0.009204;0.000000;-0.009204;0.000000;0.168300;0.000000;61.500000;84.500000;251.500000;82.500000;0.010526;0.365094;0.603091;1;0.169561;0.109491;0.007490;0.173881;0.007490;0.000000;0;Fri Jun 30 15:10:17 2023
0.009204;0.000000;-0.009204;0.000000;0.168168;0.000000;62.500000;84.500000;251.500000;82.500000;0.010582;0.003905;0.606282;1;0.169693;0.160613;0.008945;0.011662;0.008945;0.000000;0;Fri Jun 30 15:10:17 2023
0.009204;0.000000;-0.009204;0.000000;0.168037;0.000000;62.500000;84.500000;251.500000;82.500000;0.010582;0.000000;0.606282;1;0.169824;0.187988;0.009722;-0.024979;0.009722;0.000000;0;Fri Jun 30 15:10:17 2023
0.009204;0.000000;-0.009204;0.000000;0.167905;0.000000;62.500000;83.500000;251.500000;82.500000;0.005291;-0.370971;0.303149;1;0.169956;0.158396;0.008874;-0.140671;0.008874;0.000000;0;Fri Jun 30 15:10:17 2023
0.009204;0.000000;-0.009204;0.000000;0.167774;0.000000;62.500000;84.500000;252.500000;82.500000;0.010526;0.367062;0.603091;1;0.170087;0.142453;0.008416;0.113052;0.008416;0.000000;0;Fri Jun 30 15:10:17 2023
0.009204;0.000000;-0.009204;0.000000;0.167642;0.000000;62.500000;83.500000;250.500000;82.500000;0.005319;-0.365085;0.304762;1;0.170219;0.134376;0.008181;-0.109105;0.008181;0.000000;0;Fri Jun 30 15:10:17 2023
0.009204;0.000000;-0.009204;0.000000;0.167511;0.000000;62.500000;84.500000;251.500000;84.500000;0.000000;-0.372959;0.000000;1;0.170350;-0.498505;0.005560;-0.189623;0.005560;-0.183834;0;Fri Jun 30 15:10:17 2023
0.009204;0.000000;-0.009204;0.000000;0.167379;0.000000;62.500000;84.500000;251.500000;82.500000;0.010582;0.741949;0.606282;1;0.170482;0.038249;0.005432;0.148146;0.005432;0.000000;0;Fri Jun 30 15:10:17 2023
0.009204;0.000000;-0.009204;0.000000;0.167248;0.000000;63.500000;83.500000;250.500000;82.500000;0.005348;-0.366996;0.306392;1;0.170613;0.080536;0.006634;0.025943;0.006634;0.000000;0;Fri Jun 30 15:10:17 2023
0.009204;0.000000;-0.009204;0.000000;0.167116;0.000000;62.500000;83.500000;251.500000;82.500000;0.005291;-0.003968;0.303149;1;0.170745;0.058775;0.006010;0.110456;0.006010;0.000000;0;Fri Jun 30 15:10:17 2023
0.009204;0.000000;-0.009204;0.000000;0.166985;0.000000;62.500000;84.500000;251.500000;82.500000;0.010582;0.370975;0.606282;1;0.170876;0.090970;0.006925;-0.030626;0.006925;0.000000;0;Fri Jun 30 15:10:17 2023
0.009204;0.000000;-0.009204;0.000000;0.166853;0.000000;63.500000;83.500000;250.500000;82.500000;0.005348;-0.367009;0.306392;1;0.171008;0.108412;0.007418;-0.169156;0.007418;0.000000;0;Fri Jun 30 15:10:17 2023
0.009204;0.000000;-0.009204;0.000000;0.166722;0.000000;62.500000;84.500000;250.500000;81.500000;0.015956;0.743834;0.914217;1;0.171139;0.162365;0.008954;0.392398;0.008954;0.000000;0;Fri Jun 30 15:10:17 2023
0.009204;0.000000;-0.009204;0.000000;0.166590;0.000000;62.500000;84.500000;251.500000;81.500000;0.015872;-0.005919;0.909380;1;0.171270;0.960408;0.012258;0.151743;0.012258;0.231724;0;Fri Jun 30 15:10:17 2023
0.012272;0.214757;-0.009204;0.000000;0.166459;0.000000;63.500000;83.500000;251.500000;81.500000;0.010638;-0.366984;0.609507;1;0.911074;0.295070;0.012731;-0.160454;0.012731;0.000000;0;Fri Jun 30 15:10:17 2023
0.012272;0.000000;-0.009204;0.000000;0.166327;0.000000;62.500000;84.500000;251.500000;81.500000;0.015872;0.366981;0.909380;1;0.279089;0.303912;0.012980;-0.048922;0.012980;0.000000;0;Fri Jun 30 15:10:17 2023
0.009204;-0.214757;-0.015340;-0.429515;0.166108;0.000000;62.500000;83.500000;250.500000;81.500000;0.010638;-0.366986;0.609507;1;0.239094;1.008165;0.013110;-0.081432;0.013110;0.000000;0;Fri Jun 30 15:10:17 2023
0.003068;-0.429515;-0.018408;-0.214757;0.165845;0.000000;63.500000;82.500000;251.500000;81.500000;0.005319;-0.372935;0.304762;1;-0.947468;0.583406;0.010674;-0.039243;0.010674;0.000000;0;Fri Jun 30 15:10:17 2023
0.000000;-0.214757;-0.024544;-0.429515;0.165495;0.000000;61.500000;82.500000;251.500000;81.500000;0.005263;-0.003926;0.301554;1;-0.067762;0.848955;0.008118;-0.166514;0.008118;0.000000;0;Fri Jun 30 15:10:17 2023
0.000000;0.000000;-0.024544;0.000000;0.165144;0.000000;61.500000;82.500000;251.500000;81.500000;0.005263;0.000000;0.301554;1;-0.124622;0.112456;0.006763;-0.132252;0.006763;0.000000;0;Fri Jun 30 15:10:17 2023
0.000000;0.000000;-0.024544;0.000000;0.164793;0.000000;62.500000;82.500000;251.500000;81.500000;0.005291;0.001952;0.303149;1;-0.124272;0.088079;0.006057;0.132473;0.006057;0.000000;0;Fri Jun 30 15:10:17 2023
0.003068;0.214757;-0.024544;0.000000;0.164443;0.000000;62.500000;82.500000;252.500000;81.500000;0.005263;-0.001952;0.301554;1;0.615751;0.075444;0.005687;0.115025;0.005687;0.000000;0;Fri Jun 30 15:10:17 2023
0.003068;0.000000;-0.024544;0.000000;0.164092;0.000000;62.500000;81.500000;250.500000;81.500000;0.000000;-0.369024;0.000000;1;-0.016015;0.024939;0.004236;-0.248058;0.004236;0.000000;0;Fri Jun 30 15:10:17 2023
0.003068;0.000000;-0.024544;0.000000;0.163741;0.000000;61.500000;82.500000;251.500000;81.500000;0.005263;0.369036;0.301554;1;-0.015665;-0.997496;0.003474;-0.036074;0.000000;-0.297029;0;Fri Jun 30 15:10:17 2023
0.000000;-0.214757;-0.027612;-0.214757;0.163347;0.000000;62.500000;81.500000;251.500000;81.500000;0.000000;-0.369042;0.000000;1;-0.405213;0.226904;0.003074;-0.014525;0.000000;0.000000;0;Fri Jun 30 15:10:17 2023
0.000000;0.000000;-0.027612;0.000000;0.162953;0.000000;61.500000;81.500000;251.500000;81.500000;0.000000;0.000000;0.000000;1;-0.117366;-0.117366;0.001615;0.104004;0.000000;0.000000;0;Fri Jun 30 15:10:17 2023
0.000000;0.000000;-0.027612;0.000000;0.162558;0.000000;62.500000;81.500000;251.500000;81.500000;0.000000;0.000000;0.000000;1;-0.116971;-0.116971;0.000848;-0.139001;0.000000;0.000000;0;Fri Jun 30 15:10:17 2023
0.000000;0.000000;-0.027612;0.000000;0.162164;0.000000;62.500000;81.500000;251.500000;81.500000;0.000000;0.000000;0.000000;1;-0.116577;-0.116577;0.000445;-0.095456;0.000000;0.000000;0;Fri Jun 30 15:10:17 2023
0.000000;0.000000;-0.027612;0.000000;0.161769;0.000000;62.500000;81.500000;251.500000;81.500000;0.000000;0.000000;0.000000;1;-0.116182;-0.116182;0.000234;0.118509;0.000000;0.000000;0;Fri Jun 30 15:10:17 2023
0.000000;0.000000;-0.027612;0.000000;0.161375;0.000000;62.500000;81.500000;251.500000;81.500000;0.000000;0.000000;0.000000;1;-0.115788;-0.115788;0.000123;0.085055;0.000000;0.000000;0;Fri Jun 30 15:10:17 2023
0.000000;0.000000;-0.027612;0.000000;0.160980;0.000000;62.500000;81.500000;251.500000;81.500000;0.000000;0.000000;0.000000;1;-0.115393;-0.115393;0.000065;-0.104698;0.000000;0.000000;0;Fri Jun 30 15:10:17 2023
-0.003068;-0.214757;-0.027612;0.000000;0.160586;0.000000;62.500000;81.500000;251.500000;81.500000;0.000000;0.000000;0.000000;1;-0.854671;-0.114999;0.000034;-0.074526;0.000000;0.000000;0;Fri Jun 30 15:10:17 2023
-0.003068;0.000000;-0.027612;0.000000;0.160191;0.000000;62.500000;82.500000;251.500000;81.500000;0.005291;0.370987;0.303149;1;-0.222160;-0.114605;0.001274;0.234671;0.000000;0.000000;0;Fri Jun 30 15:10:17 2023
0.000000;0.214757;-0.024544;0.214757;0.159841;0.000000;61.500000;82.500000;251.500000;81.500000;0.005263;-0.001953;0.301554;1;0.168133;-0.463983;0.003175;0.139716;0.000000;0.000000;0;Fri Jun 30 15:10:17 2023
0.003068;0.214757;-0.018408;0.429515;0.159578;0.000000;62.500000;82.500000;250.500000;82.500000;0.000000;-0.369031;0.000000;1;-0.078843;-0.818515;0.002917;-0.180787;0.000000;0.000000;0;Fri Jun 30 15:10:17 2023
0.006136;0.214757;-0.012272;0.429515;0.159403;0.000000;62.500000;84.500000;250.500000;82.500000;0.010638;0.745888;0.609507;1;0.018757;0.151116;0.004057;0.098949;0.004057;0.284483;0;Fri Jun 30 15:10:17 2023
0.009204;0.214757;-0.009204;0.214757;0.159271;0.000000;63.500000;83.500000;252.500000;82.500000;0.005291;-0.374912;0.303149;1;0.466042;-0.281465;0.005912;0.005991;0.005912;0.000000;0;Fri Jun 30 15:10:17 2023
0.012272;0.214757;-0.006136;0.214757;0.159183;0.000000;62.500000;84.500000;251.500000;82.500000;0.010582;0.370977;0.606282;1;0.568620;-0.252755;0.006873;0.284874;0.006873;0.000000;0;Fri Jun 30 15:10:17 2023
0.012272;0.000000;-0.003068;0.214757;0.159140;0.000000;62.500000;85.500000;251.500000;82.500000;0.015872;0.370934;0.909380;1;-0.068518;0.470556;0.009890;0.067777;0.009890;0.211517;0;Fri Jun 30 15:10:17 2023
0.009204;-0.214757;-0.003068;0.000000;0.159096;0.000000;61.500000;85.500000;251.500000;82.500000;0.015788;-0.005856;0.904595;1;-0.463482;0.873638;0.012710;-0.007185;0.012710;0.197758;0;Fri Jun 30 15:10:17 2023
0.009204;0.000000;-0.003068;0.000000;0.159052;0.000000;63.500000;84.500000;251.500000;82.500000;0.010638;-0.361133;0.609507;1;0.168678;0.299971;0.012949;-0.020325;0.012949;0.000000;0;Fri Jun 30 15:10:17 2023
0.009204;0.000000;-0.003068;0.000000;0.159008;0.000000;62.500000;85.500000;251.500000;82.500000;0.015872;0.366990;0.909380;1;0.168722;0.305106;0.013094;0.078922;0.013094;0.000000;0;Fri Jun 30 15:10:17 2023
0.009204;0.000000;-0.003068;0.000000;0.158964;0.000000;62.500000;85.500000;251.500000;83.500000;0.010582;-0.370936;0.606282;1;0.168766;0.307355;0.013157;-0.224008;0.013157;0.000000;0;Fri Jun 30 15:10:18 2023
0.009204;0.000000;-0.000000;0.214757;0.158964;0.000000;62.500000;85.500000;252.500000;83.500000;0.010526;-0.003905;0.603091;1;-0.180963;-0.085707;0.011921;-0.005668;0.011921;0.000000;0;Fri Jun 30 15:10:18 2023
0.006136;-0.214757;-0.000000;0.000000;0.158964;0.000000;62.500000;85.500000;251.500000;83.500000;0.010582;0.003905;0.606282;1;-0.575971;0.236199;0.011272;0.059281;0.011272;0.000000;0;Fri Jun 30 15:10:18 2023
0.006136;0.000000;-0.000000;0.000000;0.158964;0.000000;62.500000;86.500000;250.500000;84.500000;0.010638;0.003946;0.609507;1;0.056146;0.225178;0.010957;0.006067;0.010957;0.000000;0;Fri Jun 30 15:10:18 2023
0.009204;0.214757;0.003068;0.214757;0.159008;0.000000;63.500000;85.500000;251.500000;84.500000;0.005319;-0.372936;0.304762;1;0.446045;-0.174181;0.009543;-0.209437;0.009543;0.000000;0;Fri Jun 30 15:10:18 2023
0.012272;0.214757;0.006136;0.214757;0.159096;0.000000;63.500000;85.500000;251.500000;84.500000;0.005319;0.000000;0.304762;1;0.548447;-0.249643;0.007538;-0.082370;0.007538;0.000000;1;Fri Jun 30 15:10:18 2023
0.012272;0.000000;0.006136;0.000000;0.159183;0.000000;62.500000;86.500000;251.500000;84.500000;0.010582;0.368994;0.606282;1;0.260906;0.101805;0.007734;0.168895;0.007734;0.000000;1;Fri Jun 30 15:10:18 2023
0.012272;0.000000;0.009204;0.214757;0.159315;0.000000;62.500000;87.500000;251.500000;84.500000;0.015872;0.370927;0.909380;1;-0.088954;0.381655;0.010342;0.272012;0.010342;0.182876;1;Fri Jun 30 15:10:18 2023
0.012272;0.000000;0.009204;0.000000;0.159446;0.000000;61.500000;86.500000;251.500000;84.500000;0.010526;-0.374837;0.603091;1;0.255578;0.235469;0.011698;-0.055904;0.011698;0.000000;1;Fri Jun 30 15:10:18 2023
0.012272;0.000000;0.009204;0.000000;0.159578;0.000000;62.500000;86.500000;252.500000;84.500000;0.010526;0.000000;0.603091;1;0.255447;0.215824;0.011142;-0.116977;0.011142;0.000000;1;Fri Jun 30 15:10:18 2023
0.012272;0.000000;0.009204;0.000000;0.159709;0.000000;62.500000;87.500000;251.500000;84.500000;0.015872;0.374837;0.909380;1;0.255315;0.249935;0.012118;0.046187;0.012118;0.000000;1;Fri Jun 30 15:10:18 2023
0.009204;-0.214757;0.009204;0.000000;0.159841;0.000000;62.500000;86.500000;251.500000;85.500000;0.005291;-0.741910;0.303149;1;-0.484488;0.224219;0.011389;-0.141040;0.011389;0.000000;1;Fri Jun 30 15:10:18 2023
0.009204;0.000000;0.006136;-0.214757;0.159928;0.000000;62.500000;86.500000;252.500000;84.500000;0.010526;0.367060;0.603091;1;0.497270;0.515932;0.009736;0.091790;0.009736;0.000000;1;Fri Jun 30 15:10:18 2023
0.006136;-0.214757;0.003068;-0.214757;0.159972;0.000000;61.500000;86.500000;251.500000;84.500000;0.010526;0.000000;0.603091;1;-0.237380;0.534099;0.010111;-0.094349;0.010111;0.000000;1;Fri Jun 30 15:10:18 2023
0.000000;-0.429515;-0.000000;-0.214757;0.159972;0.000000;62.500000;85.500000;251.500000;86.500000;-0.005291;-1.109042;-0.303149;1;-1.079542;-0.319886;0.006553;-0.339465;0.006553;-0.249478;1;Fri Jun 30 15:10:18 2023
-0.006136;-0.429515;-0.006136;-0.429515;0.159885;0.000000;62.500000;84.500000;251.500000;85.500000;-0.005291;0.000000;-0.303149;1;-0.939770;-0.812893;0.000930;-0.150697;0.000000;-0.459491;1;Fri Jun 30 15:10:18 2023
-0.012272;-0.429515;-0.012272;-0.429515;0.159709;0.000000;62.500000;84.500000;251.500000;85.500000;-0.005291;0.000000;-0.303149;1;-1.144574;0.549880;-0.002024;-0.212310;0.000000;0.000000;1;Fri Jun 30 15:10:18 2023
-0.012272;0.000000;-0.015340;-0.214757;0.159490;0.000000;62.500000;84.500000;251.500000;85.500000;-0.005291;0.000000;-0.303149;1;-0.219720;0.210500;-0.003575;0.084150;0.000000;0.000000;1;Fri Jun 30 15:10:18 2023
-0.018408;-0.429515;-0.015340;0.000000;0.159271;0.000000;62.500000;83.500000;251.500000;85.500000;-0.010582;-0.370965;-0.606282;1;-2.043509;-1.497064;-0.005646;0.063231;-0.005646;-0.395866;1;Fri Jun 30 15:10:18 2023
-0.024544;-0.429515;-0.018408;-0.214757;0.159008;0.000000;62.500000;82.500000;251.500000;86.500000;-0.021161;-0.741787;-1.212428;1;-1.908627;-1.154083;-0.010501;-0.388618;-0.010501;-0.340422;1;Fri Jun 30 15:10:18 2023
-0.024544;0.000000;-0.018408;0.000000;0.158745;0.000000;62.500000;83.500000;251.500000;86.500000;-0.015872;0.370864;-0.909380;1;-0.988794;-1.415346;-0.014307;-0.245298;-0.014307;-0.266848;1;Fri Jun 30 15:10:18 2023
-0.015340;0.644272;-0.009204;0.644272;0.158614;0.000000;62.500000;84.500000;250.500000;86.500000;-0.010638;0.366976;-0.609507;1;0.181165;-1.661455;-0.013807;0.166064;-0.013807;0.000000;1;Fri Jun 30 15:10:18 2023
-0.003068;0.859029;0.009204;1.288544;0.158745;0.000000;62.500000;86.500000;251.500000;87.500000;-0.005291;0.374918;-0.303149;1;0.178987;-2.056171;-0.011033;0.569591;-0.011033;0.194518;1;Fri Jun 30 15:10:18 2023
0.018408;1.503301;0.030680;1.503301;0.159183;0.000000;62.500000;89.500000;250.500000;86.500000;0.015956;1.489812;0.914217;1;2.447664;-0.345409;-0.003263;0.717527;0.000000;0.773621;1;Fri Jun 30 15:10:18 2023
0.049087;2.147573;0.064427;2.362330;0.160104;0.000000;62.500000;94.500000;251.500000;85.500000;0.047583;2.217609;2.726311;1;3.984271;-0.829544;0.013371;0.848571;0.013371;0.937518;1;Fri Jun 30 15:10:18 2023
0.085903;2.577088;0.104311;2.791845;0.161594;0.000000;62.500000;99.500000;251.500000;84.500000;0.079199;2.216863;4.537773;1;5.782499;1.388526;0.037120;1.308769;0.037120;1.665293;1;Fri Jun 30 15:10:18 2023
0.131922;3.221360;0.144194;2.791845;0.163654;0.000000;62.500000;106.500000;250.500000;83.500000;0.121735;2.982565;6.974930;1;9.224267;3.680894;0.067197;1.870430;0.067197;2.108945;1;Fri Jun 30 15:10:18 2023
0.171806;2.791845;0.181010;2.577088;0.166240;0.000000;62.500000;111.500000;249.500000;82.500000;0.153855;2.252125;8.815221;1;9.639545;5.847802;0.100717;1.424088;0.100717;2.350331;1;Fri Jun 30 15:10:18 2023
0.199418;1.932816;0.199418;1.288544;0.169089;0.000000;62.500000;115.500000;248.500000;79.500000;0.191184;2.617524;10.954063;1;10.113818;9.195873;0.134809;1.226327;0.134809;2.390473;1;Fri Jun 30 15:10:18 2023
0.199418;0.000000;0.187146;-0.859029;0.169089;0.000000;62.500000;114.500000;248.500000;77.500000;0.196361;0.362999;11.250681;1;7.891669;12.386111;0.162805;0.490286;0.162805;1.963030;1;Fri Jun 30 15:10:18 2023
0.174874;-1.718058;0.144194;-3.006602;0.169089;0.000000;62.500000;107.500000;249.500000;75.500000;0.169481;-1.884781;9.710569;1;5.491848;12.431769;0.172356;-0.488945;0.172356;0.669717;1;Fri Jun 30 15:10:18 2023
0.119651;-3.865632;0.070563;-5.154175;0.001008;0.000000;62.500000;97.500000;250.500000;74.500000;0.121735;-3.347802;6.974930;1;0.970976;11.130550;0.159656;-1.838977;0.159656;-0.890478;1;Fri Jun 30 15:10:18 2023
0.024544;-6.657477;-0.042951;-7.946020;0.000394;0.000000;61.500000;80.500000;251.500000;74.500000;0.031568;-6.322239;1.808739;1;-5.912089;8.904975;0.120246;-3.517069;0.120246;-2.763346;1;Fri Jun 30 15:10:18 2023
-0.116583;-9.878836;-0.202485;-11.167380;-0.002498;0.000000;61.500000;80.500000;251.500000;74.500000;0.031568;0.000000;1.808739;0;-14.905129;22.474851;0.120246;-1.362259;0.120246;0.000000;1;Fri Jun 30 15:10:18 2023
-0.303728;-13.100196;-0.401903;-13.959225;-0.008240;0.000000;61.500000;80.500000;251.500000;74.500000;0.031568;0.000000;1.808739;0;-26.132126;27.290463;0.120246;0.056263;0.120246;0.000000;1;Fri Jun 30 15:10:18 2023
-0.533825;-16.106798;-0.619728;-15.247769;-0.017093;0.000000;61.500000;80.500000;251.500000;74.500000;0.031568;0.000000;1.808739;0;-40.611922;29.726930;0.120246;1.036354;0.120246;0.000000;1;Fri Jun 30 15:10:18 2023
-0.794602;-18.254371;-0.840621;-15.462526;-0.029102;0.000000;61.500000;80.500000;251.500000;74.500000;0.031568;0.000000;1.808739;0;-55.353902;30.448297;0.120246;0.137506;0.120246;0.000000;1;Fri Jun 30 15:10:18 2023
-1.082990;-20.187187;-1.040039;-13.959225;-0.043960;0.000000;61.500000;80.500000;251.500000;74.500000;0.031568;0.000000;1.808739;0;-73.221680;28.379745;0.120246;-0.752576;0.120246;0.000000;1;Fri Jun 30 15:10:18 2023
-1.398990;-22.120003;-1.217981;-12.455924;-0.061359;0.000000;61.500000;80.500000;251.500000;74.500000;0.031568;0.000000;1.808739;0;-92.090368;26.278279;0.120246;-0.231551;0.120246;0.000000;1;Fri Jun 30 15:10:18 2023
-1.736466;-23.623304;-1.371379;-10.737866;-0.080950;0.000000;61.500000;80.500000;251.500000;74.500000;0.031568;0.000000;1.808739;0;-110.830702;23.793818;0.120246;0.519610;0.120246;0.000000;1;Fri Jun 30 15:10:18 2023
-2.098486;-25.341363;-1.503301;-9.234564;-0.102426;0.000000;61.500000;80.500000;251.500000;74.500000;0.031568;0.000000;1.808739;0;-130.752501;21.620450;0.120246;0.259729;0.120246;0.000000;1;Fri Jun 30 15:10:18 2023
-2.481981;-26.844664;-1.619884;-8.160778;-0.125567;0.000000;61.500000;80.500000;251.500000;74.500000;0.031568;0.000000;1.808739;0;-150.129402;20.112749;0.120246;-0.337608;0.120246;0.000000;1;Fri Jun 30 15:10:18 2023
-2.883884;-28.133208;-1.724194;-7.301749;-0.150199;0.000000;61.500000;80.500000;251.500000;74.500000;0.031568;0.000000;1.808739;0;-169.193623;18.930941;0.120246;-0.247707;0.120246;0.000000;1;Fri Jun 30 15:10:18 2023
-3.270447;-27.059421;-1.846913;-8.590292;-0.176583;0.000000;61.500000;80.500000;251.500000;74.500000;0.031568;0.000000;1.808739;0;-177.288001;21.227917;0.120246;0.201819;0.120246;0.000000;1;Fri Jun 30 15:10:18 2023
-3.617127;-24.267576;-2.006447;-11.167380;-0.205247;0.000000;61.500000;80.500000;251.500000;74.500000;0.031568;0.000000;1.808739;0;-176.796184;25.655940;0.120246;0.214016;0.120246;0.000000;1;Fri Jun 30 15:10:18 2023
-3.936195;-22.334760;-2.193593;-13.100196;-0.236584;0.000000;61.500000;80.500000;251.500000;74.500000;0.031568;0.000000;1.808739;0;-178.850570;29.098230;0.120246;-0.105131;0.120246;0.000000;1;Fri Jun 30 15:10:18 2023
-4.172428;-16.536313;-2.439029;-17.180585;-0.271427;0.000000;61.500000;80.500000;251.500000;74.500000;0.031568;0.000000;1.808739;0;-163.076484;36.086906;0.120246;-0.171336;0.120246;0.000000;1;Fri Jun 30 15:10:18 2023
-4.279806;-7.516506;-2.666059;-15.892041;-0.309513;0.000000;61.500000;80.500000;251.500000;74.500000;0.031568;0.000000;1.808739;0;-141.947083;34.431834;0.120246;0.039755;0.120246;0.000000;1;Fri Jun 30 15:10:18 2023
-4.233787;3.221360;-2.899224;-16.321556;-0.350931;0.000000;61.500000;80.500000;251.500000;74.500000;0.031568;0.000000;1.808739;0;-107.612223;35.547535;0.120246;0.127793;0.120246;0.000000;1;Fri Jun 30 15:10:18 2023
-4.129476;7.301749;-3.160000;-18.254371;-0.396074;0.000000;61.500000;80.500000;251.500000;74.500000;0.031568;0.000000;1.808739;0;-88.367473;39.125196;0.120246;0.001749;0.120246;0.000000;1;Fri Jun 30 15:10:18 2023
-3.988350;9.878836;-4.132544;-68.078067;-0.455110;0.000000;61.500000;80.500000;251.500000;74.500000;0.031568;0.000000;1.808739;0;5.792216;120.751952;0.120246;-0.088124;0.120246;0.000000;1;Fri Jun 30 15:10:18 2023
-3.988350;0.000000;-5.479379;-94.278459;-0.533387;0.000000;61.500000;80.500000;251.500000;74.500000;0.031568;0.000000;1.808739;0;21.065760;165.102863;0.120246;-0.025911;0.120246;0.000000;1;Fri Jun 30 15:10:18 2023
