Starting new run: Thu Jun  8 12:54:22 2023

cameraAngle;alphaCam;alphaDotCam;alphaQube;alphaDotQube;Kx;KxCam;systemTime
0.000000;0.000000;0.000000;0.003068;-0.230097;-0.936508;-0.125459;Thu Jun  8 12:54:32 2023
0.023948;0.000418;0.040742;0.003068;0.000000;0.018305;0.062937;Thu Jun  8 12:54:32 2023
0.018180;0.000317;-0.009813;0.003068;0.000000;0.017939;-0.152019;Thu Jun  8 12:54:32 2023
0.018070;0.000315;-0.000186;0.003068;0.000000;0.017573;-0.112513;Thu Jun  8 12:54:32 2023
-0.005917;-0.000103;-0.040811;0.003068;0.000000;0.017207;-0.301188;Thu Jun  8 12:54:32 2023
0.017962;0.000313;0.040627;0.003068;0.000000;-0.570482;-0.531232;Thu Jun  8 12:54:32 2023
0.006024;0.000105;-0.020311;0.006136;0.230097;1.095698;-0.227116;Thu Jun  8 12:54:32 2023
0.005952;0.000104;-0.000122;0.006136;0.000000;0.139787;-0.144098;Thu Jun  8 12:54:32 2023
0.017962;0.000313;0.020435;0.006136;0.000000;0.139056;-0.049645;Thu Jun  8 12:54:32 2023
0.006024;0.000105;-0.020317;0.003068;-0.230097;-0.373661;0.357989;Thu Jun  8 12:54:32 2023
0.000000;0.000000;-0.010252;0.003068;0.000000;0.013549;-0.173139;Thu Jun  8 12:54:32 2023
0.011975;0.000209;0.020381;0.003068;0.000000;0.013183;-0.036524;Thu Jun  8 12:54:33 2023
0.024238;0.000423;0.020869;0.003068;0.000000;0.012817;-0.024808;Thu Jun  8 12:54:33 2023
0.024092;0.000420;-0.000248;0.003068;0.000000;0.012451;-0.112956;Thu Jun  8 12:54:33 2023
0.011975;0.000209;-0.020623;0.003068;0.000000;0.012085;-0.207834;Thu Jun  8 12:54:33 2023
0.005988;0.000105;-0.010192;0.003068;0.000000;0.011719;-0.169808;Thu Jun  8 12:54:33 2023
0.012048;0.000210;0.010315;0.000000;-0.230097;-1.087956;-0.080080;Thu Jun  8 12:54:33 2023
0.012048;0.000210;0.000000;0.003068;0.230097;0.378843;-0.710588;Thu Jun  8 12:54:33 2023
0.023948;0.000418;0.020254;0.009204;0.460194;1.601829;-0.637205;Thu Jun  8 12:54:33 2023
0.030111;0.000526;0.010490;0.009204;0.000000;0.257977;-0.106175;Thu Jun  8 12:54:33 2023
0.011975;0.000209;-0.030865;0.003068;-0.460194;-1.354415;0.293506;Thu Jun  8 12:54:33 2023
0.017962;0.000313;0.010189;0.000000;-0.230097;-0.524377;0.487827;Thu Jun  8 12:54:33 2023
0.005952;0.000104;-0.020439;0.006136;0.460194;0.886803;-1.391782;Thu Jun  8 12:54:33 2023
0.018070;0.000315;0.020623;0.009204;0.230097;1.209863;-0.077279;Thu Jun  8 12:54:33 2023
0.006061;0.000106;-0.020438;0.006136;-0.230097;-0.845723;-0.258677;Thu Jun  8 12:54:33 2023
0.005952;0.000104;-0.000184;0.000000;-0.460194;-0.915611;0.998863;Thu Jun  8 12:54:33 2023
0.000000;0.000000;-0.010130;0.003068;0.230097;0.371159;-0.770202;Thu Jun  8 12:54:33 2023
0.000000;0.000000;0.000000;0.003068;0.000000;-0.017148;-0.161278;Thu Jun  8 12:54:33 2023
0.011904;0.000208;0.020260;0.006136;0.230097;0.494105;-0.655471;Thu Jun  8 12:54:33 2023
0.023805;0.000415;0.020254;0.006136;0.000000;0.105432;-0.079231;Thu Jun  8 12:54:33 2023
0.005988;0.000105;-0.030322;0.006136;0.000000;0.104334;-0.304887;Thu Jun  8 12:54:33 2023
0.005952;0.000104;-0.000061;0.006136;0.000000;0.103237;-0.180394;Thu Jun  8 12:54:33 2023
0.018070;0.000315;0.020623;0.006136;0.000000;0.102139;-0.085693;Thu Jun  8 12:54:33 2023
0.024092;0.000420;0.010247;0.006136;0.000000;0.101041;-0.124926;Thu Jun  8 12:54:33 2023
0.000000;0.000000;-0.041001;0.006136;0.000000;0.099944;-0.358520;Thu Jun  8 12:54:33 2023
0.012048;0.000210;0.020504;0.009204;0.230097;1.198155;-0.094421;Thu Jun  8 12:54:33 2023
0.012048;0.000210;0.000000;0.006136;-0.230097;-0.270107;0.406691;Thu Jun  8 12:54:33 2023
0.029931;0.000522;0.030438;0.000000;-0.460194;-1.494557;0.566699;Thu Jun  8 12:54:33 2023
0.000000;0.000000;-0.050944;0.000000;0.000000;0.435156;0.223676;Thu Jun  8 12:54:33 2023
0.000000;0.000000;0.000000;0.003068;0.230097;0.379537;-0.719771;Thu Jun  8 12:54:33 2023
0.017962;0.000313;0.030573;0.006136;0.230097;1.090905;-0.010890;Thu Jun  8 12:54:33 2023
0.017440;0.000304;-0.000889;0.003068;-0.230097;-0.963949;-0.142289;Thu Jun  8 12:54:33 2023
0.017962;0.000313;0.000889;0.003068;0.000000;0.578188;0.452475;Thu Jun  8 12:54:33 2023
0.018070;0.000315;0.000184;0.003068;0.000000;0.010585;-0.117964;Thu Jun  8 12:54:33 2023
0.000000;0.000000;-0.030761;0.000000;-0.230097;-0.501400;0.326084;Thu Jun  8 12:54:33 2023
0.005988;0.000105;0.010193;0.000000;0.000000;0.473865;0.521088;Thu Jun  8 12:54:33 2023
-0.005988;-0.000105;-0.020385;0.000000;0.000000;-0.093007;-0.182541;Thu Jun  8 12:54:33 2023
0.006024;0.000105;0.020446;-0.003068;-0.230097;-1.191584;-0.002459;Thu Jun  8 12:54:33 2023
-0.006024;-0.000105;-0.020507;0.000000;0.230097;0.863636;-0.181613;Thu Jun  8 12:54:33 2023
0.005988;0.000105;0.020445;0.003068;0.230097;0.421174;-0.588354;Thu Jun  8 12:54:33 2023
0.041892;0.000731;0.061109;0.003068;0.000000;0.033964;0.177860;Thu Jun  8 12:54:33 2023
0.005952;0.000104;-0.061168;0.003068;0.000000;0.034330;-0.358839;Thu Jun  8 12:54:33 2023
0.000000;0.000000;-0.010131;0.000000;-0.230097;-1.064613;-0.151489;Thu Jun  8 12:54:33 2023
0.023948;0.000418;0.040759;0.003068;0.230097;0.990241;0.079767;Thu Jun  8 12:54:33 2023
0.005952;0.000104;-0.030629;0.006136;0.230097;0.547412;-0.818294;Thu Jun  8 12:54:33 2023
0.000000;0.000000;-0.010131;0.003068;-0.230097;-0.939472;-0.170479;Thu Jun  8 12:54:33 2023
0.017855;0.000312;0.030391;0.003068;0.000000;0.015707;0.012378;Thu Jun  8 12:54:33 2023
0.000000;0.000000;-0.030392;0.006136;0.230097;1.115016;-0.254585;Thu Jun  8 12:54:33 2023
0.011975;0.000209;0.020384;0.006136;0.000000;0.159837;-0.033986;Thu Jun  8 12:54:33 2023
0.017855;0.000312;0.010008;0.003068;-0.230097;-0.352148;0.515088;Thu Jun  8 12:54:33 2023
0.005952;0.000104;-0.020262;0.003068;0.000000;0.035793;-0.187566;Thu Jun  8 12:54:33 2023
0.006024;0.000105;0.000122;0.003068;0.000000;0.036159;-0.102525;Thu Jun  8 12:54:33 2023
0.000000;0.000000;-0.010254;0.003068;0.000000;0.036525;-0.150172;Thu Jun  8 12:54:33 2023
0.018070;0.000315;0.030760;0.003068;0.000000;0.036891;0.035269;Thu Jun  8 12:54:33 2023
0.012048;0.000210;-0.010252;0.003068;0.000000;0.037257;-0.139552;Thu Jun  8 12:54:33 2023
0.006061;0.000106;-0.010191;0.003068;0.000000;0.037623;-0.143843;Thu Jun  8 12:54:33 2023
0.005952;0.000104;-0.000184;0.003068;0.000000;0.037989;-0.102025;Thu Jun  8 12:54:33 2023
0.005952;0.000104;0.000000;0.003068;0.000000;0.038354;-0.100895;Thu Jun  8 12:54:33 2023
0.000000;0.000000;-0.010133;0.003068;0.000000;0.038720;-0.147473;Thu Jun  8 12:54:33 2023
0.000000;0.000000;0.000000;0.003068;0.000000;0.039086;-0.105044;Thu Jun  8 12:54:33 2023
0.042144;0.000736;0.071753;0.003068;0.000000;0.039452;0.227740;Thu Jun  8 12:54:33 2023
0.024385;0.000426;-0.030237;0.003068;0.000000;0.039818;-0.209839;Thu Jun  8 12:54:33 2023
0.018180;0.000317;-0.010566;0.003068;0.000000;0.040184;-0.132903;Thu Jun  8 12:54:33 2023
0.005988;0.000105;-0.020758;0.003068;0.000000;0.040550;-0.184840;Thu Jun  8 12:54:33 2023
0.000000;0.000000;-0.010194;0.003068;0.000000;0.040916;-0.145533;Thu Jun  8 12:54:33 2023
0.012121;0.000212;0.020634;0.003068;0.000000;0.041281;-0.007252;Thu Jun  8 12:54:33 2023
0.000000;0.000000;-0.020633;0.006136;0.230097;1.140956;-0.188135;Thu Jun  8 12:54:33 2023
0.024092;0.000420;0.041010;0.003068;-0.230097;-0.325842;0.675200;Thu Jun  8 12:54:33 2023
0.000000;0.000000;-0.041011;0.000000;-0.230097;-0.449520;0.335413;Thu Jun  8 12:54:33 2023
-0.011834;-0.000207;-0.020147;-0.003068;-0.230097;-0.572831;0.433140;Thu Jun  8 12:54:33 2023
0.018180;0.000317;0.051098;-0.003068;0.000000;-0.183792;0.187360;Thu Jun  8 12:54:33 2023
0.000000;0.000000;-0.030950;-0.003068;0.000000;-0.769653;-0.754003;Thu Jun  8 12:54:33 2023
0.012048;0.000210;0.020510;0.000000;0.230097;0.311033;-0.549127;Thu Jun  8 12:54:33 2023
0.018291;0.000319;0.010628;0.006136;0.460194;1.535483;-0.604018;Thu Jun  8 12:54:33 2023
0.024385;0.000426;0.010376;0.009204;0.230097;0.705080;-0.619423;Thu Jun  8 12:54:33 2023
0.000000;0.000000;-0.041514;0.003068;-0.460194;-0.706466;0.887431;Thu Jun  8 12:54:33 2023
0.024385;0.000426;0.041512;-0.003068;-0.460194;-1.541877;0.704931;Thu Jun  8 12:54:33 2023
0.006024;0.000105;-0.031257;-0.003068;0.000000;-0.198024;-0.178708;Thu Jun  8 12:54:34 2023
0.000000;0.000000;-0.010255;0.003068;0.460194;0.827043;-1.270015;Thu Jun  8 12:54:34 2023
-0.011904;-0.000208;-0.020265;0.009204;0.460194;1.663552;-0.773081;Thu Jun  8 12:54:34 2023
0.005988;0.000105;0.030460;0.006136;-0.230097;-0.778512;0.019762;Thu Jun  8 12:54:34 2023
0.024238;0.000423;0.031069;0.000000;-0.460194;-0.847303;1.211902;Thu Jun  8 12:54:34 2023
0.018180;0.000317;-0.010313;0.000000;0.000000;-0.071420;-0.099325;Thu Jun  8 12:54:34 2023
0.005952;0.000104;-0.020817;0.003068;0.230097;0.441297;-0.739545;Thu Jun  8 12:54:34 2023
0.005952;0.000104;0.000000;0.003068;0.000000;0.054087;-0.085162;Thu Jun  8 12:54:34 2023
0.042144;0.000736;0.061614;0.003068;0.000000;0.054453;0.200651;Thu Jun  8 12:54:34 2023
0.023805;0.000415;-0.031221;0.003068;0.000000;0.054819;-0.199398;Thu Jun  8 12:54:34 2023
0.005952;0.000104;-0.030394;0.003068;0.000000;0.055185;-0.210237;Thu Jun  8 12:54:34 2023
0.005952;0.000104;0.000000;0.003068;0.000000;0.055551;-0.083699;Thu Jun  8 12:54:34 2023
0.018180;0.000317;0.020818;0.003068;0.000000;0.055916;0.013111;Thu Jun  8 12:54:34 2023
0.000000;0.000000;-0.030952;0.000000;-0.230097;-1.043027;-0.216335;Thu Jun  8 12:54:34 2023
0.005952;0.000104;0.010134;0.003068;0.230097;0.424503;-0.627855;Thu Jun  8 12:54:34 2023
0.000000;0.000000;-0.010135;0.006136;0.230097;0.548913;-0.736597;Thu Jun  8 12:54:34 2023
0.011904;0.000208;0.020269;0.009204;0.230097;0.672956;-0.620709;Thu Jun  8 12:54:34 2023
0.017962;0.000313;0.010316;0.006136;-0.230097;-0.814660;-0.090190;Thu Jun  8 12:54:34 2023
0.011904;0.000208;-0.010316;0.006136;0.000000;0.727111;0.405789;Thu Jun  8 12:54:34 2023
0.012121;0.000212;0.000369;0.006136;0.000000;0.159142;-0.117649;Thu Jun  8 12:54:34 2023
0.036348;0.000634;0.041259;0.003068;-0.230097;-0.940533;0.071595;Thu Jun  8 12:54:34 2023
0.000000;0.000000;-0.061898;0.003068;0.000000;0.014280;-0.386800;Thu Jun  8 12:54:34 2023
0.006024;0.000105;0.010258;0.006136;0.230097;0.525899;-0.670018;Thu Jun  8 12:54:34 2023
0.006024;0.000105;0.000000;0.009204;0.230097;1.236901;-0.145728;Thu Jun  8 12:54:34 2023
0.006024;0.000105;0.000000;0.006136;-0.230097;-0.818319;-0.146460;Thu Jun  8 12:54:34 2023
0.011975;0.000209;0.010134;0.003068;-0.230097;0.211468;1.074403;Thu Jun  8 12:54:34 2023
0.012048;0.000210;0.000123;0.000000;-0.230097;-1.067869;-0.102302;Thu Jun  8 12:54:34 2023
0.000000;0.000000;-0.020512;0.000000;0.000000;-0.112690;-0.197839;Thu Jun  8 12:54:34 2023
0.000000;0.000000;0.000000;0.003068;0.230097;0.399295;-0.700014;Thu Jun  8 12:54:34 2023
0.000000;0.000000;0.000000;0.009204;0.460194;1.622647;-0.720100;Thu Jun  8 12:54:34 2023
0.006061;0.000106;0.010318;0.006136;-0.230097;-0.820148;-0.105427;Thu Jun  8 12:54:34 2023
0.023948;0.000418;0.030450;0.003068;-0.230097;-0.377686;0.579405;Thu Jun  8 12:54:34 2023
0.000000;0.000000;-0.040767;0.000000;-0.230097;-0.502461;0.283487;Thu Jun  8 12:54:34 2023
-0.005988;-0.000105;-0.010193;0.003068;0.230097;0.397100;-0.749434;Thu Jun  8 12:54:34 2023
-0.005952;-0.000104;0.000061;0.003068;0.000000;0.009158;-0.139600;Thu Jun  8 12:54:34 2023
0.024092;0.000420;0.051140;0.003068;0.000000;0.008792;0.096707;Thu Jun  8 12:54:34 2023
0.000000;0.000000;-0.041007;0.003068;0.000000;0.008426;-0.305932;Thu Jun  8 12:54:34 2023
0.006024;0.000105;0.010254;0.006136;0.230097;0.520045;-0.675889;Thu Jun  8 12:54:34 2023
0.023948;0.000418;0.030508;0.003068;-0.230097;-0.380247;0.577082;Thu Jun  8 12:54:34 2023
0.023805;0.000415;-0.000243;0.003068;0.000000;0.006963;-0.118655;Thu Jun  8 12:54:34 2023
0.017962;0.000313;-0.009944;0.003068;0.000000;0.006597;-0.164085;Thu Jun  8 12:54:34 2023
0.017962;0.000313;0.000000;0.003068;0.000000;0.006231;-0.123171;Thu Jun  8 12:54:34 2023
0.005952;0.000104;-0.020439;0.003068;0.000000;0.005865;-0.218230;Thu Jun  8 12:54:34 2023
0.024092;0.000420;0.030869;0.003068;0.000000;0.005499;0.009268;Thu Jun  8 12:54:34 2023
0.006024;0.000105;-0.030746;0.003068;0.000000;0.005133;-0.261690;Thu Jun  8 12:54:34 2023
0.006024;0.000105;0.000000;0.003068;0.000000;0.004768;-0.134423;Thu Jun  8 12:54:34 2023
0.030111;0.000526;0.040987;0.003068;0.000000;0.004402;0.055108;Thu Jun  8 12:54:34 2023
0.018180;0.000317;-0.020303;0.003068;0.000000;0.004036;-0.209468;Thu Jun  8 12:54:34 2023
0.023948;0.000418;0.009814;0.003068;0.000000;0.003670;-0.080083;Thu Jun  8 12:54:34 2023
0.024238;0.000423;0.000494;0.003068;0.000000;0.003304;-0.118903;Thu Jun  8 12:54:34 2023
0.024092;0.000420;-0.000248;0.003068;0.000000;0.002938;-0.122469;Thu Jun  8 12:54:34 2023
0.011834;0.000207;-0.020859;0.003068;0.000000;0.002572;-0.218446;Thu Jun  8 12:54:34 2023
0.017962;0.000313;0.010429;0.003068;0.000000;0.002206;-0.083903;Thu Jun  8 12:54:34 2023
0.011975;0.000209;-0.010188;0.003068;0.000000;0.001841;-0.174761;Thu Jun  8 12:54:34 2023
0.006024;0.000105;-0.010128;0.003068;0.000000;0.001475;-0.179758;Thu Jun  8 12:54:34 2023
0.005952;0.000104;-0.000122;0.003068;0.000000;0.001109;-0.138647;Thu Jun  8 12:54:34 2023
0.017645;0.000308;0.019898;0.003068;0.000000;0.000743;-0.046317;Thu Jun  8 12:54:34 2023
0.011904;0.000208;-0.009770;0.003068;0.000000;0.000377;-0.174548;Thu Jun  8 12:54:34 2023
0.024092;0.000420;0.020740;0.003068;0.000000;0.000011;-0.038270;Thu Jun  8 12:54:34 2023
0.000000;0.000000;-0.040998;0.003068;0.000000;-0.000355;-0.314673;Thu Jun  8 12:54:34 2023
0.000000;0.000000;0.000000;0.003068;0.000000;-0.000721;-0.144850;Thu Jun  8 12:54:34 2023
0.012048;0.000210;0.020502;0.003068;0.000000;-0.001086;-0.050231;Thu Jun  8 12:54:34 2023
0.024092;0.000420;0.020496;0.003068;0.000000;-0.001452;-0.040744;Thu Jun  8 12:54:34 2023
0.017962;0.000313;-0.010431;0.003068;0.000000;-0.001818;-0.174522;Thu Jun  8 12:54:34 2023
0.011975;0.000209;-0.010188;0.003068;0.000000;-0.002184;-0.178789;Thu Jun  8 12:54:34 2023
0.006024;0.000105;-0.010128;0.003068;0.000000;-0.002550;-0.183785;Thu Jun  8 12:54:34 2023
0.000000;0.000000;-0.010252;0.003068;0.000000;-0.002916;-0.189602;Thu Jun  8 12:54:34 2023
0.005988;0.000105;0.010190;0.000000;-0.230097;-1.102591;-0.100202;Thu Jun  8 12:54:34 2023
0.023948;0.000418;0.030561;0.003068;0.230097;0.364208;-0.588600;Thu Jun  8 12:54:34 2023
0.011975;0.000209;-0.020372;0.009204;0.460194;1.587194;-0.830301;Thu Jun  8 12:54:34 2023
0.036129;0.000631;0.041099;0.009204;0.000000;0.243342;0.011186;Thu Jun  8 12:54:34 2023
0.011834;0.000207;-0.041339;0.003068;-0.460194;-1.369050;0.235277;Thu Jun  8 12:54:34 2023
0.018180;0.000317;0.010797;0.000000;-0.230097;-1.126336;-0.111428;Thu Jun  8 12:54:34 2023
0.000000;0.000000;-0.030931;0.006136;0.460194;1.439406;-0.887613;Thu Jun  8 12:54:34 2023
0.000000;0.000000;0.000000;0.012272;0.460194;1.706847;-0.780030;Thu Jun  8 12:54:34 2023
0.017855;0.000312;0.030378;0.009204;-0.230097;-0.149356;0.514180;Thu Jun  8 12:54:35 2023
0.011975;0.000209;-0.010004;0.000000;-0.690291;-1.886157;0.947673;Thu Jun  8 12:54:35 2023
0.000000;0.000000;-0.020374;-0.003068;-0.230097;-0.668177;0.346554;Thu Jun  8 12:54:35 2023
0.000000;0.000000;0.000000;0.003068;0.460194;1.330692;-0.723796;Thu Jun  8 12:54:35 2023
0.011834;0.000207;0.020132;0.006136;0.230097;0.499556;-0.650606;Thu Jun  8 12:54:35 2023
0.011975;0.000209;0.000241;0.003068;-0.230097;-0.988060;-0.166191;Thu Jun  8 12:54:35 2023
0.006024;0.000105;-0.010124;0.003068;0.000000;0.553711;0.372493;Thu Jun  8 12:54:35 2023
0.030478;0.000105;0.000000;0.003068;0.000000;-0.601582;-0.740772;Thu Jun  8 12:54:35 2023
0.000000;0.000532;0.041597;0.006136;0.230097;1.064599;0.018830;Thu Jun  8 12:54:35 2023
0.024092;0.000000;-0.051843;0.006136;0.000000;0.108688;-0.394781;Thu Jun  8 12:54:35 2023
0.011975;0.000420;0.040978;0.003068;-0.230097;-0.991353;0.009558;Thu Jun  8 12:54:35 2023
0.011975;0.000209;-0.020608;0.006136;0.230097;1.062403;-0.256765;Thu Jun  8 12:54:35 2023
0.017962;0.000313;0.010183;0.006136;0.000000;0.106493;-0.124768;Thu Jun  8 12:54:35 2023
0.030478;0.000532;0.021291;0.003068;-0.230097;-0.406224;0.518197;Thu Jun  8 12:54:35 2023
0.006024;0.000105;-0.041601;0.003068;0.000000;-0.019014;-0.330901;Thu Jun  8 12:54:35 2023
0.017962;0.000313;0.020311;0.003068;0.000000;-0.019380;-0.064467;Thu Jun  8 12:54:35 2023
0.018180;0.000317;0.000370;0.006136;0.230097;1.079563;-0.147432;Thu Jun  8 12:54:35 2023
0.011975;0.000209;-0.010556;0.006136;0.000000;0.124018;-0.198242;Thu Jun  8 12:54:35 2023
-0.005952;-0.000104;-0.030502;0.000000;-0.460194;-0.900318;0.878540;Thu Jun  8 12:54:35 2023
0.000000;0.000000;0.010127;0.000000;0.000000;-0.124801;-0.082761;Thu Jun  8 12:54:35 2023
0.000000;0.000000;0.000000;0.000000;0.000000;-0.124435;-0.124435;Thu Jun  8 12:54:35 2023
0.011975;0.000209;0.020375;0.000000;0.000000;-0.124069;-0.029670;Thu Jun  8 12:54:35 2023
0.000000;0.000000;-0.020375;0.003068;0.230097;0.975606;-0.208282;Thu Jun  8 12:54:35 2023
0.000000;0.000000;0.000000;0.000000;-0.230097;-1.078517;-0.123337;Thu Jun  8 12:54:35 2023
0.018180;0.000317;0.030930;0.000000;0.000000;0.464352;0.607657;Thu Jun  8 12:54:35 2023
0.024092;0.000420;0.010058;0.000000;0.000000;-0.102519;-0.041012;Thu Jun  8 12:54:35 2023
0.000000;0.000000;-0.040990;0.000000;0.000000;-0.101788;-0.271944;Thu Jun  8 12:54:35 2023
0.012048;0.000210;0.020498;0.000000;0.000000;-0.101056;-0.006085;Thu Jun  8 12:54:35 2023
0.000000;0.000000;-0.020499;0.000000;0.000000;-0.100324;-0.185419;Thu Jun  8 12:54:35 2023
-0.005988;-0.000105;-0.010188;0.000000;0.000000;-0.099592;-0.146796;Thu Jun  8 12:54:35 2023
-0.005988;-0.000105;0.000000;0.000000;0.000000;-0.098861;-0.103770;Thu Jun  8 12:54:35 2023
0.011904;0.000208;0.030440;0.000000;0.000000;-0.098129;0.037996;Thu Jun  8 12:54:35 2023
0.011975;0.000209;0.000121;0.000000;0.000000;-0.097397;-0.087075;Thu Jun  8 12:54:35 2023
0.030111;0.000526;0.030853;0.000000;0.000000;-0.096665;0.056100;Thu Jun  8 12:54:35 2023
-0.006024;-0.000105;-0.061470;0.000000;0.000000;-0.095934;-0.356048;Thu Jun  8 12:54:35 2023
-0.005988;-0.000105;0.000061;0.000000;0.000000;-0.095202;-0.099857;Thu Jun  8 12:54:35 2023
0.000000;0.000000;0.010185;0.000000;0.000000;-0.094470;-0.052189;Thu Jun  8 12:54:35 2023
0.005988;0.000105;0.010185;0.000000;0.000000;-0.093738;-0.046549;Thu Jun  8 12:54:35 2023
0.012048;0.000210;0.010306;-0.003068;-0.230097;-1.192316;-0.040344;Thu Jun  8 12:54:35 2023
0.012048;0.000210;0.000000;0.000000;0.230097;0.275580;-0.669721;Thu Jun  8 12:54:35 2023
0.000000;0.000000;-0.020490;0.003068;0.230097;-0.186968;-1.371336;Thu Jun  8 12:54:35 2023
0.000000;0.000000;0.000000;0.009204;0.460194;1.603988;-0.738760;Thu Jun  8 12:54:35 2023
0.018070;0.000315;0.030733;0.009204;0.000000;0.260501;-0.029494;Thu Jun  8 12:54:35 2023
0.005952;0.000104;-0.020608;0.003068;-0.460194;-1.351525;0.334035;Thu Jun  8 12:54:35 2023
0.024092;0.000420;0.030848;0.003068;0.000000;-0.009136;-0.005456;Thu Jun  8 12:54:35 2023
0.000000;0.000000;-0.040969;0.003068;0.000000;-0.596826;-0.911025;Thu Jun  8 12:54:35 2023
0.017962;0.000313;0.030545;0.009204;0.460194;1.581340;-0.619880;Thu Jun  8 12:54:35 2023
0.011904;0.000208;-0.010301;0.009204;0.000000;-0.349836;-0.815228;Thu Jun  8 12:54:35 2023
0.000000;0.000000;-0.020242;0.009204;0.000000;0.216304;-0.300115;Thu Jun  8 12:54:35 2023
0.024238;0.000423;0.041214;0.006136;-0.230097;-0.297145;0.560736;Thu Jun  8 12:54:35 2023
0.024385;0.000426;0.000251;0.006136;0.000000;0.089333;-0.177889;Thu Jun  8 12:54:35 2023
0.006024;0.000105;-0.031222;0.006136;0.000000;0.088236;-0.324695;Thu Jun  8 12:54:35 2023
0.000000;0.000000;-0.010243;0.006136;0.000000;0.087138;-0.243643;Thu Jun  8 12:54:35 2023
0.011834;0.000207;0.020122;0.006136;0.000000;0.086040;-0.108987;Thu Jun  8 12:54:35 2023
0.029931;0.000522;0.030771;0.006136;0.000000;0.084943;-0.051040;Thu Jun  8 12:54:35 2023
0.000000;0.000000;-0.050889;0.006136;0.000000;0.083845;-0.415665;Thu Jun  8 12:54:35 2023
0.011904;0.000208;0.020239;0.006136;0.000000;0.082748;-0.111737;Thu Jun  8 12:54:35 2023
0.023805;0.000415;0.020232;0.009204;0.230097;1.180959;-0.103105;Thu Jun  8 12:54:35 2023
0.011904;0.000208;-0.020232;0.006136;-0.230097;-0.874627;-0.281934;Thu Jun  8 12:54:35 2023
0.012048;0.000210;0.000244;0.003068;-0.230097;0.154794;0.976734;Thu Jun  8 12:54:35 2023
0.006024;0.000105;-0.010242;0.003068;0.000000;-0.025600;-0.207306;Thu Jun  8 12:54:35 2023
0.017750;0.000310;0.019939;0.003068;0.000000;-0.025966;-0.072770;Thu Jun  8 12:54:35 2023
0.030111;0.000526;0.021022;0.000000;-0.230097;-1.125641;-0.058506;Thu Jun  8 12:54:35 2023
0.024092;0.000420;-0.010237;0.003068;0.230097;0.928481;-0.193570;Thu Jun  8 12:54:35 2023
0.011975;0.000209;-0.020606;0.006136;0.230097;0.484921;-0.834236;Thu Jun  8 12:54:35 2023
0.011904;0.000208;-0.000121;0.009204;0.230097;1.195923;-0.182388;Thu Jun  8 12:54:35 2023
0.006024;0.000105;-0.010001;0.003068;-0.460194;-1.371282;0.358371;Thu Jun  8 12:54:35 2023
0.005952;0.000104;-0.000122;0.000000;-0.230097;-0.540878;0.418675;Thu Jun  8 12:54:35 2023
0.011904;0.000208;0.010123;0.003068;0.230097;0.946006;-0.101518;Thu Jun  8 12:54:35 2023
0.000000;0.000000;-0.020248;0.003068;0.000000;-0.009173;-0.237356;Thu Jun  8 12:54:35 2023
0.018070;0.000315;0.030737;0.003068;0.000000;-0.009173;-0.010888;Thu Jun  8 12:54:35 2023
0.000000;0.000000;-0.030737;0.000000;-0.230097;-0.521158;0.306425;Thu Jun  8 12:54:35 2023
0.000000;0.000000;0.000000;0.000000;0.000000;-0.133216;-0.133216;Thu Jun  8 12:54:35 2023
0.000000;0.000000;0.000000;0.003068;0.230097;0.379135;-0.720174;Thu Jun  8 12:54:35 2023
0.011975;0.000209;0.020367;0.003068;0.000000;-0.008441;-0.058204;Thu Jun  8 12:54:35 2023
0.011975;0.000209;0.000000;0.003068;0.000000;-0.008441;-0.142752;Thu Jun  8 12:54:35 2023
0.000000;0.000000;-0.020365;0.003068;0.000000;-0.008441;-0.237109;Thu Jun  8 12:54:36 2023
0.000000;0.000000;0.000000;0.003068;0.000000;-0.008441;-0.152571;Thu Jun  8 12:54:36 2023
0.017855;0.000312;0.030362;0.003068;0.000000;-0.008441;-0.011892;Thu Jun  8 12:54:36 2023
0.000000;0.000000;-0.030361;0.006136;0.230097;1.090868;-0.278603;Thu Jun  8 12:54:36 2023
0.000000;0.000000;0.000000;0.003068;-0.230097;-0.376296;0.434753;Thu Jun  8 12:54:36 2023
0.005988;0.000105;0.010181;0.000000;-0.230097;-0.500340;0.502012;Thu Jun  8 12:54:36 2023
0.000000;0.000000;-0.010180;-0.003068;-0.230097;-0.624017;0.433031;Thu Jun  8 12:54:36 2023
0.000000;0.000000;0.000000;0.000000;0.230097;0.276641;-0.678538;Thu Jun  8 12:54:36 2023
-0.005988;-0.000105;-0.010179;0.000000;0.000000;-0.110203;-0.157369;Thu Jun  8 12:54:36 2023
0.000000;0.000000;0.010179;0.003068;0.230097;0.402514;-0.654539;Thu Jun  8 12:54:36 2023
0.006024;0.000105;0.010240;0.003068;0.000000;0.015304;-0.081377;Thu Jun  8 12:54:36 2023
0.017855;0.000312;0.020112;0.003068;0.000000;0.015670;-0.030331;Thu Jun  8 12:54:36 2023
0.012048;0.000210;-0.009872;0.003068;0.000000;0.016036;-0.159197;Thu Jun  8 12:54:36 2023
-0.005988;-0.000105;-0.030657;0.003068;0.000000;0.016402;-0.259902;Thu Jun  8 12:54:36 2023
0.030294;0.000529;0.061673;0.003068;0.000000;0.016768;0.153494;Thu Jun  8 12:54:36 2023
0.012048;0.000210;-0.031015;0.003068;0.000000;0.017134;-0.245866;Thu Jun  8 12:54:36 2023
0.024092;0.000420;0.020473;0.003068;0.000000;0.017499;-0.021887;Thu Jun  8 12:54:36 2023
0.000000;0.000000;-0.040954;0.003068;0.000000;0.017865;-0.296275;Thu Jun  8 12:54:36 2023
0.011975;0.000209;0.020358;0.003068;0.000000;0.018231;-0.031569;Thu Jun  8 12:54:36 2023
0.005988;0.000105;-0.010179;0.003068;0.000000;0.018597;-0.162878;Thu Jun  8 12:54:36 2023
0.000000;0.000000;-0.010180;0.003068;0.000000;0.018963;-0.167425;Thu Jun  8 12:54:36 2023
0.011975;0.000209;0.020359;0.003068;0.000000;0.019329;-0.030467;Thu Jun  8 12:54:36 2023
0.000000;0.000000;-0.020359;0.003068;0.000000;0.019695;-0.208951;Thu Jun  8 12:54:36 2023
0.023948;0.000418;0.040713;0.003068;0.000000;0.020061;0.064573;Thu Jun  8 12:54:36 2023
0.018180;0.000317;-0.009806;0.003068;0.000000;0.020426;-0.149503;Thu Jun  8 12:54:36 2023
0.000000;0.000000;-0.030909;0.003068;0.000000;0.020792;-0.251645;Thu Jun  8 12:54:36 2023
0.024092;0.000420;0.040961;0.003068;0.000000;0.021158;0.066821;Thu Jun  8 12:54:36 2023
0.000000;0.000000;-0.040963;0.003068;0.000000;0.021524;-0.292650;Thu Jun  8 12:54:36 2023
0.000000;0.000000;0.000000;0.003068;0.000000;0.021890;-0.122240;Thu Jun  8 12:54:36 2023
0.024238;0.000423;0.041211;0.000000;-0.230097;-1.077053;0.069073;Thu Jun  8 12:54:36 2023
0.018291;0.000319;-0.010111;0.003068;0.230097;0.390477;-0.735809;Thu Jun  8 12:54:36 2023
0.018070;0.000315;-0.000375;0.009204;0.460194;1.614195;-0.715291;Thu Jun  8 12:54:36 2023
0.000000;0.000000;-0.030723;0.009204;0.000000;0.271075;-0.288854;Thu Jun  8 12:54:36 2023
0.011904;0.000208;0.020239;0.003068;-0.460194;-1.340585;0.519420;Thu Jun  8 12:54:36 2023
0.005988;0.000105;-0.010059;0.000000;-0.230097;-0.509815;0.408519;Thu Jun  8 12:54:36 2023
0.018180;0.000317;0.020727;0.003068;0.230097;0.390111;-0.608249;Thu Jun  8 12:54:36 2023
0.005952;0.000104;-0.020788;0.006136;0.230097;0.514520;-0.810331;Thu Jun  8 12:54:36 2023
0.000000;0.000000;-0.010119;0.006136;0.000000;0.126579;-0.203687;Thu Jun  8 12:54:36 2023
0.036348;0.000634;0.061792;0.006136;0.000000;0.126213;0.124267;Thu Jun  8 12:54:36 2023
0.011904;0.000208;-0.041554;0.006136;0.000000;0.125847;-0.325151;Thu Jun  8 12:54:36 2023
0.018180;0.000317;0.010669;0.006136;0.000000;0.125481;-0.103585;Thu Jun  8 12:54:36 2023
0.018070;0.000315;-0.000186;0.006136;0.000000;0.125115;-0.149100;Thu Jun  8 12:54:36 2023
0.023948;0.000418;0.009991;0.006136;0.000000;0.124749;-0.102401;Thu Jun  8 12:54:36 2023
0.000000;0.000000;-0.040708;0.006136;0.000000;0.124384;-0.332863;Thu Jun  8 12:54:36 2023
0.024385;0.000426;0.041453;0.006136;0.000000;0.124018;0.027834;Thu Jun  8 12:54:36 2023
0.005988;0.000105;-0.031276;0.006136;0.000000;0.123652;-0.289531;Thu Jun  8 12:54:36 2023
0.000000;0.000000;-0.010180;0.006136;0.000000;0.123286;-0.207233;Thu Jun  8 12:54:36 2023
0.011904;0.000208;0.020239;0.006136;0.000000;0.122920;-0.071564;Thu Jun  8 12:54:36 2023
0.012048;0.000210;0.000244;0.006136;0.000000;0.122554;-0.154815;Thu Jun  8 12:54:36 2023
0.023805;0.000415;0.019990;0.009204;0.230097;1.221497;-0.063571;Thu Jun  8 12:54:36 2023
0.036569;0.000638;0.021701;0.006136;-0.230097;-0.246033;0.540958;Thu Jun  8 12:54:36 2023
0.005988;0.000105;-0.051995;0.003068;-0.230097;-0.370442;0.229676;Thu Jun  8 12:54:36 2023
0.006024;0.000105;0.000061;0.000000;-0.230097;-0.494486;0.465888;Thu Jun  8 12:54:36 2023
0.011975;0.000209;0.010119;-0.003068;-0.230097;-0.618163;0.532970;Thu Jun  8 12:54:36 2023
0.011904;0.000208;-0.000121;0.000000;0.230097;0.282495;-0.663426;Thu Jun  8 12:54:36 2023
0.005988;0.000105;-0.010059;0.003068;0.230097;0.407636;-0.728521;Thu Jun  8 12:54:36 2023
0.000000;0.000000;-0.010181;0.006136;0.230097;1.119735;-0.165966;Thu Jun  8 12:54:36 2023
0.006024;0.000105;0.010242;0.003068;-0.230097;-0.934387;-0.075882;Thu Jun  8 12:54:36 2023
0.042399;0.000740;0.061843;0.000000;-0.230097;-0.490827;0.755840;Thu Jun  8 12:54:36 2023
-0.005988;-0.000105;-0.082264;0.003068;0.230097;0.996790;-0.448923;Thu Jun  8 12:54:36 2023
-0.006024;-0.000105;-0.000061;0.003068;0.000000;0.042342;-0.106982;Thu Jun  8 12:54:36 2023
0.012048;0.000210;0.030723;0.000000;-0.230097;-0.468911;0.623684;Thu Jun  8 12:54:36 2023
0.018291;0.000319;0.010614;0.000000;0.000000;-0.080238;-0.021182;Thu Jun  8 12:54:36 2023
0.011975;0.000209;-0.010737;0.000000;0.000000;-0.079140;-0.113893;Thu Jun  8 12:54:36 2023
0.036348;0.000634;0.041437;0.000000;0.000000;-0.078043;0.123774;Thu Jun  8 12:54:36 2023
0.011975;0.000209;-0.041436;0.000000;0.000000;-0.076945;-0.239133;Thu Jun  8 12:54:36 2023
0.006061;0.000106;-0.010056;0.000000;0.000000;-0.075847;-0.112623;Thu Jun  8 12:54:36 2023
0.000000;0.000000;-0.010303;0.000000;0.000000;-0.074750;-0.117521;Thu Jun  8 12:54:36 2023
0.000000;0.000000;0.000000;0.000000;0.000000;-0.073652;-0.073652;Thu Jun  8 12:54:36 2023
0.005952;0.000104;0.010119;0.000000;0.000000;-0.072554;-0.025669;Thu Jun  8 12:54:36 2023
-0.005988;-0.000105;-0.020298;0.000000;0.000000;-0.071457;-0.160627;Thu Jun  8 12:54:36 2023
-0.005988;-0.000105;0.000000;0.000000;0.000000;-0.070359;-0.075269;Thu Jun  8 12:54:36 2023
0.012195;0.000213;0.030909;0.000000;0.000000;-0.069262;0.069045;Thu Jun  8 12:54:36 2023
-0.005988;-0.000105;-0.030910;0.000000;0.000000;-0.068164;-0.201387;Thu Jun  8 12:54:36 2023
0.000000;0.000000;0.010179;-0.003068;-0.230097;-1.166375;-0.024809;Thu Jun  8 12:54:36 2023
0.011904;0.000208;0.020237;0.000000;0.230097;0.301887;-0.559524;Thu Jun  8 12:54:37 2023
0.005988;0.000105;-0.010058;0.003068;0.230097;-0.160296;-1.296447;Thu Jun  8 12:54:37 2023
0.005952;0.000104;-0.000061;0.009204;0.460194;1.631025;-0.707093;Thu Jun  8 12:54:37 2023
0.006024;0.000105;0.000122;0.009204;0.000000;0.287905;-0.139039;Thu Jun  8 12:54:37 2023
0.023948;0.000418;0.030472;0.003068;-0.460194;-1.323755;0.588605;Thu Jun  8 12:54:37 2023
0.000000;0.000000;-0.040713;0.000000;-0.230097;-0.492985;0.293188;Thu Jun  8 12:54:37 2023
0.005988;0.000105;0.010180;0.003068;0.230097;0.406941;-0.645199;Thu Jun  8 12:54:37 2023
0.005988;0.000105;0.000000;0.006136;0.230097;0.531351;-0.707178;Thu Jun  8 12:54:37 2023
0.006024;0.000105;0.000061;0.009204;0.230097;0.655394;-0.726980;Thu Jun  8 12:54:37 2023
0.017962;0.000313;0.020294;0.006136;-0.230097;-0.244898;0.520995;Thu Jun  8 12:54:37 2023
0.017962;0.000313;0.000000;0.003068;-0.230097;-0.956997;-0.131220;Thu Jun  8 12:54:37 2023
0.023948;0.000418;0.010174;0.003068;0.000000;-0.002184;-0.084443;Thu Jun  8 12:54:37 2023
0.024238;0.000423;0.000493;0.006136;0.230097;0.509435;-0.712083;Thu Jun  8 12:54:37 2023
0.005988;0.000105;-0.031020;0.009204;0.230097;1.220437;-0.290994;Thu Jun  8 12:54:37 2023
0.011975;0.000209;0.010177;0.006136;-0.230097;-0.834783;-0.115797;Thu Jun  8 12:54:37 2023
0.006024;0.000105;-0.010116;0.003068;-0.230097;-0.392321;0.381675;Thu Jun  8 12:54:37 2023
0.000000;0.000000;-0.010239;0.003068;0.000000;-0.005111;-0.191747;Thu Jun  8 12:54:37 2023
0.030478;0.000532;0.051806;0.003068;0.000000;-0.005477;0.090441;Thu Jun  8 12:54:37 2023
0.018180;0.000317;-0.020905;0.003068;0.000000;-0.005843;-0.221847;Thu Jun  8 12:54:37 2023
0.017962;0.000313;-0.000370;0.003068;0.000000;-0.006209;-0.137147;Thu Jun  8 12:54:37 2023
0.011975;0.000209;-0.010176;0.003068;0.000000;-0.006575;-0.183130;Thu Jun  8 12:54:37 2023
0.012048;0.000210;0.000123;0.006136;0.230097;0.505044;-0.728007;Thu Jun  8 12:54:37 2023
0.011975;0.000209;-0.000123;0.003068;-0.230097;-0.395248;0.425112;Thu Jun  8 12:54:37 2023
0.024092;0.000420;0.020596;0.003068;0.000000;-0.008038;-0.046917;Thu Jun  8 12:54:37 2023
0.018180;0.000317;-0.010049;0.003068;0.000000;-0.008404;-0.179343;Thu Jun  8 12:54:37 2023
0.018180;0.000317;0.000000;0.003068;0.000000;-0.008770;-0.137993;Thu Jun  8 12:54:37 2023
0.017962;0.000317;0.000000;0.003068;0.000000;-0.009136;-0.138359;Thu Jun  8 12:54:37 2023
0.017962;0.000313;-0.000370;0.003068;0.000000;-0.009502;-0.140439;Thu Jun  8 12:54:37 2023
0.024238;0.000423;0.010667;0.003068;0.000000;-0.009867;-0.089841;Thu Jun  8 12:54:37 2023
0.024092;0.000420;-0.000248;0.003068;0.000000;-0.010233;-0.135639;Thu Jun  8 12:54:37 2023
0.000000;0.000000;-0.040955;0.003068;0.000000;-0.010599;-0.324740;Thu Jun  8 12:54:37 2023
0.005917;0.000103;0.010059;0.003068;0.000000;-0.010965;-0.108486;Thu Jun  8 12:54:37 2023
0.024092;0.000105;0.000120;0.003068;0.000000;-0.011331;-0.150051;Thu Jun  8 12:54:37 2023
0.024092;0.000420;0.030776;0.003068;0.000000;-0.011697;-0.008316;Thu Jun  8 12:54:37 2023
0.018180;0.000317;-0.010050;0.003068;0.000000;-0.012063;-0.183005;Thu Jun  8 12:54:37 2023
0.030478;0.000532;0.020906;0.003068;0.000000;-0.012429;-0.044781;Thu Jun  8 12:54:37 2023
0.012048;0.000210;-0.031330;0.003068;0.000000;-0.012794;-0.277104;Thu Jun  8 12:54:37 2023
0.012048;0.000210;0.000000;0.003068;0.000000;-0.013160;-0.147412;Thu Jun  8 12:54:37 2023
0.005952;0.000104;-0.010361;0.003068;0.000000;-0.013526;-0.195787;Thu Jun  8 12:54:37 2023
0.005988;0.000105;0.000061;0.003068;0.000000;-0.013892;-0.152861;Thu Jun  8 12:54:37 2023
0.017962;0.000313;0.020354;0.003068;0.000000;-0.014258;-0.059167;Thu Jun  8 12:54:37 2023
0.012048;0.000210;-0.010054;0.003068;0.000000;-0.014624;-0.190612;Thu Jun  8 12:54:37 2023
0.000000;0.000000;-0.020479;0.003068;0.000000;-0.014990;-0.244133;Thu Jun  8 12:54:37 2023
0.000000;0.000000;0.000000;0.003068;0.000000;-0.015356;-0.159485;Thu Jun  8 12:54:37 2023
0.018291;0.000319;0.031090;0.003068;0.000000;-0.015722;-0.015793;Thu Jun  8 12:54:37 2023
0.011975;0.000209;-0.010734;0.003068;0.000000;-0.016087;-0.194958;Thu Jun  8 12:54:37 2023
0.011975;0.000209;0.000000;0.003068;0.000000;-0.016453;-0.150764;Thu Jun  8 12:54:37 2023
0.017962;0.000313;0.010175;0.003068;0.000000;-0.016819;-0.103981;Thu Jun  8 12:54:37 2023
0.024092;0.000420;0.010419;0.003068;0.000000;-0.017185;-0.098312;Thu Jun  8 12:54:37 2023
0.005952;0.000104;-0.030833;0.003068;0.000000;-0.017551;-0.284792;Thu Jun  8 12:54:37 2023
0.024092;0.000420;0.030834;0.003068;0.000000;-0.017917;-0.014294;Thu Jun  8 12:54:37 2023
0.011975;0.000209;-0.020596;0.003068;0.000000;-0.018283;-0.238090;Thu Jun  8 12:54:37 2023
0.005952;0.000104;-0.010239;0.003068;0.000000;-0.018649;-0.200400;Thu Jun  8 12:54:37 2023
0.024092;0.000420;0.030835;0.003068;0.000000;-0.019014;-0.015387;Thu Jun  8 12:54:37 2023
0.005917;0.000103;-0.030895;0.003068;0.000000;-0.019380;-0.286909;Thu Jun  8 12:54:37 2023
0.024092;0.000420;0.030895;0.003068;0.000000;-0.019746;-0.015872;Thu Jun  8 12:54:37 2023
0.005988;0.000105;-0.030775;0.003068;0.000000;-0.020112;-0.287085;Thu Jun  8 12:54:37 2023
0.000000;0.000000;-0.010180;0.000000;-0.230097;-1.119787;-0.206865;Thu Jun  8 12:54:37 2023
0.012048;0.000210;0.020481;0.003068;0.230097;0.347011;-0.657398;Thu Jun  8 12:54:37 2023
0.018180;0.000317;0.010425;0.009204;0.460194;1.569998;-0.714567;Thu Jun  8 12:54:37 2023
0.018180;0.000317;0.000000;0.009204;0.000000;0.226146;-0.191337;Thu Jun  8 12:54:37 2023
0.011975;0.000209;-0.010548;0.003068;-0.460194;-1.386246;0.346016;Thu Jun  8 12:54:37 2023
0.005988;0.000105;-0.010179;0.003068;0.000000;-0.044223;-0.225699;Thu Jun  8 12:54:37 2023
0.011834;0.000207;0.009938;0.006136;0.230097;1.054354;-0.138125;Thu Jun  8 12:54:37 2023
0.011975;0.000209;0.000241;0.006136;0.000000;-0.488881;-0.766321;Thu Jun  8 12:54:37 2023
0.000000;0.000000;-0.020360;0.003068;-0.230097;-0.434360;0.292170;Thu Jun  8 12:54:37 2023
0.018070;0.000315;0.030722;0.006136;0.230097;1.051793;-0.049295;Thu Jun  8 12:54:37 2023
0.005952;0.000104;-0.020602;0.006136;0.000000;0.095882;-0.273022;Thu Jun  8 12:54:37 2023
0.005952;0.000104;0.000000;0.003068;-0.230097;-0.416835;0.399095;Thu Jun  8 12:54:37 2023
0.023948;0.000418;0.030593;0.000000;-0.230097;-1.128934;-0.027120;Thu Jun  8 12:54:37 2023
0.005952;0.000104;-0.030593;0.003068;0.230097;0.337864;-0.883563;Thu Jun  8 12:54:37 2023
0.000000;0.000000;-0.010119;0.009204;0.460194;1.560851;-0.823904;Thu Jun  8 12:54:37 2023
0.000000;0.000000;0.000000;0.009204;0.000000;0.216999;-0.215391;Thu Jun  8 12:54:37 2023
0.012048;0.000210;0.020485;0.006136;-0.230097;-0.296084;0.465752;Thu Jun  8 12:54:37 2023
0.012048;0.000210;0.000000;0.003068;-0.230097;-0.421225;0.399703;Thu Jun  8 12:54:37 2023
0.017962;0.000313;0.010058;0.000000;-0.230097;-0.546000;0.465660;Thu Jun  8 12:54:37 2023
0.000000;0.000000;-0.030547;0.003068;0.230097;0.353560;-0.872554;Thu Jun  8 12:54:38 2023
0.011904;0.000208;0.020245;0.003068;0.000000;-0.034381;-0.084709;Thu Jun  8 12:54:38 2023
0.005988;0.000105;-0.010062;0.006136;0.230097;1.064562;-0.215735;Thu Jun  8 12:54:38 2023
0.006024;0.000105;0.000061;0.003068;-0.230097;-0.990292;-0.174049;Thu Jun  8 12:54:38 2023
0.005952;0.000104;-0.000122;0.003068;0.000000;0.551845;0.412090;Thu Jun  8 12:54:38 2023
0.000000;0.000000;-0.010124;0.003068;0.000000;-0.015758;-0.201913;Thu Jun  8 12:54:38 2023
0.000000;0.000000;0.000000;0.000000;-0.230097;-1.115067;-0.159888;Thu Jun  8 12:54:38 2023
0.011904;0.000208;0.020245;0.003068;0.230097;0.939421;-0.066086;Thu Jun  8 12:54:38 2023
0.011975;0.000209;0.000121;0.006136;0.230097;0.496226;-0.736890;Thu Jun  8 12:54:38 2023
0.030478;0.000532;0.031465;0.003068;-0.230097;-0.403700;0.562959;Thu Jun  8 12:54:38 2023
0.024238;0.000423;-0.010612;0.003068;0.000000;-0.016124;-0.184435;Thu Jun  8 12:54:38 2023
0.005952;0.000104;-0.031094;0.003068;0.000000;-0.016124;-0.284451;Thu Jun  8 12:54:38 2023
0.005952;0.000104;0.000000;0.003068;0.000000;-0.016124;-0.155374;Thu Jun  8 12:54:38 2023
0.000000;0.000000;-0.010122;0.003068;0.000000;-0.016124;-0.202271;Thu Jun  8 12:54:38 2023
0.006024;0.000105;0.010244;0.003068;0.000000;-0.016124;-0.112791;Thu Jun  8 12:54:38 2023
0.018180;0.000317;0.020670;0.006136;0.230097;1.083185;-0.059542;Thu Jun  8 12:54:38 2023
0.011975;0.000209;-0.010550;0.003068;-0.230097;-0.971303;-0.194229;Thu Jun  8 12:54:38 2023
0.023948;0.000418;0.020357;0.000000;-0.230097;-0.528109;0.531210;Thu Jun  8 12:54:38 2023
0.005952;0.000104;-0.030598;0.003068;0.230097;0.959141;-0.262307;Thu Jun  8 12:54:38 2023
0.018180;0.000317;0.020793;0.003068;0.000000;0.004328;-0.038581;Thu Jun  8 12:54:38 2023
0.011904;0.000208;-0.010672;0.000000;-0.230097;-1.094615;-0.173978;Thu Jun  8 12:54:38 2023
0.000000;0.000000;-0.020244;0.003068;0.230097;0.960239;-0.223107;Thu Jun  8 12:54:38 2023
0.000000;0.000000;0.000000;0.003068;0.000000;0.005425;-0.138704;Thu Jun  8 12:54:38 2023
0.006024;0.000105;0.010245;0.003068;0.000000;0.005791;-0.090872;Thu Jun  8 12:54:38 2023
0.011975;0.000209;0.010121;0.003068;0.000000;0.006157;-0.086138;Thu Jun  8 12:54:38 2023
0.011975;0.000209;0.000000;0.003068;0.000000;0.006523;-0.127788;Thu Jun  8 12:54:38 2023
0.005952;0.000104;-0.010243;0.003068;0.000000;0.006889;-0.174882;Thu Jun  8 12:54:38 2023
-0.011834;-0.000207;-0.030248;0.003068;0.000000;0.007255;-0.272145;Thu Jun  8 12:54:38 2023
0.017962;0.000313;0.050674;0.006136;0.230097;1.106930;0.088575;Thu Jun  8 12:54:38 2023
0.024092;0.000420;0.010425;0.003068;-0.230097;-0.359869;0.514210;Thu Jun  8 12:54:38 2023
0.012121;0.000212;-0.020360;0.000000;-0.230097;-0.483546;0.397052;Thu Jun  8 12:54:38 2023
0.011975;0.000209;-0.000247;-0.003068;-0.230097;-1.194182;-0.086079;Thu Jun  8 12:54:38 2023
0.006061;0.000106;-0.010060;0.000000;0.230097;0.861404;-0.130566;Thu Jun  8 12:54:38 2023
-0.005988;-0.000105;-0.020491;0.003068;0.230097;0.419307;-0.769974;Thu Jun  8 12:54:38 2023
-0.005988;-0.000105;0.000000;0.003068;0.000000;0.032463;-0.116576;Thu Jun  8 12:54:38 2023
0.018180;0.000317;0.041101;0.003068;0.000000;0.033195;0.074588;Thu Jun  8 12:54:38 2023
-0.005988;-0.000105;-0.041100;0.003068;0.000000;0.033927;-0.285727;Thu Jun  8 12:54:38 2023
0.005952;0.000104;0.020306;0.003068;0.000000;0.034659;-0.020297;Thu Jun  8 12:54:38 2023
0.000000;0.000000;-0.010122;0.003068;0.000000;0.035390;-0.150759;Thu Jun  8 12:54:38 2023
0.023948;0.000418;0.040723;0.003068;0.000000;0.036122;0.080676;Thu Jun  8 12:54:38 2023
0.000000;0.000000;-0.040722;0.003068;0.000000;0.036854;-0.276321;Thu Jun  8 12:54:38 2023
0.018180;0.000317;0.030915;0.003068;0.000000;0.037586;0.036698;Thu Jun  8 12:54:38 2023
0.018180;0.000317;0.000000;0.003068;0.000000;0.038317;-0.090906;Thu Jun  8 12:54:38 2023
0.018070;0.000315;-0.000186;0.003068;0.000000;0.039049;-0.091037;Thu Jun  8 12:54:38 2023
0.018180;0.000317;0.000186;0.003068;0.000000;0.039781;-0.088669;Thu Jun  8 12:54:38 2023
0.018070;0.000315;-0.000186;0.003068;0.000000;0.040513;-0.089573;Thu Jun  8 12:54:38 2023
0.005952;0.000104;-0.020609;0.003068;0.000000;0.041244;-0.183557;Thu Jun  8 12:54:38 2023
0.012048;0.000210;0.010367;0.003068;0.000000;0.041976;-0.049239;Thu Jun  8 12:54:38 2023
0.018070;0.000315;0.010244;0.003068;0.000000;0.042708;-0.044081;Thu Jun  8 12:54:38 2023
0.023948;0.000418;0.009996;0.006136;0.230097;1.142749;-0.039558;Thu Jun  8 12:54:38 2023
0.000000;0.000000;-0.040730;0.003068;-0.230097;-0.911008;-0.269036;Thu Jun  8 12:54:38 2023
-0.005917;-0.000103;-0.010064;0.000000;-0.230097;-0.467082;0.441470;Thu Jun  8 12:54:38 2023
0.000000;0.000000;0.010063;0.000000;0.000000;-0.078408;-0.036633;Thu Jun  8 12:54:38 2023
0.012048;0.000210;0.020489;0.003068;0.230097;1.021998;0.017622;Thu Jun  8 12:54:38 2023
0.012048;0.000210;0.000000;0.000000;-0.230097;-1.031392;-0.066335;Thu Jun  8 12:54:38 2023
-0.005988;-0.000105;-0.030672;0.000000;0.000000;-0.075116;-0.207352;Thu Jun  8 12:54:38 2023
0.011975;0.000209;0.030549;0.003068;0.230097;1.025291;0.062617;Thu Jun  8 12:54:38 2023
0.018070;0.000315;0.010365;0.003068;0.000000;0.071209;-0.015078;Thu Jun  8 12:54:38 2023
0.000000;0.000000;-0.030729;0.000000;-0.230097;-1.027002;-0.199385;Thu Jun  8 12:54:38 2023
-0.005882;-0.000103;-0.010003;0.000000;0.000000;-0.070725;-0.117071;Thu Jun  8 12:54:38 2023
-0.052583;-0.000918;-0.079412;0.000000;0.000000;-0.069627;-0.442399;Thu Jun  8 12:54:38 2023
0.006061;0.000106;0.099720;0.003068;0.230097;0.443455;-0.236925;Thu Jun  8 12:54:38 2023
0.000000;0.000000;-0.010305;0.003068;0.000000;-0.530713;-0.717622;Thu Jun  8 12:54:38 2023
0.023948;0.000418;0.040722;0.006136;0.230097;1.136566;0.081806;Thu Jun  8 12:54:38 2023
0.000000;0.000000;-0.040724;0.006136;0.000000;0.181752;-0.275559;Thu Jun  8 12:54:38 2023
0.006061;0.000106;0.010306;0.003068;-0.230097;-0.329867;0.528936;Thu Jun  8 12:54:38 2023
0.000000;0.000000;-0.010307;0.000000;-0.230097;-1.040868;-0.128474;Thu Jun  8 12:54:38 2023
-0.006024;-0.000105;-0.010245;0.000000;0.000000;-0.084957;-0.132425;Thu Jun  8 12:54:38 2023
0.005988;0.000105;0.020429;0.003068;0.230097;0.427759;-0.581836;Thu Jun  8 12:54:38 2023
0.012048;0.000210;0.010306;0.006136;0.230097;0.552535;-0.638244;Thu Jun  8 12:54:38 2023
0.005952;0.000104;-0.010367;0.006136;0.000000;-0.422365;-0.748777;Thu Jun  8 12:54:38 2023
0.005988;0.000105;0.000061;0.006136;0.000000;0.144873;-0.138225;Thu Jun  8 12:54:38 2023
0.000000;0.000000;-0.010184;0.009204;0.230097;1.243816;-0.186028;Thu Jun  8 12:54:38 2023
0.005988;0.000105;0.010184;0.006136;-0.230097;-0.811038;-0.096935;Thu Jun  8 12:54:38 2023
-0.038941;-0.000680;-0.076409;0.003068;-0.230097;-0.368210;0.093720;Thu Jun  8 12:54:38 2023
0.000000;0.000000;0.066224;0.003068;0.000000;0.019366;0.150143;Thu Jun  8 12:54:39 2023
0.005952;0.000104;0.010122;0.003068;0.000000;0.019366;-0.077864;Thu Jun  8 12:54:39 2023
0.000000;0.000000;-0.010122;0.006136;0.230097;1.118675;-0.166783;Thu Jun  8 12:54:39 2023
0.011975;0.000209;0.020365;0.003068;-0.230097;-0.935813;-0.030408;Thu Jun  8 12:54:39 2023
0.000000;0.000000;-0.020364;0.000000;-0.230097;-1.079943;-0.209300;Thu Jun  8 12:54:39 2023
0.000000;0.000000;0.000000;0.003068;0.230097;0.974545;-0.124764;Thu Jun  8 12:54:39 2023
0.030111;0.000526;0.051203;0.009204;0.460194;1.630660;-0.474844;Thu Jun  8 12:54:39 2023
0.005988;0.000105;-0.041023;0.006136;-0.230097;-0.811770;-0.310236;Thu Jun  8 12:54:39 2023
0.024092;0.000420;0.030787;0.000000;-0.460194;-0.880927;1.176989;Thu Jun  8 12:54:39 2023
0.006024;0.000105;-0.030726;0.000000;0.000000;-0.105409;-0.228021;Thu Jun  8 12:54:39 2023
0.006024;0.000105;0.000000;0.003068;0.230097;0.406941;-0.687428;Thu Jun  8 12:54:39 2023
0.000000;0.000000;-0.010245;0.003068;0.000000;0.019366;-0.167293;Thu Jun  8 12:54:39 2023
0.017855;0.000312;0.030366;0.003068;0.000000;0.019366;0.015933;Thu Jun  8 12:54:39 2023
0.011975;0.000209;-0.010000;0.003068;0.000000;0.019366;-0.156458;Thu Jun  8 12:54:39 2023
0.000000;0.000000;-0.020367;0.003068;0.000000;0.019366;-0.209313;Thu Jun  8 12:54:39 2023
0.023805;0.000415;0.040489;0.003068;0.000000;0.019366;0.062833;Thu Jun  8 12:54:39 2023
0.011975;0.000209;-0.020120;0.003068;0.000000;0.019366;-0.198468;Thu Jun  8 12:54:39 2023
0.012048;0.000210;0.000123;0.003068;0.000000;0.019366;-0.114376;Thu Jun  8 12:54:39 2023
0.017855;0.000312;0.009878;0.000000;-0.230097;-1.079943;-0.069119;Thu Jun  8 12:54:39 2023
0.000000;0.000000;-0.030368;0.003068;0.230097;0.387221;-0.838153;Thu Jun  8 12:54:39 2023
0.030111;0.000526;0.051212;0.006136;0.230097;0.511264;-0.494892;Thu Jun  8 12:54:39 2023
0.029931;0.000522;-0.000306;0.009204;0.230097;0.634942;-0.729357;Thu Jun  8 12:54:39 2023
0.006061;0.000106;-0.040597;0.009204;0.000000;0.246269;-0.349677;Thu Jun  8 12:54:39 2023
0.012048;0.000210;0.010182;0.006136;-0.230097;-0.266814;0.452252;Thu Jun  8 12:54:39 2023
0.000000;0.000000;-0.020489;0.003068;-0.230097;-0.391955;0.334043;Thu Jun  8 12:54:39 2023
0.005988;0.000105;0.010183;0.003068;0.000000;-0.004745;-0.101692;Thu Jun  8 12:54:39 2023
0.005952;0.000104;-0.000061;0.006136;0.230097;1.094198;-0.144612;Thu Jun  8 12:54:39 2023
0.024092;0.000420;0.030847;0.003068;-0.230097;-0.960656;-0.001800;Thu Jun  8 12:54:39 2023
-0.011904;-0.000208;-0.061214;0.003068;0.000000;0.581481;0.173479;Thu Jun  8 12:54:39 2023
0.005988;0.000105;0.030428;0.003068;0.000000;0.013878;0.000970;Thu Jun  8 12:54:39 2023
-0.005917;-0.000103;-0.020246;0.000000;-0.230097;-1.085431;-0.219151;Thu Jun  8 12:54:39 2023
0.005988;0.000105;0.020246;0.000000;0.000000;-0.130252;-0.041296;Thu Jun  8 12:54:39 2023
0.005988;0.000105;0.000000;0.006136;0.460194;1.481042;-0.712666;Thu Jun  8 12:54:39 2023
0.011904;0.000208;0.010061;0.006136;0.000000;0.137921;-0.098811;Thu Jun  8 12:54:39 2023
0.017962;0.000313;0.010303;0.003068;-0.230097;-0.374430;0.494116;Thu Jun  8 12:54:39 2023
0.000000;0.000000;-0.030549;0.000000;-0.230097;-1.086163;-0.257798;Thu Jun  8 12:54:39 2023
0.011975;0.000209;0.020367;0.003068;0.230097;0.968325;-0.036619;Thu Jun  8 12:54:39 2023
0.000000;0.000000;-0.020367;0.003068;0.000000;-0.574178;-0.802855;Thu Jun  8 12:54:39 2023
0.018180;0.000317;0.030918;0.006136;0.230097;1.092368;-0.007818;Thu Jun  8 12:54:39 2023
0.000000;0.000000;-0.030917;0.006136;0.000000;0.136823;-0.279778;Thu Jun  8 12:54:39 2023
0.023948;0.000418;0.040725;0.003068;-0.230097;-0.375527;0.624217;Thu Jun  8 12:54:39 2023
0.018180;0.000317;-0.009808;0.000000;-0.230097;-0.499937;0.429432;Thu Jun  8 12:54:39 2023
0.000000;0.000000;-0.030915;0.000000;0.000000;-0.111995;-0.240330;Thu Jun  8 12:54:39 2023
0.018070;0.000315;0.030729;0.003068;0.230097;0.400356;-0.556576;Thu Jun  8 12:54:39 2023
0.011975;0.000209;-0.010364;0.003068;0.000000;0.012780;-0.164554;Thu Jun  8 12:54:39 2023
0.029931;0.000522;0.030532;0.003068;0.000000;0.012780;0.019938;Thu Jun  8 12:54:39 2023
-0.017855;-0.000312;-0.081258;0.000000;-0.230097;-1.086529;-0.483307;Thu Jun  8 12:54:39 2023
-0.017855;-0.000312;0.000000;0.003068;0.230097;0.380635;-0.733314;Thu Jun  8 12:54:39 2023
0.023948;0.000418;0.071086;0.009204;0.460194;1.603988;-0.424034;Thu Jun  8 12:54:39 2023
0.005988;0.000105;-0.030540;0.009204;0.000000;0.260501;-0.293755;Thu Jun  8 12:54:39 2023
0.024385;0.000426;0.031283;0.003068;-0.460194;-1.351525;0.564562;Thu Jun  8 12:54:39 2023
0.036348;0.000426;0.000000;0.003068;0.000000;0.578188;0.454053;Thu Jun  8 12:54:39 2023
0.024092;0.000634;0.020340;0.003068;0.000000;-0.576739;-0.606630;Thu Jun  8 12:54:39 2023
0.024092;0.000420;-0.020839;0.006136;0.230097;1.089807;-0.220385;Thu Jun  8 12:54:39 2023
0.012121;0.000212;-0.020355;0.006136;0.000000;0.134262;-0.228557;Thu Jun  8 12:54:39 2023
0.017962;0.000313;0.009933;0.003068;-0.230097;-0.378089;0.488922;Thu Jun  8 12:54:39 2023
0.018180;0.000317;0.000370;0.003068;0.000000;0.009487;-0.118200;Thu Jun  8 12:54:39 2023
0.012048;0.000210;-0.010427;0.003068;0.000000;0.009487;-0.168050;Thu Jun  8 12:54:39 2023
0.012048;0.000210;0.000000;0.003068;0.000000;0.009487;-0.124764;Thu Jun  8 12:54:39 2023
0.005988;0.000105;-0.010305;0.003068;0.000000;0.009487;-0.172510;Thu Jun  8 12:54:39 2023
0.000000;0.000000;-0.010183;0.003068;0.000000;0.009487;-0.176913;Thu Jun  8 12:54:39 2023
0.000000;0.000000;0.000000;0.003068;0.000000;0.009487;-0.134643;Thu Jun  8 12:54:39 2023
0.000000;0.000000;0.000000;0.003068;0.000000;0.009487;-0.134643;Thu Jun  8 12:54:39 2023
0.017855;0.000312;0.030364;0.003068;0.000000;0.009487;0.006045;Thu Jun  8 12:54:39 2023
0.005988;0.000105;-0.020181;0.003068;0.000000;0.009487;-0.213509;Thu Jun  8 12:54:39 2023
0.012048;0.000210;0.010305;0.003068;0.000000;0.009487;-0.081988;Thu Jun  8 12:54:39 2023
0.011975;0.000209;-0.000123;0.003068;0.000000;0.009487;-0.125333;Thu Jun  8 12:54:39 2023
0.000000;0.000000;-0.020364;0.003068;0.000000;0.009487;-0.219176;Thu Jun  8 12:54:39 2023
0.000000;0.000000;0.000000;0.003068;0.000000;0.009487;-0.134643;Thu Jun  8 12:54:39 2023
0.005952;0.000104;0.010121;0.003068;0.000000;0.009487;-0.087747;Thu Jun  8 12:54:39 2023
0.000000;0.000000;-0.010121;0.003068;0.000000;0.009487;-0.176657;Thu Jun  8 12:54:39 2023
0.000000;0.000000;0.000000;0.003068;0.000000;0.009487;-0.134643;Thu Jun  8 12:54:39 2023
0.000000;0.000000;0.000000;0.003068;0.000000;0.009487;-0.134643;Thu Jun  8 12:54:39 2023
0.000000;0.000000;0.000000;0.003068;0.000000;0.009487;-0.134643;Thu Jun  8 12:54:39 2023
0.000000;0.000000;0.000000;0.003068;0.000000;0.009487;-0.134643;Thu Jun  8 12:54:39 2023
0.000000;0.000000;0.000000;0.003068;0.000000;0.009487;-0.134643;Thu Jun  8 12:54:39 2023
0.000000;0.000000;0.000000;0.003068;0.000000;0.009487;-0.134643;Thu Jun  8 12:54:40 2023
0.011904;0.000208;0.020243;0.006136;0.230097;1.108796;-0.040848;Thu Jun  8 12:54:40 2023
0.011904;0.000208;0.000000;0.003068;-0.230097;-0.358368;0.462442;Thu Jun  8 12:54:40 2023
0.000000;0.000000;-0.020244;0.000000;-0.230097;-0.482412;0.388733;Thu Jun  8 12:54:40 2023
0.005952;0.000104;0.010122;-0.003068;-0.230097;-0.606089;0.540119;Thu Jun  8 12:54:40 2023
-0.006024;-0.000105;-0.020366;-0.003068;0.000000;-0.804740;-0.750093;Thu Jun  8 12:54:40 2023
-0.006024;-0.000105;0.000000;0.000000;0.230097;0.275580;-0.684538;Thu Jun  8 12:54:40 2023
-0.005988;-0.000105;0.000061;0.006136;0.460194;0.912340;-1.290932;Thu Jun  8 12:54:40 2023
0.000000;0.000000;0.010183;0.009204;0.230097;1.236132;-0.109165;Thu Jun  8 12:54:40 2023
0.000000;0.000000;0.000000;0.006136;-0.230097;-0.818722;-0.151802;Thu Jun  8 12:54:40 2023
0.017962;0.000313;0.030547;0.003068;-0.230097;0.211431;1.164013;Thu Jun  8 12:54:40 2023
0.011975;0.000209;-0.010181;0.000000;-0.230097;-1.067540;-0.144805;Thu Jun  8 12:54:40 2023
0.005917;0.000103;-0.010303;0.000000;0.000000;-0.111995;-0.149912;Thu Jun  8 12:54:40 2023
-0.006024;-0.000105;-0.020307;0.006136;0.460194;1.499664;-0.788193;Thu Jun  8 12:54:40 2023
0.017855;0.000312;0.040617;0.006136;0.000000;0.156910;0.051898;Thu Jun  8 12:54:40 2023
0.023948;0.000418;0.010363;0.003068;-0.230097;-0.355075;0.518630;Thu Jun  8 12:54:40 2023
0.000000;0.000000;-0.040739;0.000000;-0.230097;-0.479119;0.306946;Thu Jun  8 12:54:40 2023
0.011975;0.000209;0.020373;-0.003068;-0.230097;-1.190120;0.003579;Thu Jun  8 12:54:40 2023
0.000000;0.000000;-0.020375;0.000000;0.230097;0.277776;-0.761984;Thu Jun  8 12:54:40 2023
-0.005988;-0.000105;-0.010188;0.006136;0.460194;0.914536;-1.331285;Thu Jun  8 12:54:40 2023
0.011975;0.000209;0.030564;0.009204;0.230097;0.651004;-0.599869;Thu Jun  8 12:54:40 2023
0.024238;0.000423;0.020866;0.009204;0.000000;0.262696;-0.063202;Thu Jun  8 12:54:40 2023
0.005988;0.000105;-0.031054;0.006136;-0.230097;-0.250020;0.292897;Thu Jun  8 12:54:40 2023
0.017962;0.000313;0.020375;0.003068;-0.230097;-0.374796;0.535564;Thu Jun  8 12:54:40 2023
0.011975;0.000209;-0.010187;0.003068;0.000000;0.012780;-0.163818;Thu Jun  8 12:54:40 2023
0.036129;0.000631;0.041099;0.006136;0.230097;1.112089;0.068882;Thu Jun  8 12:54:40 2023
0.000000;0.000000;-0.061475;0.003068;-0.230097;-0.942399;-0.386543;Thu Jun  8 12:54:40 2023
0.018180;0.000317;0.030935;0.000000;-0.230097;-0.499205;0.599300;Thu Jun  8 12:54:40 2023
0.006024;0.000105;-0.020684;0.003068;0.230097;0.988045;-0.192188;Thu Jun  8 12:54:40 2023
0.012048;0.000210;0.010250;0.003068;0.000000;0.033232;-0.058471;Thu Jun  8 12:54:40 2023
0.011975;0.000209;-0.000123;0.003068;0.000000;0.033598;-0.101222;Thu Jun  8 12:54:40 2023
0.005952;0.000104;-0.010249;0.000000;-0.230097;-0.478021;0.439493;Thu Jun  8 12:54:40 2023
0.000000;0.000000;-0.010128;0.000000;0.000000;-0.089714;-0.131758;Thu Jun  8 12:54:40 2023
0.012121;0.000212;0.020623;0.000000;0.000000;-0.088982;0.006568;Thu Jun  8 12:54:40 2023
-0.006024;-0.000105;-0.030873;0.003068;0.230097;0.423735;-0.808673;Thu Jun  8 12:54:40 2023
0.017962;0.000313;0.040812;0.003068;0.000000;0.036525;0.076543;Thu Jun  8 12:54:40 2023
0.000000;0.000000;-0.030565;0.000000;-0.230097;-0.475094;0.353203;Thu Jun  8 12:54:40 2023
0.011975;0.000209;0.020379;0.000000;0.000000;-0.086787;0.007629;Thu Jun  8 12:54:40 2023
0.006061;0.000106;-0.010066;0.003068;0.230097;0.425930;-0.710194;Thu Jun  8 12:54:40 2023
0.005952;0.000104;-0.000184;0.003068;0.000000;0.038720;-0.101293;Thu Jun  8 12:54:40 2023
0.023948;0.000418;0.030623;0.003068;0.000000;0.039086;0.041714;Thu Jun  8 12:54:40 2023
0.005952;0.000104;-0.030623;0.003068;0.000000;0.039452;-0.226919;Thu Jun  8 12:54:40 2023
-0.005988;-0.000105;-0.020319;0.003068;0.000000;0.039818;-0.193570;Thu Jun  8 12:54:40 2023
0.005917;0.000103;0.020259;0.003068;0.000000;0.040184;-0.014995;Thu Jun  8 12:54:40 2023
-0.005988;-0.000105;-0.020259;0.003068;0.000000;0.040550;-0.192588;Thu Jun  8 12:54:40 2023
0.005988;0.000105;0.020379;0.000000;-0.230097;-1.058393;-0.013708;Thu Jun  8 12:54:40 2023
0.030294;0.000529;0.041360;0.003068;0.230097;0.409137;-0.493640;Thu Jun  8 12:54:40 2023
0.000000;0.000000;-0.051548;0.006136;0.230097;0.533546;-0.923878;Thu Jun  8 12:54:40 2023
0.000000;0.000000;0.000000;0.009204;0.230097;1.244913;-0.142655;Thu Jun  8 12:54:40 2023
0.000000;0.000000;0.000000;0.006136;-0.230097;-0.809941;-0.143021;Thu Jun  8 12:54:40 2023
0.006024;0.000105;0.010250;0.003068;-0.230097;-0.367112;0.491427;Thu Jun  8 12:54:40 2023
0.005952;0.000104;-0.000122;0.003068;0.000000;0.020463;-0.119292;Thu Jun  8 12:54:40 2023
0.000000;0.000000;-0.010128;0.003068;0.000000;0.020463;-0.165709;Thu Jun  8 12:54:40 2023
0.017855;0.000312;0.030380;0.003068;0.000000;0.020463;0.017088;Thu Jun  8 12:54:40 2023
0.000000;0.000000;-0.030380;0.003068;0.000000;0.020463;-0.249780;Thu Jun  8 12:54:40 2023
0.005952;0.000104;0.010127;0.003068;0.000000;0.020463;-0.076745;Thu Jun  8 12:54:40 2023
0.000000;0.000000;-0.010127;0.003068;0.000000;0.020463;-0.165708;Thu Jun  8 12:54:40 2023
0.005952;0.000104;0.010128;0.003068;0.000000;0.020463;-0.076744;Thu Jun  8 12:54:40 2023
0.030294;0.000529;0.041418;0.003068;0.000000;0.020463;0.073106;Thu Jun  8 12:54:40 2023
0.000000;0.000000;-0.051546;0.003068;0.000000;0.020463;-0.337646;Thu Jun  8 12:54:40 2023
0.017855;0.000312;0.030382;0.003068;0.000000;0.020463;0.017094;Thu Jun  8 12:54:40 2023
0.000000;0.000000;-0.030382;0.003068;0.000000;0.020463;-0.249789;Thu Jun  8 12:54:40 2023
0.011975;0.000209;0.020378;0.003068;0.000000;0.020463;-0.029255;Thu Jun  8 12:54:40 2023
0.005952;0.000104;-0.010249;0.003068;0.000000;0.020463;-0.161334;Thu Jun  8 12:54:40 2023
0.011975;0.000209;0.010250;0.003068;0.000000;0.020463;-0.071298;Thu Jun  8 12:54:40 2023
0.011904;0.000208;-0.000121;0.003068;0.000000;0.020463;-0.114409;Thu Jun  8 12:54:40 2023
0.011975;0.000209;0.000121;0.006136;0.230097;1.119772;-0.113344;Thu Jun  8 12:54:40 2023
0.000000;0.000000;-0.020380;0.003068;-0.230097;-0.934716;-0.208266;Thu Jun  8 12:54:40 2023
0.000000;0.000000;0.000000;0.000000;-0.230097;-0.491522;0.463658;Thu Jun  8 12:54:40 2023
0.006024;0.000105;0.010251;0.000000;0.000000;-0.103580;-0.056086;Thu Jun  8 12:54:40 2023
-0.011834;-0.000207;-0.030388;0.003068;0.230097;0.408771;-0.826389;Thu Jun  8 12:54:40 2023
0.005952;0.000104;0.030266;0.003068;0.000000;0.021195;0.007587;Thu Jun  8 12:54:40 2023
0.005988;0.000105;0.000061;0.003068;0.000000;0.021195;-0.117773;Thu Jun  8 12:54:40 2023
0.000000;0.000000;-0.010189;0.003068;0.000000;0.021195;-0.165232;Thu Jun  8 12:54:40 2023
0.005952;0.000104;0.010129;0.003068;0.000000;0.021195;-0.076008;Thu Jun  8 12:54:40 2023
0.011975;0.000209;0.010249;0.003068;0.000000;0.021195;-0.070570;Thu Jun  8 12:54:41 2023
0.000000;0.000000;-0.020377;0.003068;0.000000;0.021195;-0.207525;Thu Jun  8 12:54:41 2023
0.006024;0.000105;0.010251;0.003068;0.000000;0.021195;-0.075442;Thu Jun  8 12:54:41 2023
0.011975;0.000209;0.010127;0.003068;0.000000;0.021195;-0.071074;Thu Jun  8 12:54:41 2023
0.000000;0.000000;-0.020378;0.003068;0.000000;0.021195;-0.207529;Thu Jun  8 12:54:41 2023
0.000000;0.000000;0.000000;0.003068;0.000000;0.021195;-0.122935;Thu Jun  8 12:54:41 2023
0.017962;0.000313;0.030566;0.003068;0.000000;0.021195;0.018677;Thu Jun  8 12:54:41 2023
0.005952;0.000104;-0.020436;0.003068;0.000000;0.021195;-0.202890;Thu Jun  8 12:54:41 2023
0.000000;0.000000;-0.010129;0.003068;0.000000;0.021195;-0.164981;Thu Jun  8 12:54:41 2023
0.005952;0.000104;0.010128;0.003068;0.000000;0.021195;-0.076009;Thu Jun  8 12:54:41 2023
0.000000;0.000000;-0.010128;0.003068;0.000000;0.021195;-0.164979;Thu Jun  8 12:54:41 2023
0.000000;0.000000;0.000000;0.006136;0.230097;1.120504;-0.122935;Thu Jun  8 12:54:41 2023
0.036129;0.000631;0.061474;0.003068;-0.230097;-0.346660;0.749204;Thu Jun  8 12:54:41 2023
0.000000;0.000000;-0.061471;0.000000;-0.230097;-0.470704;0.229298;Thu Jun  8 12:54:41 2023
-0.005988;-0.000105;-0.010189;-0.003068;-0.230097;-0.594381;0.457721;Thu Jun  8 12:54:41 2023
0.018070;0.000315;0.040937;-0.003068;0.000000;-0.205708;0.123175;Thu Jun  8 12:54:41 2023
-0.006024;-0.000105;-0.040997;0.000000;0.230097;0.307375;-0.822931;Thu Jun  8 12:54:41 2023
0.017855;0.000312;0.040634;0.000000;0.000000;-0.079469;0.103850;Thu Jun  8 12:54:41 2023
0.005952;0.000104;-0.020254;0.000000;0.000000;-0.666061;-0.745260;Thu Jun  8 12:54:41 2023
0.024092;0.000420;0.030866;0.003068;0.230097;1.001217;0.049791;Thu Jun  8 12:54:41 2023
0.005952;0.000104;-0.030866;0.003068;0.000000;-0.540920;-0.808302;Thu Jun  8 12:54:41 2023
0.006061;0.000106;0.000184;0.003068;0.000000;0.026683;-0.111713;Thu Jun  8 12:54:41 2023
0.000000;0.000000;-0.010313;0.003068;0.000000;0.026683;-0.160259;Thu Jun  8 12:54:41 2023
0.011975;0.000209;0.020379;0.006136;0.230097;0.538668;-0.610353;Thu Jun  8 12:54:41 2023
0.000000;0.000000;-0.020380;0.006136;0.000000;0.150727;-0.222132;Thu Jun  8 12:54:41 2023
0.024092;0.000420;0.040999;0.003068;-0.230097;-0.948948;0.052049;Thu Jun  8 12:54:41 2023
0.011904;0.000208;-0.020740;0.003068;0.000000;0.005865;-0.214601;Thu Jun  8 12:54:41 2023
0.036348;0.000634;0.041598;0.006136;0.230097;0.517484;-0.523472;Thu Jun  8 12:54:41 2023
0.024092;0.000420;-0.020857;0.009204;0.230097;0.641162;-0.813236;Thu Jun  8 12:54:41 2023
0.030478;0.000532;0.010869;0.009204;0.000000;0.252489;-0.109790;Thu Jun  8 12:54:41 2023
0.006024;0.000105;-0.041620;0.006136;-0.230097;-0.260594;0.238492;Thu Jun  8 12:54:41 2023
0.011975;0.000209;0.010129;0.003068;-0.230097;-0.973059;-0.110142;Thu Jun  8 12:54:41 2023
0.018070;0.000315;0.010373;0.006136;0.230097;1.080697;-0.104864;Thu Jun  8 12:54:41 2023
0.011975;0.000209;-0.010373;0.006136;0.000000;0.124786;-0.196715;Thu Jun  8 12:54:41 2023
0.005917;0.000103;-0.010311;0.006136;0.000000;0.124055;-0.202156;Thu Jun  8 12:54:41 2023
0.024385;0.000426;0.031431;0.006136;0.000000;0.123323;-0.014465;Thu Jun  8 12:54:41 2023
0.000000;0.000000;-0.041500;0.003068;-0.230097;-0.389394;0.249380;Thu Jun  8 12:54:41 2023
0.005952;0.000104;0.010130;0.003068;0.000000;-0.002184;-0.099382;Thu Jun  8 12:54:41 2023
0.006024;0.000105;0.000122;0.006136;0.230097;0.509435;-0.728558;Thu Jun  8 12:54:41 2023
0.006024;0.000105;0.000000;0.006136;0.000000;0.121128;-0.162193;Thu Jun  8 12:54:41 2023
0.011834;0.000207;0.009887;0.006136;0.000000;0.120396;-0.117119;Thu Jun  8 12:54:41 2023
0.011975;0.000209;0.000241;0.006136;0.000000;0.706988;0.429549;Thu Jun  8 12:54:41 2023
0.006024;0.000105;-0.010128;0.006136;0.000000;0.139019;-0.186344;Thu Jun  8 12:54:41 2023
0.011904;0.000208;0.010007;0.003068;-0.230097;-0.373332;0.489019;Thu Jun  8 12:54:41 2023
0.005988;0.000105;-0.010069;0.000000;-0.230097;-0.497741;0.420551;Thu Jun  8 12:54:41 2023
0.000000;0.000000;-0.010191;0.000000;0.000000;-0.109800;-0.152104;Thu Jun  8 12:54:41 2023
0.005952;0.000104;0.010130;0.003068;0.230097;0.402551;-0.649825;Thu Jun  8 12:54:41 2023
0.000000;0.000000;-0.010130;0.003068;0.000000;0.014975;-0.171207;Thu Jun  8 12:54:41 2023
0.000000;0.000000;0.000000;0.006136;0.230097;1.114284;-0.129155;Thu Jun  8 12:54:41 2023
0.005952;0.000104;0.010131;0.003068;-0.230097;-0.352880;0.505104;Thu Jun  8 12:54:41 2023
0.011975;0.000209;0.010251;0.000000;-0.230097;-0.476923;0.530629;Thu Jun  8 12:54:41 2023
0.000000;0.000000;-0.020381;-0.003068;-0.230097;-0.600601;0.414103;Thu Jun  8 12:54:41 2023
0.018180;0.000317;0.030939;-0.003068;0.000000;-0.211928;0.075541;Thu Jun  8 12:54:41 2023
0.000000;0.000000;-0.030938;0.000000;0.230097;0.301155;-0.782455;Thu Jun  8 12:54:41 2023
0.011904;0.000208;0.020258;0.000000;0.000000;-0.085689;0.008166;Thu Jun  8 12:54:41 2023
0.012048;0.000210;0.000244;0.003068;0.230097;0.427028;-0.661390;Thu Jun  8 12:54:41 2023
-0.005988;-0.000105;-0.030690;0.003068;0.000000;0.039818;-0.236624;Thu Jun  8 12:54:41 2023
0.006024;0.000105;0.020440;0.000000;-0.230097;-1.059125;-0.014156;Thu Jun  8 12:54:41 2023
0.012048;0.000210;0.010250;0.003068;0.230097;0.995729;-0.051153;Thu Jun  8 12:54:41 2023
0.023948;0.000418;0.020249;0.006136;0.230097;0.552900;-0.586845;Thu Jun  8 12:54:41 2023
-0.006024;-0.000105;-0.050999;0.003068;-0.230097;-0.346660;0.247743;Thu Jun  8 12:54:41 2023
0.000000;0.000000;0.010250;0.000000;-0.230097;-1.058028;-0.060298;Thu Jun  8 12:54:41 2023
0.000000;0.000000;0.000000;0.003068;0.230097;0.996826;-0.102482;Thu Jun  8 12:54:41 2023
0.011975;0.000317;0.030937;0.003068;0.000000;-0.545311;-0.546109;Thu Jun  8 12:54:41 2023
0.011975;0.000209;-0.010559;0.003068;0.000000;0.022293;-0.155849;Thu Jun  8 12:54:41 2023
0.000000;0.000000;-0.020381;0.006136;0.230097;0.534278;-0.793765;Thu Jun  8 12:54:41 2023
0.005952;0.000104;0.010130;0.006136;0.000000;0.146336;-0.094991;Thu Jun  8 12:54:41 2023
0.030111;0.000104;0.000000;0.006136;0.000000;0.145970;-0.137409;Thu Jun  8 12:54:41 2023
0.024238;0.000526;0.041117;0.006136;0.000000;0.145604;0.052717;Thu Jun  8 12:54:41 2023
0.024238;0.000423;-0.009997;0.006136;0.000000;0.145239;-0.164646;Thu Jun  8 12:54:41 2023
-0.005952;0.000000;-0.041252;0.006136;0.000000;0.144873;-0.314633;Thu Jun  8 12:54:41 2023
0.011834;-0.000104;-0.010131;0.009204;0.230097;1.243816;-0.190688;Thu Jun  8 12:54:41 2023
0.030294;0.000207;0.030271;0.006136;-0.230097;-0.223714;0.578571;Thu Jun  8 12:54:41 2023
0.000000;0.000000;-0.020140;0.000000;-0.460194;-1.447432;0.379319;Thu Jun  8 12:54:41 2023
-0.005988;-0.000105;-0.010191;0.000000;0.000000;-0.104312;-0.151526;Thu Jun  8 12:54:41 2023
0.024092;-0.000105;0.000000;0.003068;0.230097;0.408039;-0.696180;Thu Jun  8 12:54:42 2023
0.024092;0.000420;0.051191;0.006136;0.230097;1.119772;0.108590;Thu Jun  8 12:54:42 2023
0.005952;0.000104;-0.030870;0.006136;0.000000;0.164593;-0.246933;Thu Jun  8 12:54:42 2023
0.018180;0.000317;0.020809;0.003068;-0.230097;-0.347392;0.564945;Thu Jun  8 12:54:42 2023
0.017855;0.000312;-0.000552;0.000000;-0.230097;-0.471435;0.496091;Thu Jun  8 12:54:42 2023
0.006024;0.000105;-0.020134;0.000000;0.000000;-0.083128;-0.161768;Thu Jun  8 12:54:42 2023
0.000000;0.000000;-0.010251;0.000000;0.000000;-0.082396;-0.124951;Thu Jun  8 12:54:42 2023
0.000000;0.000000;0.000000;0.000000;0.000000;-0.081664;-0.081664;Thu Jun  8 12:54:42 2023
-0.006024;-0.000105;-0.010251;0.003068;0.230097;1.018376;-0.128428;Thu Jun  8 12:54:42 2023
0.017855;0.000312;0.040638;0.000000;-0.230097;-1.035380;0.103136;Thu Jun  8 12:54:42 2023
0.000000;0.000000;-0.030387;0.000000;0.000000;0.507855;0.381712;Thu Jun  8 12:54:42 2023
0.000000;0.000000;0.000000;0.000000;0.000000;-0.058651;-0.058651;Thu Jun  8 12:54:42 2023
0.005988;0.000105;0.010191;-0.003068;-0.230097;-1.156862;-0.010341;Thu Jun  8 12:54:42 2023
0.024092;0.000420;0.030810;0.000000;0.230097;0.898723;0.091196;Thu Jun  8 12:54:42 2023
0.005988;0.000105;-0.030811;0.000000;0.000000;-0.642682;-0.765674;Thu Jun  8 12:54:42 2023
-0.005988;-0.000105;-0.020382;0.003068;0.230097;1.024962;-0.163866;Thu Jun  8 12:54:42 2023
0.000000;0.000000;0.010191;0.003068;0.000000;-0.516809;-0.618635;Thu Jun  8 12:54:42 2023
0.011975;0.000209;0.020381;0.003068;0.000000;0.051160;0.001454;Thu Jun  8 12:54:42 2023
0.000000;0.000000;-0.020381;0.003068;0.000000;0.051526;-0.177209;Thu Jun  8 12:54:42 2023
0.000000;0.000000;0.000000;0.003068;0.000000;0.051892;-0.092238;Thu Jun  8 12:54:42 2023
0.017962;0.000313;0.030569;0.003068;0.000000;-0.535066;-0.537571;Thu Jun  8 12:54:42 2023
-0.005988;-0.000105;-0.040759;0.006136;0.230097;1.131846;-0.285701;Thu Jun  8 12:54:42 2023
0.006024;0.000105;0.020442;0.006136;0.000000;-0.410657;-0.609119;Thu Jun  8 12:54:42 2023
0.005952;0.000104;-0.000122;0.006136;0.000000;0.743905;0.460019;Thu Jun  8 12:54:42 2023
0.005952;0.000104;0.000000;0.003068;-0.230097;-0.923008;-0.107078;Thu Jun  8 12:54:42 2023
0.011975;0.000209;0.010249;0.003068;0.000000;0.619495;0.527732;Thu Jun  8 12:54:42 2023
0.006024;0.000105;-0.010127;0.003068;0.000000;0.052258;-0.128974;Thu Jun  8 12:54:42 2023
0.011975;0.000209;0.010127;0.000000;-0.230097;-1.046685;-0.039647;Thu Jun  8 12:54:42 2023
0.012048;0.000210;0.000123;0.000000;0.000000;-0.091140;-0.080752;Thu Jun  8 12:54:42 2023
0.018070;0.000315;0.010249;0.003068;0.230097;-0.166113;-1.208059;Thu Jun  8 12:54:42 2023
0.011904;0.000208;-0.010494;0.009204;0.460194;1.624842;-0.751705;Thu Jun  8 12:54:42 2023
0.000000;0.000000;-0.020259;0.009204;0.000000;0.281356;-0.235132;Thu Jun  8 12:54:42 2023
0.006024;0.000105;0.010252;0.003068;-0.460194;-0.743346;1.070381;Thu Jun  8 12:54:42 2023
0.012048;0.000210;0.010251;0.000000;-0.230097;-1.067503;-0.059890;Thu Jun  8 12:54:42 2023
0.029931;0.000522;0.030436;0.000000;0.000000;-0.112324;0.038563;Thu Jun  8 12:54:42 2023
0.005988;0.000105;-0.040749;0.006136;0.460194;1.498970;-0.863895;Thu Jun  8 12:54:42 2023
0.018180;0.000317;0.020750;0.006136;0.000000;-0.431475;-0.618692;Thu Jun  8 12:54:42 2023
0.005952;0.000104;-0.020811;0.003068;-0.230097;-0.376588;0.352949;Thu Jun  8 12:54:42 2023
0.000000;0.000000;-0.010131;0.003068;0.000000;0.010622;-0.175565;Thu Jun  8 12:54:42 2023
0.012048;0.000210;0.020507;0.003068;0.000000;0.010256;-0.038867;Thu Jun  8 12:54:42 2023
0.017962;0.000313;0.010068;0.006136;0.230097;0.521875;-0.665042;Thu Jun  8 12:54:42 2023
0.000000;0.000000;-0.030576;0.006136;0.000000;0.720891;0.305706;Thu Jun  8 12:54:42 2023
0.006024;0.000105;0.010254;0.003068;-0.230097;-0.359063;0.499493;Thu Jun  8 12:54:42 2023
0.030294;0.000529;0.041311;-0.003068;-0.460194;-1.582781;0.668038;Thu Jun  8 12:54:42 2023
0.017855;0.000312;-0.021172;-0.003068;0.000000;-0.239661;-0.168782;Thu Jun  8 12:54:42 2023
0.000000;0.000000;-0.030392;0.003068;0.460194;0.784675;-1.395977;Thu Jun  8 12:54:42 2023
0.006024;0.000105;0.010254;0.006136;0.230097;0.521143;-0.674789;Thu Jun  8 12:54:42 2023
0.018070;0.000315;0.020505;0.006136;0.000000;0.132836;-0.055485;Thu Jun  8 12:54:42 2023
0.012048;0.000210;-0.010252;0.006136;0.000000;0.132104;-0.188835;Thu Jun  8 12:54:42 2023
0.000000;0.000000;-0.020507;0.003068;-0.230097;-0.967937;-0.242017;Thu Jun  8 12:54:42 2023
0.006024;0.000105;0.010254;0.006136;0.230097;1.085820;-0.110115;Thu Jun  8 12:54:42 2023
0.000000;0.000000;-0.010253;0.009204;0.230097;0.641894;-0.788239;Thu Jun  8 12:54:42 2023
0.017962;0.000313;0.030574;0.006136;-0.230097;-0.258765;0.549800;Thu Jun  8 12:54:42 2023
0.000000;0.000000;-0.030574;0.003068;-0.230097;-0.383906;0.300223;Thu Jun  8 12:54:42 2023
0.005952;0.000104;0.010132;0.000000;-0.230097;-1.096005;-0.093885;Thu Jun  8 12:54:42 2023
0.011975;0.000209;0.010253;0.003068;0.230097;0.370793;-0.676134;Thu Jun  8 12:54:42 2023
0.018180;0.000317;0.010562;0.006136;0.230097;0.494471;-0.690218;Thu Jun  8 12:54:42 2023
-0.005917;-0.000103;-0.041020;0.009204;0.230097;0.617783;-0.944920;Thu Jun  8 12:54:42 2023
0.011904;0.000208;0.030337;0.009204;0.000000;0.228744;-0.067948;Thu Jun  8 12:54:42 2023
0.017962;0.000313;0.010313;0.006136;-0.230097;-0.284705;0.439753;Thu Jun  8 12:54:42 2023
0.024092;0.000420;0.010435;0.006136;0.000000;0.689097;0.463908;Thu Jun  8 12:54:42 2023
0.000000;0.000000;-0.041012;0.003068;-0.230097;-0.978547;-0.337746;Thu Jun  8 12:54:42 2023
0.000000;0.000000;0.000000;0.003068;0.000000;0.563224;0.419094;Thu Jun  8 12:54:42 2023
0.012048;0.000210;0.020508;0.003068;0.000000;-0.004745;-0.053862;Thu Jun  8 12:54:42 2023
0.011975;0.000209;-0.000123;0.003068;0.000000;-0.005111;-0.139931;Thu Jun  8 12:54:42 2023
0.024092;0.000420;0.020624;0.003068;0.000000;-0.005477;-0.044237;Thu Jun  8 12:54:42 2023
0.012121;0.000212;-0.020377;0.003068;0.000000;-0.005843;-0.224624;Thu Jun  8 12:54:42 2023
0.018070;0.000315;0.010127;0.003068;0.000000;-0.006209;-0.093482;Thu Jun  8 12:54:42 2023
-0.005988;-0.000105;-0.040950;0.003068;0.000000;-0.006575;-0.325607;Thu Jun  8 12:54:42 2023
0.024092;0.000420;0.051198;0.003068;0.000000;-0.006940;0.081218;Thu Jun  8 12:54:42 2023
0.018070;0.000315;-0.010249;0.003068;0.000000;-0.007306;-0.179165;Thu Jun  8 12:54:42 2023
0.024092;0.000420;0.010249;0.003068;0.000000;-0.007672;-0.089503;Thu Jun  8 12:54:42 2023
0.011975;0.000209;-0.020623;0.003068;0.000000;-0.008038;-0.227958;Thu Jun  8 12:54:42 2023
-0.011904;-0.000208;-0.040645;0.003068;0.000000;-0.008404;-0.331020;Thu Jun  8 12:54:42 2023
0.024092;0.000420;0.061270;0.006136;0.230097;1.090539;0.121197;Thu Jun  8 12:54:42 2023
0.005952;0.000104;-0.030876;0.003068;-0.230097;-0.376991;0.310768;Thu Jun  8 12:54:42 2023
0.017962;0.000313;0.020443;0.000000;-0.230097;-0.501400;0.553370;Thu Jun  8 12:54:43 2023
0.011975;0.000209;-0.010191;-0.003068;-0.230097;-0.625444;0.441381;Thu Jun  8 12:54:43 2023
-0.005952;-0.000104;-0.030517;0.000000;0.230097;0.274849;-0.811893;Thu Jun  8 12:54:43 2023
-0.006024;-0.000105;-0.000122;0.000000;0.000000;-0.112361;-0.117807;Thu Jun  8 12:54:43 2023
0.000000;0.000000;0.010254;0.003068;0.230097;0.399990;-0.656754;Thu Jun  8 12:54:43 2023
0.017855;0.000312;0.030392;0.003068;0.000000;0.012414;0.009088;Thu Jun  8 12:54:43 2023
0.012048;0.000210;-0.009885;0.003068;0.000000;0.012414;-0.162873;Thu Jun  8 12:54:43 2023
0.000000;0.000000;-0.020506;0.003068;0.000000;0.012414;-0.216841;Thu Jun  8 12:54:43 2023
0.005988;0.000105;0.010192;0.003068;0.000000;0.012414;-0.084498;Thu Jun  8 12:54:43 2023
0.000000;0.000000;-0.010192;0.003068;0.000000;0.012414;-0.174025;Thu Jun  8 12:54:43 2023
0.017855;0.000312;0.030391;0.003068;0.000000;0.012414;0.009083;Thu Jun  8 12:54:43 2023
0.000000;0.000000;-0.030390;0.003068;0.000000;0.012414;-0.257872;Thu Jun  8 12:54:43 2023
0.005988;0.000105;0.010191;0.003068;0.000000;0.012414;-0.084499;Thu Jun  8 12:54:43 2023
0.011975;0.000209;0.010191;0.003068;0.000000;0.012414;-0.079593;Thu Jun  8 12:54:43 2023
0.000000;0.000000;-0.020384;0.003068;0.000000;0.012414;-0.216333;Thu Jun  8 12:54:43 2023
0.012048;0.000210;0.020507;0.003068;0.000000;0.012414;-0.036707;Thu Jun  8 12:54:43 2023
0.012048;0.000210;0.000000;0.000000;-0.230097;-1.086895;-0.121837;Thu Jun  8 12:54:43 2023
-0.005988;-0.000105;-0.030702;0.003068;0.230097;0.380269;-0.851399;Thu Jun  8 12:54:43 2023
0.005988;0.000105;0.020387;0.009204;0.460194;1.603622;-0.649587;Thu Jun  8 12:54:43 2023
0.006024;0.000105;0.000061;0.009204;0.000000;0.260135;-0.167060;Thu Jun  8 12:54:43 2023
0.017962;0.000313;0.020322;0.003068;-0.460194;-1.351890;0.513427;Thu Jun  8 12:54:43 2023
0.006024;0.000105;-0.020322;0.000000;-0.230097;-0.521487;0.354272;Thu Jun  8 12:54:43 2023
0.000000;0.000000;-0.010254;0.003068;0.230097;0.378074;-0.763803;Thu Jun  8 12:54:43 2023
0.024092;0.000420;0.041010;0.009204;0.460194;1.014102;-1.138653;Thu Jun  8 12:54:43 2023
0.024092;0.000420;0.000000;0.009204;0.000000;0.237854;-0.174782;Thu Jun  8 12:54:43 2023
0.036129;0.000631;0.020489;0.006136;-0.230097;-0.275229;0.506367;Thu Jun  8 12:54:43 2023
0.011975;0.000209;-0.041111;0.003068;-0.230097;-0.400370;0.249840;Thu Jun  8 12:54:43 2023
0.011904;0.000208;-0.000121;0.003068;0.000000;-0.013160;-0.148033;Thu Jun  8 12:54:43 2023
0.005988;0.000105;-0.010069;0.003068;0.000000;-0.013526;-0.194546;Thu Jun  8 12:54:43 2023
0.005952;0.000104;-0.000061;0.003068;0.000000;-0.601216;-0.740717;Thu Jun  8 12:54:43 2023
0.000000;0.000000;-0.010130;0.006136;0.230097;1.064965;-0.220525;Thu Jun  8 12:54:43 2023
0.048447;0.000846;0.082446;0.009204;0.230097;0.621039;-0.384555;Thu Jun  8 12:54:43 2023
0.017962;0.000313;-0.051877;0.006136;-0.230097;-0.279620;0.186675;Thu Jun  8 12:54:43 2023
0.012048;0.000210;-0.010065;0.003068;-0.230097;-0.404761;0.374386;Thu Jun  8 12:54:43 2023
0.005988;0.000105;-0.010312;0.000000;-0.230097;-0.529536;0.387747;Thu Jun  8 12:54:43 2023
0.000000;0.000000;-0.010190;0.000000;0.000000;-0.141960;-0.184260;Thu Jun  8 12:54:43 2023
0.000000;0.000000;0.000000;0.003068;0.230097;0.370025;-0.729284;Thu Jun  8 12:54:43 2023
0.000000;0.000000;0.000000;0.003068;0.000000;-0.017917;-0.162047;Thu Jun  8 12:54:43 2023
0.012121;0.000212;0.020628;0.003068;0.000000;-0.018283;-0.066845;Thu Jun  8 12:54:43 2023
0.005952;0.000104;-0.010498;0.006136;0.230097;1.080660;-0.201476;Thu Jun  8 12:54:43 2023
0.005988;0.000105;0.000061;0.003068;-0.230097;-0.386870;0.429341;Thu Jun  8 12:54:43 2023
0.011904;0.000208;0.010069;0.000000;-0.230097;-0.511279;0.495458;Thu Jun  8 12:54:43 2023
0.024238;0.000423;0.020990;-0.003068;-0.230097;-1.222646;-0.016329;Thu Jun  8 12:54:43 2023
0.011975;0.000209;-0.020869;0.000000;0.230097;0.832208;-0.199782;Thu Jun  8 12:54:43 2023
0.000000;0.000000;-0.020380;0.003068;0.230097;0.389379;-0.794532;Thu Jun  8 12:54:43 2023
0.012048;0.000210;0.020503;0.003068;0.000000;-0.585520;-0.634661;Thu Jun  8 12:54:43 2023
0.024092;0.000420;0.020496;0.003068;0.000000;-0.018283;-0.057574;Thu Jun  8 12:54:43 2023
0.006024;0.000105;-0.030747;0.006136;0.230097;0.493336;-0.872799;Thu Jun  8 12:54:43 2023
0.018291;0.000319;0.020875;0.009204;0.230097;1.204338;-0.081578;Thu Jun  8 12:54:43 2023
0.024238;0.000423;0.010120;0.006136;-0.230097;-0.263558;0.465246;Thu Jun  8 12:54:43 2023
0.012121;0.000212;-0.020619;0.000000;-0.460194;-1.487642;0.347059;Thu Jun  8 12:54:43 2023
0.005988;0.000105;-0.010436;0.000000;0.000000;0.442437;0.404026;Thu Jun  8 12:54:43 2023
0.011975;0.000209;0.010189;0.000000;0.000000;-0.712125;-0.660011;Thu Jun  8 12:54:43 2023
0.017962;0.000313;0.010187;0.003068;0.230097;0.367464;-0.674829;Thu Jun  8 12:54:43 2023
0.012048;0.000210;-0.010064;0.006136;0.230097;0.491507;-0.783833;Thu Jun  8 12:54:43 2023
0.011975;0.000209;-0.000123;0.009204;0.230097;1.202509;-0.175750;Thu Jun  8 12:54:43 2023
0.006061;0.000106;-0.010065;0.006136;-0.230097;-0.852711;-0.222605;Thu Jun  8 12:54:43 2023
0.018070;0.000315;0.020436;0.003068;-0.230097;-0.410249;0.500453;Thu Jun  8 12:54:43 2023
0.011975;0.000209;-0.010371;0.003068;0.000000;-0.023039;-0.200403;Thu Jun  8 12:54:43 2023
0.017962;0.000313;0.010187;0.003068;0.000000;-0.023405;-0.110518;Thu Jun  8 12:54:43 2023
0.024385;0.000426;0.010930;0.006136;0.230097;0.488214;-0.689856;Thu Jun  8 12:54:43 2023
0.006024;0.000105;-0.031246;0.006136;0.000000;0.099907;-0.313124;Thu Jun  8 12:54:43 2023
0.000000;0.000000;-0.010252;0.003068;-0.230097;-0.412810;0.355683;Thu Jun  8 12:54:43 2023
0.012121;0.000212;0.020627;0.003068;0.000000;-0.025600;-0.074165;Thu Jun  8 12:54:43 2023
0.011975;0.000209;-0.000247;0.006136;0.230097;0.486019;-0.748626;Thu Jun  8 12:54:43 2023
0.024092;0.000420;0.020619;0.006136;0.000000;0.097712;-0.085203;Thu Jun  8 12:54:43 2023
0.011975;0.000209;-0.020618;0.006136;0.000000;0.684304;0.320273;Thu Jun  8 12:54:43 2023
0.017962;0.000313;0.010187;0.003068;-0.230097;-0.982975;-0.114908;Thu Jun  8 12:54:43 2023
0.006024;0.000105;-0.020315;0.003068;0.000000;0.559163;0.335641;Thu Jun  8 12:54:43 2023
0.011904;0.000208;0.010006;0.003068;0.000000;-0.008441;-0.101273;Thu Jun  8 12:54:43 2023
0.030294;0.000529;0.031292;0.003068;0.000000;-0.008441;0.002169;Thu Jun  8 12:54:43 2023
0.000000;0.000000;-0.051547;0.003068;0.000000;-0.008441;-0.366554;Thu Jun  8 12:54:43 2023
0.005988;0.000105;0.010189;0.003068;0.000000;-0.008441;-0.105365;Thu Jun  8 12:54:43 2023
0.011975;0.000209;0.010188;0.003068;0.000000;-0.008441;-0.100460;Thu Jun  8 12:54:43 2023
0.000000;0.000000;-0.020377;0.003068;0.000000;-0.008441;-0.237160;Thu Jun  8 12:54:43 2023
0.000000;0.000000;0.000000;0.003068;0.000000;-0.008441;-0.152571;Thu Jun  8 12:54:44 2023
0.000000;0.000000;0.000000;0.003068;0.000000;-0.008441;-0.152571;Thu Jun  8 12:54:44 2023
0.000000;0.000000;0.000000;0.003068;0.000000;-0.008441;-0.152571;Thu Jun  8 12:54:44 2023
0.000000;0.000000;0.000000;0.003068;0.000000;-0.008441;-0.152571;Thu Jun  8 12:54:44 2023
0.012048;0.000210;0.020501;0.003068;0.000000;-0.008441;-0.057589;Thu Jun  8 12:54:44 2023
0.005952;0.000104;-0.010372;0.003068;0.000000;-0.008441;-0.190748;Thu Jun  8 12:54:44 2023
0.000000;0.000000;-0.010129;0.003068;0.000000;-0.008441;-0.194619;Thu Jun  8 12:54:44 2023
0.000000;0.000000;0.000000;0.003068;0.000000;-0.008441;-0.152571;Thu Jun  8 12:54:44 2023
0.011904;0.000208;0.020258;0.003068;0.000000;-0.008441;-0.058717;Thu Jun  8 12:54:44 2023
0.017855;0.000312;0.010127;0.003068;0.000000;-0.008441;-0.095892;Thu Jun  8 12:54:44 2023
0.011975;0.000209;-0.010005;0.003068;0.000000;-0.008441;-0.184286;Thu Jun  8 12:54:44 2023
0.011975;0.000209;0.000000;0.003068;0.000000;-0.008441;-0.142752;Thu Jun  8 12:54:44 2023
0.018070;0.000315;0.010371;0.003068;0.000000;-0.008441;-0.094702;Thu Jun  8 12:54:44 2023
0.023805;0.000415;0.009758;0.003068;0.000000;-0.008441;-0.092545;Thu Jun  8 12:54:44 2023
0.023805;0.000415;0.000000;0.006136;0.230097;1.090868;-0.133052;Thu Jun  8 12:54:44 2023
0.005952;0.000104;-0.030379;0.003068;-0.230097;-0.376296;0.313526;Thu Jun  8 12:54:44 2023
0.030111;0.000526;0.041110;0.000000;-0.230097;-0.500340;0.650183;Thu Jun  8 12:54:44 2023
-0.006024;-0.000105;-0.061488;-0.003068;-0.230097;-0.624017;0.215105;Thu Jun  8 12:54:44 2023
0.017855;-0.000105;0.000000;-0.003068;0.000000;-0.822668;-0.683477;Thu Jun  8 12:54:44 2023
-0.005988;0.000312;0.040632;0.003068;0.460194;1.356961;-0.514215;Thu Jun  8 12:54:44 2023
0.011975;-0.000105;-0.040570;0.006136;0.230097;0.526557;-0.890207;Thu Jun  8 12:54:44 2023
0.011975;0.000209;0.030565;0.006136;0.000000;0.138982;-0.012576;Thu Jun  8 12:54:44 2023
0.011975;0.000209;0.000000;0.003068;-0.230097;-0.373003;0.447865;Thu Jun  8 12:54:44 2023
-0.005952;-0.000104;-0.030506;0.000000;-0.230097;-1.084371;-0.260707;Thu Jun  8 12:54:44 2023
0.012048;0.000210;0.030628;0.003068;0.230097;0.970483;0.008197;Thu Jun  8 12:54:44 2023
-0.005988;-0.000105;-0.030689;0.006136;0.230097;0.527655;-0.848089;Thu Jun  8 12:54:44 2023
0.000000;0.000000;0.010189;0.006136;0.000000;0.140079;-0.105884;Thu Jun  8 12:54:44 2023
0.023948;0.000418;0.040748;0.003068;-0.230097;-0.959230;0.040608;Thu Jun  8 12:54:44 2023
0.011975;0.000209;-0.020371;0.003068;0.000000;-0.004050;-0.222926;Thu Jun  8 12:54:44 2023
0.018291;0.000319;0.010746;0.009204;0.460194;1.607243;-0.675900;Thu Jun  8 12:54:44 2023
0.005952;0.000104;-0.020994;0.009204;0.000000;0.264123;-0.250535;Thu Jun  8 12:54:44 2023
0.018070;0.000315;0.020619;0.003068;-0.460194;-1.347537;0.519100;Thu Jun  8 12:54:44 2023
0.000000;0.000000;-0.030746;0.003068;0.000000;0.582542;0.310778;Thu Jun  8 12:54:44 2023
0.000000;0.000000;0.000000;0.003068;0.000000;0.015304;-0.128826;Thu Jun  8 12:54:44 2023
0.018070;0.000315;0.030746;0.003068;0.000000;0.015670;0.013988;Thu Jun  8 12:54:44 2023
0.000000;0.000000;-0.030746;0.003068;0.000000;0.016036;-0.255725;Thu Jun  8 12:54:44 2023
0.017962;0.000313;0.030561;0.003068;0.000000;0.016402;0.013865;Thu Jun  8 12:54:44 2023
0.000000;0.000000;-0.030561;0.003068;0.000000;0.016768;-0.254226;Thu Jun  8 12:54:44 2023
0.018070;0.000315;0.030745;0.006136;0.230097;1.116442;0.015447;Thu Jun  8 12:54:44 2023
0.000000;0.000000;-0.030744;0.003068;-0.230097;-0.937680;-0.254255;Thu Jun  8 12:54:44 2023
0.005952;0.000104;0.010127;0.000000;-0.230097;-0.494120;0.507979;Thu Jun  8 12:54:44 2023
0.000000;0.000000;-0.010127;0.003068;0.230097;0.993497;-0.147851;Thu Jun  8 12:54:44 2023
0.011904;0.000208;0.020253;0.003068;0.000000;0.039049;-0.011246;Thu Jun  8 12:54:44 2023
0.011904;0.000208;0.000000;0.000000;-0.230097;-0.472204;0.492736;Thu Jun  8 12:54:44 2023
