Starting new run:  K= -1.000000, -1.661800, 36.745900, -1.622700, 3.242100 - Fri Jun 30 14:11:31 2023

alphaQube;alphaDotQube;thetaQube;thetaDotQube;z;thetaTarget;p1x;p1y;p2x;p2y;alphaCam;alphaDotCam;cameraAngle;twoDotCheck;Kx;KxCam;alphaFiltered;alphaDotFiltered;alphaFilteredGated;alphaDotFilteredGated;camControl;systemTime
0.006136;0.000000;0.003068;0.000000;0.177727;0.000000;62.500000;88.500000;251.500000;88.500000;0.000000;0.000000;0.000000;1;0.042645;-0.182825;0.000000;0.000000;0.000000;0.000000;0;Fri Jun 30 14:11:43 2023
0.006136;0.000000;0.003068;0.000000;0.177758;0.000000;62.500000;90.500000;251.500000;88.500000;0.010582;1.058618;0.606282;1;0.042614;-0.182856;0.002512;0.395817;0.000000;0.000000;0;Fri Jun 30 14:11:43 2023
0.006136;0.000000;0.003068;0.000000;0.177788;0.000000;63.500000;90.500000;251.500000;88.500000;0.010638;0.005631;0.609507;1;0.042583;-0.182887;0.006357;0.217774;0.006357;0.636029;0;Fri Jun 30 14:11:43 2023
0.009204;0.306796;0.006136;0.306796;0.177850;0.000000;62.500000;89.500000;251.500000;88.500000;0.005291;-0.534997;0.303149;1;0.646984;1.609774;0.007120;-0.060574;0.007120;0.000000;0;Fri Jun 30 14:11:43 2023
0.009204;0.000000;0.006136;0.000000;0.177911;0.000000;61.500000;90.500000;250.500000;88.500000;0.010582;0.529385;0.606282;1;0.150097;0.073528;0.007508;-0.047110;0.007508;0.000000;0;Fri Jun 30 14:11:43 2023
0.006136;-0.306796;0.003068;-0.306796;0.177942;0.000000;63.500000;89.500000;250.500000;88.500000;0.005348;-0.523714;0.306392;1;-0.454396;0.590673;0.007725;-0.290215;0.007725;0.000000;0;Fri Jun 30 14:11:43 2023
0.006136;0.000000;0.003068;0.000000;0.177972;0.000000;63.500000;89.500000;252.500000;88.500000;0.005291;-0.005662;0.303149;1;0.042399;0.100776;0.006583;0.106951;0.006583;0.000000;0;Fri Jun 30 14:11:43 2023
0.006136;0.000000;0.003068;0.000000;0.178003;0.000000;63.500000;89.500000;250.500000;88.500000;0.005348;0.005662;0.306392;1;0.042369;0.058780;0.005983;0.046505;0.005983;0.000000;0;Fri Jun 30 14:11:43 2023
0.006136;0.000000;0.003068;0.000000;0.178034;0.000000;62.500000;90.500000;249.500000;89.500000;0.005348;0.000000;0.306392;1;0.042338;0.036709;0.005681;-0.073296;0.005681;0.000000;0;Fri Jun 30 14:11:43 2023
0.006136;0.000000;0.003068;0.000000;0.178064;0.000000;61.500000;90.500000;251.500000;88.500000;0.010526;0.518141;0.603091;1;0.042307;0.025596;0.006752;0.145550;0.006752;0.000000;0;Fri Jun 30 14:11:43 2023
0.006136;0.000000;0.003068;0.000000;0.178095;0.000000;62.500000;90.500000;251.500000;88.500000;0.010582;0.005572;0.606282;1;0.042277;0.064918;0.008557;0.153603;0.008557;0.000000;0;Fri Jun 30 14:11:43 2023
0.006136;0.000000;0.003068;0.000000;0.178126;0.000000;62.500000;90.500000;251.500000;89.500000;0.005291;-0.529393;0.303149;1;0.042246;0.131215;0.008262;-0.082630;0.008262;0.000000;0;Fri Jun 30 14:11:43 2023
0.006136;0.000000;0.003068;0.000000;0.178157;0.000000;63.500000;89.500000;251.500000;89.500000;0.000000;-0.529420;0.000000;1;0.042215;0.120353;0.005595;-0.397443;0.005595;-0.266853;0;Fri Jun 30 14:11:43 2023
0.006136;0.000000;0.003068;0.000000;0.178187;0.000000;63.500000;89.500000;251.500000;88.500000;0.005319;0.532233;0.304762;1;0.042184;-0.842838;0.004201;-0.084542;0.004201;0.000000;0;Fri Jun 30 14:11:43 2023
0.003068;-0.306796;0.003068;0.000000;0.178218;0.000000;63.500000;89.500000;250.500000;89.500000;0.000000;-0.532224;0.000000;1;-1.065245;-0.028929;0.003469;-0.043108;0.000000;-0.420397;0;Fri Jun 30 14:11:43 2023
0.006136;0.306796;0.006136;0.306796;0.178279;0.000000;62.500000;90.500000;250.500000;88.500000;0.010638;1.064373;0.609507;1;0.533820;-2.049283;0.004348;0.585027;0.004348;0.434994;0;Fri Jun 30 14:11:43 2023
0.006136;0.000000;0.006136;0.000000;0.178341;0.000000;63.500000;89.500000;250.500000;89.500000;0.000000;-1.064359;0.000000;1;0.036933;1.381511;0.004809;-0.310607;0.004809;0.000000;0;Fri Jun 30 14:11:43 2023
0.009204;0.306796;0.009204;0.306796;0.178433;0.000000;62.500000;89.500000;250.500000;89.500000;0.000000;0.000000;0.000000;1;0.641303;-0.514863;0.002526;-0.246839;0.000000;-0.481153;0;Fri Jun 30 14:11:43 2023
0.009204;0.000000;0.009204;0.000000;0.178525;0.000000;62.500000;89.500000;251.500000;88.500000;0.005291;0.529399;0.303149;1;0.144385;-1.753766;0.002583;-0.014676;0.000000;0.000000;0;Fri Jun 30 14:11:43 2023
0.006136;-0.306796;0.009204;0.000000;0.178617;0.000000;62.500000;91.500000;250.500000;89.500000;0.010638;0.534998;0.609507;1;-0.963106;-0.193912;0.005138;0.456195;0.005138;0.514075;0;Fri Jun 30 14:11:43 2023
0.006136;0.000000;0.009204;0.000000;0.178709;0.000000;63.500000;90.500000;251.500000;88.500000;0.010638;0.000000;0.609507;1;0.031466;1.661475;0.007749;0.370205;0.007749;0.261293;0;Fri Jun 30 14:11:43 2023
0.009204;0.306796;0.009204;0.000000;0.178801;0.000000;62.500000;91.500000;250.500000;89.500000;0.010638;0.000000;0.609507;1;1.138773;0.937795;0.009121;-0.076022;0.009121;0.000000;0;Fri Jun 30 14:11:43 2023
0.012272;0.306796;0.012272;0.306796;0.178924;0.000000;62.500000;91.500000;250.500000;89.500000;0.010638;0.000000;0.609507;1;0.748449;-0.362003;0.009841;-0.298245;0.009841;0.000000;0;Fri Jun 30 14:11:43 2023
0.009204;-0.306796;0.009204;-0.306796;0.179016;0.000000;62.500000;91.500000;250.500000;88.500000;0.015956;0.532148;0.914217;1;-0.352931;0.665148;0.011482;0.200818;0.011482;0.000000;0;Fri Jun 30 14:11:43 2023
0.006136;-0.306796;0.006136;-0.306796;0.179077;0.000000;62.500000;90.500000;251.500000;89.500000;0.005291;-1.067180;0.303149;1;-0.460629;0.730480;0.011074;-0.060744;0.011074;0.000000;0;Fri Jun 30 14:11:43 2023
0.003068;-0.306796;0.006136;0.000000;0.179138;0.000000;62.500000;90.500000;251.500000;89.500000;0.005291;0.000000;0.303149;1;-1.071264;0.217603;0.008328;-0.106357;0.008328;-0.274749;0;Fri Jun 30 14:11:43 2023
0.003068;0.000000;0.006136;0.000000;0.179200;0.000000;63.500000;89.500000;251.500000;89.500000;0.000000;-0.529410;0.000000;1;-0.076661;-0.774126;0.005630;-0.576168;0.005630;-0.269986;0;Fri Jun 30 14:11:43 2023
0.006136;0.306796;0.006136;0.000000;0.179261;0.000000;63.500000;89.500000;251.500000;89.500000;0.000000;0.000000;0.000000;1;1.030676;-0.857894;0.002957;-0.099324;0.000000;-0.563346;0;Fri Jun 30 14:11:43 2023
0.006136;0.000000;0.006136;0.000000;0.179322;0.000000;61.500000;90.500000;250.500000;89.500000;0.005291;0.529433;0.303149;1;0.035951;-2.015944;0.002809;0.421537;0.000000;0.000000;0;Fri Jun 30 14:11:43 2023
0.006136;0.000000;0.006136;0.000000;0.179384;0.000000;63.500000;89.500000;251.500000;89.500000;0.000000;-0.529401;0.000000;1;0.035890;-0.189580;0.002731;0.028014;0.000000;0.000000;0;Fri Jun 30 14:11:43 2023
0.003068;-0.306796;0.006136;0.000000;0.179445;0.000000;61.500000;90.500000;251.500000;89.500000;0.005263;0.526631;0.301554;1;-1.071571;-0.189642;0.002684;0.006972;0.000000;0.000000;0;Fri Jun 30 14:11:43 2023
0.003068;0.000000;0.006136;0.000000;0.179506;0.000000;63.500000;89.500000;251.500000;88.500000;0.005319;0.005602;0.304762;1;-0.076968;-0.189703;0.003922;-0.147065;0.000000;0.000000;0;Fri Jun 30 14:11:43 2023
0.006136;0.306796;0.009204;0.306796;0.179598;0.000000;61.500000;90.500000;251.500000;89.500000;0.005263;-0.005602;0.301554;1;0.527402;-0.692732;0.004572;0.166858;0.004572;0.457485;0;Fri Jun 30 14:11:43 2023
0.006136;0.000000;0.009204;0.000000;0.179691;0.000000;62.500000;89.500000;250.500000;88.500000;0.005319;0.005603;0.304762;1;0.030484;1.456229;0.004913;0.147876;0.004913;0.000000;0;Fri Jun 30 14:11:43 2023
0.006136;0.000000;0.009204;0.000000;0.179783;0.000000;62.500000;91.500000;251.500000;88.500000;0.015872;1.055909;0.909380;1;0.030392;-0.014530;0.007611;0.290868;0.007611;0.269947;0;Fri Jun 30 14:11:43 2023
0.006136;0.000000;0.009204;0.000000;0.179875;0.000000;62.500000;90.500000;251.500000;89.500000;0.005291;-1.058707;0.303149;1;0.030300;0.959705;0.009021;-0.312018;0.009021;0.000000;0;Fri Jun 30 14:11:43 2023
0.006136;0.000000;0.009204;0.000000;0.179967;0.000000;62.500000;90.500000;251.500000;89.500000;0.005291;0.000000;0.303149;1;0.030208;0.136239;0.007250;-0.019653;0.007250;0.000000;0;Fri Jun 30 14:11:43 2023
0.006136;0.000000;0.009204;0.000000;0.180059;0.000000;62.500000;90.500000;250.500000;88.500000;0.010638;0.535036;0.609507;1;0.030116;0.071061;0.007589;0.037678;0.007589;0.000000;0;Fri Jun 30 14:11:43 2023
0.006136;0.000000;0.009204;0.000000;0.180151;0.000000;63.500000;90.500000;251.500000;89.500000;0.005319;-0.532204;0.304762;1;0.030024;0.083430;0.007774;-0.111384;0.007774;0.000000;0;Fri Jun 30 14:11:43 2023
0.006136;0.000000;0.009204;0.000000;0.180243;0.000000;62.500000;89.500000;252.500000;89.500000;0.000000;-0.532244;0.000000;1;0.029932;0.090128;0.005346;-0.120384;0.005346;0.000000;0;Fri Jun 30 14:11:43 2023
0.006136;0.000000;0.009204;0.000000;0.180335;0.000000;62.500000;91.500000;250.500000;89.500000;0.010638;1.064467;0.609507;1;0.029840;0.000803;0.005333;0.194952;0.005333;0.000000;0;Fri Jun 30 14:11:43 2023
0.006136;0.000000;0.009204;0.000000;0.180427;0.000000;63.500000;90.500000;251.500000;89.500000;0.005319;-0.532203;0.304762;1;0.029748;0.000244;0.006589;-0.127582;0.006589;0.000000;0;Fri Jun 30 14:11:43 2023
0.006136;0.000000;0.009204;0.000000;0.180519;0.000000;62.500000;91.500000;251.500000;89.500000;0.010582;0.526591;0.606282;1;0.029656;0.046308;0.007235;0.348034;0.007235;0.000000;0;Fri Jun 30 14:11:43 2023
0.006136;0.000000;0.009204;0.000000;0.180611;0.000000;62.500000;90.500000;250.500000;89.500000;0.005319;-0.526562;0.304762;1;0.029564;0.069966;0.007575;-0.165136;0.007575;0.000000;0;Fri Jun 30 14:11:43 2023
0.006136;0.000000;0.009204;0.000000;0.180703;0.000000;63.500000;91.500000;251.500000;89.500000;0.010638;0.532196;0.609507;1;0.029472;0.082347;0.007767;0.036645;0.007767;0.000000;0;Fri Jun 30 14:11:43 2023
0.006136;0.000000;0.009204;0.000000;0.180795;0.000000;62.500000;91.500000;251.500000;89.500000;0.010582;-0.005631;0.606282;1;0.029380;0.089298;0.009116;0.004987;0.009116;0.000000;0;Fri Jun 30 14:11:43 2023
0.006136;0.000000;0.009204;0.000000;0.180887;0.000000;64.500000;91.500000;250.500000;89.500000;0.010752;0.017076;0.616060;1;0.029288;0.138811;0.009853;0.172749;0.009853;0.000000;0;Fri Jun 30 14:11:43 2023
0.006136;0.000000;0.009204;0.000000;0.180979;0.000000;62.500000;90.500000;251.500000;89.500000;0.005291;-0.546454;0.303149;1;0.029196;0.165770;0.008983;-0.176777;0.008983;0.000000;0;Fri Jun 30 14:11:43 2023
0.006136;0.000000;0.009204;0.000000;0.181071;0.000000;63.500000;90.500000;250.500000;88.500000;0.010695;0.540704;0.612766;1;0.029104;0.133732;0.008513;-0.022775;0.008513;0.000000;0;Fri Jun 30 14:11:43 2023
0.006136;0.000000;0.009204;0.000000;0.181163;0.000000;63.500000;91.500000;250.500000;89.500000;0.010695;0.000000;0.612766;1;0.029012;0.116361;0.009549;-0.001861;0.009549;0.000000;0;Fri Jun 30 14:11:43 2023
0.006136;0.000000;0.009204;0.000000;0.181255;0.000000;62.500000;91.500000;251.500000;89.500000;0.010582;-0.011324;0.606282;1;0.028920;0.154334;0.010066;0.209477;0.010066;0.000000;0;Fri Jun 30 14:11:43 2023
0.006136;0.000000;0.009204;0.000000;0.181347;0.000000;62.500000;90.500000;251.500000;89.500000;0.005291;-0.529394;0.303149;1;0.028828;0.173246;0.009055;-0.159635;0.009055;0.000000;0;Fri Jun 30 14:11:43 2023
0.006136;0.000000;0.009204;0.000000;0.181439;0.000000;61.500000;90.500000;251.500000;89.500000;0.005263;-0.002786;0.301554;1;0.028736;0.135995;0.007261;-0.258575;0.007261;0.000000;0;Fri Jun 30 14:11:43 2023
0.006136;0.000000;0.009204;0.000000;0.181531;0.000000;62.500000;91.500000;251.500000;89.500000;0.010582;0.532187;0.606282;1;0.028644;0.069991;0.007575;0.073267;0.007575;0.000000;0;Fri Jun 30 14:11:43 2023
0.006136;0.000000;0.009204;0.000000;0.181623;0.000000;62.500000;89.500000;252.500000;89.500000;0.000000;-1.058842;0.000000;1;0.028552;0.081435;0.006491;-0.123000;0.006491;0.000000;0;Fri Jun 30 14:11:43 2023
0.006136;0.000000;0.009204;0.000000;0.181715;0.000000;62.500000;91.500000;250.500000;90.500000;0.005319;0.532248;0.304762;1;0.028460;0.041489;0.004672;0.178190;0.004672;0.000000;0;Fri Jun 30 14:11:43 2023
0.006136;0.000000;0.009204;0.000000;0.181807;0.000000;62.500000;90.500000;249.500000;88.500000;0.010695;0.537907;0.612766;1;0.028368;-0.025441;0.006255;0.008562;0.006255;0.000000;0;Fri Jun 30 14:11:43 2023
0.006136;0.000000;0.009204;0.000000;0.181899;0.000000;61.500000;91.500000;251.500000;89.500000;0.010526;-0.016896;0.603091;1;0.028276;0.032659;0.008323;0.131836;0.008323;0.000000;0;Fri Jun 30 14:11:43 2023
0.006136;0.000000;0.009204;0.000000;0.181991;0.000000;63.500000;89.500000;250.500000;89.500000;0.000000;-1.053204;0.000000;1;0.028184;0.108551;0.006870;-0.182207;0.006870;0.000000;0;Fri Jun 30 14:11:43 2023
0.006136;0.000000;0.009204;0.000000;0.182084;0.000000;61.500000;90.500000;249.500000;88.500000;0.010638;1.064452;0.609507;1;0.028091;0.055070;0.006134;0.116804;0.006134;0.000000;0;Fri Jun 30 14:11:43 2023
0.003068;-0.306796;0.009204;0.000000;0.182176;0.000000;61.500000;89.500000;251.500000;90.500000;-0.005263;-1.591079;-0.301554;1;-1.079399;0.027915;0.004497;-0.682065;0.004497;0.000000;0;Fri Jun 30 14:11:43 2023
0.006136;0.306796;0.009204;0.000000;0.182268;0.000000;63.500000;90.500000;251.500000;89.500000;0.005319;1.058844;0.304762;1;1.022571;-0.032303;0.002375;0.366253;0.000000;-0.450000;0;Fri Jun 30 14:11:43 2023
0.006136;0.000000;0.012272;0.306796;0.182390;0.000000;61.500000;91.500000;251.500000;89.500000;0.010526;0.521021;0.603091;1;-0.475152;-2.159567;0.005009;0.318839;0.005009;0.501237;0;Fri Jun 30 14:11:43 2023
0.006136;0.000000;0.012272;0.000000;0.182513;0.000000;61.500000;91.500000;251.500000;90.500000;0.005263;-0.526620;0.301554;1;0.022564;1.606218;0.006379;0.051452;0.006379;0.000000;0;Fri Jun 30 14:11:43 2023
0.009204;0.306796;0.012272;0.000000;0.182636;0.000000;62.500000;91.500000;251.500000;89.500000;0.010582;0.532179;0.606282;1;1.129840;0.031377;0.007112;0.100444;0.007112;0.000000;0;Fri Jun 30 14:11:43 2023
0.009204;0.000000;0.012272;0.000000;0.182758;0.000000;62.500000;91.500000;252.500000;89.500000;0.010526;-0.005572;0.603091;1;0.135053;0.058179;0.008746;-0.148558;0.008746;0.000000;0;Fri Jun 30 14:11:43 2023
0.006136;-0.306796;0.012272;0.000000;0.182881;0.000000;62.500000;91.500000;250.500000;90.500000;0.005319;-0.520999;0.304762;1;-0.972468;0.118108;0.008355;-0.108792;0.008355;0.000000;0;Fri Jun 30 14:11:43 2023
0.003068;-0.306796;0.009204;-0.306796;0.182973;0.000000;61.500000;91.500000;251.500000;89.500000;0.010526;0.520991;0.603091;1;-0.582359;0.606584;0.008150;0.215674;0.008150;0.000000;0;Fri Jun 30 14:11:43 2023
0.006136;0.306796;0.012272;0.306796;0.183096;0.000000;62.500000;91.500000;250.500000;90.500000;0.005319;-0.521010;0.304762;1;0.518806;-0.401860;0.008042;-0.189076;0.008042;0.000000;0;Fri Jun 30 14:11:43 2023
0.006136;0.000000;0.012272;0.000000;0.183219;0.000000;63.500000;90.500000;252.500000;89.500000;0.005291;-0.002816;0.303149;1;0.021858;0.091892;0.006742;-0.074503;0.006742;0.000000;0;Fri Jun 30 14:11:43 2023
0.006136;0.000000;0.012272;0.000000;0.183341;0.000000;62.500000;91.500000;251.500000;90.500000;0.005291;0.000000;0.303149;1;0.021735;0.044020;0.006053;-0.075389;0.006053;0.000000;0;Fri Jun 30 14:11:43 2023
0.009204;0.306796;0.015340;0.306796;0.183495;0.000000;62.500000;90.500000;251.500000;90.500000;0.000000;-0.529432;0.000000;1;0.626044;-0.484392;0.004435;-0.156805;0.004435;0.000000;0;Fri Jun 30 14:11:43 2023
0.009204;0.000000;0.015340;0.000000;0.183648;0.000000;63.500000;90.500000;251.500000;90.500000;0.000000;0.000000;0.000000;1;0.129065;-0.046163;0.002329;-0.033479;0.000000;-0.443808;0;Fri Jun 30 14:11:43 2023
0.006136;-0.306796;0.012272;-0.306796;0.183771;0.000000;61.500000;91.500000;251.500000;89.500000;0.010526;1.053264;0.603091;1;-0.475520;-1.145195;0.003722;0.307422;0.000000;0.000000;0;Fri Jun 30 14:11:43 2023
0.006136;0.000000;0.012272;0.000000;0.183894;0.000000;62.500000;91.500000;251.500000;90.500000;0.005291;-0.523843;0.303149;1;0.021183;-0.204287;0.005710;0.017625;0.005710;0.571363;0;Fri Jun 30 14:11:43 2023
0.006136;0.000000;0.012272;0.000000;0.184016;0.000000;63.500000;90.500000;250.500000;90.500000;0.000000;-0.529443;0.000000;1;0.021060;1.857819;0.004255;-0.101134;0.004255;0.000000;0;Fri Jun 30 14:11:43 2023
0.006136;0.000000;0.012272;0.000000;0.184139;0.000000;61.500000;90.500000;251.500000;90.500000;0.000000;0.000000;0.000000;1;0.020938;-0.048183;0.002235;-0.288523;0.000000;-0.425762;0;Fri Jun 30 14:11:43 2023
0.006136;0.000000;0.012272;0.000000;0.184262;0.000000;61.500000;91.500000;250.500000;90.500000;0.005291;0.529441;0.303149;1;0.020815;-1.585019;0.002430;0.019324;0.000000;0.000000;0;Fri Jun 30 14:11:43 2023
0.006136;0.000000;0.012272;0.000000;0.184384;0.000000;61.500000;91.500000;250.500000;90.500000;0.005291;0.000000;0.303149;1;0.020692;-0.204778;0.003788;0.281285;0.000000;0.000000;0;Fri Jun 30 14:11:43 2023
0.006136;0.000000;0.012272;0.000000;0.184507;0.000000;61.500000;91.500000;251.500000;90.500000;0.005263;-0.002786;0.301554;1;0.020569;-0.204901;0.004495;0.238803;0.004495;0.449787;0;Fri Jun 30 14:11:43 2023
0.006136;0.000000;0.012272;0.000000;0.184630;0.000000;62.500000;91.500000;250.500000;90.500000;0.005319;0.005603;0.304762;1;0.020447;1.418407;0.004873;-0.153926;0.004873;0.000000;0;Fri Jun 30 14:11:43 2023
0.006136;0.000000;0.012272;0.000000;0.184753;0.000000;61.500000;91.500000;251.500000;89.500000;0.010526;0.521025;0.603091;1;0.020324;-0.026081;0.006321;-0.018662;0.006321;0.000000;0;Fri Jun 30 14:11:43 2023
0.006136;0.000000;0.012272;0.000000;0.184875;0.000000;63.500000;90.500000;251.500000;90.500000;0.000000;-1.053293;0.000000;1;0.020201;0.027000;0.005819;-0.222380;0.005819;0.000000;0;Fri Jun 30 14:11:43 2023
0.006136;0.000000;0.012272;0.000000;0.184998;0.000000;61.500000;91.500000;250.500000;90.500000;0.005291;0.529443;0.303149;1;0.020079;0.008419;0.004312;0.228804;0.004312;0.000000;0;Fri Jun 30 14:11:43 2023
0.006136;0.000000;0.012272;0.000000;0.185121;0.000000;62.500000;91.500000;251.500000;90.500000;0.005291;0.000000;0.303149;1;0.019956;-0.047066;0.004777;-0.099211;0.004777;0.000000;0;Fri Jun 30 14:11:43 2023
0.006136;0.000000;0.012272;0.000000;0.185244;0.000000;63.500000;90.500000;251.500000;90.500000;0.000000;-0.529442;0.000000;1;0.019833;-0.030109;0.003765;-0.195647;0.000000;-0.477994;0;Fri Jun 30 14:11:43 2023
0.006136;0.000000;0.012272;0.000000;0.185366;0.000000;63.500000;90.500000;251.500000;90.500000;0.000000;0.000000;0.000000;1;0.019710;-1.755464;0.001977;-0.045929;0.000000;0.000000;0;Fri Jun 30 14:11:43 2023
0.003068;-0.306796;0.012272;0.000000;0.185489;0.000000;63.500000;91.500000;251.500000;90.500000;0.005319;0.532230;0.304762;1;-1.087811;-0.205882;0.002301;0.143912;0.000000;0.000000;0;Fri Jun 30 14:11:43 2023
0.006136;0.306796;0.012272;0.000000;0.185612;0.000000;61.500000;91.500000;250.500000;90.500000;0.005291;-0.002816;0.303149;1;1.014129;-0.206005;0.003727;0.145992;0.000000;0.000000;0;Fri Jun 30 14:11:43 2023
0.006136;0.000000;0.015340;0.306796;0.185765;0.000000;61.500000;92.500000;251.500000;90.500000;0.010526;0.523748;0.603091;1;-0.483625;-0.709095;0.005713;0.309895;0.005713;0.571531;0;Fri Jun 30 14:11:43 2023
0.006136;0.000000;0.015340;0.000000;0.185918;0.000000;61.500000;91.500000;250.500000;90.500000;0.005291;-0.523738;0.303149;1;0.014060;1.851466;0.006755;-0.193946;0.006755;0.000000;0;Fri Jun 30 14:11:44 2023
0.009204;0.306796;0.015340;0.000000;0.186072;0.000000;61.500000;91.500000;251.500000;90.500000;0.005263;-0.002786;0.301554;1;1.121305;0.036661;0.006053;-0.141787;0.006053;0.000000;0;Fri Jun 30 14:11:44 2023
0.009204;0.000000;0.015340;0.000000;0.186225;0.000000;63.500000;91.500000;251.500000;89.500000;0.010638;0.537738;0.609507;1;0.126488;0.010719;0.006954;0.139796;0.006954;0.000000;0;Fri Jun 30 14:11:44 2023
0.006136;-0.306796;0.015340;0.000000;0.186379;0.000000;62.500000;91.500000;250.500000;88.500000;0.015956;0.532089;0.914217;1;-0.981064;0.043665;0.009966;0.398509;0.009966;0.301312;0;Fri Jun 30 14:11:44 2023
0.003068;-0.306796;0.012272;-0.306796;0.186501;0.000000;63.500000;90.500000;251.500000;90.500000;0.000000;-1.596605;0.000000;1;-0.590985;1.634027;0.009022;-0.370691;0.009022;0.000000;0;Fri Jun 30 14:11:44 2023
0.006136;0.306796;0.015340;0.306796;0.186655;0.000000;62.500000;90.500000;251.500000;90.500000;0.000000;0.000000;0.000000;1;0.510149;-0.378464;0.004738;-0.379282;0.004738;-0.428627;0;Fri Jun 30 14:11:44 2023
0.006136;0.000000;0.015340;0.000000;0.186808;0.000000;63.500000;91.500000;251.500000;89.500000;0.010638;1.064463;0.609507;1;0.013170;-1.427837;0.005014;0.024000;0.005014;0.000000;0;Fri Jun 30 14:11:44 2023
0.009204;0.306796;0.015340;0.000000;0.186962;0.000000;62.500000;92.500000;250.500000;89.500000;0.015956;0.532158;0.914217;1;1.120416;-0.028209;0.008947;0.625506;0.008947;0.393526;0;Fri Jun 30 14:11:44 2023
0.006136;-0.306796;0.015340;0.000000;0.187115;0.000000;62.500000;90.500000;251.500000;90.500000;0.000000;-1.596618;0.000000;1;-0.981800;1.392003;0.008487;-0.042038;0.008487;0.000000;0;Fri Jun 30 14:11:44 2023
0.006136;0.000000;0.015340;0.000000;0.187268;0.000000;62.500000;90.500000;250.500000;90.500000;0.000000;0.000000;0.000000;1;0.012710;0.099096;0.004457;-0.486437;0.004457;-0.403206;0;Fri Jun 30 14:11:44 2023
0.006136;0.000000;0.015340;0.000000;0.187422;0.000000;62.500000;91.500000;250.500000;90.500000;0.005319;0.532222;0.304762;1;0.012557;-1.356359;0.003604;-0.444923;0.000000;-0.445990;0;Fri Jun 30 14:11:44 2023
0.006136;0.000000;0.015340;0.000000;0.187575;0.000000;62.500000;91.500000;251.500000;90.500000;0.005291;-0.002816;0.303149;1;0.012403;-1.659010;0.004411;0.344206;0.004411;0.441416;0;Fri Jun 30 14:11:44 2023
0.006136;0.000000;0.015340;0.000000;0.187729;0.000000;62.500000;92.500000;251.500000;90.500000;0.010582;0.529386;0.606282;1;0.012250;1.380000;0.006085;0.784554;0.006085;0.000000;0;Fri Jun 30 14:11:44 2023
0.006136;0.000000;0.015340;0.000000;0.187882;0.000000;62.500000;92.500000;250.500000;89.500000;0.015956;0.537767;0.914217;1;0.012096;0.010228;0.009496;0.169141;0.009496;0.341289;0;Fri Jun 30 14:11:44 2023
0.006136;0.000000;0.015340;0.000000;0.188035;0.000000;62.500000;90.500000;251.500000;90.500000;0.000000;-1.596574;0.000000;1;0.011943;1.241903;0.008775;-0.873764;0.008775;0.000000;0;Fri Jun 30 14:11:44 2023
0.006136;0.000000;0.015340;0.000000;0.188189;0.000000;62.500000;92.500000;251.500000;90.500000;0.010582;1.058853;0.606282;1;0.011790;0.108774;0.007121;0.080077;0.007121;0.000000;0;Fri Jun 30 14:11:44 2023
0.006136;0.000000;0.015340;0.000000;0.188342;0.000000;63.500000;91.500000;251.500000;91.500000;0.000000;-1.058814;0.000000;1;0.011636;0.047827;0.006252;-0.193682;0.006252;0.000000;0;Fri Jun 30 14:11:44 2023
0.006136;0.000000;0.015340;0.000000;0.188496;0.000000;61.500000;91.500000;251.500000;90.500000;0.005263;0.526657;0.301554;1;0.011483;0.015746;0.004533;0.368086;0.004533;0.000000;0;Fri Jun 30 14:11:44 2023
0.006136;0.000000;0.015340;0.000000;0.188649;0.000000;62.500000;91.500000;250.500000;90.500000;0.005319;0.005603;0.304762;1;0.011329;-0.047572;0.004893;-0.089978;0.004893;0.000000;0;Fri Jun 30 14:11:44 2023
0.006136;0.000000;0.015340;0.000000;0.188802;0.000000;62.500000;92.500000;251.500000;90.500000;0.010582;0.526596;0.606282;1;0.011176;-0.034499;0.006345;0.085386;0.006345;0.000000;0;Fri Jun 30 14:11:44 2023
0.006136;0.000000;0.015340;0.000000;0.188956;0.000000;63.500000;91.500000;251.500000;90.500000;0.005319;-0.526590;0.304762;1;0.011023;0.018691;0.007107;-0.059032;0.007107;0.000000;0;Fri Jun 30 14:11:44 2023
0.006136;0.000000;0.015340;0.000000;0.189109;0.000000;62.500000;91.500000;251.500000;89.500000;0.010582;0.526585;0.606282;1;0.010869;0.046553;0.007507;0.263244;0.007507;0.000000;0;Fri Jun 30 14:11:44 2023
0.006136;0.000000;0.015340;0.000000;0.189263;0.000000;62.500000;92.500000;251.500000;90.500000;0.010582;0.000000;0.606282;1;0.010716;0.061113;0.008967;-0.013550;0.008967;0.000000;0;Fri Jun 30 14:11:44 2023
0.006136;0.000000;0.015340;0.000000;0.189416;0.000000;63.500000;91.500000;250.500000;90.500000;0.005348;-0.523745;0.306392;1;0.010562;0.114595;0.008491;-0.216410;0.008491;0.000000;0;Fri Jun 30 14:11:44 2023
0.006136;0.000000;0.015340;0.000000;0.189569;0.000000;63.500000;91.500000;251.500000;90.500000;0.005319;-0.002846;0.304762;1;0.010409;0.096951;0.006992;-0.121093;0.006992;0.000000;0;Fri Jun 30 14:11:44 2023
0.006136;0.000000;0.015340;0.000000;0.189723;0.000000;62.500000;92.500000;251.500000;90.500000;0.010582;0.526594;0.606282;1;0.010256;0.041705;0.007447;0.157784;0.007447;0.000000;0;Fri Jun 30 14:11:44 2023
0.006136;0.000000;0.015340;0.000000;0.189876;0.000000;61.500000;91.500000;250.500000;89.500000;0.010582;0.000000;0.606282;1;0.010102;0.058276;0.008935;0.210808;0.008935;0.000000;0;Fri Jun 30 14:11:44 2023
0.006136;0.000000;0.015340;0.000000;0.190030;0.000000;63.500000;90.500000;250.500000;90.500000;0.000000;-1.058849;0.000000;1;0.009949;0.112813;0.007205;-0.295306;0.007205;0.000000;0;Fri Jun 30 14:11:44 2023
0.006136;0.000000;0.015340;0.000000;0.190183;0.000000;61.500000;91.500000;251.500000;90.500000;0.005263;0.526645;0.301554;1;0.009795;0.049075;0.005033;-0.180210;0.005033;0.000000;0;Fri Jun 30 14:11:44 2023
0.006136;0.000000;0.015340;0.000000;0.190336;0.000000;63.500000;91.500000;251.500000;89.500000;0.010638;0.537825;0.609507;1;0.009642;-0.030869;0.006418;0.081301;0.006418;0.000000;0;Fri Jun 30 14:11:44 2023
0.006136;0.000000;0.015340;0.000000;0.190490;0.000000;62.500000;91.500000;251.500000;90.500000;0.005291;-0.535038;0.303149;1;0.009489;0.019871;0.007152;0.241992;0.007152;0.000000;0;Fri Jun 30 14:11:44 2023
0.006136;0.000000;0.015340;0.000000;0.190643;0.000000;63.500000;91.500000;251.500000;90.500000;0.005319;0.002816;0.304762;1;0.009335;0.046690;0.006275;0.098077;0.006275;0.000000;0;Fri Jun 30 14:11:44 2023
0.006136;0.000000;0.015340;0.000000;0.190797;0.000000;63.500000;91.500000;251.500000;90.500000;0.005319;0.000000;0.304762;1;0.009182;0.014304;0.005821;-0.386894;0.005821;0.000000;0;Fri Jun 30 14:11:44 2023
0.006136;0.000000;0.015340;0.000000;0.190950;0.000000;62.500000;92.500000;251.500000;90.500000;0.010582;0.526594;0.606282;1;0.009028;-0.002533;0.006832;0.068638;0.006832;0.000000;0;Fri Jun 30 14:11:44 2023
0.006136;0.000000;0.015340;0.000000;0.191103;0.000000;63.500000;91.500000;251.500000;90.500000;0.005319;-0.526575;0.304762;1;0.008875;0.034460;0.007363;0.201755;0.007363;0.000000;0;Fri Jun 30 14:11:44 2023
0.006136;0.000000;0.015340;0.000000;0.191257;0.000000;63.500000;91.500000;251.500000;90.500000;0.005319;0.000000;0.304762;1;0.008722;0.053815;0.006393;0.094721;0.006393;0.000000;0;Fri Jun 30 14:11:44 2023
0.006136;0.000000;0.015340;0.000000;0.191410;0.000000;63.500000;92.500000;251.500000;90.500000;0.010638;0.532228;0.609507;1;0.008568;0.018000;0.007146;-0.156251;0.007146;0.000000;0;Fri Jun 30 14:11:44 2023
0.006136;0.000000;0.015340;0.000000;0.191564;0.000000;62.500000;90.500000;251.500000;89.500000;0.005291;-0.535066;0.303149;1;0.008415;0.045516;0.007534;-0.211331;0.007534;0.000000;0;Fri Jun 30 14:11:44 2023
0.006136;0.000000;0.015340;0.000000;0.191717;0.000000;62.500000;90.500000;250.500000;89.500000;0.005319;0.002816;0.304762;1;0.008261;0.059649;0.006476;0.231491;0.006476;0.000000;0;Fri Jun 30 14:11:44 2023
0.006136;0.000000;0.015340;0.000000;0.191870;0.000000;62.500000;92.500000;251.500000;90.500000;0.010582;0.526587;0.606282;1;0.008108;0.020600;0.007176;0.180475;0.007176;0.000000;0;Fri Jun 30 14:11:44 2023
0.006136;0.000000;0.015340;0.000000;0.192024;0.000000;62.500000;92.500000;251.500000;90.500000;0.010582;0.000000;0.606282;1;0.007955;0.046172;0.008793;-0.094515;0.008793;0.000000;0;Fri Jun 30 14:11:44 2023
0.009204;0.306796;0.015340;0.000000;0.192177;0.000000;62.500000;90.500000;250.500000;89.500000;0.005319;-0.526598;0.304762;1;1.115200;0.105437;0.008393;-0.132827;0.008393;0.000000;0;Fri Jun 30 14:11:44 2023
0.006136;-0.306796;0.015340;0.000000;0.192331;0.000000;63.500000;92.500000;251.500000;90.500000;0.010638;0.532233;0.609507;1;-0.987016;0.090582;0.008196;0.200330;0.008196;0.000000;0;Fri Jun 30 14:11:44 2023
0.006136;0.000000;0.012272;-0.306796;0.192453;0.000000;63.500000;90.500000;251.500000;90.500000;0.000000;-1.064519;0.000000;1;0.510462;0.586166;0.006830;-0.408516;0.006830;0.000000;0;Fri Jun 30 14:11:44 2023
0.006136;0.000000;0.012272;0.000000;0.192576;0.000000;62.500000;90.500000;250.500000;89.500000;0.005319;0.532258;0.304762;1;0.012501;0.038007;0.004850;0.002710;0.004850;0.000000;0;Fri Jun 30 14:11:44 2023
0.003068;-0.306796;0.012272;0.000000;0.192699;0.000000;62.500000;91.500000;251.500000;89.500000;0.010582;0.526604;0.606282;1;-1.095021;-0.034878;0.006322;0.201527;0.006322;0.000000;0;Fri Jun 30 14:11:44 2023
0.003068;0.000000;0.012272;0.000000;0.192821;0.000000;61.500000;90.500000;250.500000;90.500000;0.000000;-1.058900;0.000000;1;-0.100480;0.019093;0.005832;-0.065044;0.005832;0.000000;0;Fri Jun 30 14:11:44 2023
0.006136;0.306796;0.012272;0.000000;0.192944;0.000000;63.500000;90.500000;250.500000;90.500000;0.000000;0.000000;0.000000;1;1.006796;0.000979;0.003063;-0.131054;0.000000;-0.583631;0;Fri Jun 30 14:11:44 2023
0.006136;0.000000;0.012272;0.000000;0.193067;0.000000;63.500000;91.500000;250.500000;90.500000;0.005348;0.535123;0.306392;1;0.012010;-2.105651;0.002878;-0.198459;0.000000;0.000000;0;Fri Jun 30 14:11:44 2023
0.006136;0.000000;0.012272;0.000000;0.193190;0.000000;61.500000;91.500000;250.500000;90.500000;0.005291;-0.005663;0.303149;1;0.011887;-0.213583;0.004037;0.153416;0.004037;0.404002;0;Fri Jun 30 14:11:44 2023
0.003068;-0.306796;0.012272;0.000000;0.193312;0.000000;62.500000;91.500000;251.500000;89.500000;0.010582;0.529452;0.606282;1;-1.095634;1.244462;0.005889;0.604158;0.005889;0.000000;0;Fri Jun 30 14:11:44 2023
0.003068;0.000000;0.012272;0.000000;0.193435;0.000000;63.500000;90.500000;251.500000;90.500000;0.000000;-1.058900;0.000000;1;-0.101093;0.002550;0.005605;-0.352439;0.005605;0.000000;0;Fri Jun 30 14:11:44 2023
0.006136;0.306796;0.012272;0.000000;0.193558;0.000000;61.500000;91.500000;251.500000;89.500000;0.010526;1.053360;0.603091;1;1.006183;-0.008000;0.005442;-0.099971;0.005442;0.000000;0;Fri Jun 30 14:11:44 2023
0.006136;0.000000;0.012272;0.000000;0.193680;0.000000;61.500000;91.500000;250.500000;89.500000;0.010582;0.005573;0.606282;1;0.011396;-0.014086;0.007869;0.016237;0.007869;0.000000;0;Fri Jun 30 14:11:44 2023
0.006136;0.000000;0.012272;0.000000;0.193803;0.000000;63.500000;92.500000;250.500000;90.500000;0.010695;0.011325;0.612766;1;0.011274;0.074968;0.009184;0.505808;0.009184;0.000000;0;Fri Jun 30 14:11:44 2023
0.006136;0.000000;0.012272;0.000000;0.193926;0.000000;63.500000;90.500000;251.500000;90.500000;0.000000;-1.070248;0.000000;1;0.011151;0.123154;0.007362;-0.335658;0.007362;0.000000;0;Fri Jun 30 14:11:44 2023
0.003068;-0.306796;0.012272;0.000000;0.194049;0.000000;62.500000;91.500000;251.500000;89.500000;0.010582;1.058944;0.606282;1;-1.096371;0.056095;0.006379;-0.216445;0.006379;0.000000;0;Fri Jun 30 14:11:44 2023
0.003068;0.000000;0.012272;0.000000;0.194171;0.000000;62.500000;90.500000;251.500000;90.500000;0.000000;-1.058914;0.000000;1;-0.101830;0.019830;0.005862;-0.420758;0.005862;0.000000;0;Fri Jun 30 14:11:44 2023
0.006136;0.306796;0.012272;0.000000;0.194294;0.000000;62.500000;90.500000;251.500000;89.500000;0.005291;0.529485;0.303149;1;1.005446;0.000725;0.004335;0.566192;0.004335;0.000000;0;Fri Jun 30 14:11:44 2023
0.009204;0.306796;0.015340;0.306796;0.194447;0.000000;62.500000;90.500000;250.500000;90.500000;0.000000;-0.529467;0.000000;1;0.615092;-0.558487;0.003533;-0.120741;0.000000;-0.433795;0;Fri Jun 30 14:11:44 2023
0.006136;-0.306796;0.012272;-0.306796;0.194570;0.000000;62.500000;90.500000;251.500000;89.500000;0.005291;0.529484;0.303149;1;-0.486319;-1.123534;0.003111;-0.153881;0.000000;0.000000;0;Fri Jun 30 14:11:44 2023
0.006136;0.000000;0.012272;0.000000;0.194693;0.000000;63.500000;90.500000;251.500000;90.500000;0.000000;-0.529488;0.000000;1;0.010384;-0.215086;0.002890;-0.241119;0.000000;0.000000;0;Fri Jun 30 14:11:44 2023
0.003068;-0.306796;0.009204;-0.306796;0.194785;0.000000;62.500000;91.500000;251.500000;89.500000;0.010582;1.058954;0.606282;1;-0.594171;0.287758;0.004030;0.622924;0.004030;0.403304;0;Fri Jun 30 14:11:44 2023
0.003068;0.000000;0.009204;0.000000;0.194877;0.000000;62.500000;91.500000;252.500000;89.500000;0.010526;-0.005573;0.603091;1;-0.097437;1.245467;0.007127;0.218284;0.007127;0.309975;0;Fri Jun 30 14:11:44 2023
0.006136;0.306796;0.009204;0.000000;0.194969;0.000000;61.500000;91.500000;251.500000;89.500000;0.010526;0.000000;0.603091;1;1.009870;1.056612;0.008741;-0.062131;0.008741;0.000000;0;Fri Jun 30 14:11:44 2023
0.006136;0.000000;0.009204;0.000000;0.195061;0.000000;61.500000;91.500000;251.500000;90.500000;0.005263;-0.526656;0.301554;1;0.015114;0.110843;0.008339;-0.352993;0.008339;0.000000;0;Fri Jun 30 14:11:44 2023
0.003068;-0.306796;0.009204;0.000000;0.195153;0.000000;63.500000;90.500000;251.500000;89.500000;0.005319;0.005603;0.304762;1;-1.092377;0.095981;0.006892;-0.060405;0.006892;0.000000;0;Fri Jun 30 14:11:44 2023
0.003068;0.000000;0.009204;0.000000;0.195245;0.000000;62.500000;89.500000;250.500000;89.500000;0.000000;-0.532266;0.000000;1;-0.097805;0.042710;0.004882;-0.163207;0.004882;0.000000;0;Fri Jun 30 14:11:44 2023
0.003068;0.000000;0.009204;0.000000;0.195337;0.000000;62.500000;89.500000;250.500000;90.500000;-0.005319;-0.532291;-0.304762;1;-0.097897;-0.031224;0.001301;-0.280233;0.000000;-0.488589;0;Fri Jun 30 14:11:44 2023
0.003068;0.000000;0.009204;0.000000;0.195429;0.000000;62.500000;91.500000;250.500000;89.500000;0.010638;1.596775;0.609507;1;-0.097989;-1.794779;0.001946;0.420883;0.000000;0.000000;0;Fri Jun 30 14:11:44 2023
0.003068;0.000000;0.009204;0.000000;0.195521;0.000000;62.500000;90.500000;251.500000;89.500000;0.005291;-0.535064;0.303149;1;-0.098081;-0.210816;0.004804;0.131595;0.004804;0.480699;0;Fri Jun 30 14:11:44 2023
0.006136;0.306796;0.012272;0.306796;0.195644;0.000000;62.500000;90.500000;251.500000;90.500000;0.000000;-0.529468;0.000000;1;0.506258;1.021114;0.003779;0.012685;0.000000;-0.480704;0;Fri Jun 30 14:11:44 2023
0.006136;0.000000;0.012272;0.000000;0.195767;0.000000;61.500000;91.500000;251.500000;89.500000;0.010526;1.053346;0.603091;1;0.009310;-1.774651;0.004484;-0.000673;0.004484;0.448677;0;Fri Jun 30 14:11:44 2023
0.003068;-0.306796;0.009204;-0.306796;0.195859;0.000000;61.500000;91.500000;250.500000;90.500000;0.005291;-0.523878;0.303149;1;-0.595244;1.906093;0.006110;-0.242177;0.006110;0.000000;0;Fri Jun 30 14:11:44 2023
0.003068;0.000000;0.009204;0.000000;0.195951;0.000000;63.500000;90.500000;250.500000;89.500000;0.005348;0.005663;0.306392;1;-0.098511;0.013261;0.005734;0.308467;0.005734;0.000000;0;Fri Jun 30 14:11:44 2023
0.003068;0.000000;0.009204;0.000000;0.196043;0.000000;62.500000;90.500000;251.500000;90.500000;0.000000;-0.535146;0.000000;1;-0.098603;-0.000622;0.004281;-0.175457;0.004281;0.000000;0;Fri Jun 30 14:11:44 2023
0.003068;0.000000;0.009204;0.000000;0.196135;0.000000;62.500000;89.500000;251.500000;89.500000;0.000000;0.000000;0.000000;1;-0.098695;-0.054113;0.002248;-0.362614;0.000000;-0.428339;0;Fri Jun 30 14:11:44 2023
0.003068;0.000000;0.012272;0.306796;0.196258;0.000000;61.500000;91.500000;251.500000;90.500000;0.005263;0.526587;0.301554;1;-0.601754;-2.103208;0.002430;0.082054;0.000000;0.000000;0;Fri Jun 30 14:11:44 2023
0.003068;0.000000;0.012272;0.000000;0.196380;0.000000;62.500000;90.500000;250.500000;89.500000;0.005319;0.005602;0.304762;1;-0.104039;-0.216774;0.003789;0.388445;0.000000;0.000000;0;Fri Jun 30 14:11:44 2023
0.006136;0.306796;0.012272;0.000000;0.196503;0.000000;62.500000;90.500000;251.500000;90.500000;0.000000;-0.532207;0.000000;1;1.003238;-0.216896;0.003253;-0.010399;0.000000;0.000000;0;Fri Jun 30 14:11:44 2023
0.006136;0.000000;0.012272;0.000000;0.196626;0.000000;61.500000;91.500000;251.500000;90.500000;0.005263;0.526585;0.301554;1;0.008451;-0.217019;0.002958;-0.193447;0.000000;0.000000;0;Fri Jun 30 14:11:44 2023
0.003068;-0.306796;0.012272;0.000000;0.196748;0.000000;61.500000;91.500000;250.500000;90.500000;0.005291;0.002786;0.303149;1;-1.099071;-0.217142;0.004059;-0.136855;0.004059;0.406101;0;Fri Jun 30 14:11:44 2023
0.003068;0.000000;0.012272;0.000000;0.196871;0.000000;62.500000;91.500000;251.500000;90.500000;0.005291;0.000000;0.303149;1;-0.104529;1.248504;0.004644;0.343357;0.004644;0.000000;0;Fri Jun 30 14:11:44 2023
0.006136;0.306796;0.015340;0.306796;0.197024;0.000000;63.500000;90.500000;249.500000;91.500000;-0.005376;-1.067302;-0.308039;1;0.499780;-0.549710;0.002419;-0.249141;0.000000;-0.464640;0;Fri Jun 30 14:11:44 2023
0.006136;0.000000;0.015340;0.000000;0.197178;0.000000;63.500000;91.500000;251.500000;89.500000;0.010638;1.602337;0.609507;1;0.002800;-1.729080;0.002519;0.125405;0.000000;0.000000;0;Fri Jun 30 14:11:44 2023
0.006136;0.000000;0.015340;0.000000;0.197331;0.000000;62.500000;92.500000;251.500000;91.500000;0.005291;-0.535062;0.303149;1;0.002647;-0.222823;0.005105;-0.155572;0.005105;0.510822;0;Fri Jun 30 14:11:44 2023
0.006136;0.000000;0.015340;0.000000;0.197485;0.000000;62.500000;90.500000;251.500000;90.500000;0.000000;-0.529432;0.000000;1;0.002494;1.620736;0.003937;0.231357;0.000000;-0.510795;0;Fri Jun 30 14:11:44 2023
0.003068;-0.306796;0.015340;0.000000;0.197638;0.000000;64.500000;92.500000;251.500000;92.500000;0.000000;0.000000;0.000000;1;-1.105059;-1.879179;0.002068;-0.127351;0.000000;0.000000;0;Fri Jun 30 14:11:44 2023
0.003068;0.000000;0.015340;0.000000;0.197791;0.000000;62.500000;90.500000;250.500000;90.500000;0.000000;0.000000;0.000000;1;-0.110548;-0.223283;0.001086;-0.422397;0.000000;0.000000;0;Fri Jun 30 14:11:44 2023
0.006136;0.306796;0.018408;0.306796;0.197976;0.000000;62.500000;90.500000;251.500000;90.500000;0.000000;0.000000;0.000000;1;0.493730;-0.726404;0.000570;0.034130;0.000000;0.000000;0;Fri Jun 30 14:11:44 2023
0.009204;0.306796;0.021476;0.306796;0.198190;0.000000;63.500000;91.500000;251.500000;91.500000;0.000000;0.000000;0.000000;1;0.601152;-0.731717;0.000300;0.350453;0.000000;0.000000;0;Fri Jun 30 14:11:44 2023
0.009204;0.000000;0.021476;0.000000;0.198405;0.000000;63.500000;91.500000;251.500000;91.500000;0.000000;0.000000;0.000000;1;0.104112;-0.234093;0.000157;0.023422;0.000000;0.000000;0;Fri Jun 30 14:11:44 2023
0.006136;-0.306796;0.018408;-0.306796;0.198589;0.000000;63.500000;91.500000;251.500000;91.500000;0.000000;0.000000;0.000000;1;-0.500535;0.268659;0.000083;-0.284268;0.000000;0.000000;0;Fri Jun 30 14:11:44 2023
0.006136;0.000000;0.018408;0.000000;0.198773;0.000000;62.500000;91.500000;251.500000;91.500000;0.000000;0.000000;0.000000;1;-0.003893;-0.229363;0.000043;-0.055066;0.000000;0.000000;0;Fri Jun 30 14:11:44 2023
0.006136;0.000000;0.021476;0.306796;0.198988;0.000000;63.500000;91.500000;251.500000;91.500000;0.000000;0.000000;0.000000;1;-0.507044;-0.732514;0.000023;0.227347;0.000000;0.000000;0;Fri Jun 30 14:11:44 2023
0.006136;0.000000;0.021476;0.000000;0.199203;0.000000;63.500000;91.500000;251.500000;90.500000;0.005319;0.532324;0.304762;1;-0.009421;-0.234891;0.001275;0.267894;0.000000;0.000000;0;Fri Jun 30 14:11:44 2023
0.009204;0.306796;0.021476;0.000000;0.199418;0.000000;62.500000;92.500000;251.500000;91.500000;0.005291;-0.002816;0.303149;1;1.097763;-0.235106;0.003188;-0.073421;0.000000;0.000000;0;Fri Jun 30 14:11:44 2023
0.009204;0.000000;0.024544;0.306796;0.199663;0.000000;63.500000;92.500000;250.500000;91.500000;0.005348;0.005663;0.306392;1;-0.400083;-0.738288;0.004200;-0.000014;0.004200;0.420326;0;Fri Jun 30 14:11:44 2023
0.006136;-0.306796;0.021476;-0.306796;0.199878;0.000000;63.500000;92.500000;250.500000;91.500000;0.005348;0.000000;0.306392;1;-0.506922;1.779346;0.004745;0.076332;0.004745;0.000000;0;Fri Jun 30 14:11:44 2023
0.006136;0.000000;0.021476;0.000000;0.200092;0.000000;61.500000;92.500000;251.500000;91.500000;0.005263;-0.008450;0.301554;1;-0.010311;-0.061425;0.005011;-0.001709;0.005011;0.000000;0;Fri Jun 30 14:11:44 2023
0.006136;0.000000;0.021476;0.000000;0.200307;0.000000;62.500000;91.500000;251.500000;91.500000;0.000000;-0.526724;0.000000;1;-0.010526;-0.051862;0.003881;-0.276477;0.000000;-0.501492;0;Fri Jun 30 14:11:44 2023
0.006136;0.000000;0.021476;0.000000;0.200522;0.000000;63.500000;92.500000;251.500000;90.500000;0.010638;1.064603;0.609507;1;-0.010740;-1.862097;0.004564;0.288303;0.004564;0.456735;0;Fri Jun 30 14:11:45 2023
0.006136;0.000000;0.024544;0.306796;0.200767;0.000000;62.500000;93.500000;251.500000;91.500000;0.010582;-0.005632;0.606282;1;-0.513922;0.909092;0.007434;0.225250;0.007434;0.287279;0;Fri Jun 30 14:11:45 2023
0.006136;0.000000;0.024544;0.000000;0.201013;0.000000;63.500000;92.500000;250.500000;91.500000;0.005348;-0.523789;0.306392;1;-0.016330;0.962775;0.007686;0.013192;0.007686;0.000000;0;Fri Jun 30 14:11:45 2023
0.009204;0.306796;0.024544;0.000000;0.201258;0.000000;61.500000;93.500000;251.500000;91.500000;0.010526;0.518218;0.603091;1;1.090824;0.040390;0.007805;-0.063977;0.007805;0.000000;0;Fri Jun 30 14:11:45 2023
0.009204;0.000000;0.027612;0.306796;0.201534;0.000000;62.500000;93.500000;252.500000;91.500000;0.010526;0.000000;0.603091;1;-0.407053;-0.458451;0.009097;-0.137306;0.009097;0.000000;0;Fri Jun 30 14:11:45 2023
0.006136;-0.306796;0.024544;-0.306796;0.201780;0.000000;61.500000;91.500000;251.500000;93.500000;-0.010526;-2.106741;-0.603091;1;-0.513922;0.589548;0.004778;-0.553991;0.004778;-0.432243;0;Fri Jun 30 14:11:45 2023
0.006136;0.000000;0.024544;0.000000;0.202025;0.000000;62.500000;93.500000;251.500000;91.500000;0.010582;2.112130;0.606282;1;-0.017342;-1.468625;0.002522;0.497525;0.000000;-0.478084;0;Fri Jun 30 14:11:45 2023
0.006136;0.000000;0.024544;0.000000;0.202271;0.000000;63.500000;92.500000;250.500000;91.500000;0.005348;-0.523800;0.306392;1;-0.017587;-1.793053;0.005106;-0.208134;0.005106;0.511022;0;Fri Jun 30 14:11:45 2023
0.006136;0.000000;0.024544;0.000000;0.202516;0.000000;63.500000;92.500000;251.500000;91.500000;0.005319;-0.002847;0.304762;1;-0.017833;1.601119;0.005214;0.315569;0.005214;0.000000;0;Fri Jun 30 14:11:45 2023
0.006136;0.000000;0.024544;0.000000;0.202762;0.000000;63.500000;92.500000;250.500000;92.500000;0.000000;-0.532330;0.000000;1;-0.018078;-0.051950;0.004001;-0.160732;0.004001;0.000000;0;Fri Jun 30 14:11:45 2023
0.006136;0.000000;0.024544;0.000000;0.203007;0.000000;63.500000;92.500000;250.500000;92.500000;0.000000;0.000000;0.000000;1;-0.018324;-0.096765;0.002101;-0.352293;0.000000;-0.400419;0;Fri Jun 30 14:11:45 2023
0.006136;0.000000;0.024544;0.000000;0.203252;0.000000;61.500000;93.500000;251.500000;92.500000;0.005263;0.526720;0.301554;1;-0.018569;-1.542237;0.002353;0.035586;0.000000;0.000000;0;Fri Jun 30 14:11:45 2023
0.006136;0.000000;0.024544;0.000000;0.203498;0.000000;63.500000;92.500000;250.500000;91.500000;0.005348;0.008450;0.306392;1;-0.018815;-0.244285;0.003755;0.356658;0.000000;0.000000;0;Fri Jun 30 14:11:45 2023
0.006136;0.000000;0.024544;0.000000;0.203743;0.000000;61.500000;93.500000;251.500000;92.500000;0.005263;-0.008450;0.301554;1;-0.019060;-0.244530;0.004491;0.252558;0.004491;0.449452;0;Fri Jun 30 14:11:45 2023
0.006136;0.000000;0.024544;0.000000;0.203989;0.000000;63.500000;92.500000;250.500000;92.500000;0.000000;-0.526713;0.000000;1;-0.019305;1.377419;0.003608;-0.425948;0.000000;-0.449444;0;Fri Jun 30 14:11:45 2023
0.006136;0.000000;0.024544;0.000000;0.204234;0.000000;61.500000;93.500000;250.500000;92.500000;0.005291;0.529504;0.303149;1;-0.019551;-1.702164;0.003151;-0.163216;0.000000;0.000000;0;Fri Jun 30 14:11:45 2023
0.006136;0.000000;0.024544;0.000000;0.204480;0.000000;63.500000;92.500000;251.500000;92.500000;0.000000;-0.529492;0.000000;1;-0.019796;-0.245266;0.002911;-0.025871;0.000000;0.000000;0;Fri Jun 30 14:11:45 2023
0.006136;0.000000;0.024544;0.000000;0.204725;0.000000;62.500000;94.500000;251.500000;92.500000;0.010582;1.058997;0.606282;1;-0.020042;-0.245512;0.004041;0.658139;0.004041;0.404413;0;Fri Jun 30 14:11:45 2023
0.006136;0.000000;0.024544;0.000000;0.204971;0.000000;63.500000;92.500000;251.500000;92.500000;0.000000;-1.058987;0.000000;1;-0.020287;1.213878;0.004634;-0.315618;0.004634;0.000000;0;Fri Jun 30 14:11:45 2023
0.006136;0.000000;0.024544;0.000000;0.205216;0.000000;62.500000;92.500000;251.500000;92.500000;0.000000;0.000000;0.000000;1;-0.020533;-0.075708;0.002434;-0.316564;0.000000;-0.463780;0;Fri Jun 30 14:11:45 2023
0.006136;0.000000;0.024544;0.000000;0.205461;0.000000;64.500000;94.500000;250.500000;92.500000;0.010752;1.076002;0.616060;1;-0.020778;-1.749868;0.003831;0.189664;0.000000;0.000000;0;Fri Jun 30 14:11:45 2023
0.006136;0.000000;0.024544;0.000000;0.205707;0.000000;62.500000;92.500000;251.500000;92.500000;0.000000;-1.076055;0.000000;1;-0.021024;-0.246494;0.004565;0.029253;0.004565;0.456810;0;Fri Jun 30 14:11:45 2023
0.003068;-0.306796;0.024544;0.000000;0.205952;0.000000;62.500000;93.500000;251.500000;92.500000;0.005291;0.529479;0.303149;1;-1.128668;1.402014;0.003653;0.316936;0.000000;-0.456790;0;Fri Jun 30 14:11:45 2023
0.006136;0.306796;0.027612;0.306796;0.206228;0.000000;62.500000;93.500000;251.500000;92.500000;0.005291;0.000000;0.303149;1;0.470182;-2.230909;0.004431;-0.307182;0.004431;0.443295;0;Fri Jun 30 14:11:45 2023
0.009204;0.306796;0.030680;0.306796;0.206535;0.000000;62.500000;93.500000;251.500000;92.500000;0.005291;0.000000;0.303149;1;0.577512;0.844668;0.004839;-0.098183;0.004839;0.000000;0;Fri Jun 30 14:11:45 2023
0.009204;0.000000;0.030680;0.000000;0.206842;0.000000;62.500000;94.500000;251.500000;92.500000;0.010582;0.529303;0.606282;1;0.080380;-0.080002;0.006310;0.423679;0.006310;0.000000;0;Fri Jun 30 14:11:45 2023
0.009204;0.000000;0.030680;0.000000;0.207149;0.000000;63.500000;93.500000;251.500000;92.500000;0.005319;-0.526538;0.304762;1;0.080073;-0.026276;0.007089;0.027413;0.007089;0.000000;0;Fri Jun 30 14:11:45 2023
0.009204;0.000000;0.030680;0.000000;0.207456;0.000000;62.500000;94.500000;251.500000;92.500000;0.010582;0.526512;0.606282;1;0.079766;0.002042;0.007498;-0.000892;0.007498;0.000000;0;Fri Jun 30 14:11:45 2023
0.009204;0.000000;0.030680;0.000000;0.207762;0.000000;63.500000;93.500000;251.500000;92.500000;0.005319;-0.526537;0.304762;1;0.079459;0.016768;0.007713;-0.345733;0.007713;0.000000;0;Fri Jun 30 14:11:45 2023
0.009204;0.000000;0.030680;0.000000;0.208069;0.000000;63.500000;93.500000;250.500000;92.500000;0.005348;0.002846;0.306392;1;0.079152;0.024357;0.006583;0.072878;0.006583;0.000000;0;Fri Jun 30 14:11:45 2023
0.009204;0.000000;0.030680;0.000000;0.208376;0.000000;62.500000;93.500000;251.500000;92.500000;0.005291;-0.005662;0.303149;1;0.078846;-0.017463;0.005983;0.078405;0.005983;0.000000;0;Fri Jun 30 14:11:45 2023
0.009204;0.000000;0.030680;0.000000;0.208683;0.000000;62.500000;94.500000;251.500000;92.500000;0.010582;0.529366;0.606282;1;0.078539;-0.039817;0.006910;0.149319;0.006910;0.000000;0;Fri Jun 30 14:11:45 2023
0.009204;0.000000;0.030680;0.000000;0.208990;0.000000;61.500000;93.500000;250.500000;92.500000;0.005291;-0.529310;0.303149;1;0.078232;-0.006044;0.007397;-0.163546;0.007397;0.000000;0;Fri Jun 30 14:11:45 2023
0.009204;0.000000;0.030680;0.000000;0.209296;0.000000;62.500000;93.500000;250.500000;92.500000;0.005319;0.002816;0.304762;1;0.077925;0.011548;0.006404;-0.007180;0.006404;0.000000;0;Fri Jun 30 14:11:45 2023
0.009204;0.000000;0.030680;0.000000;0.209603;0.000000;63.500000;93.500000;250.500000;91.500000;0.010695;0.537880;0.612766;1;0.077619;-0.025266;0.007165;0.129497;0.007165;0.000000;0;Fri Jun 30 14:11:45 2023
0.009204;0.000000;0.030680;0.000000;0.209910;0.000000;62.500000;92.500000;251.500000;92.500000;0.000000;-1.069900;0.000000;1;0.077312;0.002394;0.006302;-0.304671;0.006302;0.000000;0;Fri Jun 30 14:11:45 2023
0.009204;0.000000;0.030680;0.000000;0.210217;0.000000;62.500000;93.500000;251.500000;92.500000;0.005291;0.529432;0.303149;1;0.077005;-0.029626;0.004566;0.096914;0.004566;0.000000;0;Fri Jun 30 14:11:45 2023
0.009204;0.000000;0.030680;0.000000;0.210524;0.000000;62.500000;93.500000;251.500000;92.500000;0.005291;0.000000;0.303149;1;0.076698;-0.093729;0.004910;-0.075666;0.004910;0.000000;0;Fri Jun 30 14:11:45 2023
0.009204;0.000000;0.030680;0.000000;0.210830;0.000000;63.500000;93.500000;251.500000;92.500000;0.005319;0.002816;0.304762;1;0.076391;-0.081386;0.005098;0.117295;0.005098;0.000000;0;Fri Jun 30 14:11:45 2023
0.009204;0.000000;0.030680;0.000000;0.211137;0.000000;63.500000;92.500000;251.500000;92.500000;0.000000;-0.532318;0.000000;1;0.076085;-0.074803;0.003940;-0.123429;0.000000;-0.510155;0;Fri Jun 30 14:11:45 2023
0.009204;0.000000;0.030680;0.000000;0.211444;0.000000;61.500000;93.500000;251.500000;92.500000;0.005263;0.526714;0.301554;1;0.075778;-1.916401;0.003319;0.008158;0.000000;0.000000;0;Fri Jun 30 14:11:45 2023
0.012272;0.306796;0.030680;0.000000;0.211751;0.000000;63.500000;93.500000;250.500000;91.500000;0.010695;0.543571;0.612766;1;1.182870;-0.262734;0.005531;0.171840;0.005531;0.553554;0;Fri Jun 30 14:11:45 2023
0.009204;-0.306796;0.027612;-0.306796;0.212027;0.000000;63.500000;93.500000;251.500000;91.500000;0.010638;-0.005693;0.609507;1;-0.416533;2.237859;0.007969;0.301904;0.007969;0.000000;0;Fri Jun 30 14:11:45 2023
0.006136;-0.306796;0.024544;-0.306796;0.212272;0.000000;63.500000;92.500000;250.500000;92.500000;0.000000;-1.064597;0.000000;1;-0.524415;0.537625;0.006711;-0.269480;0.006711;0.000000;0;Fri Jun 30 14:11:45 2023
0.006136;0.000000;0.024544;0.000000;0.212518;0.000000;61.500000;93.500000;251.500000;92.500000;0.005263;0.526738;0.301554;1;-0.027834;-0.006702;0.004774;-0.235431;0.004774;0.000000;0;Fri Jun 30 14:11:45 2023
0.006136;0.000000;0.024544;0.000000;0.212763;0.000000;63.500000;92.500000;251.500000;92.500000;0.000000;-0.526726;0.000000;1;-0.028080;-0.078122;0.003757;-0.366793;0.000000;-0.477785;0;Fri Jun 30 14:11:45 2023
0.006136;0.000000;0.024544;0.000000;0.213009;0.000000;63.500000;91.500000;251.500000;92.500000;-0.005319;-0.532327;-0.304762;1;-0.028325;-1.802821;0.000710;0.047053;0.000000;0.000000;0;Fri Jun 30 14:11:45 2023
0.006136;0.000000;0.024544;0.000000;0.213254;0.000000;62.500000;93.500000;250.500000;91.500000;0.010638;1.596878;0.609507;1;-0.028571;-0.254041;0.001636;0.617455;0.000000;0.000000;0;Fri Jun 30 14:11:45 2023
0.006136;0.000000;0.021476;-0.306796;0.213469;0.000000;63.500000;92.500000;251.500000;91.500000;0.005319;-0.532303;0.304762;1;0.474151;0.248681;0.004647;-0.116222;0.004647;0.465098;0;Fri Jun 30 14:11:45 2023
0.006136;0.000000;0.021476;0.000000;0.213684;0.000000;63.500000;93.500000;251.500000;91.500000;0.010638;0.532306;0.609507;1;-0.023902;1.429292;0.006229;0.234936;0.006229;0.000000;0;Fri Jun 30 14:11:45 2023
0.006136;0.000000;0.021476;0.000000;0.213898;0.000000;62.500000;92.500000;251.500000;91.500000;0.005291;-0.535011;0.303149;1;-0.024117;-0.020698;0.007053;-0.183722;0.007053;0.000000;0;Fri Jun 30 14:11:45 2023
0.003068;-0.306796;0.018408;-0.306796;0.214082;0.000000;61.500000;92.500000;251.500000;91.500000;0.005263;-0.002786;0.301554;1;-0.628763;0.512333;0.006210;-0.082600;0.006210;0.000000;0;Fri Jun 30 14:11:45 2023
0.003068;0.000000;0.018408;0.000000;0.214266;0.000000;63.500000;91.500000;251.500000;91.500000;0.000000;-0.526622;0.000000;1;-0.132121;-0.016674;0.004511;-0.287684;0.004511;0.000000;0;Fri Jun 30 14:11:45 2023
0.006136;0.306796;0.018408;0.000000;0.214451;0.000000;63.500000;91.500000;251.500000;91.500000;0.000000;0.000000;0.000000;1;0.975093;-0.079286;0.002369;-0.067338;0.000000;-0.451422;0;Fri Jun 30 14:11:45 2023
0.006136;0.000000;0.018408;0.000000;0.214635;0.000000;63.500000;91.500000;251.500000;91.500000;0.000000;0.000000;0.000000;1;-0.019755;-1.708778;0.001244;0.022076;0.000000;0.000000;0;Fri Jun 30 14:11:45 2023
0.003068;-0.306796;0.015340;-0.306796;0.214788;0.000000;61.500000;92.500000;251.500000;90.500000;0.010526;1.053346;0.603091;1;-0.624370;0.257558;0.003152;0.454470;0.000000;0.000000;0;Fri Jun 30 14:11:45 2023
0.003068;0.000000;0.015340;0.000000;0.214941;0.000000;63.500000;91.500000;250.500000;91.500000;0.000000;-1.053408;0.000000;1;-0.127698;-0.240433;0.004154;-0.199515;0.004154;0.415768;0;Fri Jun 30 14:11:45 2023
0.003068;0.000000;0.015340;0.000000;0.215095;0.000000;63.500000;91.500000;250.500000;90.500000;0.005348;0.535145;0.306392;1;-0.127851;1.260034;0.003451;0.066747;0.000000;-0.415749;0;Fri Jun 30 14:11:45 2023
0.003068;0.000000;0.015340;0.000000;0.215248;0.000000;62.500000;92.500000;251.500000;91.500000;0.005291;-0.005663;0.303149;1;-0.128005;-1.588641;0.004338;-0.146269;0.004338;0.434167;0;Fri Jun 30 14:11:45 2023
0.003068;0.000000;0.015340;0.000000;0.215402;0.000000;63.500000;91.500000;250.500000;91.500000;0.000000;-0.529505;0.000000;1;-0.128158;1.326133;0.003535;-0.069700;0.000000;-0.434163;0;Fri Jun 30 14:11:45 2023
0.006136;0.306796;0.015340;0.000000;0.215555;0.000000;62.500000;91.500000;251.500000;90.500000;0.005291;0.529485;0.303149;1;0.979087;-1.648646;0.003112;0.206866;0.000000;0.000000;0;Fri Jun 30 14:11:45 2023
0.003068;-0.306796;0.015340;0.000000;0.215708;0.000000;63.500000;92.500000;251.500000;91.500000;0.005319;0.002816;0.304762;1;-1.123129;-0.241200;0.004153;-0.043288;0.004153;0.415661;0;Fri Jun 30 14:11:45 2023
0.003068;0.000000;0.012272;-0.306796;0.215831;0.000000;63.500000;90.500000;251.500000;91.500000;-0.005319;-1.064626;-0.304762;1;0.374349;1.761851;0.002181;-0.346886;0.000000;-0.415661;0;Fri Jun 30 14:11:45 2023
0.003068;0.000000;0.012272;0.000000;0.215954;0.000000;62.500000;91.500000;250.500000;91.500000;0.000000;0.532320;0.000000;1;-0.123612;-1.583962;-0.000117;0.035331;0.000000;0.000000;0;Fri Jun 30 14:11:45 2023
0.003068;0.000000;0.012272;0.000000;0.216077;0.000000;62.500000;91.500000;250.500000;90.500000;0.005319;0.532315;0.304762;1;-0.123735;-0.236470;0.001201;0.121351;0.000000;0.000000;0;Fri Jun 30 14:11:45 2023
0.003068;0.000000;0.012272;0.000000;0.216199;0.000000;61.500000;91.500000;251.500000;90.500000;0.005263;-0.005603;0.301554;1;-0.123858;-0.236593;0.003143;0.253544;0.000000;0.000000;0;Fri Jun 30 14:11:45 2023
0.003068;0.000000;0.012272;0.000000;0.216322;0.000000;61.500000;91.500000;251.500000;90.500000;0.005263;0.000000;0.301554;1;-0.123980;-0.236715;0.004150;0.175462;0.004150;0.415302;0;Fri Jun 30 14:11:45 2023
0.003068;0.000000;0.012272;0.000000;0.216445;0.000000;62.500000;90.500000;251.500000;90.500000;0.000000;-0.526743;0.000000;1;-0.124103;1.262097;0.003429;-0.345832;0.000000;-0.415310;0;Fri Jun 30 14:11:45 2023
0.003068;0.000000;0.012272;0.000000;0.216567;0.000000;63.500000;90.500000;250.500000;90.500000;0.000000;0.000000;0.000000;1;-0.124226;-1.583436;0.001801;-0.290140;0.000000;0.000000;0;Fri Jun 30 14:11:45 2023
0.003068;0.000000;0.012272;0.000000;0.216690;0.000000;62.500000;91.500000;251.500000;90.500000;0.005291;0.529521;0.303149;1;-0.124348;-0.237083;0.002202;0.193980;0.000000;0.000000;0;Fri Jun 30 14:11:45 2023
0.003068;0.000000;0.012272;0.000000;0.216813;0.000000;61.500000;91.500000;251.500000;90.500000;0.005263;-0.002787;0.301554;1;-0.124471;-0.237206;0.003662;0.348288;0.000000;0.000000;0;Fri Jun 30 14:11:45 2023
0.003068;0.000000;0.012272;0.000000;0.216936;0.000000;62.500000;90.500000;251.500000;90.500000;0.000000;-0.526733;0.000000;1;-0.124594;-0.237329;0.003173;-0.064461;0.000000;0.000000;0;Fri Jun 30 14:11:45 2023
0.003068;0.000000;0.012272;0.000000;0.217058;0.000000;63.500000;91.500000;250.500000;90.500000;0.005348;0.535186;0.306392;1;-0.124717;-0.237452;0.002936;-0.170053;0.000000;0.000000;0;Fri Jun 30 14:11:45 2023
0.003068;0.000000;0.012272;0.000000;0.217181;0.000000;62.500000;91.500000;251.500000;90.500000;0.005291;-0.005663;0.303149;1;-0.124839;-0.237574;0.004067;-0.128912;0.004067;0.407080;0;Fri Jun 30 14:11:45 2023
0.003068;0.000000;0.012272;0.000000;0.217304;0.000000;61.500000;91.500000;251.500000;90.500000;0.005263;-0.002787;0.301554;1;-0.124962;1.231560;0.004642;0.327086;0.004642;0.000000;0;Fri Jun 30 14:11:45 2023
0.003068;0.000000;0.012272;0.000000;0.217426;0.000000;61.500000;91.500000;250.500000;90.500000;0.005291;0.002787;0.303149;1;-0.125085;-0.067254;0.004943;0.176964;0.004943;0.000000;0;Fri Jun 30 14:11:45 2023
0.003068;0.000000;0.012272;0.000000;0.217549;0.000000;62.500000;91.500000;251.500000;90.500000;0.005291;0.000000;0.303149;1;-0.125208;-0.056293;0.005108;-0.239690;0.005108;0.000000;0;Fri Jun 30 14:11:45 2023
0.003068;0.000000;0.012272;0.000000;0.217672;0.000000;63.500000;90.500000;250.500000;89.500000;0.005348;0.005663;0.306392;1;-0.125330;-0.050352;0.005209;-0.196464;0.005209;0.000000;0;Fri Jun 30 14:11:45 2023
0.003068;0.000000;0.012272;0.000000;0.217795;0.000000;63.500000;90.500000;250.500000;89.500000;0.005348;0.000000;0.306392;1;-0.125453;-0.046796;0.005275;0.170512;0.005275;0.000000;0;Fri Jun 30 14:11:45 2023
0.003068;0.000000;0.012272;0.000000;0.217917;0.000000;62.500000;91.500000;250.500000;90.500000;0.005319;-0.002847;0.304762;1;-0.125576;-0.044493;0.005302;0.203727;0.005302;0.000000;0;Fri Jun 30 14:11:45 2023
0.003068;0.000000;0.012272;0.000000;0.218040;0.000000;61.500000;91.500000;251.500000;90.500000;0.005263;-0.005604;0.301554;1;-0.125698;-0.043590;0.005297;-0.119070;0.005297;0.000000;0;Fri Jun 30 14:11:45 2023
0.003068;0.000000;0.012272;0.000000;0.218163;0.000000;61.500000;91.500000;250.500000;89.500000;0.010582;0.532304;0.606282;1;-0.125821;-0.043911;0.006544;-0.002590;0.006544;0.000000;0;Fri Jun 30 14:11:45 2023
0.003068;0.000000;0.012272;0.000000;0.218285;0.000000;61.500000;91.500000;251.500000;90.500000;0.005263;-0.532291;0.301554;1;-0.125944;0.001770;0.007198;-0.014058;0.007198;0.000000;0;Fri Jun 30 14:11:45 2023
0.003068;0.000000;0.012272;0.000000;0.218408;0.000000;62.500000;90.500000;250.500000;91.500000;-0.005319;-1.059064;-0.304762;1;-0.126067;0.025703;0.003767;-0.243353;0.000000;-0.720395;0;Fri Jun 30 14:11:45 2023
0.003068;0.000000;0.012272;0.000000;0.218531;0.000000;61.500000;91.500000;250.500000;90.500000;0.005291;1.061864;0.303149;1;-0.126189;-2.574516;0.001972;-0.005933;0.000000;0.000000;0;Fri Jun 30 14:11:45 2023
0.003068;0.000000;0.012272;0.000000;0.218654;0.000000;62.500000;89.500000;251.500000;90.500000;-0.005291;-1.059063;-0.303149;1;-0.126312;-0.239047;0.001036;-0.495438;0.000000;0.000000;0;Fri Jun 30 14:11:45 2023
0.003068;0.000000;0.012272;0.000000;0.218776;0.000000;63.500000;90.500000;251.500000;90.500000;0.000000;0.529523;0.000000;1;-0.126435;-0.239170;-0.000712;0.393970;0.000000;0.000000;0;Fri Jun 30 14:11:45 2023
0.000000;-0.306796;0.012272;0.000000;0.218899;0.000000;61.500000;91.500000;250.500000;91.500000;0.000000;0.000000;0.000000;1;-1.233956;-0.239292;-0.000374;0.151915;0.000000;0.000000;0;Fri Jun 30 14:11:45 2023
0.003068;0.306796;0.012272;0.000000;0.219022;0.000000;61.500000;91.500000;250.500000;91.500000;0.000000;0.000000;0.000000;1;0.867984;-0.239415;-0.000196;-0.100134;0.000000;0.000000;0;Fri Jun 30 14:11:45 2023
0.003068;0.000000;0.015340;0.306796;0.219175;0.000000;62.500000;90.500000;251.500000;91.500000;-0.005291;-0.529550;-0.303149;1;-0.629770;-0.742505;-0.001359;-0.361559;0.000000;0.000000;0;Fri Jun 30 14:11:45 2023
0.003068;0.000000;0.015340;0.000000;0.219329;0.000000;63.500000;92.500000;250.500000;91.500000;0.005348;1.064741;0.306392;1;-0.132085;-0.244820;-0.000700;0.364253;0.000000;0.000000;0;Fri Jun 30 14:11:45 2023
0.006136;0.306796;0.018408;0.306796;0.219513;0.000000;62.500000;90.500000;251.500000;91.500000;-0.005291;-1.064762;-0.303149;1;0.472193;-0.747941;-0.000354;-0.081448;0.000000;0.000000;0;Fri Jun 30 14:11:45 2023
0.006136;0.000000;0.021476;0.306796;0.219727;0.000000;62.500000;90.500000;251.500000;91.500000;-0.005291;0.000000;-0.303149;1;-0.527784;-0.753254;-0.002698;-0.063029;0.000000;0.000000;0;Fri Jun 30 14:11:45 2023
0.009204;0.306796;0.021476;0.000000;0.219942;0.000000;62.500000;91.500000;251.500000;91.500000;0.000000;0.529552;0.000000;1;1.077238;-0.255631;-0.002673;-0.183506;0.000000;0.000000;0;Fri Jun 30 14:11:45 2023
0.009204;0.000000;0.021476;0.000000;0.220157;0.000000;62.500000;91.500000;250.500000;91.500000;0.000000;0.000000;0.000000;1;0.082360;-0.255845;-0.001404;0.112265;0.000000;0.000000;0;Fri Jun 30 14:11:45 2023
0.006136;-0.306796;0.021476;0.000000;0.220372;0.000000;62.500000;93.500000;251.500000;91.500000;0.010582;1.059044;0.606282;1;-1.025254;-0.256060;0.001775;0.788933;0.000000;0.000000;0;Fri Jun 30 14:11:45 2023
0.006136;0.000000;0.021476;0.000000;0.220586;0.000000;62.500000;92.500000;251.500000;91.500000;0.005291;-0.529501;0.303149;1;-0.030805;-0.256275;0.004700;-0.021852;0.004700;0.470409;0;Fri Jun 30 14:11:45 2023
0.009204;0.306796;0.024544;0.306796;0.220832;0.000000;62.500000;91.500000;251.500000;91.500000;0.000000;-0.529523;0.000000;1;0.573412;0.938370;0.003725;-0.508393;0.000000;-0.470402;0;Fri Jun 30 14:11:45 2023
0.009204;0.000000;0.024544;0.000000;0.221077;0.000000;63.500000;92.500000;250.500000;90.500000;0.010695;1.070367;0.612766;1;0.076341;-1.786955;0.004495;0.080975;0.004495;0.449885;0;Fri Jun 30 14:11:45 2023
0.009204;0.000000;0.024544;0.000000;0.221323;0.000000;61.500000;93.500000;250.500000;90.500000;0.015872;0.518126;0.909380;1;0.076096;1.361641;0.008668;0.573602;0.008668;0.417611;0;Fri Jun 30 14:11:45 2023
0.009204;0.000000;0.024544;0.000000;0.221568;0.000000;63.500000;92.500000;251.500000;91.500000;0.005319;-1.056133;0.304762;1;0.075850;1.410083;0.009583;0.093342;0.009583;0.000000;0;Fri Jun 30 14:11:46 2023
0.009204;0.000000;0.024544;0.000000;0.221814;0.000000;62.500000;93.500000;251.500000;91.500000;0.010582;0.526707;0.606282;1;0.075605;0.089535;0.008808;-0.202068;0.008808;0.000000;0;Fri Jun 30 14:11:46 2023
0.006136;-0.306796;0.024544;0.000000;0.222059;0.000000;62.500000;92.500000;251.500000;91.500000;0.005291;-0.529513;0.303149;1;-1.032040;0.060805;0.008394;-0.604072;0.008394;0.000000;0;Fri Jun 30 14:11:46 2023
0.009204;0.306796;0.024544;0.000000;0.222304;0.000000;63.500000;92.500000;251.500000;91.500000;0.005319;0.002817;0.304762;1;1.069778;0.045354;0.006927;0.203479;0.006927;0.000000;0;Fri Jun 30 14:11:46 2023
0.009204;0.000000;0.027612;0.306796;0.222581;0.000000;62.500000;93.500000;250.500000;91.500000;0.010638;0.532335;0.609507;1;-0.428099;-0.511752;0.007426;0.468260;0.007426;0.000000;0;Fri Jun 30 14:11:46 2023
0.009204;0.000000;0.027612;0.000000;0.222857;0.000000;63.500000;92.500000;251.500000;91.500000;0.005319;-0.532347;0.304762;1;0.069463;0.004149;0.007689;-0.230699;0.007689;0.000000;0;Fri Jun 30 14:11:46 2023
0.012272;0.306796;0.027612;0.000000;0.223133;0.000000;62.500000;93.500000;251.500000;91.500000;0.010582;0.526707;0.606282;1;1.176586;0.013505;0.007813;-0.043070;0.007813;0.000000;0;Fri Jun 30 14:11:46 2023
0.009204;-0.306796;0.027612;0.000000;0.223409;0.000000;63.500000;92.500000;250.500000;92.500000;0.000000;-1.059078;0.000000;1;-0.925753;0.017797;0.006615;-0.320057;0.006615;0.000000;0;Fri Jun 30 14:11:46 2023
0.009204;0.000000;0.024544;-0.306796;0.223654;0.000000;62.500000;92.500000;250.500000;91.500000;0.005319;0.532354;0.304762;1;0.571602;0.476485;0.004737;0.197628;0.004737;0.000000;0;Fri Jun 30 14:11:46 2023
0.006136;-0.306796;0.024544;0.000000;0.223900;0.000000;62.500000;93.500000;251.500000;91.500000;0.010582;0.526700;0.606282;1;-1.033880;-0.090615;0.006263;0.110677;0.006263;0.000000;0;Fri Jun 30 14:11:46 2023
0.006136;0.000000;0.024544;0.000000;0.224145;0.000000;62.500000;93.500000;251.500000;92.500000;0.005291;-0.529513;0.303149;1;-0.039462;-0.034800;0.007057;-0.027087;0.007057;0.000000;0;Fri Jun 30 14:11:46 2023
0.009204;0.306796;0.027612;0.306796;0.224421;0.000000;63.500000;92.500000;251.500000;92.500000;0.000000;-0.529548;0.000000;1;0.564724;-0.508815;0.004963;-0.118261;0.004963;0.000000;0;Fri Jun 30 14:11:46 2023
0.009204;0.000000;0.027612;0.000000;0.224698;0.000000;61.500000;93.500000;251.500000;91.500000;0.010526;1.053506;0.603091;1;0.067622;-0.088227;0.005105;0.092585;0.005105;0.000000;0;Fri Jun 30 14:11:46 2023
0.009204;0.000000;0.027612;0.000000;0.224974;0.000000;61.500000;93.500000;251.500000;91.500000;0.010526;0.000000;0.603091;1;0.067346;-0.083263;0.007679;0.005428;0.007679;0.257604;0;Fri Jun 30 14:11:46 2023
0.009204;0.000000;0.027612;0.000000;0.225250;0.000000;61.500000;93.500000;251.500000;92.500000;0.005263;-0.526738;0.301554;1;0.067070;0.846213;0.007781;0.160050;0.007781;0.000000;0;Fri Jun 30 14:11:46 2023
0.009204;0.000000;0.027612;0.000000;0.225526;0.000000;63.500000;92.500000;250.500000;91.500000;0.005348;0.008451;0.306392;1;0.066794;0.014520;0.006606;0.004130;0.006606;0.000000;0;Fri Jun 30 14:11:46 2023
0.009204;0.000000;0.027612;0.000000;0.225802;0.000000;61.500000;92.500000;251.500000;91.500000;0.005263;-0.008451;0.301554;1;0.066518;-0.028954;0.005988;-0.351852;0.005988;0.000000;0;Fri Jun 30 14:11:46 2023
0.009204;0.000000;0.027612;0.000000;0.226078;0.000000;63.500000;92.500000;251.500000;92.500000;0.000000;-0.526762;0.000000;1;0.066242;-0.051918;0.004395;-0.310727;0.004395;0.000000;0;Fri Jun 30 14:11:46 2023
0.009204;0.000000;0.027612;0.000000;0.226354;0.000000;62.500000;93.500000;251.500000;91.500000;0.010582;1.059106;0.606282;1;0.065966;-0.110759;0.004820;0.562631;0.004820;0.000000;0;Fri Jun 30 14:11:46 2023
0.009204;0.000000;0.027612;0.000000;0.226630;0.000000;63.500000;92.500000;251.500000;91.500000;0.005319;-0.526711;0.304762;1;0.065690;-0.095397;0.006306;0.135260;0.006306;0.000000;0;Fri Jun 30 14:11:46 2023
0.009204;0.000000;0.027612;0.000000;0.226906;0.000000;64.500000;94.500000;251.500000;91.500000;0.016041;1.073138;0.919105;1;0.065414;-0.041060;0.008383;0.295851;0.008383;0.000000;0;Fri Jun 30 14:11:46 2023
0.009204;0.000000;0.027612;0.000000;0.227183;0.000000;62.500000;92.500000;250.500000;91.500000;0.005319;-1.073125;0.304762;1;0.065137;0.034976;0.009474;-0.550190;0.009474;0.000000;0;Fri Jun 30 14:11:46 2023
0.012272;0.306796;0.027612;0.000000;0.227459;0.000000;62.500000;93.500000;251.500000;91.500000;0.010582;0.526706;0.606282;1;1.172260;0.074779;0.008750;0.159940;0.008750;0.000000;0;Fri Jun 30 14:11:46 2023
0.009204;-0.306796;0.024544;-0.306796;0.227704;0.000000;62.500000;93.500000;251.500000;91.500000;0.010582;0.000000;0.606282;1;-0.427111;0.550891;0.009620;0.163650;0.009620;0.000000;0;Fri Jun 30 14:11:46 2023
0.006136;-0.306796;0.021476;-0.306796;0.227919;0.000000;61.500000;93.500000;251.500000;91.500000;0.010526;-0.005574;0.603091;1;-0.534963;0.587722;0.010063;0.072937;0.010063;0.000000;0;Fri Jun 30 14:11:46 2023
0.006136;0.000000;0.021476;0.000000;0.228134;0.000000;63.500000;93.500000;251.500000;90.500000;0.015956;0.543489;0.914217;1;-0.038352;0.105963;0.011572;0.043019;0.011572;0.000000;0;Fri Jun 30 14:11:46 2023
0.006136;0.000000;0.021476;0.000000;0.228348;0.000000;62.500000;92.500000;251.500000;91.500000;0.005291;-1.067467;0.303149;1;-0.038567;0.161190;0.011122;-0.343997;0.011122;0.000000;0;Fri Jun 30 14:11:46 2023
0.006136;0.000000;0.021476;0.000000;0.228563;0.000000;62.500000;92.500000;251.500000;91.500000;0.005291;0.000000;0.303149;1;-0.038781;0.144425;0.008353;0.014689;0.008353;-0.277085;0;Fri Jun 30 14:11:46 2023
0.006136;0.000000;0.021476;0.000000;0.228778;0.000000;62.500000;91.500000;250.500000;91.500000;0.000000;-0.529562;0.000000;1;-0.038996;-0.855854;0.005643;-0.367201;0.005643;-0.271245;0;Fri Jun 30 14:11:46 2023
0.006136;0.000000;0.021476;0.000000;0.228993;0.000000;62.500000;91.500000;251.500000;90.500000;0.005291;0.529552;0.303149;1;-0.039211;-0.936718;0.004220;-0.005273;0.004220;0.000000;0;Fri Jun 30 14:11:46 2023
0.009204;0.306796;0.021476;0.000000;0.229207;0.000000;62.500000;91.500000;250.500000;90.500000;0.005319;0.002817;0.304762;1;1.067973;-0.109832;0.004735;0.182694;0.004735;0.000000;0;Fri Jun 30 14:11:46 2023
0.009204;0.000000;0.018408;-0.306796;0.229391;0.000000;64.500000;93.500000;250.500000;91.500000;0.010752;0.543782;0.616060;1;0.576062;0.411853;0.006302;0.494181;0.006302;0.000000;0;Fri Jun 30 14:11:46 2023
0.006136;-0.306796;0.015340;-0.306796;0.229545;0.000000;61.500000;92.500000;250.500000;90.500000;0.010582;-0.017080;0.606282;1;-0.526392;0.474382;0.008375;-0.009965;0.008375;0.000000;0;Fri Jun 30 14:11:46 2023
0.003068;-0.306796;0.012272;-0.306796;0.229668;0.000000;62.500000;90.500000;251.500000;90.500000;0.000000;-1.059074;0.000000;1;-0.634152;0.555509;0.006910;-0.625064;0.006910;0.000000;0;Fri Jun 30 14:11:46 2023
0.000000;-0.306796;0.009204;-0.306796;0.229760;0.000000;63.500000;90.500000;251.500000;91.500000;-0.005319;-0.532384;-0.304762;1;-0.741880;0.506713;0.002367;-0.424909;0.000000;-0.691658;0;Fri Jun 30 14:11:46 2023
0.000000;0.000000;0.009204;0.000000;0.229852;0.000000;62.500000;91.500000;251.500000;91.500000;0.000000;0.532375;0.000000;1;-0.245147;-2.487570;-0.000020;0.179018;0.000000;0.000000;0;Fri Jun 30 14:11:46 2023
0.003068;0.306796;0.012272;0.306796;0.229974;0.000000;62.500000;89.500000;251.500000;90.500000;-0.005291;-0.529561;-0.303149;1;0.359193;-0.748206;-0.001266;-0.003700;0.000000;0.000000;0;Fri Jun 30 14:11:46 2023
0.003068;0.000000;0.012272;0.000000;0.230097;0.000000;62.500000;91.500000;251.500000;90.500000;0.005291;1.059116;0.303149;1;-0.137755;-0.250490;-0.000665;0.333679;0.000000;0.000000;0;Fri Jun 30 14:11:46 2023
0.006136;0.306796;0.012272;0.000000;0.230220;0.000000;61.500000;91.500000;251.500000;90.500000;0.005263;-0.002787;0.301554;1;0.969521;-0.250613;0.002156;0.040095;0.000000;0.000000;0;Fri Jun 30 14:11:46 2023
0.006136;0.000000;0.012272;0.000000;0.230343;0.000000;63.500000;91.500000;251.500000;90.500000;0.005319;0.005604;0.304762;1;-0.025266;-0.250736;0.003645;0.209865;0.000000;0.000000;0;Fri Jun 30 14:11:46 2023
0.003068;-0.306796;0.009204;-0.306796;0.230435;0.000000;63.500000;90.500000;250.500000;90.500000;0.000000;-0.532372;0.000000;1;-0.629820;0.252109;0.003177;-0.222312;0.000000;0.000000;0;Fri Jun 30 14:11:46 2023
0.003068;0.000000;0.009204;0.000000;0.230527;0.000000;62.500000;91.500000;251.500000;90.500000;0.005291;0.529551;0.303149;1;-0.133087;-0.245822;0.002925;-0.129454;0.000000;0.000000;0;Fri Jun 30 14:11:46 2023
0.003068;0.000000;0.009204;0.000000;0.230619;0.000000;62.500000;89.500000;250.500000;90.500000;-0.005319;-1.061920;-0.304762;1;-0.133179;-0.245914;0.001529;-0.350323;0.000000;0.000000;0;Fri Jun 30 14:11:46 2023
0.003068;0.000000;0.009204;0.000000;0.230711;0.000000;63.500000;91.500000;251.500000;90.500000;0.005319;1.064756;0.304762;1;-0.133271;-0.246006;0.000803;0.545862;0.000000;0.000000;0;Fri Jun 30 14:11:46 2023
0.003068;0.000000;0.009204;0.000000;0.230803;0.000000;62.500000;90.500000;251.500000;90.500000;0.000000;-0.532386;0.000000;1;-0.133363;-0.246098;0.001685;-0.118828;0.000000;0.000000;0;Fri Jun 30 14:11:46 2023
0.003068;0.000000;0.009204;0.000000;0.230895;0.000000;63.500000;89.500000;251.500000;90.500000;-0.005319;-0.532376;-0.304762;1;-0.133455;-0.246190;-0.000378;-0.366321;0.000000;0.000000;0;Fri Jun 30 14:11:46 2023
0.003068;0.000000;0.009204;0.000000;0.230987;0.000000;61.500000;90.500000;251.500000;90.500000;0.000000;0.532382;0.000000;1;-0.133547;-0.246282;-0.001461;-0.018226;0.000000;0.000000;0;Fri Jun 30 14:11:46 2023
0.003068;0.000000;0.009204;0.000000;0.231079;0.000000;63.500000;89.500000;251.500000;90.500000;-0.005319;-0.532376;-0.304762;1;-0.133639;-0.246374;-0.002030;0.005847;0.000000;0.000000;0;Fri Jun 30 14:11:46 2023
0.003068;0.000000;0.009204;0.000000;0.231171;0.000000;62.500000;91.500000;251.500000;89.500000;0.010582;1.591497;0.606282;1;-0.133731;-0.246466;0.000183;0.706724;0.000000;0.000000;0;Fri Jun 30 14:11:46 2023
0.003068;0.000000;0.009204;0.000000;0.231263;0.000000;62.500000;91.500000;250.500000;89.500000;0.010638;0.005633;0.609507;1;-0.133823;-0.246558;0.005134;0.083164;0.005134;0.513805;0;Fri Jun 30 14:11:46 2023
0.003068;0.000000;0.009204;0.000000;0.231355;0.000000;61.500000;89.500000;251.500000;90.500000;-0.005263;-1.591447;-0.301554;1;-0.133915;1.607799;0.003972;-0.484979;0.000000;-0.513800;0;Fri Jun 30 14:11:46 2023
0.000000;-0.306796;0.009204;0.000000;0.231447;0.000000;62.500000;89.500000;251.500000;90.500000;-0.005291;-0.002787;-0.303149;1;-1.241406;-1.912533;-0.000419;-0.303411;0.000000;0.000000;0;Fri Jun 30 14:11:46 2023
0.003068;0.306796;0.009204;0.000000;0.231539;0.000000;62.500000;91.500000;251.500000;90.500000;0.005291;1.059115;0.303149;1;0.860565;-0.246834;-0.000220;0.075334;0.000000;0.000000;0;Fri Jun 30 14:11:46 2023
0.003068;0.000000;0.012272;0.306796;0.231662;0.000000;63.500000;89.500000;251.500000;90.500000;-0.005319;-1.061957;-0.304762;1;-0.637158;-0.749893;-0.000122;-0.076634;0.000000;0.000000;0;Fri Jun 30 14:11:46 2023
0.006136;0.306796;0.012272;0.000000;0.231784;0.000000;61.500000;90.500000;251.500000;90.500000;0.000000;0.532362;0.000000;1;0.967956;-0.252178;-0.001327;0.418031;0.000000;0.000000;1;Fri Jun 30 14:11:46 2023
0.006136;0.000000;0.012272;0.000000;0.231907;0.000000;62.500000;91.500000;250.500000;89.500000;0.010638;1.064728;0.609507;1;-0.026831;-0.252301;0.001828;0.272424;0.000000;0.000000;1;Fri Jun 30 14:11:46 2023
0.006136;0.000000;0.012272;0.000000;0.232030;0.000000;62.500000;90.500000;250.500000;90.500000;0.000000;-1.064736;0.000000;1;-0.026953;-0.252423;0.003486;-0.357253;0.000000;0.000000;1;Fri Jun 30 14:11:46 2023
0.006136;0.000000;0.012272;0.000000;0.232153;0.000000;62.500000;91.500000;251.500000;90.500000;0.005291;0.529569;0.303149;1;-0.027076;-0.252546;0.003087;0.117061;0.000000;0.000000;1;Fri Jun 30 14:11:46 2023
0.006136;0.000000;0.015340;0.306796;0.232306;0.000000;62.500000;91.500000;250.500000;90.500000;0.005319;0.002817;0.304762;1;-0.530166;-0.755636;0.004140;-0.000077;0.004140;0.414377;1;Fri Jun 30 14:11:46 2023
0.006136;0.000000;0.015340;0.000000;0.232459;0.000000;64.500000;92.500000;251.500000;90.500000;0.010695;0.538042;0.612766;1;-0.032481;1.237628;0.005976;0.376442;0.005976;0.000000;1;Fri Jun 30 14:11:46 2023
0.009204;0.306796;0.018408;0.306796;0.232644;0.000000;64.500000;92.500000;251.500000;90.500000;0.010695;0.000000;0.612766;1;0.571797;-0.541477;0.008216;0.109640;0.008216;0.000000;1;Fri Jun 30 14:11:46 2023
0.009204;0.000000;0.018408;0.000000;0.232828;0.000000;63.500000;91.500000;251.500000;90.500000;0.005319;-0.538035;0.304762;1;0.074787;0.038505;0.008117;-0.329945;0.008117;0.000000;1;Fri Jun 30 14:11:46 2023
0.009204;0.000000;0.018408;0.000000;0.233012;0.000000;63.500000;91.500000;251.500000;90.500000;0.005319;0.000000;0.304762;1;0.074603;0.034665;0.006789;-0.182516;0.006789;0.000000;1;Fri Jun 30 14:11:46 2023
0.009204;0.000000;0.018408;0.000000;0.233196;0.000000;63.500000;91.500000;250.500000;90.500000;0.005348;0.002847;0.306392;1;0.074419;-0.014334;0.006098;0.081309;0.006098;0.000000;1;Fri Jun 30 14:11:46 2023
0.009204;0.000000;0.021476;0.306796;0.233411;0.000000;62.500000;90.500000;251.500000;90.500000;0.000000;-0.535245;0.000000;1;-0.428732;-0.542875;0.004472;-0.080942;0.004472;0.000000;1;Fri Jun 30 14:11:46 2023
0.012272;0.306796;0.021476;0.000000;0.233625;0.000000;62.500000;91.500000;251.500000;90.500000;0.005291;0.529496;0.303149;1;1.176290;-0.104987;0.003605;-0.016286;0.000000;-0.447535;1;Fri Jun 30 14:11:46 2023
0.012272;0.000000;0.024544;0.306796;0.233871;0.000000;62.500000;92.500000;251.500000;89.500000;0.015872;1.059055;0.909380;1;-0.321556;-2.223450;0.006917;0.358727;0.006917;0.692364;1;Fri Jun 30 14:11:46 2023
0.018408;0.613592;0.027612;0.306796;0.234147;0.000000;63.500000;92.500000;250.500000;90.500000;0.010695;-0.518155;0.612766;1;1.887868;1.721025;0.009940;0.294012;0.009940;0.302529;1;Fri Jun 30 14:11:46 2023
0.024544;0.613592;0.033748;0.613592;0.234484;0.000000;62.500000;92.500000;251.500000;90.500000;0.010582;-0.011327;0.606282;1;1.604965;0.059834;0.010271;0.073800;0.010271;0.000000;1;Fri Jun 30 14:11:46 2023
0.027612;0.306796;0.036816;0.306796;0.234852;0.000000;62.500000;92.500000;251.500000;89.500000;0.015872;0.529492;0.909380;1;1.215408;-0.416439;0.011675;-0.275619;0.011675;0.000000;1;Fri Jun 30 14:11:46 2023
0.033748;0.613592;0.042951;0.613592;0.235282;0.000000;61.500000;94.500000;251.500000;89.500000;0.026310;1.044723;1.507436;1;1.927078;-0.873343;0.016145;0.382093;0.016145;0.447473;1;Fri Jun 30 14:11:46 2023
0.039884;0.613592;0.049087;0.613592;0.235773;0.000000;63.500000;94.500000;251.500000;89.500000;0.026589;0.028000;1.523465;1;2.141860;0.731003;0.021038;0.699167;0.021038;0.489670;1;Fri Jun 30 14:11:46 2023
0.049087;0.920388;0.052155;0.306796;0.236294;0.000000;63.500000;95.500000;251.500000;90.500000;0.026589;0.000000;1.523465;1;3.966947;1.539807;0.023674;0.205554;0.023674;0.263828;1;Fri Jun 30 14:11:46 2023
0.055223;0.613592;0.055223;0.306796;0.236847;0.000000;63.500000;96.500000;251.500000;88.500000;0.042528;1.595202;2.436648;1;3.192103;0.898816;0.028842;0.045609;0.028842;0.517262;1;Fri Jun 30 14:11:46 2023
0.055223;0.000000;0.055223;0.000000;0.237399;0.000000;63.500000;97.500000;250.500000;87.500000;0.053425;1.090729;3.061030;1;1.700061;2.407663;0.037927;0.504976;0.037927;0.909319;1;Fri Jun 30 14:11:46 2023
0.055223;0.000000;0.052155;-0.306796;0.237920;0.000000;61.500000;97.500000;251.500000;87.500000;0.052583;-0.084275;3.012788;1;2.202476;4.515007;0.045086;0.844275;0.045086;0.716511;1;Fri Jun 30 14:11:46 2023
0.042951;-1.227185;0.036816;-1.533981;0.238289;0.000000;63.500000;96.500000;250.500000;86.500000;0.053425;0.084276;3.061030;1;-0.210643;6.169431;0.048845;0.175553;0.048845;0.376319;1;Fri Jun 30 14:11:46 2023
0.015340;-2.761165;0.006136;-3.067962;0.238350;0.000000;62.500000;93.500000;251.500000;86.500000;0.037020;-1.641971;2.121096;1;-3.658465;7.744761;0.047125;-1.313094;0.047125;0.000000;1;Fri Jun 30 14:11:46 2023
-0.033748;-4.908739;-0.046019;-5.215535;0.237890;0.000000;62.500000;89.500000;252.500000;87.500000;0.010526;-2.651863;0.603091;1;-8.852873;10.033491;0.036038;-1.529710;0.036038;-1.109784;1;Fri Jun 30 14:11:46 2023
-0.107379;-7.363108;-0.119651;-7.363108;0.236693;0.000000;62.500000;83.500000;251.500000;89.500000;-0.031735;-4.229020;-1.818303;1;-15.907400;9.636459;0.013892;-1.772244;0.013892;-2.216091;1;Fri Jun 30 14:11:46 2023
-0.205553;-9.817477;-0.214757;-9.510681;0.234546;0.000000;62.500000;70.500000;250.500000;92.500000;-0.116491;-8.481910;-6.674469;1;-23.827168;8.880997;-0.027893;-3.935959;-0.027893;-4.181595;1;Fri Jun 30 14:11:46 2023
-0.328272;-12.271846;-0.328272;-11.351458;0.231263;0.000000;62.500000;55.500000;248.500000;95.500000;-0.211828;-9.540509;-12.136824;1;-33.114929;4.152164;-0.092592;-5.757057;-0.092592;-6.474613;1;Fri Jun 30 14:11:46 2023
-0.469398;-14.112623;-0.450990;-12.271846;0.231263;0.000000;62.500000;55.500000;248.500000;95.500000;-0.211828;0.000000;-12.136824;0;-42.571274;-3.962016;-0.092592;-2.529242;-0.092592;0.000000;1;Fri Jun 30 14:11:46 2023
-0.619728;-15.033012;-0.570641;-11.965050;0.231263;0.000000;62.500000;55.500000;248.500000;95.500000;-0.211828;0.000000;-12.136824;0;-51.378284;16.730325;-0.092592;0.374971;-0.092592;0.000000;1;Fri Jun 30 14:11:46 2023
-0.779262;-15.953400;-0.687223;-11.658254;0.231263;0.000000;62.500000;55.500000;248.500000;95.500000;-0.211828;0.000000;-12.136824;0;-60.528597;16.426224;-0.092592;1.960937;-0.092592;0.000000;1;Fri Jun 30 14:11:46 2023
-0.948000;-16.873789;-0.797670;-11.044662;0.231263;0.000000;62.500000;55.500000;248.500000;95.500000;-0.211828;0.000000;-12.136824;0;-70.525151;15.614088;-0.092592;0.022968;-0.092592;0.000000;1;Fri Jun 30 14:11:46 2023
-1.125942;-17.794177;-0.895845;-9.817477;0.231263;0.000000;62.500000;55.500000;248.500000;95.500000;-0.211828;0.000000;-12.136824;0;-81.875978;13.785882;-0.092592;-1.454613;-0.092592;0.000000;1;Fri Jun 30 14:11:46 2023
-1.316156;-19.021362;-0.987884;-9.203885;0.231263;0.000000;62.500000;55.500000;248.500000;95.500000;-0.211828;0.000000;-12.136824;0;-93.686930;12.943156;-0.092592;-0.229202;-0.092592;0.000000;1;Fri Jun 30 14:11:46 2023
-1.515573;-19.941750;-1.067651;-7.976700;0.231263;0.000000;62.500000;55.500000;248.500000;95.500000;-0.211828;0.000000;-12.136824;0;-105.857493;11.084360;-0.092592;1.031588;-0.092592;0.000000;1;Fri Jun 30 14:11:46 2023
-1.727262;-21.168935;-1.138214;-7.056312;0.231263;0.000000;62.500000;55.500000;248.500000;95.500000;-0.211828;0.000000;-12.136824;0;-118.991116;9.708107;-0.092592;0.306109;-0.092592;0.000000;1;Fri Jun 30 14:11:46 2023
-1.951224;-22.396120;-1.196505;-5.829127;0.231263;0.000000;62.500000;55.500000;248.500000;95.500000;-0.211828;0.000000;-12.136824;0;-133.093911;7.813623;-0.092592;-0.696173;-0.092592;0.000000;1;Fri Jun 30 14:11:46 2023
-2.162913;-21.168935;-1.221049;-2.454369;0.231263;0.000000;62.500000;55.500000;248.500000;95.500000;-0.211828;0.000000;-12.136824;0;-142.329404;2.378191;-0.092592;-0.301737;-0.092592;0.000000;1;Fri Jun 30 14:11:46 2023
-2.254952;-9.203885;-1.205709;1.533981;0.231263;0.000000;62.500000;55.500000;248.500000;95.500000;-0.211828;0.000000;-12.136824;0;-113.416953;-4.119197;-0.092592;0.442522;-0.092592;0.000000;1;Fri Jun 30 14:11:46 2023
-2.254952;0.000000;-1.199573;0.613592;0.231263;0.000000;62.500000;55.500000;248.500000;95.500000;-0.211828;0.000000;-12.136824;0;-82.093721;-2.635879;-0.092592;0.251356;-0.092592;0.000000;1;Fri Jun 30 14:11:46 2023
-2.205864;4.908739;-1.171961;2.761165;0.231263;0.000000;62.500000;55.500000;248.500000;95.500000;-0.211828;0.000000;-12.136824;0;-67.906091;-6.166631;-0.092592;-0.259516;-0.092592;0.000000;1;Fri Jun 30 14:11:46 2023
-2.040194;16.566993;-1.175029;-0.306796;0.231263;0.000000;62.500000;55.500000;248.500000;95.500000;-0.211828;0.000000;-12.136824;0;-19.037696;-1.183151;-0.092592;-0.179560;-0.092592;0.000000;1;Fri Jun 30 14:11:46 2023
-1.972699;6.749515;-1.135146;3.988350;0.231263;0.000000;62.500000;55.500000;248.500000;95.500000;-0.211828;0.000000;-12.136824;0;-55.422780;-8.219163;-0.092592;0.134076;-0.092592;0.000000;1;Fri Jun 30 14:11:46 2023
-1.874525;9.817477;-1.110602;2.454369;0.231263;0.000000;62.500000;55.500000;248.500000;95.500000;-0.211828;0.000000;-12.136824;0;-39.420218;-5.770759;-0.092592;0.102493;-0.092592;0.000000;1;Fri Jun 30 14:11:46 2023
-1.807029;6.749515;-1.079922;3.067962;0.231263;0.000000;62.500000;55.500000;248.500000;95.500000;-0.211828;0.000000;-12.136824;0;-47.933345;-6.817419;-0.092592;-0.053236;-0.092592;0.000000;1;Fri Jun 30 14:11:46 2023
-1.739534;6.749515;-1.055379;2.454369;0.231263;0.000000;62.500000;55.500000;248.500000;95.500000;-0.211828;0.000000;-12.136824;0;-44.498286;-5.862530;-0.092592;-0.029914;-0.092592;0.000000;1;Fri Jun 30 14:11:46 2023
-1.693515;4.601942;-1.033903;2.147573;0.231263;0.000000;62.500000;55.500000;248.500000;95.500000;-0.211828;0.000000;-12.136824;0;-49.307758;-5.400380;-0.092592;0.005327;-0.092592;0.000000;1;Fri Jun 30 14:11:47 2023
-1.653631;3.988350;-1.015495;1.840777;0.231263;0.000000;62.500000;55.500000;248.500000;95.500000;-0.211828;0.000000;-12.136824;0;-49.364282;-4.933132;-0.092592;-0.032996;-0.092592;0.000000;1;Fri Jun 30 14:11:47 2023
-1.626020;2.761165;-1.000155;1.533981;0.231263;0.000000;62.500000;55.500000;248.500000;95.500000;-0.211828;0.000000;-12.136824;0;-51.855976;-4.460785;-0.092592;0.019468;-0.092592;0.000000;1;Fri Jun 30 14:11:47 2023
-1.610680;1.533981;-0.990952;0.920388;0.231263;0.000000;62.500000;55.500000;248.500000;95.500000;-0.211828;0.000000;-12.136824;0;-54.290575;-3.480404;-0.092592;0.084182;-0.092592;0.000000;1;Fri Jun 30 14:11:47 2023
-1.607612;0.306796;-0.981748;0.920388;0.231263;0.000000;62.500000;55.500000;248.500000;95.500000;-0.211828;0.000000;-12.136824;0;-58.171790;-3.495699;-0.092592;-0.028971;-0.092592;0.000000;1;Fri Jun 30 14:11:47 2023
-1.616816;-0.920388;-0.978680;0.306796;0.231263;0.000000;62.500000;55.500000;248.500000;95.500000;-0.211828;0.000000;-12.136824;0;-61.498072;-2.505121;-0.092592;-0.123568;-0.092592;0.000000;1;Fri Jun 30 14:11:47 2023
-1.635224;-1.840777;-0.981748;-0.306796;0.231263;0.000000;62.500000;55.500000;248.500000;95.500000;-0.211828;0.000000;-12.136824;0;-64.157699;-1.504347;-0.092592;0.029119;-0.092592;0.000000;1;Fri Jun 30 14:11:47 2023
-1.665903;-3.067962;-0.984816;-0.306796;0.231263;0.000000;62.500000;55.500000;248.500000;95.500000;-0.211828;0.000000;-12.136824;0;-69.258606;-1.499248;-0.092592;0.152224;-0.092592;0.000000;1;Fri Jun 30 14:11:47 2023
-1.711923;-4.601942;-0.994020;-0.920388;0.231263;0.000000;62.500000;55.500000;248.500000;95.500000;-0.211828;0.000000;-12.136824;0;-74.911979;-0.488277;-0.092592;-0.024204;-0.092592;0.000000;1;Fri Jun 30 14:11:47 2023
-1.767146;-5.522331;-1.006291;-1.227185;0.231263;0.000000;62.500000;55.500000;248.500000;95.500000;-0.211828;0.000000;-12.136824;0;-79.406970;0.029955;-0.092592;-0.171776;-0.092592;0.000000;1;Fri Jun 30 14:11:47 2023
-1.831573;-6.442719;-1.018563;-1.227185;0.231263;0.000000;62.500000;55.500000;248.500000;95.500000;-0.211828;0.000000;-12.136824;0;-84.738003;0.050348;-0.092592;0.017168;-0.092592;0.000000;1;Fri Jun 30 14:11:47 2023
-1.911340;-7.976700;-1.033903;-1.533981;0.231263;0.000000;62.500000;55.500000;248.500000;95.500000;-0.211828;0.000000;-12.136824;0;-92.119102;0.573678;-0.092592;0.184013;-0.092592;0.000000;1;Fri Jun 30 14:11:47 2023
-2.000311;-8.897089;-1.049243;-1.533981;0.231263;0.000000;62.500000;55.500000;248.500000;95.500000;-0.211828;0.000000;-12.136824;0;-98.346917;0.599169;-0.092592;-0.009899;-0.092592;0.000000;1;Fri Jun 30 14:11:47 2023
-2.000311;-8.897089;-1.049243;-1.533981;0.231263;0.000000;62.500000;55.500000;248.500000;95.500000;-0.211828;0.000000;-12.136824;0;-98.346917;0.599169;-0.092592;-0.190648;-0.092592;0.000000;1;Fri Jun 30 14:11:47 2023
